2012.08.18 07:56 B C:\MoralCompassViv\wp-includes\js\admin-bar.dev.js <-- Viv Web Design /public_html/wp-includes/js admin-bar.dev.js
2012.08.18 07:56 B C:\MoralCompassViv\wp-includes\js\admin-bar.js <-- Viv Web Design /public_html/wp-includes/js admin-bar.js
2012.08.18 07:57 B C:\MoralCompassViv\wp-includes\js\autosave.dev.js <-- Viv Web Design /public_html/wp-includes/js autosave.dev.js
2012.08.18 07:57 B C:\MoralCompassViv\wp-includes\js\autosave.js <-- Viv Web Design /public_html/wp-includes/js autosave.js
2012.08.18 07:57 B C:\MoralCompassViv\wp-includes\js\colorpicker.dev.js <-- Viv Web Design /public_html/wp-includes/js colorpicker.dev.js
2012.08.18 07:57 B C:\MoralCompassViv\wp-includes\js\colorpicker.js <-- Viv Web Design /public_html/wp-includes/js colorpicker.js
2012.08.18 07:57 B C:\MoralCompassViv\wp-includes\js\comment-reply.dev.js <-- Viv Web Design /public_html/wp-includes/js comment-reply.dev.js
2012.08.18 07:57 B C:\MoralCompassViv\wp-includes\js\comment-reply.js <-- Viv Web Design /public_html/wp-includes/js comment-reply.js
2012.08.18 07:57 B C:\MoralCompassViv\wp-includes\js\customize-base.dev.js <-- Viv Web Design /public_html/wp-includes/js customize-base.dev.js
2012.08.18 07:57 B C:\MoralCompassViv\wp-includes\js\customize-base.js <-- Viv Web Design /public_html/wp-includes/js customize-base.js
2012.08.18 07:57 B C:\MoralCompassViv\wp-includes\js\customize-loader.dev.js <-- Viv Web Design /public_html/wp-includes/js customize-loader.dev.js
2012.08.18 07:57 B C:\MoralCompassViv\wp-includes\js\customize-loader.js <-- Viv Web Design /public_html/wp-includes/js customize-loader.js
2012.08.18 07:57 B C:\MoralCompassViv\wp-includes\js\customize-preview.dev.js <-- Viv Web Design /public_html/wp-includes/js customize-preview.dev.js
2012.08.18 07:57 B C:\MoralCompassViv\wp-includes\js\customize-preview.js <-- Viv Web Design /public_html/wp-includes/js customize-preview.js
2012.08.18 07:57 B C:\MoralCompassViv\wp-includes\js\hoverIntent.dev.js <-- Viv Web Design /public_html/wp-includes/js hoverIntent.dev.js
2012.08.18 07:57 B C:\MoralCompassViv\wp-includes\js\hoverIntent.js <-- Viv Web Design /public_html/wp-includes/js hoverIntent.js
2012.08.18 07:57 B C:\MoralCompassViv\wp-includes\js\json2.dev.js <-- Viv Web Design /public_html/wp-includes/js json2.dev.js
2012.08.18 07:57 B C:\MoralCompassViv\wp-includes\js\json2.js <-- Viv Web Design /public_html/wp-includes/js json2.js
2012.08.18 07:57 B C:\MoralCompassViv\wp-includes\js\prototype.js <-- Viv Web Design /public_html/wp-includes/js prototype.js
2012.08.18 07:57 B C:\MoralCompassViv\wp-includes\js\quicktags.dev.js <-- Viv Web Design /public_html/wp-includes/js quicktags.dev.js
2012.08.18 07:57 B C:\MoralCompassViv\wp-includes\js\quicktags.js <-- Viv Web Design /public_html/wp-includes/js quicktags.js
2012.08.18 07:57 B C:\MoralCompassViv\wp-includes\js\swfobject.js <-- Viv Web Design /public_html/wp-includes/js swfobject.js
2012.08.18 07:57 B C:\MoralCompassViv\wp-includes\js\tw-sack.dev.js <-- Viv Web Design /public_html/wp-includes/js tw-sack.dev.js
2012.08.18 07:57 B C:\MoralCompassViv\wp-includes\js\tw-sack.js <-- Viv Web Design /public_html/wp-includes/js tw-sack.js
2012.08.18 07:57 B C:\MoralCompassViv\wp-includes\js\wp-ajax-response.dev.js <-- Viv Web Design /public_html/wp-includes/js wp-ajax-response.dev.js
2012.08.18 07:57 B C:\MoralCompassViv\wp-includes\js\wp-ajax-response.js <-- Viv Web Design /public_html/wp-includes/js wp-ajax-response.js
2012.08.18 07:57 B C:\MoralCompassViv\wp-includes\js\wp-list-revisions.dev.js <-- Viv Web Design /public_html/wp-includes/js wp-list-revisions.dev.js
2012.08.18 07:57 B C:\MoralCompassViv\wp-includes\js\wp-list-revisions.js <-- Viv Web Design /public_html/wp-includes/js wp-list-revisions.js
2012.08.18 07:57 B C:\MoralCompassViv\wp-includes\js\wp-lists.dev.js <-- Viv Web Design /public_html/wp-includes/js wp-lists.dev.js
2012.08.18 07:57 B C:\MoralCompassViv\wp-includes\js\wp-lists.js <-- Viv Web Design /public_html/wp-includes/js wp-lists.js
2012.08.18 07:57 B C:\MoralCompassViv\wp-includes\js\wp-pointer.dev.js <-- Viv Web Design /public_html/wp-includes/js wp-pointer.dev.js
2012.08.18 07:57 B C:\MoralCompassViv\wp-includes\js\wp-pointer.js <-- Viv Web Design /public_html/wp-includes/js wp-pointer.js
2012.08.18 07:57 B C:\MoralCompassViv\wp-includes\js\wplink.dev.js <-- Viv Web Design /public_html/wp-includes/js wplink.dev.js
2012.08.18 07:57 B C:\MoralCompassViv\wp-includes\js\wplink.js <-- Viv Web Design /public_html/wp-includes/js wplink.js
