2012.08.16 20:15 B C:\MoralCompassWebSite\images\HealthCare\GOPDebateHealthCare.jpg --> juniper.arvixe.com /osber.net/wwwroot/MoralCompass/images/HealthCare GOPDebateHealthCare.jpg
2012.08.16 20:15 B C:\MoralCompassWebSite\images\HealthCare\LocalsDebate.jpg --> juniper.arvixe.com /osber.net/wwwroot/MoralCompass/images/HealthCare LocalsDebate.jpg
2012.08.16 20:15 B C:\MoralCompassWebSite\images\HealthCare\ObamaHealthCartoon.jpg --> juniper.arvixe.com /osber.net/wwwroot/MoralCompass/images/HealthCare ObamaHealthCartoon.jpg
2012.08.16 20:15 B C:\MoralCompassWebSite\images\HealthCare\ObamaHealthCartoonThumbnail.jpg --> juniper.arvixe.com /osber.net/wwwroot/MoralCompass/images/HealthCare ObamaHealthCartoonThumbnail.jpg
2012.08.16 20:15 B C:\MoralCompassWebSite\images\HealthCare\SocializedMedicineCartoon.jpg --> juniper.arvixe.com /osber.net/wwwroot/MoralCompass/images/HealthCare SocializedMedicineCartoon.jpg
2012.08.16 20:15 B C:\MoralCompassWebSite\images\HealthCare\SocializedMedicineCartoonThumbnail.jpg --> juniper.arvixe.com /osber.net/wwwroot/MoralCompass/images/HealthCare SocializedMedicineCartoonThumbnail.jpg
2012.09.09 10:12 B C:\MoralCompassDemo\MoralCompassWP\wp-content\images\HealthCare\GOPDebateHealthCare.jpg --> juniper.arvixe.com /osber.net/wwwroot/MoralCompassWP/wp-content/images/HealthCare GOPDebateHealthCare.jpg
2012.09.09 10:12 B C:\MoralCompassDemo\MoralCompassWP\wp-content\images\HealthCare\LocalsDebate.jpg --> juniper.arvixe.com /osber.net/wwwroot/MoralCompassWP/wp-content/images/HealthCare LocalsDebate.jpg
2012.09.09 10:12 B C:\MoralCompassDemo\MoralCompassWP\wp-content\images\HealthCare\ObamaHealthCartoon.jpg --> juniper.arvixe.com /osber.net/wwwroot/MoralCompassWP/wp-content/images/HealthCare ObamaHealthCartoon.jpg
2012.09.09 10:12 B C:\MoralCompassDemo\MoralCompassWP\wp-content\images\HealthCare\ObamaHealthCartoonThumbnail.jpg --> juniper.arvixe.com /osber.net/wwwroot/MoralCompassWP/wp-content/images/HealthCare ObamaHealthCartoonThumbnail.jpg
2012.09.09 10:12 B C:\MoralCompassDemo\MoralCompassWP\wp-content\images\HealthCare\SocializedMedicineCartoon.jpg --> juniper.arvixe.com /osber.net/wwwroot/MoralCompassWP/wp-content/images/HealthCare SocializedMedicineCartoon.jpg
2012.09.09 10:12 B C:\MoralCompassDemo\MoralCompassWP\wp-content\images\HealthCare\SocializedMedicineCartoonThumbnail.jpg --> juniper.arvixe.com /osber.net/wwwroot/MoralCompassWP/wp-content/images/HealthCare SocializedMedicineCartoonThumbnail.jpg
2012.09.09 10:12 B C:\MoralCompassDemo\MoralCompassWP\wp-content\images\HealthCare\WS_FTP.LOG --> juniper.arvixe.com /osber.net/wwwroot/MoralCompassWP/wp-content/images/HealthCare WS_FTP.LOG
2012.10.01 17:32 B c:\moralcompassdemo\MoralCompassWP\wp-content\images\HealthCare\GOPDebateHealthCare.jpg --> marten.arvixe.com /www/wp-content/images/HealthCare GOPDebateHealthCare.jpg
2012.10.01 17:32 B c:\moralcompassdemo\MoralCompassWP\wp-content\images\HealthCare\LocalsDebate.jpg --> marten.arvixe.com /www/wp-content/images/HealthCare LocalsDebate.jpg
2012.10.01 17:32 B c:\moralcompassdemo\MoralCompassWP\wp-content\images\HealthCare\ObamaHealthCartoon.jpg --> marten.arvixe.com /www/wp-content/images/HealthCare ObamaHealthCartoon.jpg
2012.10.01 17:32 B c:\moralcompassdemo\MoralCompassWP\wp-content\images\HealthCare\ObamaHealthCartoonThumbnail.jpg --> marten.arvixe.com /www/wp-content/images/HealthCare ObamaHealthCartoonThumbnail.jpg
2012.10.01 17:32 B c:\moralcompassdemo\MoralCompassWP\wp-content\images\HealthCare\SocializedMedicineCartoon.jpg --> marten.arvixe.com /www/wp-content/images/HealthCare SocializedMedicineCartoon.jpg
2012.10.01 17:32 B c:\moralcompassdemo\MoralCompassWP\wp-content\images\HealthCare\SocializedMedicineCartoonThumbnail.jpg --> marten.arvixe.com /www/wp-content/images/HealthCare SocializedMedicineCartoonThumbnail.jpg
2012.10.01 17:32 B c:\moralcompassdemo\MoralCompassWP\wp-content\images\HealthCare\WS_FTP.LOG --> marten.arvixe.com /www/wp-content/images/HealthCare WS_FTP.LOG
