2012.08.18 07:52 B C:\MoralCompassViv\wp-admin\includes\admin.php <-- Viv Web Design /public_html/wp-admin/includes admin.php
2012.08.18 07:52 B C:\MoralCompassViv\wp-admin\includes\ajax-actions.php <-- Viv Web Design /public_html/wp-admin/includes ajax-actions.php
2012.08.18 07:52 B C:\MoralCompassViv\wp-admin\includes\bookmark.php <-- Viv Web Design /public_html/wp-admin/includes bookmark.php
2012.08.18 07:52 B C:\MoralCompassViv\wp-admin\includes\class-ftp-pure.php <-- Viv Web Design /public_html/wp-admin/includes class-ftp-pure.php
2012.08.18 07:52 B C:\MoralCompassViv\wp-admin\includes\class-ftp-sockets.php <-- Viv Web Design /public_html/wp-admin/includes class-ftp-sockets.php
2012.08.18 07:52 B C:\MoralCompassViv\wp-admin\includes\class-ftp.php <-- Viv Web Design /public_html/wp-admin/includes class-ftp.php
2012.08.18 07:52 B C:\MoralCompassViv\wp-admin\includes\class-pclzip.php <-- Viv Web Design /public_html/wp-admin/includes class-pclzip.php
2012.08.18 07:52 B C:\MoralCompassViv\wp-admin\includes\class-wp-comments-list-table.php <-- Viv Web Design /public_html/wp-admin/includes class-wp-comments-list-table.php
2012.08.18 07:52 B C:\MoralCompassViv\wp-admin\includes\class-wp-filesystem-base.php <-- Viv Web Design /public_html/wp-admin/includes class-wp-filesystem-base.php
2012.08.18 07:52 B C:\MoralCompassViv\wp-admin\includes\class-wp-filesystem-direct.php <-- Viv Web Design /public_html/wp-admin/includes class-wp-filesystem-direct.php
2012.08.18 07:52 B C:\MoralCompassViv\wp-admin\includes\class-wp-filesystem-ftpext.php <-- Viv Web Design /public_html/wp-admin/includes class-wp-filesystem-ftpext.php
2012.08.18 07:52 B C:\MoralCompassViv\wp-admin\includes\class-wp-filesystem-ftpsockets.php <-- Viv Web Design /public_html/wp-admin/includes class-wp-filesystem-ftpsockets.php
2012.08.18 07:52 B C:\MoralCompassViv\wp-admin\includes\class-wp-filesystem-ssh2.php <-- Viv Web Design /public_html/wp-admin/includes class-wp-filesystem-ssh2.php
2012.08.18 07:52 B C:\MoralCompassViv\wp-admin\includes\class-wp-importer.php <-- Viv Web Design /public_html/wp-admin/includes class-wp-importer.php
2012.08.18 07:52 B C:\MoralCompassViv\wp-admin\includes\class-wp-links-list-table.php <-- Viv Web Design /public_html/wp-admin/includes class-wp-links-list-table.php
2012.08.18 07:52 B C:\MoralCompassViv\wp-admin\includes\class-wp-list-table.php <-- Viv Web Design /public_html/wp-admin/includes class-wp-list-table.php
2012.08.18 07:52 B C:\MoralCompassViv\wp-admin\includes\class-wp-media-list-table.php <-- Viv Web Design /public_html/wp-admin/includes class-wp-media-list-table.php
2012.08.18 07:52 B C:\MoralCompassViv\wp-admin\includes\class-wp-ms-sites-list-table.php <-- Viv Web Design /public_html/wp-admin/includes class-wp-ms-sites-list-table.php
2012.08.18 07:52 B C:\MoralCompassViv\wp-admin\includes\class-wp-ms-themes-list-table.php <-- Viv Web Design /public_html/wp-admin/includes class-wp-ms-themes-list-table.php
2012.08.18 07:52 B C:\MoralCompassViv\wp-admin\includes\class-wp-ms-users-list-table.php <-- Viv Web Design /public_html/wp-admin/includes class-wp-ms-users-list-table.php
2012.08.18 07:52 B C:\MoralCompassViv\wp-admin\includes\class-wp-plugin-install-list-table.php <-- Viv Web Design /public_html/wp-admin/includes class-wp-plugin-install-list-table.php
2012.08.18 07:52 B C:\MoralCompassViv\wp-admin\includes\class-wp-plugins-list-table.php <-- Viv Web Design /public_html/wp-admin/includes class-wp-plugins-list-table.php
2012.08.18 07:52 B C:\MoralCompassViv\wp-admin\includes\class-wp-posts-list-table.php <-- Viv Web Design /public_html/wp-admin/includes class-wp-posts-list-table.php
2012.08.18 07:52 B C:\MoralCompassViv\wp-admin\includes\class-wp-terms-list-table.php <-- Viv Web Design /public_html/wp-admin/includes class-wp-terms-list-table.php
2012.08.18 07:52 B C:\MoralCompassViv\wp-admin\includes\class-wp-theme-install-list-table.php <-- Viv Web Design /public_html/wp-admin/includes class-wp-theme-install-list-table.php
2012.08.18 07:52 B C:\MoralCompassViv\wp-admin\includes\class-wp-themes-list-table.php <-- Viv Web Design /public_html/wp-admin/includes class-wp-themes-list-table.php
2012.08.18 07:52 B C:\MoralCompassViv\wp-admin\includes\class-wp-upgrader.php <-- Viv Web Design /public_html/wp-admin/includes class-wp-upgrader.php
2012.08.18 07:52 B C:\MoralCompassViv\wp-admin\includes\class-wp-users-list-table.php <-- Viv Web Design /public_html/wp-admin/includes class-wp-users-list-table.php
2012.08.18 07:52 B C:\MoralCompassViv\wp-admin\includes\comment.php <-- Viv Web Design /public_html/wp-admin/includes comment.php
2012.08.18 07:52 B C:\MoralCompassViv\wp-admin\includes\continents-cities.php <-- Viv Web Design /public_html/wp-admin/includes continents-cities.php
2012.08.18 07:52 B C:\MoralCompassViv\wp-admin\includes\dashboard.php <-- Viv Web Design /public_html/wp-admin/includes dashboard.php
2012.08.18 07:52 B C:\MoralCompassViv\wp-admin\includes\deprecated.php <-- Viv Web Design /public_html/wp-admin/includes deprecated.php
2012.08.18 07:52 B C:\MoralCompassViv\wp-admin\includes\export.php <-- Viv Web Design /public_html/wp-admin/includes export.php
2012.08.18 07:52 B C:\MoralCompassViv\wp-admin\includes\file.php <-- Viv Web Design /public_html/wp-admin/includes file.php
2012.08.18 07:52 B C:\MoralCompassViv\wp-admin\includes\image-edit.php <-- Viv Web Design /public_html/wp-admin/includes image-edit.php
2012.08.18 07:52 B C:\MoralCompassViv\wp-admin\includes\image.php <-- Viv Web Design /public_html/wp-admin/includes image.php
2012.08.18 07:52 B C:\MoralCompassViv\wp-admin\includes\import.php <-- Viv Web Design /public_html/wp-admin/includes import.php
2012.08.18 07:52 B C:\MoralCompassViv\wp-admin\includes\list-table.php <-- Viv Web Design /public_html/wp-admin/includes list-table.php
2012.08.18 07:52 B C:\MoralCompassViv\wp-admin\includes\manifest.php <-- Viv Web Design /public_html/wp-admin/includes manifest.php
2012.08.18 07:52 B C:\MoralCompassViv\wp-admin\includes\media.php <-- Viv Web Design /public_html/wp-admin/includes media.php
2012.08.18 07:52 B C:\MoralCompassViv\wp-admin\includes\menu.php <-- Viv Web Design /public_html/wp-admin/includes menu.php
2012.08.18 07:52 B C:\MoralCompassViv\wp-admin\includes\meta-boxes.php <-- Viv Web Design /public_html/wp-admin/includes meta-boxes.php
2012.08.18 07:52 B C:\MoralCompassViv\wp-admin\includes\misc.php <-- Viv Web Design /public_html/wp-admin/includes misc.php
2012.08.18 07:52 B C:\MoralCompassViv\wp-admin\includes\ms-deprecated.php <-- Viv Web Design /public_html/wp-admin/includes ms-deprecated.php
2012.08.18 07:52 B C:\MoralCompassViv\wp-admin\includes\ms.php <-- Viv Web Design /public_html/wp-admin/includes ms.php
2012.08.18 07:52 B C:\MoralCompassViv\wp-admin\includes\nav-menu.php <-- Viv Web Design /public_html/wp-admin/includes nav-menu.php
2012.08.18 07:52 B C:\MoralCompassViv\wp-admin\includes\plugin-install.php <-- Viv Web Design /public_html/wp-admin/includes plugin-install.php
2012.08.18 07:52 B C:\MoralCompassViv\wp-admin\includes\plugin.php <-- Viv Web Design /public_html/wp-admin/includes plugin.php
2012.08.18 07:52 B C:\MoralCompassViv\wp-admin\includes\post.php <-- Viv Web Design /public_html/wp-admin/includes post.php
2012.08.18 07:52 B C:\MoralCompassViv\wp-admin\includes\schema.php <-- Viv Web Design /public_html/wp-admin/includes schema.php
2012.08.18 07:52 B C:\MoralCompassViv\wp-admin\includes\screen.php <-- Viv Web Design /public_html/wp-admin/includes screen.php
2012.08.18 07:52 B C:\MoralCompassViv\wp-admin\includes\taxonomy.php <-- Viv Web Design /public_html/wp-admin/includes taxonomy.php
2012.08.18 07:52 B C:\MoralCompassViv\wp-admin\includes\template.php <-- Viv Web Design /public_html/wp-admin/includes template.php
2012.08.18 07:52 B C:\MoralCompassViv\wp-admin\includes\theme-install.php <-- Viv Web Design /public_html/wp-admin/includes theme-install.php
2012.08.18 07:52 B C:\MoralCompassViv\wp-admin\includes\theme.php <-- Viv Web Design /public_html/wp-admin/includes theme.php
2012.08.18 07:52 B C:\MoralCompassViv\wp-admin\includes\update-core.php <-- Viv Web Design /public_html/wp-admin/includes update-core.php
2012.08.18 07:52 B C:\MoralCompassViv\wp-admin\includes\update.php <-- Viv Web Design /public_html/wp-admin/includes update.php
2012.08.18 07:52 B C:\MoralCompassViv\wp-admin\includes\upgrade.php <-- Viv Web Design /public_html/wp-admin/includes upgrade.php
2012.08.18 07:52 B C:\MoralCompassViv\wp-admin\includes\user.php <-- Viv Web Design /public_html/wp-admin/includes user.php
2012.08.18 07:52 B C:\MoralCompassViv\wp-admin\includes\widgets.php <-- Viv Web Design /public_html/wp-admin/includes widgets.php
