2012.09.09 10:32 B C:\MoralCompassDemo\MoralCompassWP\wp-includes\admin-bar.php --> juniper.arvixe.com /osber.net/wwwroot/MoralCompassWP/wp-includes admin-bar.php
2012.09.09 10:32 B C:\MoralCompassDemo\MoralCompassWP\wp-includes\atomlib.php --> juniper.arvixe.com /osber.net/wwwroot/MoralCompassWP/wp-includes atomlib.php
2012.09.09 10:32 B C:\MoralCompassDemo\MoralCompassWP\wp-includes\author-template.php --> juniper.arvixe.com /osber.net/wwwroot/MoralCompassWP/wp-includes author-template.php
2012.09.09 10:32 B C:\MoralCompassDemo\MoralCompassWP\wp-includes\bookmark-template.php --> juniper.arvixe.com /osber.net/wwwroot/MoralCompassWP/wp-includes bookmark-template.php
2012.09.09 10:32 B C:\MoralCompassDemo\MoralCompassWP\wp-includes\bookmark.php --> juniper.arvixe.com /osber.net/wwwroot/MoralCompassWP/wp-includes bookmark.php
2012.09.09 10:32 B C:\MoralCompassDemo\MoralCompassWP\wp-includes\cache.php --> juniper.arvixe.com /osber.net/wwwroot/MoralCompassWP/wp-includes cache.php
2012.09.09 10:32 B C:\MoralCompassDemo\MoralCompassWP\wp-includes\canonical.php --> juniper.arvixe.com /osber.net/wwwroot/MoralCompassWP/wp-includes canonical.php
2012.09.09 10:32 B C:\MoralCompassDemo\MoralCompassWP\wp-includes\capabilities.php --> juniper.arvixe.com /osber.net/wwwroot/MoralCompassWP/wp-includes capabilities.php
2012.09.09 10:32 B C:\MoralCompassDemo\MoralCompassWP\wp-includes\category-template.php --> juniper.arvixe.com /osber.net/wwwroot/MoralCompassWP/wp-includes category-template.php
2012.09.09 10:32 B C:\MoralCompassDemo\MoralCompassWP\wp-includes\category.php --> juniper.arvixe.com /osber.net/wwwroot/MoralCompassWP/wp-includes category.php
2012.09.09 10:32 B C:\MoralCompassDemo\MoralCompassWP\wp-includes\class-feed.php --> juniper.arvixe.com /osber.net/wwwroot/MoralCompassWP/wp-includes class-feed.php
2012.09.09 10:32 B C:\MoralCompassDemo\MoralCompassWP\wp-includes\class-http.php --> juniper.arvixe.com /osber.net/wwwroot/MoralCompassWP/wp-includes class-http.php
2012.09.09 10:32 B C:\MoralCompassDemo\MoralCompassWP\wp-includes\class-IXR.php --> juniper.arvixe.com /osber.net/wwwroot/MoralCompassWP/wp-includes class-IXR.php
2012.09.09 10:32 B C:\MoralCompassDemo\MoralCompassWP\wp-includes\class-json.php --> juniper.arvixe.com /osber.net/wwwroot/MoralCompassWP/wp-includes class-json.php
2012.09.09 10:32 B C:\MoralCompassDemo\MoralCompassWP\wp-includes\class-oembed.php --> juniper.arvixe.com /osber.net/wwwroot/MoralCompassWP/wp-includes class-oembed.php
2012.09.09 10:32 B C:\MoralCompassDemo\MoralCompassWP\wp-includes\class-phpass.php --> juniper.arvixe.com /osber.net/wwwroot/MoralCompassWP/wp-includes class-phpass.php
2012.09.09 10:32 B C:\MoralCompassDemo\MoralCompassWP\wp-includes\class-phpmailer.php --> juniper.arvixe.com /osber.net/wwwroot/MoralCompassWP/wp-includes class-phpmailer.php
2012.09.09 10:32 B C:\MoralCompassDemo\MoralCompassWP\wp-includes\class-pop3.php --> juniper.arvixe.com /osber.net/wwwroot/MoralCompassWP/wp-includes class-pop3.php
2012.09.09 10:32 B C:\MoralCompassDemo\MoralCompassWP\wp-includes\class-simplepie.php --> juniper.arvixe.com /osber.net/wwwroot/MoralCompassWP/wp-includes class-simplepie.php
2012.09.09 10:32 B C:\MoralCompassDemo\MoralCompassWP\wp-includes\class-smtp.php --> juniper.arvixe.com /osber.net/wwwroot/MoralCompassWP/wp-includes class-smtp.php
2012.09.09 10:32 B C:\MoralCompassDemo\MoralCompassWP\wp-includes\class-snoopy.php --> juniper.arvixe.com /osber.net/wwwroot/MoralCompassWP/wp-includes class-snoopy.php
2012.09.09 10:32 B C:\MoralCompassDemo\MoralCompassWP\wp-includes\class-wp-admin-bar.php --> juniper.arvixe.com /osber.net/wwwroot/MoralCompassWP/wp-includes class-wp-admin-bar.php
2012.09.09 10:32 B C:\MoralCompassDemo\MoralCompassWP\wp-includes\class-wp-ajax-response.php --> juniper.arvixe.com /osber.net/wwwroot/MoralCompassWP/wp-includes class-wp-ajax-response.php
2012.09.09 10:32 B C:\MoralCompassDemo\MoralCompassWP\wp-includes\class-wp-editor.php --> juniper.arvixe.com /osber.net/wwwroot/MoralCompassWP/wp-includes class-wp-editor.php
2012.09.09 10:32 B C:\MoralCompassDemo\MoralCompassWP\wp-includes\class-wp-error.php --> juniper.arvixe.com /osber.net/wwwroot/MoralCompassWP/wp-includes class-wp-error.php
2012.09.09 10:32 B C:\MoralCompassDemo\MoralCompassWP\wp-includes\class-wp-http-ixr-client.php --> juniper.arvixe.com /osber.net/wwwroot/MoralCompassWP/wp-includes class-wp-http-ixr-client.php
2012.09.09 10:32 B C:\MoralCompassDemo\MoralCompassWP\wp-includes\class-wp-walker.php --> juniper.arvixe.com /osber.net/wwwroot/MoralCompassWP/wp-includes class-wp-walker.php
2012.09.09 10:32 B C:\MoralCompassDemo\MoralCompassWP\wp-includes\class-wp-xmlrpc-server.php --> juniper.arvixe.com /osber.net/wwwroot/MoralCompassWP/wp-includes class-wp-xmlrpc-server.php
2012.09.09 10:32 B C:\MoralCompassDemo\MoralCompassWP\wp-includes\class-wp.php --> juniper.arvixe.com /osber.net/wwwroot/MoralCompassWP/wp-includes class-wp.php
2012.09.09 10:32 B C:\MoralCompassDemo\MoralCompassWP\wp-includes\class.wp-dependencies.php --> juniper.arvixe.com /osber.net/wwwroot/MoralCompassWP/wp-includes class.wp-dependencies.php
2012.09.09 10:32 B C:\MoralCompassDemo\MoralCompassWP\wp-includes\class.wp-scripts.php --> juniper.arvixe.com /osber.net/wwwroot/MoralCompassWP/wp-includes class.wp-scripts.php
2012.09.09 10:32 B C:\MoralCompassDemo\MoralCompassWP\wp-includes\class.wp-styles.php --> juniper.arvixe.com /osber.net/wwwroot/MoralCompassWP/wp-includes class.wp-styles.php
2012.09.09 10:32 B C:\MoralCompassDemo\MoralCompassWP\wp-includes\comment-template.php --> juniper.arvixe.com /osber.net/wwwroot/MoralCompassWP/wp-includes comment-template.php
2012.09.09 10:32 B C:\MoralCompassDemo\MoralCompassWP\wp-includes\comment.php --> juniper.arvixe.com /osber.net/wwwroot/MoralCompassWP/wp-includes comment.php
2012.09.09 10:32 B C:\MoralCompassDemo\MoralCompassWP\wp-includes\compat.php --> juniper.arvixe.com /osber.net/wwwroot/MoralCompassWP/wp-includes compat.php
2012.09.09 10:32 B C:\MoralCompassDemo\MoralCompassWP\wp-includes\cron.php --> juniper.arvixe.com /osber.net/wwwroot/MoralCompassWP/wp-includes cron.php
2012.09.09 10:32 B C:\MoralCompassDemo\MoralCompassWP\wp-includes\default-constants.php --> juniper.arvixe.com /osber.net/wwwroot/MoralCompassWP/wp-includes default-constants.php
2012.09.09 10:32 B C:\MoralCompassDemo\MoralCompassWP\wp-includes\default-filters.php --> juniper.arvixe.com /osber.net/wwwroot/MoralCompassWP/wp-includes default-filters.php
2012.09.09 10:32 B C:\MoralCompassDemo\MoralCompassWP\wp-includes\default-widgets.php --> juniper.arvixe.com /osber.net/wwwroot/MoralCompassWP/wp-includes default-widgets.php
2012.09.09 10:32 B C:\MoralCompassDemo\MoralCompassWP\wp-includes\deprecated.php --> juniper.arvixe.com /osber.net/wwwroot/MoralCompassWP/wp-includes deprecated.php
2012.09.09 10:32 B C:\MoralCompassDemo\MoralCompassWP\wp-includes\feed-atom-comments.php --> juniper.arvixe.com /osber.net/wwwroot/MoralCompassWP/wp-includes feed-atom-comments.php
2012.09.09 10:32 B C:\MoralCompassDemo\MoralCompassWP\wp-includes\feed-atom.php --> juniper.arvixe.com /osber.net/wwwroot/MoralCompassWP/wp-includes feed-atom.php
2012.09.09 10:32 B C:\MoralCompassDemo\MoralCompassWP\wp-includes\feed-rdf.php --> juniper.arvixe.com /osber.net/wwwroot/MoralCompassWP/wp-includes feed-rdf.php
2012.09.09 10:32 B C:\MoralCompassDemo\MoralCompassWP\wp-includes\feed-rss.php --> juniper.arvixe.com /osber.net/wwwroot/MoralCompassWP/wp-includes feed-rss.php
2012.09.09 10:32 B C:\MoralCompassDemo\MoralCompassWP\wp-includes\feed-rss2-comments.php --> juniper.arvixe.com /osber.net/wwwroot/MoralCompassWP/wp-includes feed-rss2-comments.php
2012.09.09 10:32 B C:\MoralCompassDemo\MoralCompassWP\wp-includes\feed-rss2.php --> juniper.arvixe.com /osber.net/wwwroot/MoralCompassWP/wp-includes feed-rss2.php
2012.09.09 10:32 B C:\MoralCompassDemo\MoralCompassWP\wp-includes\feed.php --> juniper.arvixe.com /osber.net/wwwroot/MoralCompassWP/wp-includes feed.php
2012.09.09 10:32 B C:\MoralCompassDemo\MoralCompassWP\wp-includes\formatting.php --> juniper.arvixe.com /osber.net/wwwroot/MoralCompassWP/wp-includes formatting.php
2012.09.09 10:32 B C:\MoralCompassDemo\MoralCompassWP\wp-includes\functions.php --> juniper.arvixe.com /osber.net/wwwroot/MoralCompassWP/wp-includes functions.php
2012.09.09 10:32 B C:\MoralCompassDemo\MoralCompassWP\wp-includes\functions.wp-scripts.php --> juniper.arvixe.com /osber.net/wwwroot/MoralCompassWP/wp-includes functions.wp-scripts.php
2012.09.09 10:32 B C:\MoralCompassDemo\MoralCompassWP\wp-includes\functions.wp-styles.php --> juniper.arvixe.com /osber.net/wwwroot/MoralCompassWP/wp-includes functions.wp-styles.php
2012.09.09 10:32 B C:\MoralCompassDemo\MoralCompassWP\wp-includes\general-template.php --> juniper.arvixe.com /osber.net/wwwroot/MoralCompassWP/wp-includes general-template.php
2012.09.09 10:32 B C:\MoralCompassDemo\MoralCompassWP\wp-includes\http.php --> juniper.arvixe.com /osber.net/wwwroot/MoralCompassWP/wp-includes http.php
2012.09.09 10:32 B C:\MoralCompassDemo\MoralCompassWP\wp-includes\kses.php --> juniper.arvixe.com /osber.net/wwwroot/MoralCompassWP/wp-includes kses.php
2012.09.09 10:32 B C:\MoralCompassDemo\MoralCompassWP\wp-includes\l10n.php --> juniper.arvixe.com /osber.net/wwwroot/MoralCompassWP/wp-includes l10n.php
2012.09.09 10:32 B C:\MoralCompassDemo\MoralCompassWP\wp-includes\link-template.php --> juniper.arvixe.com /osber.net/wwwroot/MoralCompassWP/wp-includes link-template.php
2012.09.09 10:32 B C:\MoralCompassDemo\MoralCompassWP\wp-includes\load.php --> juniper.arvixe.com /osber.net/wwwroot/MoralCompassWP/wp-includes load.php
2012.09.09 10:32 B C:\MoralCompassDemo\MoralCompassWP\wp-includes\locale.php --> juniper.arvixe.com /osber.net/wwwroot/MoralCompassWP/wp-includes locale.php
2012.09.09 10:32 B C:\MoralCompassDemo\MoralCompassWP\wp-includes\media.php --> juniper.arvixe.com /osber.net/wwwroot/MoralCompassWP/wp-includes media.php
2012.09.09 10:32 B C:\MoralCompassDemo\MoralCompassWP\wp-includes\meta.php --> juniper.arvixe.com /osber.net/wwwroot/MoralCompassWP/wp-includes meta.php
2012.09.09 10:32 B C:\MoralCompassDemo\MoralCompassWP\wp-includes\ms-blogs.php --> juniper.arvixe.com /osber.net/wwwroot/MoralCompassWP/wp-includes ms-blogs.php
2012.09.09 10:32 B C:\MoralCompassDemo\MoralCompassWP\wp-includes\ms-default-constants.php --> juniper.arvixe.com /osber.net/wwwroot/MoralCompassWP/wp-includes ms-default-constants.php
2012.09.09 10:32 B C:\MoralCompassDemo\MoralCompassWP\wp-includes\ms-default-filters.php --> juniper.arvixe.com /osber.net/wwwroot/MoralCompassWP/wp-includes ms-default-filters.php
2012.09.09 10:32 B C:\MoralCompassDemo\MoralCompassWP\wp-includes\ms-deprecated.php --> juniper.arvixe.com /osber.net/wwwroot/MoralCompassWP/wp-includes ms-deprecated.php
2012.09.09 10:32 B C:\MoralCompassDemo\MoralCompassWP\wp-includes\ms-files.php --> juniper.arvixe.com /osber.net/wwwroot/MoralCompassWP/wp-includes ms-files.php
2012.09.09 10:32 B C:\MoralCompassDemo\MoralCompassWP\wp-includes\ms-functions.php --> juniper.arvixe.com /osber.net/wwwroot/MoralCompassWP/wp-includes ms-functions.php
2012.09.09 10:32 B C:\MoralCompassDemo\MoralCompassWP\wp-includes\ms-load.php --> juniper.arvixe.com /osber.net/wwwroot/MoralCompassWP/wp-includes ms-load.php
2012.09.09 10:32 B C:\MoralCompassDemo\MoralCompassWP\wp-includes\ms-settings.php --> juniper.arvixe.com /osber.net/wwwroot/MoralCompassWP/wp-includes ms-settings.php
2012.09.09 10:32 B C:\MoralCompassDemo\MoralCompassWP\wp-includes\nav-menu-template.php --> juniper.arvixe.com /osber.net/wwwroot/MoralCompassWP/wp-includes nav-menu-template.php
2012.09.09 10:32 B C:\MoralCompassDemo\MoralCompassWP\wp-includes\nav-menu.php --> juniper.arvixe.com /osber.net/wwwroot/MoralCompassWP/wp-includes nav-menu.php
2012.09.09 10:32 B C:\MoralCompassDemo\MoralCompassWP\wp-includes\pluggable-deprecated.php --> juniper.arvixe.com /osber.net/wwwroot/MoralCompassWP/wp-includes pluggable-deprecated.php
2012.09.09 10:32 B C:\MoralCompassDemo\MoralCompassWP\wp-includes\pluggable.php --> juniper.arvixe.com /osber.net/wwwroot/MoralCompassWP/wp-includes pluggable.php
2012.09.09 10:32 B C:\MoralCompassDemo\MoralCompassWP\wp-includes\plugin.php --> juniper.arvixe.com /osber.net/wwwroot/MoralCompassWP/wp-includes plugin.php
2012.09.09 10:32 B C:\MoralCompassDemo\MoralCompassWP\wp-includes\post-template.php --> juniper.arvixe.com /osber.net/wwwroot/MoralCompassWP/wp-includes post-template.php
2012.09.09 10:32 B C:\MoralCompassDemo\MoralCompassWP\wp-includes\post-thumbnail-template.php --> juniper.arvixe.com /osber.net/wwwroot/MoralCompassWP/wp-includes post-thumbnail-template.php
2012.09.09 10:32 B C:\MoralCompassDemo\MoralCompassWP\wp-includes\post.php --> juniper.arvixe.com /osber.net/wwwroot/MoralCompassWP/wp-includes post.php
2012.09.09 10:32 B C:\MoralCompassDemo\MoralCompassWP\wp-includes\query.php --> juniper.arvixe.com /osber.net/wwwroot/MoralCompassWP/wp-includes query.php
2012.09.09 10:32 B C:\MoralCompassDemo\MoralCompassWP\wp-includes\registration-functions.php --> juniper.arvixe.com /osber.net/wwwroot/MoralCompassWP/wp-includes registration-functions.php
2012.09.09 10:32 B C:\MoralCompassDemo\MoralCompassWP\wp-includes\registration.php --> juniper.arvixe.com /osber.net/wwwroot/MoralCompassWP/wp-includes registration.php
2012.09.09 10:32 B C:\MoralCompassDemo\MoralCompassWP\wp-includes\rewrite.php --> juniper.arvixe.com /osber.net/wwwroot/MoralCompassWP/wp-includes rewrite.php
2012.09.09 10:32 B C:\MoralCompassDemo\MoralCompassWP\wp-includes\rss-functions.php --> juniper.arvixe.com /osber.net/wwwroot/MoralCompassWP/wp-includes rss-functions.php
2012.09.09 10:32 B C:\MoralCompassDemo\MoralCompassWP\wp-includes\rss.php --> juniper.arvixe.com /osber.net/wwwroot/MoralCompassWP/wp-includes rss.php
2012.09.09 10:32 B C:\MoralCompassDemo\MoralCompassWP\wp-includes\script-loader.php --> juniper.arvixe.com /osber.net/wwwroot/MoralCompassWP/wp-includes script-loader.php
2012.09.09 10:32 B C:\MoralCompassDemo\MoralCompassWP\wp-includes\shortcodes.php --> juniper.arvixe.com /osber.net/wwwroot/MoralCompassWP/wp-includes shortcodes.php
2012.09.09 10:32 B C:\MoralCompassDemo\MoralCompassWP\wp-includes\taxonomy.php --> juniper.arvixe.com /osber.net/wwwroot/MoralCompassWP/wp-includes taxonomy.php
2012.09.09 10:32 B C:\MoralCompassDemo\MoralCompassWP\wp-includes\template-loader.php --> juniper.arvixe.com /osber.net/wwwroot/MoralCompassWP/wp-includes template-loader.php
2012.09.09 10:32 B C:\MoralCompassDemo\MoralCompassWP\wp-includes\theme.php --> juniper.arvixe.com /osber.net/wwwroot/MoralCompassWP/wp-includes theme.php
2012.09.09 10:32 B C:\MoralCompassDemo\MoralCompassWP\wp-includes\update.php --> juniper.arvixe.com /osber.net/wwwroot/MoralCompassWP/wp-includes update.php
2012.09.09 10:32 B C:\MoralCompassDemo\MoralCompassWP\wp-includes\user.php --> juniper.arvixe.com /osber.net/wwwroot/MoralCompassWP/wp-includes user.php
2012.09.09 10:32 B C:\MoralCompassDemo\MoralCompassWP\wp-includes\vars.php --> juniper.arvixe.com /osber.net/wwwroot/MoralCompassWP/wp-includes vars.php
2012.09.09 10:33 B C:\MoralCompassDemo\MoralCompassWP\wp-includes\version.php --> juniper.arvixe.com /osber.net/wwwroot/MoralCompassWP/wp-includes version.php
2012.09.09 10:33 B C:\MoralCompassDemo\MoralCompassWP\wp-includes\widgets.php --> juniper.arvixe.com /osber.net/wwwroot/MoralCompassWP/wp-includes widgets.php
2012.09.09 10:33 B C:\MoralCompassDemo\MoralCompassWP\wp-includes\wlwmanifest.xml --> juniper.arvixe.com /osber.net/wwwroot/MoralCompassWP/wp-includes wlwmanifest.xml
2012.09.09 10:33 B C:\MoralCompassDemo\MoralCompassWP\wp-includes\wp-db.php --> juniper.arvixe.com /osber.net/wwwroot/MoralCompassWP/wp-includes wp-db.php
2012.09.09 10:33 B C:\MoralCompassDemo\MoralCompassWP\wp-includes\wp-diff.php --> juniper.arvixe.com /osber.net/wwwroot/MoralCompassWP/wp-includes wp-diff.php
