2012.09.09 10:16 B C:\MoralCompassDemo\MoralCompassWP\wp-content\themes\adventure-journal\images\bh-bg.jpg --> juniper.arvixe.com /osber.net/wwwroot/MoralCompassWP/wp-content/themes/adventure-journal/images bh-bg.jpg
2012.09.09 10:16 B C:\MoralCompassDemo\MoralCompassWP\wp-content\themes\adventure-journal\images\colophon-ctx.png --> juniper.arvixe.com /osber.net/wwwroot/MoralCompassWP/wp-content/themes/adventure-journal/images colophon-ctx.png
2012.09.09 10:16 B C:\MoralCompassDemo\MoralCompassWP\wp-content\themes\adventure-journal\images\colophon-wp.png --> juniper.arvixe.com /osber.net/wwwroot/MoralCompassWP/wp-content/themes/adventure-journal/images colophon-wp.png
2012.09.09 10:16 B C:\MoralCompassDemo\MoralCompassWP\wp-content\themes\adventure-journal\images\contexture-international-logo-gray.png --> juniper.arvixe.com /osber.net/wwwroot/MoralCompassWP/wp-content/themes/adventure-journal/images contexture-international-logo-gray.png
2012.09.09 10:16 B C:\MoralCompassDemo\MoralCompassWP\wp-content\themes\adventure-journal\images\contexture-international-logo-white.png --> juniper.arvixe.com /osber.net/wwwroot/MoralCompassWP/wp-content/themes/adventure-journal/images contexture-international-logo-white.png
2012.09.09 10:16 B C:\MoralCompassDemo\MoralCompassWP\wp-content\themes\adventure-journal\images\ctx-logo.gif --> juniper.arvixe.com /osber.net/wwwroot/MoralCompassWP/wp-content/themes/adventure-journal/images ctx-logo.gif
2012.09.09 10:16 B C:\MoralCompassDemo\MoralCompassWP\wp-content\themes\adventure-journal\images\ctx-logo.png --> juniper.arvixe.com /osber.net/wwwroot/MoralCompassWP/wp-content/themes/adventure-journal/images ctx-logo.png
2012.09.09 10:16 B C:\MoralCompassDemo\MoralCompassWP\wp-content\themes\adventure-journal\images\curl-black-top-left.png --> juniper.arvixe.com /osber.net/wwwroot/MoralCompassWP/wp-content/themes/adventure-journal/images curl-black-top-left.png
2012.09.09 10:16 B C:\MoralCompassDemo\MoralCompassWP\wp-content\themes\adventure-journal\images\curl-white-bottom-right.png --> juniper.arvixe.com /osber.net/wwwroot/MoralCompassWP/wp-content/themes/adventure-journal/images curl-white-bottom-right.png
2012.09.09 10:16 B C:\MoralCompassDemo\MoralCompassWP\wp-content\themes\adventure-journal\images\layout-opt-1col.gif --> juniper.arvixe.com /osber.net/wwwroot/MoralCompassWP/wp-content/themes/adventure-journal/images layout-opt-1col.gif
2012.09.09 10:16 B C:\MoralCompassDemo\MoralCompassWP\wp-content\themes\adventure-journal\images\layout-opt-2collt.gif --> juniper.arvixe.com /osber.net/wwwroot/MoralCompassWP/wp-content/themes/adventure-journal/images layout-opt-2collt.gif
2012.09.09 10:16 B C:\MoralCompassDemo\MoralCompassWP\wp-content\themes\adventure-journal\images\layout-opt-2colrt.gif --> juniper.arvixe.com /osber.net/wwwroot/MoralCompassWP/wp-content/themes/adventure-journal/images layout-opt-2colrt.gif
2012.09.09 10:16 B C:\MoralCompassDemo\MoralCompassWP\wp-content\themes\adventure-journal\images\layout-opt-3col-lt.gif --> juniper.arvixe.com /osber.net/wwwroot/MoralCompassWP/wp-content/themes/adventure-journal/images layout-opt-3col-lt.gif
2012.09.09 10:16 B C:\MoralCompassDemo\MoralCompassWP\wp-content\themes\adventure-journal\images\layout-opt-3col.gif --> juniper.arvixe.com /osber.net/wwwroot/MoralCompassWP/wp-content/themes/adventure-journal/images layout-opt-3col.gif
2012.09.09 10:17 B C:\MoralCompassDemo\MoralCompassWP\wp-content\themes\adventure-journal\images\mp-background-shading.png --> juniper.arvixe.com /osber.net/wwwroot/MoralCompassWP/wp-content/themes/adventure-journal/images mp-background-shading.png
2012.09.09 10:17 B C:\MoralCompassDemo\MoralCompassWP\wp-content\themes\adventure-journal\images\mp-background-tile.jpg --> juniper.arvixe.com /osber.net/wwwroot/MoralCompassWP/wp-content/themes/adventure-journal/images mp-background-tile.jpg
2012.09.09 10:17 B C:\MoralCompassDemo\MoralCompassWP\wp-content\themes\adventure-journal\images\mp-navigation-main-sprite.png --> juniper.arvixe.com /osber.net/wwwroot/MoralCompassWP/wp-content/themes/adventure-journal/images mp-navigation-main-sprite.png
2012.09.09 10:17 B C:\MoralCompassDemo\MoralCompassWP\wp-content\themes\adventure-journal\images\mp-sprite-content-bg.png --> juniper.arvixe.com /osber.net/wwwroot/MoralCompassWP/wp-content/themes/adventure-journal/images mp-sprite-content-bg.png
2012.09.09 10:17 B C:\MoralCompassDemo\MoralCompassWP\wp-content\themes\adventure-journal\images\mp-sprite-header-bg.png --> juniper.arvixe.com /osber.net/wwwroot/MoralCompassWP/wp-content/themes/adventure-journal/images mp-sprite-header-bg.png
2012.09.09 10:17 B C:\MoralCompassDemo\MoralCompassWP\wp-content\themes\adventure-journal\images\mp-sprite-header-bg2.png --> juniper.arvixe.com /osber.net/wwwroot/MoralCompassWP/wp-content/themes/adventure-journal/images mp-sprite-header-bg2.png
2012.09.09 10:17 B C:\MoralCompassDemo\MoralCompassWP\wp-content\themes\adventure-journal\images\mp-sprite-master.png --> juniper.arvixe.com /osber.net/wwwroot/MoralCompassWP/wp-content/themes/adventure-journal/images mp-sprite-master.png
2012.09.09 10:17 B C:\MoralCompassDemo\MoralCompassWP\wp-content\themes\adventure-journal\images\options-crumble-all.jpg --> juniper.arvixe.com /osber.net/wwwroot/MoralCompassWP/wp-content/themes/adventure-journal/images options-crumble-all.jpg
2012.09.09 10:17 B C:\MoralCompassDemo\MoralCompassWP\wp-content\themes\adventure-journal\images\options-crumble-sticky.jpg --> juniper.arvixe.com /osber.net/wwwroot/MoralCompassWP/wp-content/themes/adventure-journal/images options-crumble-sticky.jpg
2012.09.09 10:17 B C:\MoralCompassDemo\MoralCompassWP\wp-content\themes\adventure-journal\images\options-crumbledpaper.jpg --> juniper.arvixe.com /osber.net/wwwroot/MoralCompassWP/wp-content/themes/adventure-journal/images options-crumbledpaper.jpg
2012.09.09 10:17 B C:\MoralCompassDemo\MoralCompassWP\wp-content\themes\adventure-journal\images\paper-crumpled-sm.jpg --> juniper.arvixe.com /osber.net/wwwroot/MoralCompassWP/wp-content/themes/adventure-journal/images paper-crumpled-sm.jpg
2012.09.09 10:17 B C:\MoralCompassDemo\MoralCompassWP\wp-content\themes\adventure-journal\images\paper-crumpled.jpg --> juniper.arvixe.com /osber.net/wwwroot/MoralCompassWP/wp-content/themes/adventure-journal/images paper-crumpled.jpg
2012.09.09 10:17 B C:\MoralCompassDemo\MoralCompassWP\wp-content\themes\adventure-journal\images\sidebar-bg-bottom-left.png --> juniper.arvixe.com /osber.net/wwwroot/MoralCompassWP/wp-content/themes/adventure-journal/images sidebar-bg-bottom-left.png
2012.09.09 10:17 B C:\MoralCompassDemo\MoralCompassWP\wp-content\themes\adventure-journal\images\sidebar-bg-bottom-right.png --> juniper.arvixe.com /osber.net/wwwroot/MoralCompassWP/wp-content/themes/adventure-journal/images sidebar-bg-bottom-right.png
2012.09.09 10:17 B C:\MoralCompassDemo\MoralCompassWP\wp-content\themes\adventure-journal\images\sidebar-bg-bottom.gif --> juniper.arvixe.com /osber.net/wwwroot/MoralCompassWP/wp-content/themes/adventure-journal/images sidebar-bg-bottom.gif
2012.09.09 10:17 B C:\MoralCompassDemo\MoralCompassWP\wp-content\themes\adventure-journal\images\sidebar-bg-bottom.png --> juniper.arvixe.com /osber.net/wwwroot/MoralCompassWP/wp-content/themes/adventure-journal/images sidebar-bg-bottom.png
2012.09.09 10:17 B C:\MoralCompassDemo\MoralCompassWP\wp-content\themes\adventure-journal\images\sidebar-bg-fill.jpg --> juniper.arvixe.com /osber.net/wwwroot/MoralCompassWP/wp-content/themes/adventure-journal/images sidebar-bg-fill.jpg
2012.09.09 10:17 B C:\MoralCompassDemo\MoralCompassWP\wp-content\themes\adventure-journal\images\sidebar-bg-left.png --> juniper.arvixe.com /osber.net/wwwroot/MoralCompassWP/wp-content/themes/adventure-journal/images sidebar-bg-left.png
2012.09.09 10:17 B C:\MoralCompassDemo\MoralCompassWP\wp-content\themes\adventure-journal\images\sidebar-bg-middle.gif --> juniper.arvixe.com /osber.net/wwwroot/MoralCompassWP/wp-content/themes/adventure-journal/images sidebar-bg-middle.gif
2012.09.09 10:17 B C:\MoralCompassDemo\MoralCompassWP\wp-content\themes\adventure-journal\images\sidebar-bg-middle.png --> juniper.arvixe.com /osber.net/wwwroot/MoralCompassWP/wp-content/themes/adventure-journal/images sidebar-bg-middle.png
2012.09.09 10:17 B C:\MoralCompassDemo\MoralCompassWP\wp-content\themes\adventure-journal\images\sidebar-bg-right.png --> juniper.arvixe.com /osber.net/wwwroot/MoralCompassWP/wp-content/themes/adventure-journal/images sidebar-bg-right.png
2012.09.09 10:17 B C:\MoralCompassDemo\MoralCompassWP\wp-content\themes\adventure-journal\images\sidebar-bg-top-left.png --> juniper.arvixe.com /osber.net/wwwroot/MoralCompassWP/wp-content/themes/adventure-journal/images sidebar-bg-top-left.png
2012.09.09 10:17 B C:\MoralCompassDemo\MoralCompassWP\wp-content\themes\adventure-journal\images\sidebar-bg-top-right.png --> juniper.arvixe.com /osber.net/wwwroot/MoralCompassWP/wp-content/themes/adventure-journal/images sidebar-bg-top-right.png
2012.09.09 10:17 B C:\MoralCompassDemo\MoralCompassWP\wp-content\themes\adventure-journal\images\sidebar-bg-top.gif --> juniper.arvixe.com /osber.net/wwwroot/MoralCompassWP/wp-content/themes/adventure-journal/images sidebar-bg-top.gif
2012.09.09 10:17 B C:\MoralCompassDemo\MoralCompassWP\wp-content\themes\adventure-journal\images\sidebar-bg-top.png --> juniper.arvixe.com /osber.net/wwwroot/MoralCompassWP/wp-content/themes/adventure-journal/images sidebar-bg-top.png
2012.09.09 10:17 B C:\MoralCompassDemo\MoralCompassWP\wp-content\themes\adventure-journal\images\sidebar-bottom-horiz.gif --> juniper.arvixe.com /osber.net/wwwroot/MoralCompassWP/wp-content/themes/adventure-journal/images sidebar-bottom-horiz.gif
2012.09.09 10:17 B C:\MoralCompassDemo\MoralCompassWP\wp-content\themes\adventure-journal\images\sidebar-bottom-left.gif --> juniper.arvixe.com /osber.net/wwwroot/MoralCompassWP/wp-content/themes/adventure-journal/images sidebar-bottom-left.gif
2012.09.09 10:17 B C:\MoralCompassDemo\MoralCompassWP\wp-content\themes\adventure-journal\images\sidebar-bottom-right.gif --> juniper.arvixe.com /osber.net/wwwroot/MoralCompassWP/wp-content/themes/adventure-journal/images sidebar-bottom-right.gif
2012.09.09 10:17 B C:\MoralCompassDemo\MoralCompassWP\wp-content\themes\adventure-journal\images\sidebar-middle-left-vertical.gif --> juniper.arvixe.com /osber.net/wwwroot/MoralCompassWP/wp-content/themes/adventure-journal/images sidebar-middle-left-vertical.gif
2012.09.09 10:17 B C:\MoralCompassDemo\MoralCompassWP\wp-content\themes\adventure-journal\images\sidebar-middle-right-vertical.gif --> juniper.arvixe.com /osber.net/wwwroot/MoralCompassWP/wp-content/themes/adventure-journal/images sidebar-middle-right-vertical.gif
2012.09.09 10:17 B C:\MoralCompassDemo\MoralCompassWP\wp-content\themes\adventure-journal\images\sidebar-top-horiz.gif --> juniper.arvixe.com /osber.net/wwwroot/MoralCompassWP/wp-content/themes/adventure-journal/images sidebar-top-horiz.gif
2012.09.09 10:17 B C:\MoralCompassDemo\MoralCompassWP\wp-content\themes\adventure-journal\images\sidebar-top-left.gif --> juniper.arvixe.com /osber.net/wwwroot/MoralCompassWP/wp-content/themes/adventure-journal/images sidebar-top-left.gif
2012.09.09 10:17 B C:\MoralCompassDemo\MoralCompassWP\wp-content\themes\adventure-journal\images\sidebar-top-right.gif --> juniper.arvixe.com /osber.net/wwwroot/MoralCompassWP/wp-content/themes/adventure-journal/images sidebar-top-right.gif
2012.09.09 10:17 B C:\MoralCompassDemo\MoralCompassWP\wp-content\themes\adventure-journal\images\tape.gif --> juniper.arvixe.com /osber.net/wwwroot/MoralCompassWP/wp-content/themes/adventure-journal/images tape.gif
2012.09.09 10:17 B C:\MoralCompassDemo\MoralCompassWP\wp-content\themes\adventure-journal\images\title-blank.jpg --> juniper.arvixe.com /osber.net/wwwroot/MoralCompassWP/wp-content/themes/adventure-journal/images title-blank.jpg
2012.09.09 10:17 B C:\MoralCompassDemo\MoralCompassWP\wp-content\themes\adventure-journal\images\title-default.jpg --> juniper.arvixe.com /osber.net/wwwroot/MoralCompassWP/wp-content/themes/adventure-journal/images title-default.jpg
2012.09.09 10:17 B C:\MoralCompassDemo\MoralCompassWP\wp-content\themes\adventure-journal\images\title-logo.jpg --> juniper.arvixe.com /osber.net/wwwroot/MoralCompassWP/wp-content/themes/adventure-journal/images title-logo.jpg
