2012.08.18 07:52 B C:\MoralCompassViv\wp-admin\js\cat.dev.js <-- Viv Web Design /public_html/wp-admin/js cat.dev.js
2012.08.18 07:52 B C:\MoralCompassViv\wp-admin\js\cat.js <-- Viv Web Design /public_html/wp-admin/js cat.js
2012.08.18 07:52 B C:\MoralCompassViv\wp-admin\js\categories.dev.js <-- Viv Web Design /public_html/wp-admin/js categories.dev.js
2012.08.18 07:52 B C:\MoralCompassViv\wp-admin\js\categories.js <-- Viv Web Design /public_html/wp-admin/js categories.js
2012.08.18 07:52 B C:\MoralCompassViv\wp-admin\js\comment.dev.js <-- Viv Web Design /public_html/wp-admin/js comment.dev.js
2012.08.18 07:52 B C:\MoralCompassViv\wp-admin\js\comment.js <-- Viv Web Design /public_html/wp-admin/js comment.js
2012.08.18 07:52 B C:\MoralCompassViv\wp-admin\js\common.dev.js <-- Viv Web Design /public_html/wp-admin/js common.dev.js
2012.08.18 07:52 B C:\MoralCompassViv\wp-admin\js\common.js <-- Viv Web Design /public_html/wp-admin/js common.js
2012.08.18 07:52 B C:\MoralCompassViv\wp-admin\js\custom-background.dev.js <-- Viv Web Design /public_html/wp-admin/js custom-background.dev.js
2012.08.18 07:52 B C:\MoralCompassViv\wp-admin\js\custom-background.js <-- Viv Web Design /public_html/wp-admin/js custom-background.js
2012.08.18 07:52 B C:\MoralCompassViv\wp-admin\js\custom-fields.dev.js <-- Viv Web Design /public_html/wp-admin/js custom-fields.dev.js
2012.08.18 07:52 B C:\MoralCompassViv\wp-admin\js\custom-fields.js <-- Viv Web Design /public_html/wp-admin/js custom-fields.js
2012.08.18 07:52 B C:\MoralCompassViv\wp-admin\js\customize-controls.dev.js <-- Viv Web Design /public_html/wp-admin/js customize-controls.dev.js
2012.08.18 07:52 B C:\MoralCompassViv\wp-admin\js\customize-controls.js <-- Viv Web Design /public_html/wp-admin/js customize-controls.js
2012.08.18 07:52 B C:\MoralCompassViv\wp-admin\js\dashboard.dev.js <-- Viv Web Design /public_html/wp-admin/js dashboard.dev.js
2012.08.18 07:52 B C:\MoralCompassViv\wp-admin\js\dashboard.js <-- Viv Web Design /public_html/wp-admin/js dashboard.js
2012.08.18 07:52 B C:\MoralCompassViv\wp-admin\js\edit-comments.dev.js <-- Viv Web Design /public_html/wp-admin/js edit-comments.dev.js
2012.08.18 07:52 B C:\MoralCompassViv\wp-admin\js\edit-comments.js <-- Viv Web Design /public_html/wp-admin/js edit-comments.js
2012.08.18 07:52 B C:\MoralCompassViv\wp-admin\js\editor.dev.js <-- Viv Web Design /public_html/wp-admin/js editor.dev.js
2012.08.18 07:52 B C:\MoralCompassViv\wp-admin\js\editor.js <-- Viv Web Design /public_html/wp-admin/js editor.js
2012.08.18 07:52 B C:\MoralCompassViv\wp-admin\js\farbtastic.js <-- Viv Web Design /public_html/wp-admin/js farbtastic.js
2012.08.18 07:52 B C:\MoralCompassViv\wp-admin\js\gallery.dev.js <-- Viv Web Design /public_html/wp-admin/js gallery.dev.js
2012.08.18 07:52 B C:\MoralCompassViv\wp-admin\js\gallery.js <-- Viv Web Design /public_html/wp-admin/js gallery.js
2012.08.18 07:52 B C:\MoralCompassViv\wp-admin\js\image-edit.dev.js <-- Viv Web Design /public_html/wp-admin/js image-edit.dev.js
2012.08.18 07:52 B C:\MoralCompassViv\wp-admin\js\image-edit.js <-- Viv Web Design /public_html/wp-admin/js image-edit.js
2012.08.18 07:52 B C:\MoralCompassViv\wp-admin\js\inline-edit-post.dev.js <-- Viv Web Design /public_html/wp-admin/js inline-edit-post.dev.js
2012.08.18 07:52 B C:\MoralCompassViv\wp-admin\js\inline-edit-post.js <-- Viv Web Design /public_html/wp-admin/js inline-edit-post.js
2012.08.18 07:52 B C:\MoralCompassViv\wp-admin\js\inline-edit-tax.dev.js <-- Viv Web Design /public_html/wp-admin/js inline-edit-tax.dev.js
2012.08.18 07:52 B C:\MoralCompassViv\wp-admin\js\inline-edit-tax.js <-- Viv Web Design /public_html/wp-admin/js inline-edit-tax.js
2012.08.18 07:52 B C:\MoralCompassViv\wp-admin\js\link.dev.js <-- Viv Web Design /public_html/wp-admin/js link.dev.js
2012.08.18 07:52 B C:\MoralCompassViv\wp-admin\js\link.js <-- Viv Web Design /public_html/wp-admin/js link.js
2012.08.18 07:52 B C:\MoralCompassViv\wp-admin\js\media-gallery.dev.js <-- Viv Web Design /public_html/wp-admin/js media-gallery.dev.js
2012.08.18 07:52 B C:\MoralCompassViv\wp-admin\js\media-gallery.js <-- Viv Web Design /public_html/wp-admin/js media-gallery.js
2012.08.18 07:52 B C:\MoralCompassViv\wp-admin\js\media-upload.dev.js <-- Viv Web Design /public_html/wp-admin/js media-upload.dev.js
2012.08.18 07:52 B C:\MoralCompassViv\wp-admin\js\media-upload.js <-- Viv Web Design /public_html/wp-admin/js media-upload.js
2012.08.18 07:52 B C:\MoralCompassViv\wp-admin\js\media.dev.js <-- Viv Web Design /public_html/wp-admin/js media.dev.js
2012.08.18 07:52 B C:\MoralCompassViv\wp-admin\js\media.js <-- Viv Web Design /public_html/wp-admin/js media.js
2012.08.18 07:52 B C:\MoralCompassViv\wp-admin\js\nav-menu.dev.js <-- Viv Web Design /public_html/wp-admin/js nav-menu.dev.js
2012.08.18 07:52 B C:\MoralCompassViv\wp-admin\js\nav-menu.js <-- Viv Web Design /public_html/wp-admin/js nav-menu.js
2012.08.18 07:52 B C:\MoralCompassViv\wp-admin\js\password-strength-meter.dev.js <-- Viv Web Design /public_html/wp-admin/js password-strength-meter.dev.js
2012.08.18 07:52 B C:\MoralCompassViv\wp-admin\js\password-strength-meter.js <-- Viv Web Design /public_html/wp-admin/js password-strength-meter.js
2012.08.18 07:52 B C:\MoralCompassViv\wp-admin\js\plugin-install.dev.js <-- Viv Web Design /public_html/wp-admin/js plugin-install.dev.js
2012.08.18 07:52 B C:\MoralCompassViv\wp-admin\js\plugin-install.js <-- Viv Web Design /public_html/wp-admin/js plugin-install.js
2012.08.18 07:52 B C:\MoralCompassViv\wp-admin\js\post.dev.js <-- Viv Web Design /public_html/wp-admin/js post.dev.js
2012.08.18 07:52 B C:\MoralCompassViv\wp-admin\js\post.js <-- Viv Web Design /public_html/wp-admin/js post.js
2012.08.18 07:52 B C:\MoralCompassViv\wp-admin\js\postbox.dev.js <-- Viv Web Design /public_html/wp-admin/js postbox.dev.js
2012.08.18 07:52 B C:\MoralCompassViv\wp-admin\js\postbox.js <-- Viv Web Design /public_html/wp-admin/js postbox.js
2012.08.18 07:52 B C:\MoralCompassViv\wp-admin\js\revisions-js.php <-- Viv Web Design /public_html/wp-admin/js revisions-js.php
2012.08.18 07:52 B C:\MoralCompassViv\wp-admin\js\set-post-thumbnail.dev.js <-- Viv Web Design /public_html/wp-admin/js set-post-thumbnail.dev.js
2012.08.18 07:52 B C:\MoralCompassViv\wp-admin\js\set-post-thumbnail.js <-- Viv Web Design /public_html/wp-admin/js set-post-thumbnail.js
2012.08.18 07:52 B C:\MoralCompassViv\wp-admin\js\tags.dev.js <-- Viv Web Design /public_html/wp-admin/js tags.dev.js
2012.08.18 07:52 B C:\MoralCompassViv\wp-admin\js\tags.js <-- Viv Web Design /public_html/wp-admin/js tags.js
2012.08.18 07:52 B C:\MoralCompassViv\wp-admin\js\theme-preview.dev.js <-- Viv Web Design /public_html/wp-admin/js theme-preview.dev.js
2012.08.18 07:52 B C:\MoralCompassViv\wp-admin\js\theme-preview.js <-- Viv Web Design /public_html/wp-admin/js theme-preview.js
2012.08.18 07:52 B C:\MoralCompassViv\wp-admin\js\theme.dev.js <-- Viv Web Design /public_html/wp-admin/js theme.dev.js
2012.08.18 07:52 B C:\MoralCompassViv\wp-admin\js\theme.js <-- Viv Web Design /public_html/wp-admin/js theme.js
2012.08.18 07:52 B C:\MoralCompassViv\wp-admin\js\user-profile.dev.js <-- Viv Web Design /public_html/wp-admin/js user-profile.dev.js
2012.08.18 07:52 B C:\MoralCompassViv\wp-admin\js\user-profile.js <-- Viv Web Design /public_html/wp-admin/js user-profile.js
2012.08.18 07:52 B C:\MoralCompassViv\wp-admin\js\user-suggest.dev.js <-- Viv Web Design /public_html/wp-admin/js user-suggest.dev.js
2012.08.18 07:52 B C:\MoralCompassViv\wp-admin\js\user-suggest.js <-- Viv Web Design /public_html/wp-admin/js user-suggest.js
2012.08.18 07:52 B C:\MoralCompassViv\wp-admin\js\utils.dev.js <-- Viv Web Design /public_html/wp-admin/js utils.dev.js
2012.08.18 07:52 B C:\MoralCompassViv\wp-admin\js\utils.js <-- Viv Web Design /public_html/wp-admin/js utils.js
2012.08.18 07:52 B C:\MoralCompassViv\wp-admin\js\widgets.dev.js <-- Viv Web Design /public_html/wp-admin/js widgets.dev.js
2012.08.18 07:52 B C:\MoralCompassViv\wp-admin\js\widgets.js <-- Viv Web Design /public_html/wp-admin/js widgets.js
2012.08.18 07:52 B C:\MoralCompassViv\wp-admin\js\word-count.dev.js <-- Viv Web Design /public_html/wp-admin/js word-count.dev.js
2012.08.18 07:52 B C:\MoralCompassViv\wp-admin\js\word-count.js <-- Viv Web Design /public_html/wp-admin/js word-count.js
2012.08.18 07:52 B C:\MoralCompassViv\wp-admin\js\wp-fullscreen.dev.js <-- Viv Web Design /public_html/wp-admin/js wp-fullscreen.dev.js
2012.08.18 07:52 B C:\MoralCompassViv\wp-admin\js\wp-fullscreen.js <-- Viv Web Design /public_html/wp-admin/js wp-fullscreen.js
2012.08.18 07:52 B C:\MoralCompassViv\wp-admin\js\xfn.dev.js <-- Viv Web Design /public_html/wp-admin/js xfn.dev.js
2012.08.18 07:52 B C:\MoralCompassViv\wp-admin\js\xfn.js <-- Viv Web Design /public_html/wp-admin/js xfn.js
