2012.09.09 10:27 B C:\MoralCompassDemo\MoralCompassWP\wp-content\uploads\2012\05\arrowblank.jpg --> juniper.arvixe.com /osber.net/wwwroot/MoralCompassWP/wp-content/uploads/2012/05 arrowblank.jpg
2012.09.09 10:27 B C:\MoralCompassDemo\MoralCompassWP\wp-content\uploads\2012\05\atwater.jpg --> juniper.arvixe.com /osber.net/wwwroot/MoralCompassWP/wp-content/uploads/2012/05 atwater.jpg
2012.09.09 10:27 B C:\MoralCompassDemo\MoralCompassWP\wp-content\uploads\2012\05\DaisyGirl.jpg --> juniper.arvixe.com /osber.net/wwwroot/MoralCompassWP/wp-content/uploads/2012/05 DaisyGirl.jpg
2012.09.09 10:27 B C:\MoralCompassDemo\MoralCompassWP\wp-content\uploads\2012\05\Herblock-Communists-150x150.jpg --> juniper.arvixe.com /osber.net/wwwroot/MoralCompassWP/wp-content/uploads/2012/05 Herblock-Communists-150x150.jpg
2012.09.09 10:27 B C:\MoralCompassDemo\MoralCompassWP\wp-content\uploads\2012\05\Herblock-Communists-216x300.jpg --> juniper.arvixe.com /osber.net/wwwroot/MoralCompassWP/wp-content/uploads/2012/05 Herblock-Communists-216x300.jpg
2012.09.09 10:27 B C:\MoralCompassDemo\MoralCompassWP\wp-content\uploads\2012\05\Herblock-Communists-511x288.jpg --> juniper.arvixe.com /osber.net/wwwroot/MoralCompassWP/wp-content/uploads/2012/05 Herblock-Communists-511x288.jpg
2012.09.09 10:27 B C:\MoralCompassDemo\MoralCompassWP\wp-content\uploads\2012\05\Herblock-Communists-Thumbnail.jpg --> juniper.arvixe.com /osber.net/wwwroot/MoralCompassWP/wp-content/uploads/2012/05 Herblock-Communists-Thumbnail.jpg
2012.09.09 10:27 B C:\MoralCompassDemo\MoralCompassWP\wp-content\uploads\2012\05\Herblock-Communists.jpg --> juniper.arvixe.com /osber.net/wwwroot/MoralCompassWP/wp-content/uploads/2012/05 Herblock-Communists.jpg
2012.09.09 10:27 B C:\MoralCompassDemo\MoralCompassWP\wp-content\uploads\2012\05\HollywoodBlacklist.jpg --> juniper.arvixe.com /osber.net/wwwroot/MoralCompassWP/wp-content/uploads/2012/05 HollywoodBlacklist.jpg
2012.09.09 10:27 B C:\MoralCompassDemo\MoralCompassWP\wp-content\uploads\2012\05\HortonObama-150x150.jpg --> juniper.arvixe.com /osber.net/wwwroot/MoralCompassWP/wp-content/uploads/2012/05 HortonObama-150x150.jpg
2012.09.09 10:27 B C:\MoralCompassDemo\MoralCompassWP\wp-content\uploads\2012\05\HortonObama-300x243.jpg --> juniper.arvixe.com /osber.net/wwwroot/MoralCompassWP/wp-content/uploads/2012/05 HortonObama-300x243.jpg
2012.09.09 10:27 B C:\MoralCompassDemo\MoralCompassWP\wp-content\uploads\2012\05\HortonObama-369x300.jpg --> juniper.arvixe.com /osber.net/wwwroot/MoralCompassWP/wp-content/uploads/2012/05 HortonObama-369x300.jpg
2012.09.09 10:27 B C:\MoralCompassDemo\MoralCompassWP\wp-content\uploads\2012\05\HortonObama-600x288.jpg --> juniper.arvixe.com /osber.net/wwwroot/MoralCompassWP/wp-content/uploads/2012/05 HortonObama-600x288.jpg
2012.09.09 10:27 B C:\MoralCompassDemo\MoralCompassWP\wp-content\uploads\2012\05\HortonObama.jpg --> juniper.arvixe.com /osber.net/wwwroot/MoralCompassWP/wp-content/uploads/2012/05 HortonObama.jpg
2012.09.09 10:27 B C:\MoralCompassDemo\MoralCompassWP\wp-content\uploads\2012\05\HortonObamaThumbnail.jpg --> juniper.arvixe.com /osber.net/wwwroot/MoralCompassWP/wp-content/uploads/2012/05 HortonObamaThumbnail.jpg
2012.09.09 10:27 B C:\MoralCompassDemo\MoralCompassWP\wp-content\uploads\2012\05\INTRO.jpg --> juniper.arvixe.com /osber.net/wwwroot/MoralCompassWP/wp-content/uploads/2012/05 INTRO.jpg
2012.09.09 10:27 B C:\MoralCompassDemo\MoralCompassWP\wp-content\uploads\2012\05\leftarrow.jpg --> juniper.arvixe.com /osber.net/wwwroot/MoralCompassWP/wp-content/uploads/2012/05 leftarrow.jpg
2012.09.09 10:27 B C:\MoralCompassDemo\MoralCompassWP\wp-content\uploads\2012\05\links.jpg --> juniper.arvixe.com /osber.net/wwwroot/MoralCompassWP/wp-content/uploads/2012/05 links.jpg
2012.09.09 10:27 B C:\MoralCompassDemo\MoralCompassWP\wp-content\uploads\2012\05\MoralCompass-150x150.jpg --> juniper.arvixe.com /osber.net/wwwroot/MoralCompassWP/wp-content/uploads/2012/05 MoralCompass-150x150.jpg
2012.09.09 10:27 B C:\MoralCompassDemo\MoralCompassWP\wp-content\uploads\2012\05\MoralCompass-300x238.jpg --> juniper.arvixe.com /osber.net/wwwroot/MoralCompassWP/wp-content/uploads/2012/05 MoralCompass-300x238.jpg
2012.09.09 10:27 B C:\MoralCompassDemo\MoralCompassWP\wp-content\uploads\2012\05\MoralCompass-377x300.jpg --> juniper.arvixe.com /osber.net/wwwroot/MoralCompassWP/wp-content/uploads/2012/05 MoralCompass-377x300.jpg
2012.09.09 10:27 B C:\MoralCompassDemo\MoralCompassWP\wp-content\uploads\2012\05\MoralCompass-904x288.jpg --> juniper.arvixe.com /osber.net/wwwroot/MoralCompassWP/wp-content/uploads/2012/05 MoralCompass-904x288.jpg
2012.09.09 10:27 B C:\MoralCompassDemo\MoralCompassWP\wp-content\uploads\2012\05\MoralCompass.jpg --> juniper.arvixe.com /osber.net/wwwroot/MoralCompassWP/wp-content/uploads/2012/05 MoralCompass.jpg
2012.09.09 10:27 B C:\MoralCompassDemo\MoralCompassWP\wp-content\uploads\2012\05\MoralCompassThumbnail.jpg --> juniper.arvixe.com /osber.net/wwwroot/MoralCompassWP/wp-content/uploads/2012/05 MoralCompassThumbnail.jpg
2012.09.09 10:27 B C:\MoralCompassDemo\MoralCompassWP\wp-content\uploads\2012\05\pagemarker.jpg --> juniper.arvixe.com /osber.net/wwwroot/MoralCompassWP/wp-content/uploads/2012/05 pagemarker.jpg
2012.09.09 10:27 B C:\MoralCompassDemo\MoralCompassWP\wp-content\uploads\2012\05\rightarrow.jpg --> juniper.arvixe.com /osber.net/wwwroot/MoralCompassWP/wp-content/uploads/2012/05 rightarrow.jpg
2012.09.09 10:27 B C:\MoralCompassDemo\MoralCompassWP\wp-content\uploads\2012\05\Scorecard.jpg --> juniper.arvixe.com /osber.net/wwwroot/MoralCompassWP/wp-content/uploads/2012/05 Scorecard.jpg
2012.09.09 10:27 B C:\MoralCompassDemo\MoralCompassWP\wp-content\uploads\2012\05\WillieHortonAd.jpg --> juniper.arvixe.com /osber.net/wwwroot/MoralCompassWP/wp-content/uploads/2012/05 WillieHortonAd.jpg
2012.09.09 10:27 B C:\MoralCompassDemo\MoralCompassWP\wp-content\uploads\2012\05\WillieHortonRevolvingDoor.jpg --> juniper.arvixe.com /osber.net/wwwroot/MoralCompassWP/wp-content/uploads/2012/05 WillieHortonRevolvingDoor.jpg
