2012.08.18 07:55 B C:\MoralCompassViv\wp-includes\js\jquery\ui\jquery.effects.blind.min.js <-- Viv Web Design /public_html/wp-includes/js/jquery/ui jquery.effects.blind.min.js
2012.08.18 07:55 B C:\MoralCompassViv\wp-includes\js\jquery\ui\jquery.effects.bounce.min.js <-- Viv Web Design /public_html/wp-includes/js/jquery/ui jquery.effects.bounce.min.js
2012.08.18 07:55 B C:\MoralCompassViv\wp-includes\js\jquery\ui\jquery.effects.clip.min.js <-- Viv Web Design /public_html/wp-includes/js/jquery/ui jquery.effects.clip.min.js
2012.08.18 07:55 B C:\MoralCompassViv\wp-includes\js\jquery\ui\jquery.effects.core.min.js <-- Viv Web Design /public_html/wp-includes/js/jquery/ui jquery.effects.core.min.js
2012.08.18 07:55 B C:\MoralCompassViv\wp-includes\js\jquery\ui\jquery.effects.drop.min.js <-- Viv Web Design /public_html/wp-includes/js/jquery/ui jquery.effects.drop.min.js
2012.08.18 07:55 B C:\MoralCompassViv\wp-includes\js\jquery\ui\jquery.effects.explode.min.js <-- Viv Web Design /public_html/wp-includes/js/jquery/ui jquery.effects.explode.min.js
2012.08.18 07:55 B C:\MoralCompassViv\wp-includes\js\jquery\ui\jquery.effects.fade.min.js <-- Viv Web Design /public_html/wp-includes/js/jquery/ui jquery.effects.fade.min.js
2012.08.18 07:55 B C:\MoralCompassViv\wp-includes\js\jquery\ui\jquery.effects.fold.min.js <-- Viv Web Design /public_html/wp-includes/js/jquery/ui jquery.effects.fold.min.js
2012.08.18 07:55 B C:\MoralCompassViv\wp-includes\js\jquery\ui\jquery.effects.highlight.min.js <-- Viv Web Design /public_html/wp-includes/js/jquery/ui jquery.effects.highlight.min.js
2012.08.18 07:55 B C:\MoralCompassViv\wp-includes\js\jquery\ui\jquery.effects.pulsate.min.js <-- Viv Web Design /public_html/wp-includes/js/jquery/ui jquery.effects.pulsate.min.js
2012.08.18 07:55 B C:\MoralCompassViv\wp-includes\js\jquery\ui\jquery.effects.scale.min.js <-- Viv Web Design /public_html/wp-includes/js/jquery/ui jquery.effects.scale.min.js
2012.08.18 07:55 B C:\MoralCompassViv\wp-includes\js\jquery\ui\jquery.effects.shake.min.js <-- Viv Web Design /public_html/wp-includes/js/jquery/ui jquery.effects.shake.min.js
2012.08.18 07:55 B C:\MoralCompassViv\wp-includes\js\jquery\ui\jquery.effects.slide.min.js <-- Viv Web Design /public_html/wp-includes/js/jquery/ui jquery.effects.slide.min.js
2012.08.18 07:55 B C:\MoralCompassViv\wp-includes\js\jquery\ui\jquery.effects.transfer.min.js <-- Viv Web Design /public_html/wp-includes/js/jquery/ui jquery.effects.transfer.min.js
2012.08.18 07:55 B C:\MoralCompassViv\wp-includes\js\jquery\ui\jquery.ui.accordion.min.js <-- Viv Web Design /public_html/wp-includes/js/jquery/ui jquery.ui.accordion.min.js
2012.08.18 07:55 B C:\MoralCompassViv\wp-includes\js\jquery\ui\jquery.ui.autocomplete.min.js <-- Viv Web Design /public_html/wp-includes/js/jquery/ui jquery.ui.autocomplete.min.js
2012.08.18 07:55 B C:\MoralCompassViv\wp-includes\js\jquery\ui\jquery.ui.button.min.js <-- Viv Web Design /public_html/wp-includes/js/jquery/ui jquery.ui.button.min.js
2012.08.18 07:55 B C:\MoralCompassViv\wp-includes\js\jquery\ui\jquery.ui.core.min.js <-- Viv Web Design /public_html/wp-includes/js/jquery/ui jquery.ui.core.min.js
2012.08.18 07:55 B C:\MoralCompassViv\wp-includes\js\jquery\ui\jquery.ui.datepicker.min.js <-- Viv Web Design /public_html/wp-includes/js/jquery/ui jquery.ui.datepicker.min.js
2012.08.18 07:55 B C:\MoralCompassViv\wp-includes\js\jquery\ui\jquery.ui.dialog.min.js <-- Viv Web Design /public_html/wp-includes/js/jquery/ui jquery.ui.dialog.min.js
2012.08.18 07:55 B C:\MoralCompassViv\wp-includes\js\jquery\ui\jquery.ui.draggable.min.js <-- Viv Web Design /public_html/wp-includes/js/jquery/ui jquery.ui.draggable.min.js
2012.08.18 07:55 B C:\MoralCompassViv\wp-includes\js\jquery\ui\jquery.ui.droppable.min.js <-- Viv Web Design /public_html/wp-includes/js/jquery/ui jquery.ui.droppable.min.js
2012.08.18 07:55 B C:\MoralCompassViv\wp-includes\js\jquery\ui\jquery.ui.mouse.min.js <-- Viv Web Design /public_html/wp-includes/js/jquery/ui jquery.ui.mouse.min.js
2012.08.18 07:55 B C:\MoralCompassViv\wp-includes\js\jquery\ui\jquery.ui.position.min.js <-- Viv Web Design /public_html/wp-includes/js/jquery/ui jquery.ui.position.min.js
2012.08.18 07:55 B C:\MoralCompassViv\wp-includes\js\jquery\ui\jquery.ui.progressbar.min.js <-- Viv Web Design /public_html/wp-includes/js/jquery/ui jquery.ui.progressbar.min.js
2012.08.18 07:55 B C:\MoralCompassViv\wp-includes\js\jquery\ui\jquery.ui.resizable.min.js <-- Viv Web Design /public_html/wp-includes/js/jquery/ui jquery.ui.resizable.min.js
2012.08.18 07:55 B C:\MoralCompassViv\wp-includes\js\jquery\ui\jquery.ui.selectable.min.js <-- Viv Web Design /public_html/wp-includes/js/jquery/ui jquery.ui.selectable.min.js
2012.08.18 07:55 B C:\MoralCompassViv\wp-includes\js\jquery\ui\jquery.ui.slider.min.js <-- Viv Web Design /public_html/wp-includes/js/jquery/ui jquery.ui.slider.min.js
2012.08.18 07:55 B C:\MoralCompassViv\wp-includes\js\jquery\ui\jquery.ui.sortable.min.js <-- Viv Web Design /public_html/wp-includes/js/jquery/ui jquery.ui.sortable.min.js
2012.08.18 07:55 B C:\MoralCompassViv\wp-includes\js\jquery\ui\jquery.ui.tabs.min.js <-- Viv Web Design /public_html/wp-includes/js/jquery/ui jquery.ui.tabs.min.js
2012.08.18 07:55 B C:\MoralCompassViv\wp-includes\js\jquery\ui\jquery.ui.widget.min.js <-- Viv Web Design /public_html/wp-includes/js/jquery/ui jquery.ui.widget.min.js
