2011.01.23 12:06 B C:\MoralCompassWebSite\images\DaisyGirl.jpg --> juniper.arvixe.com /osber.net/wwwroot/MoralCompass/images DaisyGirl.jpg
2011.01.23 12:06 B C:\MoralCompassWebSite\images\MoralCompass.JPG --> juniper.arvixe.com /osber.net/wwwroot/MoralCompass/images MoralCompass.JPG
2011.01.23 12:06 B C:\MoralCompassWebSite\images\WillieHortonAd.jpg --> juniper.arvixe.com /osber.net/wwwroot/MoralCompass/images WillieHortonAd.jpg
2011.01.23 12:06 B C:\MoralCompassWebSite\images\WillieHortonRevolvingDoor.jpg --> juniper.arvixe.com /osber.net/wwwroot/MoralCompass/images WillieHortonRevolvingDoor.jpg
2011.05.05 23:23 B C:\MoralCompassWebSite\images\DaisyGirl.jpg --> juniper.arvixe.com /osber.net/wwwroot/MoralCompass/images DaisyGirl.jpg
2011.05.05 23:23 B C:\MoralCompassWebSite\images\WillieHortonAd.jpg --> juniper.arvixe.com /osber.net/wwwroot/MoralCompass/images WillieHortonAd.jpg
2011.05.05 23:23 B C:\MoralCompassWebSite\images\WillieHortonRevolvingDoor.jpg --> juniper.arvixe.com /osber.net/wwwroot/MoralCompass/images WillieHortonRevolvingDoor.jpg
2011.05.05 23:23 B C:\MoralCompassWebSite\images\WS_FTP.LOG --> juniper.arvixe.com /osber.net/wwwroot/MoralCompass/images WS_FTP.LOG
2012.02.26 12:56 B C:\MoralCompassWebSite\images\arrowblank.jpg --> juniper.arvixe.com /osber.net/wwwroot/MoralCompass/images arrowblank.jpg
2012.02.26 12:56 B C:\MoralCompassWebSite\images\atwater.jpg --> juniper.arvixe.com /osber.net/wwwroot/MoralCompass/images atwater.jpg
2012.02.26 12:56 B C:\MoralCompassWebSite\images\Herblock-Communists-Thumbnail.jpg --> juniper.arvixe.com /osber.net/wwwroot/MoralCompass/images Herblock-Communists-Thumbnail.jpg
2012.02.26 12:56 B C:\MoralCompassWebSite\images\Herblock-Communists.jpg --> juniper.arvixe.com /osber.net/wwwroot/MoralCompass/images Herblock-Communists.jpg
2012.02.26 12:56 B C:\MoralCompassWebSite\images\HollywoodBlacklist.jpg --> juniper.arvixe.com /osber.net/wwwroot/MoralCompass/images HollywoodBlacklist.jpg
2012.02.26 12:56 B C:\MoralCompassWebSite\images\HortonObama.jpg --> juniper.arvixe.com /osber.net/wwwroot/MoralCompass/images HortonObama.jpg
2012.02.26 12:56 B C:\MoralCompassWebSite\images\HortonObamaThumbnail.jpg --> juniper.arvixe.com /osber.net/wwwroot/MoralCompass/images HortonObamaThumbnail.jpg
2012.02.26 12:56 B C:\MoralCompassWebSite\images\INTRO.jpg --> juniper.arvixe.com /osber.net/wwwroot/MoralCompass/images INTRO.jpg
2012.02.26 12:56 B C:\MoralCompassWebSite\images\leftarrow.jpg --> juniper.arvixe.com /osber.net/wwwroot/MoralCompass/images leftarrow.jpg
2012.02.26 12:56 B C:\MoralCompassWebSite\images\links.jpg --> juniper.arvixe.com /osber.net/wwwroot/MoralCompass/images links.jpg
2012.02.26 12:56 B C:\MoralCompassWebSite\images\MoralCompassThumbnail.jpg --> juniper.arvixe.com /osber.net/wwwroot/MoralCompass/images MoralCompassThumbnail.jpg
2012.02.26 12:56 B C:\MoralCompassWebSite\images\pagemarker.jpg --> juniper.arvixe.com /osber.net/wwwroot/MoralCompass/images pagemarker.jpg
2012.02.26 12:56 B C:\MoralCompassWebSite\images\rightarrow.jpg --> juniper.arvixe.com /osber.net/wwwroot/MoralCompass/images rightarrow.jpg
2012.02.26 12:56 B C:\MoralCompassWebSite\images\Scorecard.jpg --> juniper.arvixe.com /osber.net/wwwroot/MoralCompass/images Scorecard.jpg
112.07.05 16:38 B C:\MoralCompass\images\arrowblank.jpg --> juniper.arvixe.com /osber.net/wwwroot/MoralCompass/images arrowblank.jpg
112.07.05 16:38 B C:\MoralCompass\images\INTRO.jpg --> juniper.arvixe.com /osber.net/wwwroot/MoralCompass/images INTRO.jpg
112.07.05 16:38 B C:\MoralCompass\images\leftarrow.jpg --> juniper.arvixe.com /osber.net/wwwroot/MoralCompass/images leftarrow.jpg
112.07.05 16:38 B C:\MoralCompass\images\links.jpg --> juniper.arvixe.com /osber.net/wwwroot/MoralCompass/images links.jpg
112.07.05 16:38 B C:\MoralCompass\images\MoralCompass.JPG --> juniper.arvixe.com /osber.net/wwwroot/MoralCompass/images MoralCompass.JPG
112.07.05 16:39 B C:\MoralCompass\images\MoralCompassThumbnail.jpg --> juniper.arvixe.com /osber.net/wwwroot/MoralCompass/images MoralCompassThumbnail.jpg
112.07.05 16:39 B C:\MoralCompass\images\pagemarker.jpg --> juniper.arvixe.com /osber.net/wwwroot/MoralCompass/images pagemarker.jpg
112.07.05 16:39 B C:\MoralCompass\images\rightarrow.jpg --> juniper.arvixe.com /osber.net/wwwroot/MoralCompass/images rightarrow.jpg
112.07.05 16:39 B C:\MoralCompass\images\Scorecard.jpg --> juniper.arvixe.com /osber.net/wwwroot/MoralCompass/images Scorecard.jpg
112.07.05 16:39 B C:\MoralCompass\images\Thumbs.db --> juniper.arvixe.com /osber.net/wwwroot/MoralCompass/images Thumbs.db
112.07.05 16:39 B C:\MoralCompass\images\WS_FTP.LOG --> juniper.arvixe.com /osber.net/wwwroot/MoralCompass/images WS_FTP.LOG
2012.08.16 20:16 B C:\MoralCompassWebSite\images\Thumbs.db --> juniper.arvixe.com /osber.net/wwwroot/MoralCompass/images Thumbs.db
2012.08.16 20:16 B C:\MoralCompassWebSite\images\WS_FTP.LOG --> juniper.arvixe.com /osber.net/wwwroot/MoralCompass/images WS_FTP.LOG
