2012.08.18 07:54 B C:\MoralCompassViv\wp-content\themes\compass\404.php <-- Viv Web Design /public_html/wp-content/themes/compass 404.php
2012.08.18 07:54 B C:\MoralCompassViv\wp-content\themes\compass\comments.php <-- Viv Web Design /public_html/wp-content/themes/compass comments.php
2012.08.18 07:54 B C:\MoralCompassViv\wp-content\themes\compass\footer.php <-- Viv Web Design /public_html/wp-content/themes/compass footer.php
2012.08.18 07:54 B C:\MoralCompassViv\wp-content\themes\compass\front-page.php <-- Viv Web Design /public_html/wp-content/themes/compass front-page.php
2012.08.18 07:54 B C:\MoralCompassViv\wp-content\themes\compass\functions.php <-- Viv Web Design /public_html/wp-content/themes/compass functions.php
2012.08.18 07:54 B C:\MoralCompassViv\wp-content\themes\compass\header.php <-- Viv Web Design /public_html/wp-content/themes/compass header.php
2012.08.18 07:54 B C:\MoralCompassViv\wp-content\themes\compass\index.php <-- Viv Web Design /public_html/wp-content/themes/compass index.php
2012.08.18 07:54 B C:\MoralCompassViv\wp-content\themes\compass\page.php <-- Viv Web Design /public_html/wp-content/themes/compass page.php
2012.08.18 07:54 B C:\MoralCompassViv\wp-content\themes\compass\screenshot.png <-- Viv Web Design /public_html/wp-content/themes/compass screenshot.png
2012.08.18 07:54 B C:\MoralCompassViv\wp-content\themes\compass\sidebar-article.php <-- Viv Web Design /public_html/wp-content/themes/compass sidebar-article.php
2012.08.18 07:54 B C:\MoralCompassViv\wp-content\themes\compass\sidebar.php <-- Viv Web Design /public_html/wp-content/themes/compass sidebar.php
2012.08.18 07:54 B C:\MoralCompassViv\wp-content\themes\compass\single.php <-- Viv Web Design /public_html/wp-content/themes/compass single.php
2012.08.18 07:54 B C:\MoralCompassViv\wp-content\themes\compass\style.css <-- Viv Web Design /public_html/wp-content/themes/compass style.css
2012.09.09 10:18 B C:\MoralCompassDemo\MoralCompassWP\wp-content\themes\compass\404.php --> juniper.arvixe.com /osber.net/wwwroot/MoralCompassWP/wp-content/themes/compass 404.php
2012.09.09 10:18 B C:\MoralCompassDemo\MoralCompassWP\wp-content\themes\compass\comments.php --> juniper.arvixe.com /osber.net/wwwroot/MoralCompassWP/wp-content/themes/compass comments.php
2012.09.09 10:18 B C:\MoralCompassDemo\MoralCompassWP\wp-content\themes\compass\footer.php --> juniper.arvixe.com /osber.net/wwwroot/MoralCompassWP/wp-content/themes/compass footer.php
2012.09.09 10:18 B C:\MoralCompassDemo\MoralCompassWP\wp-content\themes\compass\front-page.php --> juniper.arvixe.com /osber.net/wwwroot/MoralCompassWP/wp-content/themes/compass front-page.php
2012.09.09 10:18 B C:\MoralCompassDemo\MoralCompassWP\wp-content\themes\compass\functions.php --> juniper.arvixe.com /osber.net/wwwroot/MoralCompassWP/wp-content/themes/compass functions.php
2012.09.09 10:18 B C:\MoralCompassDemo\MoralCompassWP\wp-content\themes\compass\header.php --> juniper.arvixe.com /osber.net/wwwroot/MoralCompassWP/wp-content/themes/compass header.php
2012.09.09 10:18 B C:\MoralCompassDemo\MoralCompassWP\wp-content\themes\compass\index.php --> juniper.arvixe.com /osber.net/wwwroot/MoralCompassWP/wp-content/themes/compass index.php
2012.09.09 10:18 B C:\MoralCompassDemo\MoralCompassWP\wp-content\themes\compass\page.php --> juniper.arvixe.com /osber.net/wwwroot/MoralCompassWP/wp-content/themes/compass page.php
2012.09.09 10:18 B C:\MoralCompassDemo\MoralCompassWP\wp-content\themes\compass\screenshot.png --> juniper.arvixe.com /osber.net/wwwroot/MoralCompassWP/wp-content/themes/compass screenshot.png
2012.09.09 10:18 B C:\MoralCompassDemo\MoralCompassWP\wp-content\themes\compass\sidebar-article.php --> juniper.arvixe.com /osber.net/wwwroot/MoralCompassWP/wp-content/themes/compass sidebar-article.php
2012.09.09 10:18 B C:\MoralCompassDemo\MoralCompassWP\wp-content\themes\compass\sidebar.php --> juniper.arvixe.com /osber.net/wwwroot/MoralCompassWP/wp-content/themes/compass sidebar.php
2012.09.09 10:18 B C:\MoralCompassDemo\MoralCompassWP\wp-content\themes\compass\single.php --> juniper.arvixe.com /osber.net/wwwroot/MoralCompassWP/wp-content/themes/compass single.php
2012.09.09 10:18 B C:\MoralCompassDemo\MoralCompassWP\wp-content\themes\compass\style-compressed.css --> juniper.arvixe.com /osber.net/wwwroot/MoralCompassWP/wp-content/themes/compass style-compressed.css
2012.09.09 10:18 B C:\MoralCompassDemo\MoralCompassWP\wp-content\themes\compass\style.css --> juniper.arvixe.com /osber.net/wwwroot/MoralCompassWP/wp-content/themes/compass style.css
2012.09.09 10:18 B C:\MoralCompassDemo\MoralCompassWP\wp-content\themes\compass\WS_FTP.LOG --> juniper.arvixe.com /osber.net/wwwroot/MoralCompassWP/wp-content/themes/compass WS_FTP.LOG
2012.09.09 15:15 B C:\MoralCompassDemo\MoralCompassWP\wp-content\themes\compass\single.php --> juniper.arvixe.com /osber.net/wwwroot/MoralCompassWP/wp-content/themes/compass single.php
2012.09.09 15:37 B C:\MoralCompassDemo\MoralCompassWP\wp-content\themes\compass\single.php --> juniper.arvixe.com /osber.net/wwwroot/MoralCompassWP/wp-content/themes/compass single.php
2012.09.09 15:40 B C:\MoralCompassDemo\MoralCompassWP\wp-content\themes\compass\single.php --> juniper.arvixe.com /osber.net/wwwroot/MoralCompassWP/wp-content/themes/compass single.php
2012.09.09 15:53 B C:\MoralCompassDemo\MoralCompassWP\wp-content\themes\compass\single.php --> juniper.arvixe.com /osber.net/wwwroot/MoralCompassWP/wp-content/themes/compass single.php
2012.09.09 15:58 B C:\MoralCompassDemo\MoralCompassWP\wp-content\themes\compass\single.php --> juniper.arvixe.com /osber.net/wwwroot/MoralCompassWP/wp-content/themes/compass single.php
2012.09.09 16:00 B C:\MoralCompassDemo\MoralCompassWP\wp-content\themes\compass\single.php --> juniper.arvixe.com /osber.net/wwwroot/MoralCompassWP/wp-content/themes/compass single.php
2012.09.09 16:01 B C:\MoralCompassDemo\MoralCompassWP\wp-content\themes\compass\single.php --> juniper.arvixe.com /osber.net/wwwroot/MoralCompassWP/wp-content/themes/compass single.php
2012.09.09 16:02 B C:\MoralCompassDemo\MoralCompassWP\wp-content\themes\compass\single.php --> juniper.arvixe.com /osber.net/wwwroot/MoralCompassWP/wp-content/themes/compass single.php
2012.09.16 10:52 B C:\MoralCompassDemo\MoralCompassWP\wp-content\themes\compass\single.php --> juniper.arvixe.com /osber.net/wwwroot/MoralCompassWP/wp-content/themes/compass single.php
2012.09.16 10:52 B C:\MoralCompassDemo\MoralCompassWP\wp-content\themes\compass\style.css --> juniper.arvixe.com /osber.net/wwwroot/MoralCompassWP/wp-content/themes/compass style.css
2012.09.16 10:53 B C:\MoralCompassDemo\MoralCompassWP\wp-content\themes\compass\single.php --> juniper.arvixe.com /osber.net/wwwroot/MoralCompassWP/wp-content/themes/compass single.php
2012.09.16 11:05 B C:\MoralCompassDemo\MoralCompassWP\wp-content\themes\compass\single.php --> juniper.arvixe.com /osber.net/wwwroot/MoralCompassWP/wp-content/themes/compass single.php
2012.09.16 11:09 B C:\MoralCompassDemo\MoralCompassWP\wp-content\themes\compass\sidebar-article.php --> juniper.arvixe.com /osber.net/wwwroot/MoralCompassWP/wp-content/themes/compass sidebar-article.php
2012.09.16 11:46 B C:\MoralCompassDemo\MoralCompassWP\wp-content\themes\compass\sidebar.php --> juniper.arvixe.com /osber.net/wwwroot/MoralCompassWP/wp-content/themes/compass sidebar.php
2012.09.18 07:49 B C:\MoralCompassDemo\MoralCompassWP\wp-content\themes\compass\front-page.php --> juniper.arvixe.com /osber.net/wwwroot/MoralCompassWP/wp-content/themes/compass front-page.php
2012.09.25 21:15 B C:\MoralCompassDemo\MoralCompassWP\wp-content\themes\compass\style.css --> juniper.arvixe.com /osber.net/wwwroot/MoralCompassWP/wp-content/themes/compass style.css
2012.09.25 21:15 B C:\MoralCompassDemo\MoralCompassWP\wp-content\themes\compass\single.php --> juniper.arvixe.com /osber.net/wwwroot/MoralCompassWP/wp-content/themes/compass single.php
2012.09.25 21:15 B C:\MoralCompassDemo\MoralCompassWP\wp-content\themes\compass\front-page.php --> juniper.arvixe.com /osber.net/wwwroot/MoralCompassWP/wp-content/themes/compass front-page.php
2012.09.25 21:35 B C:\MoralCompassDemo\MoralCompassWP\wp-content\themes\compass\front-page.php --> juniper.arvixe.com /osber.net/wwwroot/MoralCompassWP/wp-content/themes/compass front-page.php
2012.09.25 21:48 B C:\MoralCompassDemo\MoralCompassWP\wp-content\themes\compass\front-page.php --> juniper.arvixe.com /osber.net/wwwroot/MoralCompassWP/wp-content/themes/compass front-page.php
2012.09.26 03:53 B C:\MoralCompassDemo\MoralCompassWP\wp-content\themes\compass\front-page.php --> juniper.arvixe.com /osber.net/wwwroot/MoralCompassWP/wp-content/themes/compass front-page.php
2012.09.26 03:56 B C:\MoralCompassDemo\MoralCompassWP\wp-content\themes\compass\front-page.php --> juniper.arvixe.com /osber.net/wwwroot/MoralCompassWP/wp-content/themes/compass front-page.php
2012.09.26 03:58 B C:\MoralCompassDemo\MoralCompassWP\wp-content\themes\compass\front-page.php --> juniper.arvixe.com /osber.net/wwwroot/MoralCompassWP/wp-content/themes/compass front-page.php
2012.09.26 04:01 B C:\MoralCompassDemo\MoralCompassWP\wp-content\themes\compass\front-page.php --> juniper.arvixe.com /osber.net/wwwroot/MoralCompassWP/wp-content/themes/compass front-page.php
2012.10.01 17:48 B c:\moralcompassdemo\MoralCompassWP\wp-content\themes\compass\404.php --> marten.arvixe.com /www/wp-content/themes/compass 404.php
2012.10.01 17:48 B c:\moralcompassdemo\MoralCompassWP\wp-content\themes\compass\comments.php --> marten.arvixe.com /www/wp-content/themes/compass comments.php
2012.10.01 17:48 B c:\moralcompassdemo\MoralCompassWP\wp-content\themes\compass\footer.php --> marten.arvixe.com /www/wp-content/themes/compass footer.php
2012.10.01 17:48 B c:\moralcompassdemo\MoralCompassWP\wp-content\themes\compass\front-page.php --> marten.arvixe.com /www/wp-content/themes/compass front-page.php
2012.10.01 17:48 B c:\moralcompassdemo\MoralCompassWP\wp-content\themes\compass\functions.php --> marten.arvixe.com /www/wp-content/themes/compass functions.php
2012.10.01 17:48 B c:\moralcompassdemo\MoralCompassWP\wp-content\themes\compass\header.php --> marten.arvixe.com /www/wp-content/themes/compass header.php
2012.10.01 17:48 B c:\moralcompassdemo\MoralCompassWP\wp-content\themes\compass\index.php --> marten.arvixe.com /www/wp-content/themes/compass index.php
2012.10.01 17:48 B c:\moralcompassdemo\MoralCompassWP\wp-content\themes\compass\page.php --> marten.arvixe.com /www/wp-content/themes/compass page.php
2012.10.01 17:48 B c:\moralcompassdemo\MoralCompassWP\wp-content\themes\compass\screenshot.png --> marten.arvixe.com /www/wp-content/themes/compass screenshot.png
2012.10.01 17:48 B c:\moralcompassdemo\MoralCompassWP\wp-content\themes\compass\sidebar-article.php --> marten.arvixe.com /www/wp-content/themes/compass sidebar-article.php
2012.10.01 17:48 B c:\moralcompassdemo\MoralCompassWP\wp-content\themes\compass\sidebar.php --> marten.arvixe.com /www/wp-content/themes/compass sidebar.php
2012.10.01 17:48 B c:\moralcompassdemo\MoralCompassWP\wp-content\themes\compass\single.php --> marten.arvixe.com /www/wp-content/themes/compass single.php
2012.10.01 17:48 B c:\moralcompassdemo\MoralCompassWP\wp-content\themes\compass\style-uncompressed-original.css --> marten.arvixe.com /www/wp-content/themes/compass style-uncompressed-original.css
2012.10.01 17:48 B c:\moralcompassdemo\MoralCompassWP\wp-content\themes\compass\style-uncompressed.css --> marten.arvixe.com /www/wp-content/themes/compass style-uncompressed.css
2012.10.01 17:48 B c:\moralcompassdemo\MoralCompassWP\wp-content\themes\compass\style.css --> marten.arvixe.com /www/wp-content/themes/compass style.css
2012.10.01 17:48 B c:\moralcompassdemo\MoralCompassWP\wp-content\themes\compass\WS_FTP.LOG --> marten.arvixe.com /www/wp-content/themes/compass WS_FTP.LOG
