2012.08.18 07:53 B C:\MoralCompassViv\wp-content\plugins\contact-form-7\modules\acceptance.php <-- Viv Web Design /public_html/wp-content/plugins/contact-form-7/modules acceptance.php
2012.08.18 07:53 B C:\MoralCompassViv\wp-content\plugins\contact-form-7\modules\akismet.php <-- Viv Web Design /public_html/wp-content/plugins/contact-form-7/modules akismet.php
2012.08.18 07:53 B C:\MoralCompassViv\wp-content\plugins\contact-form-7\modules\captcha.php <-- Viv Web Design /public_html/wp-content/plugins/contact-form-7/modules captcha.php
2012.08.18 07:53 B C:\MoralCompassViv\wp-content\plugins\contact-form-7\modules\checkbox.php <-- Viv Web Design /public_html/wp-content/plugins/contact-form-7/modules checkbox.php
2012.08.18 07:53 B C:\MoralCompassViv\wp-content\plugins\contact-form-7\modules\file.php <-- Viv Web Design /public_html/wp-content/plugins/contact-form-7/modules file.php
2012.08.18 07:53 B C:\MoralCompassViv\wp-content\plugins\contact-form-7\modules\flamingo.php <-- Viv Web Design /public_html/wp-content/plugins/contact-form-7/modules flamingo.php
2012.08.18 07:53 B C:\MoralCompassViv\wp-content\plugins\contact-form-7\modules\jetpack.php <-- Viv Web Design /public_html/wp-content/plugins/contact-form-7/modules jetpack.php
2012.08.18 07:53 B C:\MoralCompassViv\wp-content\plugins\contact-form-7\modules\quiz.php <-- Viv Web Design /public_html/wp-content/plugins/contact-form-7/modules quiz.php
2012.08.18 07:53 B C:\MoralCompassViv\wp-content\plugins\contact-form-7\modules\response.php <-- Viv Web Design /public_html/wp-content/plugins/contact-form-7/modules response.php
2012.08.18 07:53 B C:\MoralCompassViv\wp-content\plugins\contact-form-7\modules\select.php <-- Viv Web Design /public_html/wp-content/plugins/contact-form-7/modules select.php
2012.08.18 07:53 B C:\MoralCompassViv\wp-content\plugins\contact-form-7\modules\special-mail-tags.php <-- Viv Web Design /public_html/wp-content/plugins/contact-form-7/modules special-mail-tags.php
2012.08.18 07:53 B C:\MoralCompassViv\wp-content\plugins\contact-form-7\modules\submit.php <-- Viv Web Design /public_html/wp-content/plugins/contact-form-7/modules submit.php
2012.08.18 07:53 B C:\MoralCompassViv\wp-content\plugins\contact-form-7\modules\text.php <-- Viv Web Design /public_html/wp-content/plugins/contact-form-7/modules text.php
2012.08.18 07:53 B C:\MoralCompassViv\wp-content\plugins\contact-form-7\modules\textarea.php <-- Viv Web Design /public_html/wp-content/plugins/contact-form-7/modules textarea.php
2012.09.09 10:15 B C:\MoralCompassDemo\MoralCompassWP\wp-content\plugins\contact-form-7\modules\acceptance.php --> juniper.arvixe.com /osber.net/wwwroot/MoralCompassWP/wp-content/plugins/contact-form-7/modules acceptance.php
2012.09.09 10:15 B C:\MoralCompassDemo\MoralCompassWP\wp-content\plugins\contact-form-7\modules\akismet.php --> juniper.arvixe.com /osber.net/wwwroot/MoralCompassWP/wp-content/plugins/contact-form-7/modules akismet.php
2012.09.09 10:15 B C:\MoralCompassDemo\MoralCompassWP\wp-content\plugins\contact-form-7\modules\captcha.php --> juniper.arvixe.com /osber.net/wwwroot/MoralCompassWP/wp-content/plugins/contact-form-7/modules captcha.php
2012.09.09 10:15 B C:\MoralCompassDemo\MoralCompassWP\wp-content\plugins\contact-form-7\modules\checkbox.php --> juniper.arvixe.com /osber.net/wwwroot/MoralCompassWP/wp-content/plugins/contact-form-7/modules checkbox.php
2012.09.09 10:15 B C:\MoralCompassDemo\MoralCompassWP\wp-content\plugins\contact-form-7\modules\file.php --> juniper.arvixe.com /osber.net/wwwroot/MoralCompassWP/wp-content/plugins/contact-form-7/modules file.php
2012.09.09 10:15 B C:\MoralCompassDemo\MoralCompassWP\wp-content\plugins\contact-form-7\modules\flamingo.php --> juniper.arvixe.com /osber.net/wwwroot/MoralCompassWP/wp-content/plugins/contact-form-7/modules flamingo.php
2012.09.09 10:15 B C:\MoralCompassDemo\MoralCompassWP\wp-content\plugins\contact-form-7\modules\jetpack.php --> juniper.arvixe.com /osber.net/wwwroot/MoralCompassWP/wp-content/plugins/contact-form-7/modules jetpack.php
2012.09.09 10:15 B C:\MoralCompassDemo\MoralCompassWP\wp-content\plugins\contact-form-7\modules\quiz.php --> juniper.arvixe.com /osber.net/wwwroot/MoralCompassWP/wp-content/plugins/contact-form-7/modules quiz.php
2012.09.09 10:15 B C:\MoralCompassDemo\MoralCompassWP\wp-content\plugins\contact-form-7\modules\response.php --> juniper.arvixe.com /osber.net/wwwroot/MoralCompassWP/wp-content/plugins/contact-form-7/modules response.php
2012.09.09 10:15 B C:\MoralCompassDemo\MoralCompassWP\wp-content\plugins\contact-form-7\modules\select.php --> juniper.arvixe.com /osber.net/wwwroot/MoralCompassWP/wp-content/plugins/contact-form-7/modules select.php
2012.09.09 10:15 B C:\MoralCompassDemo\MoralCompassWP\wp-content\plugins\contact-form-7\modules\special-mail-tags.php --> juniper.arvixe.com /osber.net/wwwroot/MoralCompassWP/wp-content/plugins/contact-form-7/modules special-mail-tags.php
2012.09.09 10:15 B C:\MoralCompassDemo\MoralCompassWP\wp-content\plugins\contact-form-7\modules\submit.php --> juniper.arvixe.com /osber.net/wwwroot/MoralCompassWP/wp-content/plugins/contact-form-7/modules submit.php
2012.09.09 10:15 B C:\MoralCompassDemo\MoralCompassWP\wp-content\plugins\contact-form-7\modules\text.php --> juniper.arvixe.com /osber.net/wwwroot/MoralCompassWP/wp-content/plugins/contact-form-7/modules text.php
2012.09.09 10:15 B C:\MoralCompassDemo\MoralCompassWP\wp-content\plugins\contact-form-7\modules\textarea.php --> juniper.arvixe.com /osber.net/wwwroot/MoralCompassWP/wp-content/plugins/contact-form-7/modules textarea.php
2012.09.09 10:15 B C:\MoralCompassDemo\MoralCompassWP\wp-content\plugins\contact-form-7\modules\WS_FTP.LOG --> juniper.arvixe.com /osber.net/wwwroot/MoralCompassWP/wp-content/plugins/contact-form-7/modules WS_FTP.LOG
