2012.09.09 10:31 B C:\MoralCompassDemo\MoralCompassWP\wp-includes\js\admin-bar.dev.js --> juniper.arvixe.com /osber.net/wwwroot/MoralCompassWP/wp-includes/js admin-bar.dev.js
2012.09.09 10:31 B C:\MoralCompassDemo\MoralCompassWP\wp-includes\js\admin-bar.js --> juniper.arvixe.com /osber.net/wwwroot/MoralCompassWP/wp-includes/js admin-bar.js
2012.09.09 10:31 B C:\MoralCompassDemo\MoralCompassWP\wp-includes\js\autosave.dev.js --> juniper.arvixe.com /osber.net/wwwroot/MoralCompassWP/wp-includes/js autosave.dev.js
2012.09.09 10:31 B C:\MoralCompassDemo\MoralCompassWP\wp-includes\js\autosave.js --> juniper.arvixe.com /osber.net/wwwroot/MoralCompassWP/wp-includes/js autosave.js
2012.09.09 10:31 B C:\MoralCompassDemo\MoralCompassWP\wp-includes\js\colorpicker.dev.js --> juniper.arvixe.com /osber.net/wwwroot/MoralCompassWP/wp-includes/js colorpicker.dev.js
2012.09.09 10:31 B C:\MoralCompassDemo\MoralCompassWP\wp-includes\js\colorpicker.js --> juniper.arvixe.com /osber.net/wwwroot/MoralCompassWP/wp-includes/js colorpicker.js
2012.09.09 10:31 B C:\MoralCompassDemo\MoralCompassWP\wp-includes\js\comment-reply.dev.js --> juniper.arvixe.com /osber.net/wwwroot/MoralCompassWP/wp-includes/js comment-reply.dev.js
2012.09.09 10:31 B C:\MoralCompassDemo\MoralCompassWP\wp-includes\js\comment-reply.js --> juniper.arvixe.com /osber.net/wwwroot/MoralCompassWP/wp-includes/js comment-reply.js
2012.09.09 10:31 B C:\MoralCompassDemo\MoralCompassWP\wp-includes\js\hoverIntent.dev.js --> juniper.arvixe.com /osber.net/wwwroot/MoralCompassWP/wp-includes/js hoverIntent.dev.js
2012.09.09 10:31 B C:\MoralCompassDemo\MoralCompassWP\wp-includes\js\hoverIntent.js --> juniper.arvixe.com /osber.net/wwwroot/MoralCompassWP/wp-includes/js hoverIntent.js
2012.09.09 10:31 B C:\MoralCompassDemo\MoralCompassWP\wp-includes\js\json2.dev.js --> juniper.arvixe.com /osber.net/wwwroot/MoralCompassWP/wp-includes/js json2.dev.js
2012.09.09 10:31 B C:\MoralCompassDemo\MoralCompassWP\wp-includes\js\json2.js --> juniper.arvixe.com /osber.net/wwwroot/MoralCompassWP/wp-includes/js json2.js
2012.09.09 10:31 B C:\MoralCompassDemo\MoralCompassWP\wp-includes\js\prototype.js --> juniper.arvixe.com /osber.net/wwwroot/MoralCompassWP/wp-includes/js prototype.js
2012.09.09 10:31 B C:\MoralCompassDemo\MoralCompassWP\wp-includes\js\quicktags.dev.js --> juniper.arvixe.com /osber.net/wwwroot/MoralCompassWP/wp-includes/js quicktags.dev.js
2012.09.09 10:31 B C:\MoralCompassDemo\MoralCompassWP\wp-includes\js\quicktags.js --> juniper.arvixe.com /osber.net/wwwroot/MoralCompassWP/wp-includes/js quicktags.js
2012.09.09 10:31 B C:\MoralCompassDemo\MoralCompassWP\wp-includes\js\swfobject.js --> juniper.arvixe.com /osber.net/wwwroot/MoralCompassWP/wp-includes/js swfobject.js
2012.09.09 10:31 B C:\MoralCompassDemo\MoralCompassWP\wp-includes\js\tw-sack.dev.js --> juniper.arvixe.com /osber.net/wwwroot/MoralCompassWP/wp-includes/js tw-sack.dev.js
2012.09.09 10:31 B C:\MoralCompassDemo\MoralCompassWP\wp-includes\js\tw-sack.js --> juniper.arvixe.com /osber.net/wwwroot/MoralCompassWP/wp-includes/js tw-sack.js
2012.09.09 10:31 B C:\MoralCompassDemo\MoralCompassWP\wp-includes\js\wp-ajax-response.dev.js --> juniper.arvixe.com /osber.net/wwwroot/MoralCompassWP/wp-includes/js wp-ajax-response.dev.js
2012.09.09 10:31 B C:\MoralCompassDemo\MoralCompassWP\wp-includes\js\wp-ajax-response.js --> juniper.arvixe.com /osber.net/wwwroot/MoralCompassWP/wp-includes/js wp-ajax-response.js
2012.09.09 10:31 B C:\MoralCompassDemo\MoralCompassWP\wp-includes\js\wp-list-revisions.dev.js --> juniper.arvixe.com /osber.net/wwwroot/MoralCompassWP/wp-includes/js wp-list-revisions.dev.js
2012.09.09 10:31 B C:\MoralCompassDemo\MoralCompassWP\wp-includes\js\wp-list-revisions.js --> juniper.arvixe.com /osber.net/wwwroot/MoralCompassWP/wp-includes/js wp-list-revisions.js
2012.09.09 10:31 B C:\MoralCompassDemo\MoralCompassWP\wp-includes\js\wp-lists.dev.js --> juniper.arvixe.com /osber.net/wwwroot/MoralCompassWP/wp-includes/js wp-lists.dev.js
2012.09.09 10:31 B C:\MoralCompassDemo\MoralCompassWP\wp-includes\js\wp-lists.js --> juniper.arvixe.com /osber.net/wwwroot/MoralCompassWP/wp-includes/js wp-lists.js
2012.09.09 10:31 B C:\MoralCompassDemo\MoralCompassWP\wp-includes\js\wp-pointer.dev.js --> juniper.arvixe.com /osber.net/wwwroot/MoralCompassWP/wp-includes/js wp-pointer.dev.js
2012.09.09 10:31 B C:\MoralCompassDemo\MoralCompassWP\wp-includes\js\wp-pointer.js --> juniper.arvixe.com /osber.net/wwwroot/MoralCompassWP/wp-includes/js wp-pointer.js
2012.09.09 10:31 B C:\MoralCompassDemo\MoralCompassWP\wp-includes\js\wplink.dev.js --> juniper.arvixe.com /osber.net/wwwroot/MoralCompassWP/wp-includes/js wplink.dev.js
2012.09.09 10:31 B C:\MoralCompassDemo\MoralCompassWP\wp-includes\js\wplink.js --> juniper.arvixe.com /osber.net/wwwroot/MoralCompassWP/wp-includes/js wplink.js
