2012.10.01 09:02 B C:\MoralCompassDemo\WordpressVanilla\wp-admin\css\colors-classic.css --> marten.arvixe.com /www/wp-admin/css colors-classic.css
2012.10.01 09:02 B C:\MoralCompassDemo\WordpressVanilla\wp-admin\css\colors-classic.dev.css --> marten.arvixe.com /www/wp-admin/css colors-classic.dev.css
2012.10.01 09:02 B C:\MoralCompassDemo\WordpressVanilla\wp-admin\css\colors-fresh.css --> marten.arvixe.com /www/wp-admin/css colors-fresh.css
2012.10.01 09:02 B C:\MoralCompassDemo\WordpressVanilla\wp-admin\css\colors-fresh.dev.css --> marten.arvixe.com /www/wp-admin/css colors-fresh.dev.css
2012.10.01 09:02 B C:\MoralCompassDemo\WordpressVanilla\wp-admin\css\customize-controls-rtl.css --> marten.arvixe.com /www/wp-admin/css customize-controls-rtl.css
2012.10.01 09:03 B C:\MoralCompassDemo\WordpressVanilla\wp-admin\css\customize-controls-rtl.dev.css --> marten.arvixe.com /www/wp-admin/css customize-controls-rtl.dev.css
2012.10.01 09:03 B C:\MoralCompassDemo\WordpressVanilla\wp-admin\css\customize-controls.css --> marten.arvixe.com /www/wp-admin/css customize-controls.css
2012.10.01 09:03 B C:\MoralCompassDemo\WordpressVanilla\wp-admin\css\customize-controls.dev.css --> marten.arvixe.com /www/wp-admin/css customize-controls.dev.css
2012.10.01 09:03 B C:\MoralCompassDemo\WordpressVanilla\wp-admin\css\farbtastic.css --> marten.arvixe.com /www/wp-admin/css farbtastic.css
2012.10.01 09:03 B C:\MoralCompassDemo\WordpressVanilla\wp-admin\css\ie-rtl.css --> marten.arvixe.com /www/wp-admin/css ie-rtl.css
2012.10.01 09:03 B C:\MoralCompassDemo\WordpressVanilla\wp-admin\css\ie-rtl.dev.css --> marten.arvixe.com /www/wp-admin/css ie-rtl.dev.css
2012.10.01 09:03 B C:\MoralCompassDemo\WordpressVanilla\wp-admin\css\ie.css --> marten.arvixe.com /www/wp-admin/css ie.css
2012.10.01 09:03 B C:\MoralCompassDemo\WordpressVanilla\wp-admin\css\ie.dev.css --> marten.arvixe.com /www/wp-admin/css ie.dev.css
2012.10.01 09:03 B C:\MoralCompassDemo\WordpressVanilla\wp-admin\css\install.css --> marten.arvixe.com /www/wp-admin/css install.css
2012.10.01 09:03 B C:\MoralCompassDemo\WordpressVanilla\wp-admin\css\install.dev.css --> marten.arvixe.com /www/wp-admin/css install.dev.css
2012.10.01 09:03 B C:\MoralCompassDemo\WordpressVanilla\wp-admin\css\media-rtl.css --> marten.arvixe.com /www/wp-admin/css media-rtl.css
2012.10.01 09:03 B C:\MoralCompassDemo\WordpressVanilla\wp-admin\css\media-rtl.dev.css --> marten.arvixe.com /www/wp-admin/css media-rtl.dev.css
2012.10.01 09:03 B C:\MoralCompassDemo\WordpressVanilla\wp-admin\css\media.css --> marten.arvixe.com /www/wp-admin/css media.css
2012.10.01 09:03 B C:\MoralCompassDemo\WordpressVanilla\wp-admin\css\media.dev.css --> marten.arvixe.com /www/wp-admin/css media.dev.css
2012.10.01 09:03 B C:\MoralCompassDemo\WordpressVanilla\wp-admin\css\wp-admin-rtl.css --> marten.arvixe.com /www/wp-admin/css wp-admin-rtl.css
2012.10.01 09:03 B C:\MoralCompassDemo\WordpressVanilla\wp-admin\css\wp-admin-rtl.dev.css --> marten.arvixe.com /www/wp-admin/css wp-admin-rtl.dev.css
2012.10.01 09:03 B C:\MoralCompassDemo\WordpressVanilla\wp-admin\css\wp-admin.css --> marten.arvixe.com /www/wp-admin/css wp-admin.css
2012.10.01 09:03 B C:\MoralCompassDemo\WordpressVanilla\wp-admin\css\wp-admin.dev.css --> marten.arvixe.com /www/wp-admin/css wp-admin.dev.css
