2012.08.18 07:52 B C:\MoralCompassViv\wp-admin\about.php <-- Viv Web Design /public_html/wp-admin about.php
2012.08.18 07:52 B C:\MoralCompassViv\wp-admin\admin-ajax.php <-- Viv Web Design /public_html/wp-admin admin-ajax.php
2012.08.18 07:52 B C:\MoralCompassViv\wp-admin\admin-footer.php <-- Viv Web Design /public_html/wp-admin admin-footer.php
2012.08.18 07:53 B C:\MoralCompassViv\wp-admin\admin-functions.php <-- Viv Web Design /public_html/wp-admin admin-functions.php
2012.08.18 07:53 B C:\MoralCompassViv\wp-admin\admin-header.php <-- Viv Web Design /public_html/wp-admin admin-header.php
2012.08.18 07:53 B C:\MoralCompassViv\wp-admin\admin-post.php <-- Viv Web Design /public_html/wp-admin admin-post.php
2012.08.18 07:53 B C:\MoralCompassViv\wp-admin\admin.php <-- Viv Web Design /public_html/wp-admin admin.php
2012.08.18 07:53 B C:\MoralCompassViv\wp-admin\async-upload.php <-- Viv Web Design /public_html/wp-admin async-upload.php
2012.08.18 07:53 B C:\MoralCompassViv\wp-admin\comment.php <-- Viv Web Design /public_html/wp-admin comment.php
2012.08.18 07:53 B C:\MoralCompassViv\wp-admin\credits.php <-- Viv Web Design /public_html/wp-admin credits.php
2012.08.18 07:53 B C:\MoralCompassViv\wp-admin\custom-background.php <-- Viv Web Design /public_html/wp-admin custom-background.php
2012.08.18 07:53 B C:\MoralCompassViv\wp-admin\custom-header.php <-- Viv Web Design /public_html/wp-admin custom-header.php
2012.08.18 07:53 B C:\MoralCompassViv\wp-admin\customize.php <-- Viv Web Design /public_html/wp-admin customize.php
2012.08.18 07:53 B C:\MoralCompassViv\wp-admin\edit-comments.php <-- Viv Web Design /public_html/wp-admin edit-comments.php
2012.08.18 07:53 B C:\MoralCompassViv\wp-admin\edit-form-advanced.php <-- Viv Web Design /public_html/wp-admin edit-form-advanced.php
2012.08.18 07:53 B C:\MoralCompassViv\wp-admin\edit-form-comment.php <-- Viv Web Design /public_html/wp-admin edit-form-comment.php
2012.08.18 07:53 B C:\MoralCompassViv\wp-admin\edit-link-form.php <-- Viv Web Design /public_html/wp-admin edit-link-form.php
2012.08.18 07:53 B C:\MoralCompassViv\wp-admin\edit-tag-form.php <-- Viv Web Design /public_html/wp-admin edit-tag-form.php
2012.08.18 07:53 B C:\MoralCompassViv\wp-admin\edit-tags.php <-- Viv Web Design /public_html/wp-admin edit-tags.php
2012.08.18 07:53 B C:\MoralCompassViv\wp-admin\edit.php <-- Viv Web Design /public_html/wp-admin edit.php
2012.08.18 07:53 B C:\MoralCompassViv\wp-admin\export.php <-- Viv Web Design /public_html/wp-admin export.php
2012.08.18 07:53 B C:\MoralCompassViv\wp-admin\freedoms.php <-- Viv Web Design /public_html/wp-admin freedoms.php
2012.08.18 07:53 B C:\MoralCompassViv\wp-admin\gears-manifest.php <-- Viv Web Design /public_html/wp-admin gears-manifest.php
2012.08.18 07:53 B C:\MoralCompassViv\wp-admin\import.php <-- Viv Web Design /public_html/wp-admin import.php
2012.08.18 07:53 B C:\MoralCompassViv\wp-admin\index.php <-- Viv Web Design /public_html/wp-admin index.php
2012.08.18 07:53 B C:\MoralCompassViv\wp-admin\install-helper.php <-- Viv Web Design /public_html/wp-admin install-helper.php
2012.08.18 07:53 B C:\MoralCompassViv\wp-admin\link-add.php <-- Viv Web Design /public_html/wp-admin link-add.php
2012.08.18 07:53 B C:\MoralCompassViv\wp-admin\link-manager.php <-- Viv Web Design /public_html/wp-admin link-manager.php
2012.08.18 07:53 B C:\MoralCompassViv\wp-admin\link-parse-opml.php <-- Viv Web Design /public_html/wp-admin link-parse-opml.php
2012.08.18 07:53 B C:\MoralCompassViv\wp-admin\link.php <-- Viv Web Design /public_html/wp-admin link.php
2012.08.18 07:53 B C:\MoralCompassViv\wp-admin\load-scripts.php <-- Viv Web Design /public_html/wp-admin load-scripts.php
2012.08.18 07:53 B C:\MoralCompassViv\wp-admin\load-styles.php <-- Viv Web Design /public_html/wp-admin load-styles.php
2012.08.18 07:53 B C:\MoralCompassViv\wp-admin\media-new.php <-- Viv Web Design /public_html/wp-admin media-new.php
2012.08.18 07:53 B C:\MoralCompassViv\wp-admin\media-upload.php <-- Viv Web Design /public_html/wp-admin media-upload.php
2012.08.18 07:53 B C:\MoralCompassViv\wp-admin\media.php <-- Viv Web Design /public_html/wp-admin media.php
2012.08.18 07:53 B C:\MoralCompassViv\wp-admin\menu-header.php <-- Viv Web Design /public_html/wp-admin menu-header.php
2012.08.18 07:53 B C:\MoralCompassViv\wp-admin\menu.php <-- Viv Web Design /public_html/wp-admin menu.php
2012.08.18 07:53 B C:\MoralCompassViv\wp-admin\moderation.php <-- Viv Web Design /public_html/wp-admin moderation.php
2012.08.18 07:53 B C:\MoralCompassViv\wp-admin\ms-admin.php <-- Viv Web Design /public_html/wp-admin ms-admin.php
2012.08.18 07:53 B C:\MoralCompassViv\wp-admin\ms-delete-site.php <-- Viv Web Design /public_html/wp-admin ms-delete-site.php
2012.08.18 07:53 B C:\MoralCompassViv\wp-admin\ms-edit.php <-- Viv Web Design /public_html/wp-admin ms-edit.php
2012.08.18 07:53 B C:\MoralCompassViv\wp-admin\ms-options.php <-- Viv Web Design /public_html/wp-admin ms-options.php
2012.08.18 07:53 B C:\MoralCompassViv\wp-admin\ms-sites.php <-- Viv Web Design /public_html/wp-admin ms-sites.php
2012.08.18 07:53 B C:\MoralCompassViv\wp-admin\ms-themes.php <-- Viv Web Design /public_html/wp-admin ms-themes.php
2012.08.18 07:53 B C:\MoralCompassViv\wp-admin\ms-upgrade-network.php <-- Viv Web Design /public_html/wp-admin ms-upgrade-network.php
2012.08.18 07:53 B C:\MoralCompassViv\wp-admin\ms-users.php <-- Viv Web Design /public_html/wp-admin ms-users.php
2012.08.18 07:53 B C:\MoralCompassViv\wp-admin\my-sites.php <-- Viv Web Design /public_html/wp-admin my-sites.php
2012.08.18 07:53 B C:\MoralCompassViv\wp-admin\nav-menus.php <-- Viv Web Design /public_html/wp-admin nav-menus.php
2012.08.18 07:53 B C:\MoralCompassViv\wp-admin\network.php <-- Viv Web Design /public_html/wp-admin network.php
2012.08.18 07:53 B C:\MoralCompassViv\wp-admin\options-discussion.php <-- Viv Web Design /public_html/wp-admin options-discussion.php
2012.08.18 07:53 B C:\MoralCompassViv\wp-admin\options-general.php <-- Viv Web Design /public_html/wp-admin options-general.php
2012.08.18 07:53 B C:\MoralCompassViv\wp-admin\options-head.php <-- Viv Web Design /public_html/wp-admin options-head.php
2012.08.18 07:53 B C:\MoralCompassViv\wp-admin\options-media.php <-- Viv Web Design /public_html/wp-admin options-media.php
2012.08.18 07:53 B C:\MoralCompassViv\wp-admin\options-permalink.php <-- Viv Web Design /public_html/wp-admin options-permalink.php
2012.08.18 07:53 B C:\MoralCompassViv\wp-admin\options-privacy.php <-- Viv Web Design /public_html/wp-admin options-privacy.php
2012.08.18 07:53 B C:\MoralCompassViv\wp-admin\options-reading.php <-- Viv Web Design /public_html/wp-admin options-reading.php
2012.08.18 07:53 B C:\MoralCompassViv\wp-admin\options-writing.php <-- Viv Web Design /public_html/wp-admin options-writing.php
2012.08.18 07:53 B C:\MoralCompassViv\wp-admin\options.php <-- Viv Web Design /public_html/wp-admin options.php
2012.08.18 07:53 B C:\MoralCompassViv\wp-admin\plugin-editor.php <-- Viv Web Design /public_html/wp-admin plugin-editor.php
2012.08.18 07:53 B C:\MoralCompassViv\wp-admin\plugin-install.php <-- Viv Web Design /public_html/wp-admin plugin-install.php
2012.08.18 07:53 B C:\MoralCompassViv\wp-admin\plugins.php <-- Viv Web Design /public_html/wp-admin plugins.php
2012.08.18 07:53 B C:\MoralCompassViv\wp-admin\post-new.php <-- Viv Web Design /public_html/wp-admin post-new.php
2012.08.18 07:53 B C:\MoralCompassViv\wp-admin\post.php <-- Viv Web Design /public_html/wp-admin post.php
2012.08.18 07:53 B C:\MoralCompassViv\wp-admin\press-this.php <-- Viv Web Design /public_html/wp-admin press-this.php
2012.08.18 07:53 B C:\MoralCompassViv\wp-admin\profile.php <-- Viv Web Design /public_html/wp-admin profile.php
2012.08.18 07:53 B C:\MoralCompassViv\wp-admin\revision.php <-- Viv Web Design /public_html/wp-admin revision.php
2012.08.18 07:53 B C:\MoralCompassViv\wp-admin\setup-config.php <-- Viv Web Design /public_html/wp-admin setup-config.php
2012.08.18 07:53 B C:\MoralCompassViv\wp-admin\theme-editor.php <-- Viv Web Design /public_html/wp-admin theme-editor.php
2012.08.18 07:53 B C:\MoralCompassViv\wp-admin\theme-install.php <-- Viv Web Design /public_html/wp-admin theme-install.php
2012.08.18 07:53 B C:\MoralCompassViv\wp-admin\themes.php <-- Viv Web Design /public_html/wp-admin themes.php
2012.08.18 07:53 B C:\MoralCompassViv\wp-admin\tools.php <-- Viv Web Design /public_html/wp-admin tools.php
2012.08.18 07:53 B C:\MoralCompassViv\wp-admin\update-core.php <-- Viv Web Design /public_html/wp-admin update-core.php
2012.08.18 07:53 B C:\MoralCompassViv\wp-admin\update.php <-- Viv Web Design /public_html/wp-admin update.php
2012.08.18 07:53 B C:\MoralCompassViv\wp-admin\upgrade-functions.php <-- Viv Web Design /public_html/wp-admin upgrade-functions.php
2012.08.18 07:53 B C:\MoralCompassViv\wp-admin\upgrade.php <-- Viv Web Design /public_html/wp-admin upgrade.php
2012.08.18 07:53 B C:\MoralCompassViv\wp-admin\upload.php <-- Viv Web Design /public_html/wp-admin upload.php
2012.08.18 07:53 B C:\MoralCompassViv\wp-admin\user-edit.php <-- Viv Web Design /public_html/wp-admin user-edit.php
2012.08.18 07:53 B C:\MoralCompassViv\wp-admin\user-new.php <-- Viv Web Design /public_html/wp-admin user-new.php
2012.08.18 07:53 B C:\MoralCompassViv\wp-admin\users.php <-- Viv Web Design /public_html/wp-admin users.php
2012.08.18 07:53 B C:\MoralCompassViv\wp-admin\widgets.php <-- Viv Web Design /public_html/wp-admin widgets.php
