2012.08.18 07:51 B C:\MoralCompassViv\wp-admin\css\colors-classic.css <-- Viv Web Design /public_html/wp-admin/css colors-classic.css
2012.08.18 07:51 B C:\MoralCompassViv\wp-admin\css\colors-classic.dev.css <-- Viv Web Design /public_html/wp-admin/css colors-classic.dev.css
2012.08.18 07:51 B C:\MoralCompassViv\wp-admin\css\colors-fresh.css <-- Viv Web Design /public_html/wp-admin/css colors-fresh.css
2012.08.18 07:51 B C:\MoralCompassViv\wp-admin\css\colors-fresh.dev.css <-- Viv Web Design /public_html/wp-admin/css colors-fresh.dev.css
2012.08.18 07:51 B C:\MoralCompassViv\wp-admin\css\customize-controls-rtl.css <-- Viv Web Design /public_html/wp-admin/css customize-controls-rtl.css
2012.08.18 07:51 B C:\MoralCompassViv\wp-admin\css\customize-controls-rtl.dev.css <-- Viv Web Design /public_html/wp-admin/css customize-controls-rtl.dev.css
2012.08.18 07:51 B C:\MoralCompassViv\wp-admin\css\customize-controls.css <-- Viv Web Design /public_html/wp-admin/css customize-controls.css
2012.08.18 07:51 B C:\MoralCompassViv\wp-admin\css\customize-controls.dev.css <-- Viv Web Design /public_html/wp-admin/css customize-controls.dev.css
2012.08.18 07:51 B C:\MoralCompassViv\wp-admin\css\farbtastic.css <-- Viv Web Design /public_html/wp-admin/css farbtastic.css
2012.08.18 07:51 B C:\MoralCompassViv\wp-admin\css\ie-rtl.css <-- Viv Web Design /public_html/wp-admin/css ie-rtl.css
2012.08.18 07:51 B C:\MoralCompassViv\wp-admin\css\ie-rtl.dev.css <-- Viv Web Design /public_html/wp-admin/css ie-rtl.dev.css
2012.08.18 07:51 B C:\MoralCompassViv\wp-admin\css\ie.css <-- Viv Web Design /public_html/wp-admin/css ie.css
2012.08.18 07:51 B C:\MoralCompassViv\wp-admin\css\ie.dev.css <-- Viv Web Design /public_html/wp-admin/css ie.dev.css
2012.08.18 07:51 B C:\MoralCompassViv\wp-admin\css\install.css <-- Viv Web Design /public_html/wp-admin/css install.css
2012.08.18 07:51 B C:\MoralCompassViv\wp-admin\css\install.dev.css <-- Viv Web Design /public_html/wp-admin/css install.dev.css
2012.08.18 07:51 B C:\MoralCompassViv\wp-admin\css\media-rtl.css <-- Viv Web Design /public_html/wp-admin/css media-rtl.css
2012.08.18 07:51 B C:\MoralCompassViv\wp-admin\css\media-rtl.dev.css <-- Viv Web Design /public_html/wp-admin/css media-rtl.dev.css
2012.08.18 07:51 B C:\MoralCompassViv\wp-admin\css\media.css <-- Viv Web Design /public_html/wp-admin/css media.css
2012.08.18 07:51 B C:\MoralCompassViv\wp-admin\css\media.dev.css <-- Viv Web Design /public_html/wp-admin/css media.dev.css
2012.08.18 07:51 B C:\MoralCompassViv\wp-admin\css\wp-admin-rtl.css <-- Viv Web Design /public_html/wp-admin/css wp-admin-rtl.css
2012.08.18 07:51 B C:\MoralCompassViv\wp-admin\css\wp-admin-rtl.dev.css <-- Viv Web Design /public_html/wp-admin/css wp-admin-rtl.dev.css
2012.08.18 07:51 B C:\MoralCompassViv\wp-admin\css\wp-admin.css <-- Viv Web Design /public_html/wp-admin/css wp-admin.css
2012.08.18 07:51 B C:\MoralCompassViv\wp-admin\css\wp-admin.dev.css <-- Viv Web Design /public_html/wp-admin/css wp-admin.dev.css
