2012.09.09 10:09 B C:\MoralCompassDemo\MoralCompassWP\wp-admin\js\cat.dev.js --> juniper.arvixe.com /osber.net/wwwroot/MoralCompassWP/wp-admin/js cat.dev.js
2012.09.09 10:09 B C:\MoralCompassDemo\MoralCompassWP\wp-admin\js\cat.js --> juniper.arvixe.com /osber.net/wwwroot/MoralCompassWP/wp-admin/js cat.js
2012.09.09 10:09 B C:\MoralCompassDemo\MoralCompassWP\wp-admin\js\categories.dev.js --> juniper.arvixe.com /osber.net/wwwroot/MoralCompassWP/wp-admin/js categories.dev.js
2012.09.09 10:09 B C:\MoralCompassDemo\MoralCompassWP\wp-admin\js\categories.js --> juniper.arvixe.com /osber.net/wwwroot/MoralCompassWP/wp-admin/js categories.js
2012.09.09 10:09 B C:\MoralCompassDemo\MoralCompassWP\wp-admin\js\comment.dev.js --> juniper.arvixe.com /osber.net/wwwroot/MoralCompassWP/wp-admin/js comment.dev.js
2012.09.09 10:09 B C:\MoralCompassDemo\MoralCompassWP\wp-admin\js\comment.js --> juniper.arvixe.com /osber.net/wwwroot/MoralCompassWP/wp-admin/js comment.js
2012.09.09 10:09 B C:\MoralCompassDemo\MoralCompassWP\wp-admin\js\common.dev.js --> juniper.arvixe.com /osber.net/wwwroot/MoralCompassWP/wp-admin/js common.dev.js
2012.09.09 10:09 B C:\MoralCompassDemo\MoralCompassWP\wp-admin\js\common.js --> juniper.arvixe.com /osber.net/wwwroot/MoralCompassWP/wp-admin/js common.js
2012.09.09 10:09 B C:\MoralCompassDemo\MoralCompassWP\wp-admin\js\custom-background.dev.js --> juniper.arvixe.com /osber.net/wwwroot/MoralCompassWP/wp-admin/js custom-background.dev.js
2012.09.09 10:09 B C:\MoralCompassDemo\MoralCompassWP\wp-admin\js\custom-background.js --> juniper.arvixe.com /osber.net/wwwroot/MoralCompassWP/wp-admin/js custom-background.js
2012.09.09 10:09 B C:\MoralCompassDemo\MoralCompassWP\wp-admin\js\custom-fields.dev.js --> juniper.arvixe.com /osber.net/wwwroot/MoralCompassWP/wp-admin/js custom-fields.dev.js
2012.09.09 10:09 B C:\MoralCompassDemo\MoralCompassWP\wp-admin\js\custom-fields.js --> juniper.arvixe.com /osber.net/wwwroot/MoralCompassWP/wp-admin/js custom-fields.js
2012.09.09 10:09 B C:\MoralCompassDemo\MoralCompassWP\wp-admin\js\dashboard.dev.js --> juniper.arvixe.com /osber.net/wwwroot/MoralCompassWP/wp-admin/js dashboard.dev.js
2012.09.09 10:09 B C:\MoralCompassDemo\MoralCompassWP\wp-admin\js\dashboard.js --> juniper.arvixe.com /osber.net/wwwroot/MoralCompassWP/wp-admin/js dashboard.js
2012.09.09 10:09 B C:\MoralCompassDemo\MoralCompassWP\wp-admin\js\edit-comments.dev.js --> juniper.arvixe.com /osber.net/wwwroot/MoralCompassWP/wp-admin/js edit-comments.dev.js
2012.09.09 10:10 B C:\MoralCompassDemo\MoralCompassWP\wp-admin\js\edit-comments.js --> juniper.arvixe.com /osber.net/wwwroot/MoralCompassWP/wp-admin/js edit-comments.js
2012.09.09 10:10 B C:\MoralCompassDemo\MoralCompassWP\wp-admin\js\editor.dev.js --> juniper.arvixe.com /osber.net/wwwroot/MoralCompassWP/wp-admin/js editor.dev.js
2012.09.09 10:10 B C:\MoralCompassDemo\MoralCompassWP\wp-admin\js\editor.js --> juniper.arvixe.com /osber.net/wwwroot/MoralCompassWP/wp-admin/js editor.js
2012.09.09 10:10 B C:\MoralCompassDemo\MoralCompassWP\wp-admin\js\farbtastic.js --> juniper.arvixe.com /osber.net/wwwroot/MoralCompassWP/wp-admin/js farbtastic.js
2012.09.09 10:10 B C:\MoralCompassDemo\MoralCompassWP\wp-admin\js\gallery.dev.js --> juniper.arvixe.com /osber.net/wwwroot/MoralCompassWP/wp-admin/js gallery.dev.js
2012.09.09 10:10 B C:\MoralCompassDemo\MoralCompassWP\wp-admin\js\gallery.js --> juniper.arvixe.com /osber.net/wwwroot/MoralCompassWP/wp-admin/js gallery.js
2012.09.09 10:10 B C:\MoralCompassDemo\MoralCompassWP\wp-admin\js\image-edit.dev.js --> juniper.arvixe.com /osber.net/wwwroot/MoralCompassWP/wp-admin/js image-edit.dev.js
2012.09.09 10:10 B C:\MoralCompassDemo\MoralCompassWP\wp-admin\js\image-edit.js --> juniper.arvixe.com /osber.net/wwwroot/MoralCompassWP/wp-admin/js image-edit.js
2012.09.09 10:10 B C:\MoralCompassDemo\MoralCompassWP\wp-admin\js\inline-edit-post.dev.js --> juniper.arvixe.com /osber.net/wwwroot/MoralCompassWP/wp-admin/js inline-edit-post.dev.js
2012.09.09 10:10 B C:\MoralCompassDemo\MoralCompassWP\wp-admin\js\inline-edit-post.js --> juniper.arvixe.com /osber.net/wwwroot/MoralCompassWP/wp-admin/js inline-edit-post.js
2012.09.09 10:10 B C:\MoralCompassDemo\MoralCompassWP\wp-admin\js\inline-edit-tax.dev.js --> juniper.arvixe.com /osber.net/wwwroot/MoralCompassWP/wp-admin/js inline-edit-tax.dev.js
2012.09.09 10:10 B C:\MoralCompassDemo\MoralCompassWP\wp-admin\js\inline-edit-tax.js --> juniper.arvixe.com /osber.net/wwwroot/MoralCompassWP/wp-admin/js inline-edit-tax.js
2012.09.09 10:10 B C:\MoralCompassDemo\MoralCompassWP\wp-admin\js\link.dev.js --> juniper.arvixe.com /osber.net/wwwroot/MoralCompassWP/wp-admin/js link.dev.js
2012.09.09 10:10 B C:\MoralCompassDemo\MoralCompassWP\wp-admin\js\link.js --> juniper.arvixe.com /osber.net/wwwroot/MoralCompassWP/wp-admin/js link.js
2012.09.09 10:10 B C:\MoralCompassDemo\MoralCompassWP\wp-admin\js\media-upload.dev.js --> juniper.arvixe.com /osber.net/wwwroot/MoralCompassWP/wp-admin/js media-upload.dev.js
2012.09.09 10:10 B C:\MoralCompassDemo\MoralCompassWP\wp-admin\js\media-upload.js --> juniper.arvixe.com /osber.net/wwwroot/MoralCompassWP/wp-admin/js media-upload.js
2012.09.09 10:10 B C:\MoralCompassDemo\MoralCompassWP\wp-admin\js\media.dev.js --> juniper.arvixe.com /osber.net/wwwroot/MoralCompassWP/wp-admin/js media.dev.js
2012.09.09 10:10 B C:\MoralCompassDemo\MoralCompassWP\wp-admin\js\media.js --> juniper.arvixe.com /osber.net/wwwroot/MoralCompassWP/wp-admin/js media.js
2012.09.09 10:10 B C:\MoralCompassDemo\MoralCompassWP\wp-admin\js\nav-menu.dev.js --> juniper.arvixe.com /osber.net/wwwroot/MoralCompassWP/wp-admin/js nav-menu.dev.js
2012.09.09 10:10 B C:\MoralCompassDemo\MoralCompassWP\wp-admin\js\nav-menu.js --> juniper.arvixe.com /osber.net/wwwroot/MoralCompassWP/wp-admin/js nav-menu.js
2012.09.09 10:10 B C:\MoralCompassDemo\MoralCompassWP\wp-admin\js\password-strength-meter.dev.js --> juniper.arvixe.com /osber.net/wwwroot/MoralCompassWP/wp-admin/js password-strength-meter.dev.js
2012.09.09 10:10 B C:\MoralCompassDemo\MoralCompassWP\wp-admin\js\password-strength-meter.js --> juniper.arvixe.com /osber.net/wwwroot/MoralCompassWP/wp-admin/js password-strength-meter.js
2012.09.09 10:10 B C:\MoralCompassDemo\MoralCompassWP\wp-admin\js\plugin-install.dev.js --> juniper.arvixe.com /osber.net/wwwroot/MoralCompassWP/wp-admin/js plugin-install.dev.js
2012.09.09 10:10 B C:\MoralCompassDemo\MoralCompassWP\wp-admin\js\plugin-install.js --> juniper.arvixe.com /osber.net/wwwroot/MoralCompassWP/wp-admin/js plugin-install.js
2012.09.09 10:10 B C:\MoralCompassDemo\MoralCompassWP\wp-admin\js\post.dev.js --> juniper.arvixe.com /osber.net/wwwroot/MoralCompassWP/wp-admin/js post.dev.js
2012.09.09 10:10 B C:\MoralCompassDemo\MoralCompassWP\wp-admin\js\post.js --> juniper.arvixe.com /osber.net/wwwroot/MoralCompassWP/wp-admin/js post.js
2012.09.09 10:10 B C:\MoralCompassDemo\MoralCompassWP\wp-admin\js\postbox.dev.js --> juniper.arvixe.com /osber.net/wwwroot/MoralCompassWP/wp-admin/js postbox.dev.js
2012.09.09 10:10 B C:\MoralCompassDemo\MoralCompassWP\wp-admin\js\postbox.js --> juniper.arvixe.com /osber.net/wwwroot/MoralCompassWP/wp-admin/js postbox.js
2012.09.09 10:10 B C:\MoralCompassDemo\MoralCompassWP\wp-admin\js\revisions-js.php --> juniper.arvixe.com /osber.net/wwwroot/MoralCompassWP/wp-admin/js revisions-js.php
2012.09.09 10:10 B C:\MoralCompassDemo\MoralCompassWP\wp-admin\js\set-post-thumbnail.dev.js --> juniper.arvixe.com /osber.net/wwwroot/MoralCompassWP/wp-admin/js set-post-thumbnail.dev.js
2012.09.09 10:10 B C:\MoralCompassDemo\MoralCompassWP\wp-admin\js\set-post-thumbnail.js --> juniper.arvixe.com /osber.net/wwwroot/MoralCompassWP/wp-admin/js set-post-thumbnail.js
2012.09.09 10:10 B C:\MoralCompassDemo\MoralCompassWP\wp-admin\js\tags.dev.js --> juniper.arvixe.com /osber.net/wwwroot/MoralCompassWP/wp-admin/js tags.dev.js
2012.09.09 10:10 B C:\MoralCompassDemo\MoralCompassWP\wp-admin\js\tags.js --> juniper.arvixe.com /osber.net/wwwroot/MoralCompassWP/wp-admin/js tags.js
2012.09.09 10:10 B C:\MoralCompassDemo\MoralCompassWP\wp-admin\js\theme-preview.dev.js --> juniper.arvixe.com /osber.net/wwwroot/MoralCompassWP/wp-admin/js theme-preview.dev.js
2012.09.09 10:10 B C:\MoralCompassDemo\MoralCompassWP\wp-admin\js\theme-preview.js --> juniper.arvixe.com /osber.net/wwwroot/MoralCompassWP/wp-admin/js theme-preview.js
2012.09.09 10:10 B C:\MoralCompassDemo\MoralCompassWP\wp-admin\js\theme.dev.js --> juniper.arvixe.com /osber.net/wwwroot/MoralCompassWP/wp-admin/js theme.dev.js
2012.09.09 10:10 B C:\MoralCompassDemo\MoralCompassWP\wp-admin\js\theme.js --> juniper.arvixe.com /osber.net/wwwroot/MoralCompassWP/wp-admin/js theme.js
2012.09.09 10:10 B C:\MoralCompassDemo\MoralCompassWP\wp-admin\js\user-profile.dev.js --> juniper.arvixe.com /osber.net/wwwroot/MoralCompassWP/wp-admin/js user-profile.dev.js
2012.09.09 10:10 B C:\MoralCompassDemo\MoralCompassWP\wp-admin\js\user-profile.js --> juniper.arvixe.com /osber.net/wwwroot/MoralCompassWP/wp-admin/js user-profile.js
2012.09.09 10:10 B C:\MoralCompassDemo\MoralCompassWP\wp-admin\js\utils.dev.js --> juniper.arvixe.com /osber.net/wwwroot/MoralCompassWP/wp-admin/js utils.dev.js
2012.09.09 10:10 B C:\MoralCompassDemo\MoralCompassWP\wp-admin\js\utils.js --> juniper.arvixe.com /osber.net/wwwroot/MoralCompassWP/wp-admin/js utils.js
2012.09.09 10:10 B C:\MoralCompassDemo\MoralCompassWP\wp-admin\js\widgets.dev.js --> juniper.arvixe.com /osber.net/wwwroot/MoralCompassWP/wp-admin/js widgets.dev.js
2012.09.09 10:10 B C:\MoralCompassDemo\MoralCompassWP\wp-admin\js\widgets.js --> juniper.arvixe.com /osber.net/wwwroot/MoralCompassWP/wp-admin/js widgets.js
2012.09.09 10:10 B C:\MoralCompassDemo\MoralCompassWP\wp-admin\js\word-count.dev.js --> juniper.arvixe.com /osber.net/wwwroot/MoralCompassWP/wp-admin/js word-count.dev.js
2012.09.09 10:10 B C:\MoralCompassDemo\MoralCompassWP\wp-admin\js\word-count.js --> juniper.arvixe.com /osber.net/wwwroot/MoralCompassWP/wp-admin/js word-count.js
2012.09.09 10:10 B C:\MoralCompassDemo\MoralCompassWP\wp-admin\js\wp-fullscreen.dev.js --> juniper.arvixe.com /osber.net/wwwroot/MoralCompassWP/wp-admin/js wp-fullscreen.dev.js
2012.09.09 10:10 B C:\MoralCompassDemo\MoralCompassWP\wp-admin\js\wp-fullscreen.js --> juniper.arvixe.com /osber.net/wwwroot/MoralCompassWP/wp-admin/js wp-fullscreen.js
2012.09.09 10:10 B C:\MoralCompassDemo\MoralCompassWP\wp-admin\js\xfn.dev.js --> juniper.arvixe.com /osber.net/wwwroot/MoralCompassWP/wp-admin/js xfn.dev.js
2012.09.09 10:10 B C:\MoralCompassDemo\MoralCompassWP\wp-admin\js\xfn.js --> juniper.arvixe.com /osber.net/wwwroot/MoralCompassWP/wp-admin/js xfn.js
