2012.09.09 10:18 B C:\MoralCompassDemo\MoralCompassWP\wp-content\themes\responsive\404.php --> juniper.arvixe.com /osber.net/wwwroot/MoralCompassWP/wp-content/themes/responsive 404.php
2012.09.09 10:18 B C:\MoralCompassDemo\MoralCompassWP\wp-content\themes\responsive\archive.php --> juniper.arvixe.com /osber.net/wwwroot/MoralCompassWP/wp-content/themes/responsive archive.php
2012.09.09 10:18 B C:\MoralCompassDemo\MoralCompassWP\wp-content\themes\responsive\blog-excerpt.php --> juniper.arvixe.com /osber.net/wwwroot/MoralCompassWP/wp-content/themes/responsive blog-excerpt.php
2012.09.09 10:18 B C:\MoralCompassDemo\MoralCompassWP\wp-content\themes\responsive\blog.php --> juniper.arvixe.com /osber.net/wwwroot/MoralCompassWP/wp-content/themes/responsive blog.php
2012.09.09 10:18 B C:\MoralCompassDemo\MoralCompassWP\wp-content\themes\responsive\changelog.txt --> juniper.arvixe.com /osber.net/wwwroot/MoralCompassWP/wp-content/themes/responsive changelog.txt
2012.09.09 10:18 B C:\MoralCompassDemo\MoralCompassWP\wp-content\themes\responsive\comments.php --> juniper.arvixe.com /osber.net/wwwroot/MoralCompassWP/wp-content/themes/responsive comments.php
2012.09.09 10:18 B C:\MoralCompassDemo\MoralCompassWP\wp-content\themes\responsive\content-sidebar-half-page.php --> juniper.arvixe.com /osber.net/wwwroot/MoralCompassWP/wp-content/themes/responsive content-sidebar-half-page.php
2012.09.09 10:18 B C:\MoralCompassDemo\MoralCompassWP\wp-content\themes\responsive\content-sidebar-page.php --> juniper.arvixe.com /osber.net/wwwroot/MoralCompassWP/wp-content/themes/responsive content-sidebar-page.php
2012.09.09 10:18 B C:\MoralCompassDemo\MoralCompassWP\wp-content\themes\responsive\footer.php --> juniper.arvixe.com /osber.net/wwwroot/MoralCompassWP/wp-content/themes/responsive footer.php
2012.09.09 10:18 B C:\MoralCompassDemo\MoralCompassWP\wp-content\themes\responsive\full-width-page.php --> juniper.arvixe.com /osber.net/wwwroot/MoralCompassWP/wp-content/themes/responsive full-width-page.php
2012.09.09 10:18 B C:\MoralCompassDemo\MoralCompassWP\wp-content\themes\responsive\functions.php --> juniper.arvixe.com /osber.net/wwwroot/MoralCompassWP/wp-content/themes/responsive functions.php
2012.09.09 10:18 B C:\MoralCompassDemo\MoralCompassWP\wp-content\themes\responsive\header.php --> juniper.arvixe.com /osber.net/wwwroot/MoralCompassWP/wp-content/themes/responsive header.php
2012.09.09 10:18 B C:\MoralCompassDemo\MoralCompassWP\wp-content\themes\responsive\home.php --> juniper.arvixe.com /osber.net/wwwroot/MoralCompassWP/wp-content/themes/responsive home.php
2012.09.09 10:18 B C:\MoralCompassDemo\MoralCompassWP\wp-content\themes\responsive\image.php --> juniper.arvixe.com /osber.net/wwwroot/MoralCompassWP/wp-content/themes/responsive image.php
2012.09.09 10:18 B C:\MoralCompassDemo\MoralCompassWP\wp-content\themes\responsive\index.php --> juniper.arvixe.com /osber.net/wwwroot/MoralCompassWP/wp-content/themes/responsive index.php
2012.09.09 10:18 B C:\MoralCompassDemo\MoralCompassWP\wp-content\themes\responsive\landing-page.php --> juniper.arvixe.com /osber.net/wwwroot/MoralCompassWP/wp-content/themes/responsive landing-page.php
2012.09.09 10:18 B C:\MoralCompassDemo\MoralCompassWP\wp-content\themes\responsive\license.txt --> juniper.arvixe.com /osber.net/wwwroot/MoralCompassWP/wp-content/themes/responsive license.txt
2012.09.09 10:18 B C:\MoralCompassDemo\MoralCompassWP\wp-content\themes\responsive\page.php --> juniper.arvixe.com /osber.net/wwwroot/MoralCompassWP/wp-content/themes/responsive page.php
2012.09.09 10:18 B C:\MoralCompassDemo\MoralCompassWP\wp-content\themes\responsive\readme.txt --> juniper.arvixe.com /osber.net/wwwroot/MoralCompassWP/wp-content/themes/responsive readme.txt
2012.09.09 10:18 B C:\MoralCompassDemo\MoralCompassWP\wp-content\themes\responsive\screenshot.png --> juniper.arvixe.com /osber.net/wwwroot/MoralCompassWP/wp-content/themes/responsive screenshot.png
2012.09.09 10:18 B C:\MoralCompassDemo\MoralCompassWP\wp-content\themes\responsive\search.php --> juniper.arvixe.com /osber.net/wwwroot/MoralCompassWP/wp-content/themes/responsive search.php
2012.09.09 10:18 B C:\MoralCompassDemo\MoralCompassWP\wp-content\themes\responsive\searchform.php --> juniper.arvixe.com /osber.net/wwwroot/MoralCompassWP/wp-content/themes/responsive searchform.php
2012.09.09 10:18 B C:\MoralCompassDemo\MoralCompassWP\wp-content\themes\responsive\sidebar-content-half-page.php --> juniper.arvixe.com /osber.net/wwwroot/MoralCompassWP/wp-content/themes/responsive sidebar-content-half-page.php
2012.09.09 10:18 B C:\MoralCompassDemo\MoralCompassWP\wp-content\themes\responsive\sidebar-content-page.php --> juniper.arvixe.com /osber.net/wwwroot/MoralCompassWP/wp-content/themes/responsive sidebar-content-page.php
2012.09.09 10:18 B C:\MoralCompassDemo\MoralCompassWP\wp-content\themes\responsive\sidebar-gallery.php --> juniper.arvixe.com /osber.net/wwwroot/MoralCompassWP/wp-content/themes/responsive sidebar-gallery.php
2012.09.09 10:18 B C:\MoralCompassDemo\MoralCompassWP\wp-content\themes\responsive\sidebar-half-left.php --> juniper.arvixe.com /osber.net/wwwroot/MoralCompassWP/wp-content/themes/responsive sidebar-half-left.php
2012.09.09 10:18 B C:\MoralCompassDemo\MoralCompassWP\wp-content\themes\responsive\sidebar-home.php --> juniper.arvixe.com /osber.net/wwwroot/MoralCompassWP/wp-content/themes/responsive sidebar-home.php
2012.09.09 10:18 B C:\MoralCompassDemo\MoralCompassWP\wp-content\themes\responsive\sidebar-left-half.php --> juniper.arvixe.com /osber.net/wwwroot/MoralCompassWP/wp-content/themes/responsive sidebar-left-half.php
2012.09.09 10:18 B C:\MoralCompassDemo\MoralCompassWP\wp-content\themes\responsive\sidebar-left.php --> juniper.arvixe.com /osber.net/wwwroot/MoralCompassWP/wp-content/themes/responsive sidebar-left.php
2012.09.09 10:18 B C:\MoralCompassDemo\MoralCompassWP\wp-content\themes\responsive\sidebar-right-half.php --> juniper.arvixe.com /osber.net/wwwroot/MoralCompassWP/wp-content/themes/responsive sidebar-right-half.php
2012.09.09 10:18 B C:\MoralCompassDemo\MoralCompassWP\wp-content\themes\responsive\sidebar-right.php --> juniper.arvixe.com /osber.net/wwwroot/MoralCompassWP/wp-content/themes/responsive sidebar-right.php
2012.09.09 10:18 B C:\MoralCompassDemo\MoralCompassWP\wp-content\themes\responsive\sidebar.php --> juniper.arvixe.com /osber.net/wwwroot/MoralCompassWP/wp-content/themes/responsive sidebar.php
2012.09.09 10:18 B C:\MoralCompassDemo\MoralCompassWP\wp-content\themes\responsive\single.php --> juniper.arvixe.com /osber.net/wwwroot/MoralCompassWP/wp-content/themes/responsive single.php
2012.09.09 10:18 B C:\MoralCompassDemo\MoralCompassWP\wp-content\themes\responsive\sitemap.php --> juniper.arvixe.com /osber.net/wwwroot/MoralCompassWP/wp-content/themes/responsive sitemap.php
2012.09.09 10:18 B C:\MoralCompassDemo\MoralCompassWP\wp-content\themes\responsive\style.css --> juniper.arvixe.com /osber.net/wwwroot/MoralCompassWP/wp-content/themes/responsive style.css
