112.07.05 16:36 B C:\MoralCompass\images\AidToTheContras\HankAaronVideo.jpg --> juniper.arvixe.com /osber.net/wwwroot/MoralCompass/images/AidToTheContras HankAaronVideo.jpg
112.07.05 16:36 B C:\MoralCompass\images\AidToTheContras\ReaganCartoon.jpg --> juniper.arvixe.com /osber.net/wwwroot/MoralCompass/images/AidToTheContras ReaganCartoon.jpg
112.07.05 16:36 B C:\MoralCompass\images\AidToTheContras\ReaganCartoonThumbnail.JPG --> juniper.arvixe.com /osber.net/wwwroot/MoralCompass/images/AidToTheContras ReaganCartoonThumbnail.JPG
112.07.05 16:36 B C:\MoralCompass\images\AidToTheContras\SaveTheContras.jpg --> juniper.arvixe.com /osber.net/wwwroot/MoralCompass/images/AidToTheContras SaveTheContras.jpg
112.07.05 16:36 B C:\MoralCompass\images\AidToTheContras\SaveTheContrasThumbnail.jpg --> juniper.arvixe.com /osber.net/wwwroot/MoralCompass/images/AidToTheContras SaveTheContrasThumbnail.jpg
112.07.05 16:36 B C:\MoralCompass\images\AidToTheContras\TheManWhoMakes.jpg --> juniper.arvixe.com /osber.net/wwwroot/MoralCompass/images/AidToTheContras TheManWhoMakes.jpg
112.07.05 16:36 B C:\MoralCompass\images\AidToTheContras\TheManWhoMakesThumbnail.jpg --> juniper.arvixe.com /osber.net/wwwroot/MoralCompass/images/AidToTheContras TheManWhoMakesThumbnail.jpg
112.07.05 16:36 B C:\MoralCompass\images\AidToTheContras\Thumbs.db --> juniper.arvixe.com /osber.net/wwwroot/MoralCompass/images/AidToTheContras Thumbs.db
2012.08.16 20:14 B C:\MoralCompassWebSite\images\AidToTheContras\WS_FTP.LOG --> juniper.arvixe.com /osber.net/wwwroot/MoralCompass/images/AidToTheContras WS_FTP.LOG
2012.09.09 10:11 B C:\MoralCompassDemo\MoralCompassWP\wp-content\images\AidToTheContras\HankAaronVideo.jpg --> juniper.arvixe.com /osber.net/wwwroot/MoralCompassWP/wp-content/images/AidToTheContras HankAaronVideo.jpg
2012.09.09 10:11 B C:\MoralCompassDemo\MoralCompassWP\wp-content\images\AidToTheContras\ReaganCartoon.jpg --> juniper.arvixe.com /osber.net/wwwroot/MoralCompassWP/wp-content/images/AidToTheContras ReaganCartoon.jpg
2012.09.09 10:11 B C:\MoralCompassDemo\MoralCompassWP\wp-content\images\AidToTheContras\ReaganCartoonThumbnail.JPG --> juniper.arvixe.com /osber.net/wwwroot/MoralCompassWP/wp-content/images/AidToTheContras ReaganCartoonThumbnail.JPG
2012.09.09 10:11 B C:\MoralCompassDemo\MoralCompassWP\wp-content\images\AidToTheContras\SaveTheContras.jpg --> juniper.arvixe.com /osber.net/wwwroot/MoralCompassWP/wp-content/images/AidToTheContras SaveTheContras.jpg
2012.09.09 10:11 B C:\MoralCompassDemo\MoralCompassWP\wp-content\images\AidToTheContras\SaveTheContrasThumbnail.jpg --> juniper.arvixe.com /osber.net/wwwroot/MoralCompassWP/wp-content/images/AidToTheContras SaveTheContrasThumbnail.jpg
2012.09.09 10:11 B C:\MoralCompassDemo\MoralCompassWP\wp-content\images\AidToTheContras\TheManWhoMakes.jpg --> juniper.arvixe.com /osber.net/wwwroot/MoralCompassWP/wp-content/images/AidToTheContras TheManWhoMakes.jpg
2012.09.09 10:11 B C:\MoralCompassDemo\MoralCompassWP\wp-content\images\AidToTheContras\TheManWhoMakesThumbnail.jpg --> juniper.arvixe.com /osber.net/wwwroot/MoralCompassWP/wp-content/images/AidToTheContras TheManWhoMakesThumbnail.jpg
2012.09.09 10:11 B C:\MoralCompassDemo\MoralCompassWP\wp-content\images\AidToTheContras\Thumbs.db --> juniper.arvixe.com /osber.net/wwwroot/MoralCompassWP/wp-content/images/AidToTheContras Thumbs.db
2012.09.09 10:11 B C:\MoralCompassDemo\MoralCompassWP\wp-content\images\AidToTheContras\WS_FTP.LOG --> juniper.arvixe.com /osber.net/wwwroot/MoralCompassWP/wp-content/images/AidToTheContras WS_FTP.LOG
2012.10.01 17:32 B c:\moralcompassdemo\MoralCompassWP\wp-content\images\AidToTheContras\HankAaronVideo.jpg --> marten.arvixe.com /www/wp-content/images/AidToTheContras HankAaronVideo.jpg
2012.10.01 17:32 B c:\moralcompassdemo\MoralCompassWP\wp-content\images\AidToTheContras\ReaganCartoon.jpg --> marten.arvixe.com /www/wp-content/images/AidToTheContras ReaganCartoon.jpg
2012.10.01 17:32 B c:\moralcompassdemo\MoralCompassWP\wp-content\images\AidToTheContras\ReaganCartoonThumbnail.JPG --> marten.arvixe.com /www/wp-content/images/AidToTheContras ReaganCartoonThumbnail.JPG
2012.10.01 17:32 B c:\moralcompassdemo\MoralCompassWP\wp-content\images\AidToTheContras\SaveTheContras.jpg --> marten.arvixe.com /www/wp-content/images/AidToTheContras SaveTheContras.jpg
2012.10.01 17:32 B c:\moralcompassdemo\MoralCompassWP\wp-content\images\AidToTheContras\SaveTheContrasThumbnail.jpg --> marten.arvixe.com /www/wp-content/images/AidToTheContras SaveTheContrasThumbnail.jpg
2012.10.01 17:32 B c:\moralcompassdemo\MoralCompassWP\wp-content\images\AidToTheContras\TheManWhoMakes.jpg --> marten.arvixe.com /www/wp-content/images/AidToTheContras TheManWhoMakes.jpg
2012.10.01 17:32 B c:\moralcompassdemo\MoralCompassWP\wp-content\images\AidToTheContras\TheManWhoMakesThumbnail.jpg --> marten.arvixe.com /www/wp-content/images/AidToTheContras TheManWhoMakesThumbnail.jpg
2012.10.01 17:32 B c:\moralcompassdemo\MoralCompassWP\wp-content\images\AidToTheContras\Thumbs.db --> marten.arvixe.com /www/wp-content/images/AidToTheContras Thumbs.db
2012.10.01 17:32 B c:\moralcompassdemo\MoralCompassWP\wp-content\images\AidToTheContras\WS_FTP.LOG --> marten.arvixe.com /www/wp-content/images/AidToTheContras WS_FTP.LOG
