112.07.05 16:37 B C:\MoralCompass\images\Milgram\CartoonVideo.jpg --> juniper.arvixe.com /osber.net/wwwroot/MoralCompass/images/Milgram CartoonVideo.jpg
112.07.05 16:37 B C:\MoralCompass\images\Milgram\Original.jpg --> juniper.arvixe.com /osber.net/wwwroot/MoralCompass/images/Milgram Original.jpg
112.07.05 16:37 B C:\MoralCompass\images\Milgram\ShortVideo1.jpg --> juniper.arvixe.com /osber.net/wwwroot/MoralCompass/images/Milgram ShortVideo1.jpg
112.07.05 16:37 B C:\MoralCompass\images\Milgram\Statistics.png --> juniper.arvixe.com /osber.net/wwwroot/MoralCompass/images/Milgram Statistics.png
112.07.05 16:37 B C:\MoralCompass\images\Milgram\StatisticsThumbnail.jpg --> juniper.arvixe.com /osber.net/wwwroot/MoralCompass/images/Milgram StatisticsThumbnail.jpg
112.07.05 16:37 B C:\MoralCompass\images\Milgram\Thumbs.db --> juniper.arvixe.com /osber.net/wwwroot/MoralCompass/images/Milgram Thumbs.db
112.07.05 16:37 B C:\MoralCompass\images\Milgram\UnethicalBehavior.jpg --> juniper.arvixe.com /osber.net/wwwroot/MoralCompass/images/Milgram UnethicalBehavior.jpg
2012.08.16 20:15 B C:\MoralCompassWebSite\images\Milgram\WS_FTP.LOG --> juniper.arvixe.com /osber.net/wwwroot/MoralCompass/images/Milgram WS_FTP.LOG
2012.09.09 10:13 B C:\MoralCompassDemo\MoralCompassWP\wp-content\images\Milgram\CartoonVideo.jpg --> juniper.arvixe.com /osber.net/wwwroot/MoralCompassWP/wp-content/images/Milgram CartoonVideo.jpg
2012.09.09 10:13 B C:\MoralCompassDemo\MoralCompassWP\wp-content\images\Milgram\Original.jpg --> juniper.arvixe.com /osber.net/wwwroot/MoralCompassWP/wp-content/images/Milgram Original.jpg
2012.09.09 10:13 B C:\MoralCompassDemo\MoralCompassWP\wp-content\images\Milgram\ShortVideo1.jpg --> juniper.arvixe.com /osber.net/wwwroot/MoralCompassWP/wp-content/images/Milgram ShortVideo1.jpg
2012.09.09 10:13 B C:\MoralCompassDemo\MoralCompassWP\wp-content\images\Milgram\Statistics.png --> juniper.arvixe.com /osber.net/wwwroot/MoralCompassWP/wp-content/images/Milgram Statistics.png
2012.09.09 10:13 B C:\MoralCompassDemo\MoralCompassWP\wp-content\images\Milgram\StatisticsThumbnail.jpg --> juniper.arvixe.com /osber.net/wwwroot/MoralCompassWP/wp-content/images/Milgram StatisticsThumbnail.jpg
2012.09.09 10:13 B C:\MoralCompassDemo\MoralCompassWP\wp-content\images\Milgram\Thumbs.db --> juniper.arvixe.com /osber.net/wwwroot/MoralCompassWP/wp-content/images/Milgram Thumbs.db
2012.09.09 10:13 B C:\MoralCompassDemo\MoralCompassWP\wp-content\images\Milgram\UnethicalBehavior.jpg --> juniper.arvixe.com /osber.net/wwwroot/MoralCompassWP/wp-content/images/Milgram UnethicalBehavior.jpg
2012.09.09 10:13 B C:\MoralCompassDemo\MoralCompassWP\wp-content\images\Milgram\WS_FTP.LOG --> juniper.arvixe.com /osber.net/wwwroot/MoralCompassWP/wp-content/images/Milgram WS_FTP.LOG
2012.10.01 17:32 B c:\moralcompassdemo\MoralCompassWP\wp-content\images\Milgram\CartoonVideo.jpg --> marten.arvixe.com /www/wp-content/images/Milgram CartoonVideo.jpg
2012.10.01 17:32 B c:\moralcompassdemo\MoralCompassWP\wp-content\images\Milgram\Original.jpg --> marten.arvixe.com /www/wp-content/images/Milgram Original.jpg
2012.10.01 17:32 B c:\moralcompassdemo\MoralCompassWP\wp-content\images\Milgram\ShortVideo1.jpg --> marten.arvixe.com /www/wp-content/images/Milgram ShortVideo1.jpg
2012.10.01 17:32 B c:\moralcompassdemo\MoralCompassWP\wp-content\images\Milgram\Statistics.png --> marten.arvixe.com /www/wp-content/images/Milgram Statistics.png
2012.10.01 17:32 B c:\moralcompassdemo\MoralCompassWP\wp-content\images\Milgram\StatisticsThumbnail.jpg --> marten.arvixe.com /www/wp-content/images/Milgram StatisticsThumbnail.jpg
2012.10.01 17:32 B c:\moralcompassdemo\MoralCompassWP\wp-content\images\Milgram\Thumbs.db --> marten.arvixe.com /www/wp-content/images/Milgram Thumbs.db
2012.10.01 17:32 B c:\moralcompassdemo\MoralCompassWP\wp-content\images\Milgram\UnethicalBehavior.jpg --> marten.arvixe.com /www/wp-content/images/Milgram UnethicalBehavior.jpg
2012.10.01 17:32 B c:\moralcompassdemo\MoralCompassWP\wp-content\images\Milgram\WS_FTP.LOG --> marten.arvixe.com /www/wp-content/images/Milgram WS_FTP.LOG
