2012.08.18 07:55 B C:\MoralCompassViv\wp-includes\images\smilies\icon_arrow.gif <-- Viv Web Design /public_html/wp-includes/images/smilies icon_arrow.gif
2012.08.18 07:55 B C:\MoralCompassViv\wp-includes\images\smilies\icon_biggrin.gif <-- Viv Web Design /public_html/wp-includes/images/smilies icon_biggrin.gif
2012.08.18 07:55 B C:\MoralCompassViv\wp-includes\images\smilies\icon_confused.gif <-- Viv Web Design /public_html/wp-includes/images/smilies icon_confused.gif
2012.08.18 07:55 B C:\MoralCompassViv\wp-includes\images\smilies\icon_cool.gif <-- Viv Web Design /public_html/wp-includes/images/smilies icon_cool.gif
2012.08.18 07:55 B C:\MoralCompassViv\wp-includes\images\smilies\icon_cry.gif <-- Viv Web Design /public_html/wp-includes/images/smilies icon_cry.gif
2012.08.18 07:55 B C:\MoralCompassViv\wp-includes\images\smilies\icon_eek.gif <-- Viv Web Design /public_html/wp-includes/images/smilies icon_eek.gif
2012.08.18 07:55 B C:\MoralCompassViv\wp-includes\images\smilies\icon_evil.gif <-- Viv Web Design /public_html/wp-includes/images/smilies icon_evil.gif
2012.08.18 07:55 B C:\MoralCompassViv\wp-includes\images\smilies\icon_exclaim.gif <-- Viv Web Design /public_html/wp-includes/images/smilies icon_exclaim.gif
2012.08.18 07:55 B C:\MoralCompassViv\wp-includes\images\smilies\icon_idea.gif <-- Viv Web Design /public_html/wp-includes/images/smilies icon_idea.gif
2012.08.18 07:55 B C:\MoralCompassViv\wp-includes\images\smilies\icon_lol.gif <-- Viv Web Design /public_html/wp-includes/images/smilies icon_lol.gif
2012.08.18 07:55 B C:\MoralCompassViv\wp-includes\images\smilies\icon_mad.gif <-- Viv Web Design /public_html/wp-includes/images/smilies icon_mad.gif
2012.08.18 07:55 B C:\MoralCompassViv\wp-includes\images\smilies\icon_mrgreen.gif <-- Viv Web Design /public_html/wp-includes/images/smilies icon_mrgreen.gif
2012.08.18 07:55 B C:\MoralCompassViv\wp-includes\images\smilies\icon_neutral.gif <-- Viv Web Design /public_html/wp-includes/images/smilies icon_neutral.gif
2012.08.18 07:55 B C:\MoralCompassViv\wp-includes\images\smilies\icon_question.gif <-- Viv Web Design /public_html/wp-includes/images/smilies icon_question.gif
2012.08.18 07:55 B C:\MoralCompassViv\wp-includes\images\smilies\icon_razz.gif <-- Viv Web Design /public_html/wp-includes/images/smilies icon_razz.gif
2012.08.18 07:55 B C:\MoralCompassViv\wp-includes\images\smilies\icon_redface.gif <-- Viv Web Design /public_html/wp-includes/images/smilies icon_redface.gif
2012.08.18 07:55 B C:\MoralCompassViv\wp-includes\images\smilies\icon_rolleyes.gif <-- Viv Web Design /public_html/wp-includes/images/smilies icon_rolleyes.gif
2012.08.18 07:55 B C:\MoralCompassViv\wp-includes\images\smilies\icon_sad.gif <-- Viv Web Design /public_html/wp-includes/images/smilies icon_sad.gif
2012.08.18 07:55 B C:\MoralCompassViv\wp-includes\images\smilies\icon_smile.gif <-- Viv Web Design /public_html/wp-includes/images/smilies icon_smile.gif
2012.08.18 07:55 B C:\MoralCompassViv\wp-includes\images\smilies\icon_surprised.gif <-- Viv Web Design /public_html/wp-includes/images/smilies icon_surprised.gif
2012.08.18 07:55 B C:\MoralCompassViv\wp-includes\images\smilies\icon_twisted.gif <-- Viv Web Design /public_html/wp-includes/images/smilies icon_twisted.gif
2012.08.18 07:55 B C:\MoralCompassViv\wp-includes\images\smilies\icon_wink.gif <-- Viv Web Design /public_html/wp-includes/images/smilies icon_wink.gif
