2012.08.18 07:54 B C:\MoralCompassViv\wp-content\themes\twentyeleven\404.php <-- Viv Web Design /public_html/wp-content/themes/twentyeleven 404.php
2012.08.18 07:54 B C:\MoralCompassViv\wp-content\themes\twentyeleven\archive.php <-- Viv Web Design /public_html/wp-content/themes/twentyeleven archive.php
2012.08.18 07:54 B C:\MoralCompassViv\wp-content\themes\twentyeleven\author.php <-- Viv Web Design /public_html/wp-content/themes/twentyeleven author.php
2012.08.18 07:54 B C:\MoralCompassViv\wp-content\themes\twentyeleven\category.php <-- Viv Web Design /public_html/wp-content/themes/twentyeleven category.php
2012.08.18 07:54 B C:\MoralCompassViv\wp-content\themes\twentyeleven\comments.php <-- Viv Web Design /public_html/wp-content/themes/twentyeleven comments.php
2012.08.18 07:54 B C:\MoralCompassViv\wp-content\themes\twentyeleven\content-aside.php <-- Viv Web Design /public_html/wp-content/themes/twentyeleven content-aside.php
2012.08.18 07:54 B C:\MoralCompassViv\wp-content\themes\twentyeleven\content-featured.php <-- Viv Web Design /public_html/wp-content/themes/twentyeleven content-featured.php
2012.08.18 07:54 B C:\MoralCompassViv\wp-content\themes\twentyeleven\content-gallery.php <-- Viv Web Design /public_html/wp-content/themes/twentyeleven content-gallery.php
2012.08.18 07:54 B C:\MoralCompassViv\wp-content\themes\twentyeleven\content-image.php <-- Viv Web Design /public_html/wp-content/themes/twentyeleven content-image.php
2012.08.18 07:54 B C:\MoralCompassViv\wp-content\themes\twentyeleven\content-intro.php <-- Viv Web Design /public_html/wp-content/themes/twentyeleven content-intro.php
2012.08.18 07:54 B C:\MoralCompassViv\wp-content\themes\twentyeleven\content-link.php <-- Viv Web Design /public_html/wp-content/themes/twentyeleven content-link.php
2012.08.18 07:54 B C:\MoralCompassViv\wp-content\themes\twentyeleven\content-page.php <-- Viv Web Design /public_html/wp-content/themes/twentyeleven content-page.php
2012.08.18 07:54 B C:\MoralCompassViv\wp-content\themes\twentyeleven\content-quote.php <-- Viv Web Design /public_html/wp-content/themes/twentyeleven content-quote.php
2012.08.18 07:54 B C:\MoralCompassViv\wp-content\themes\twentyeleven\content-single.php <-- Viv Web Design /public_html/wp-content/themes/twentyeleven content-single.php
2012.08.18 07:54 B C:\MoralCompassViv\wp-content\themes\twentyeleven\content-status.php <-- Viv Web Design /public_html/wp-content/themes/twentyeleven content-status.php
2012.08.18 07:54 B C:\MoralCompassViv\wp-content\themes\twentyeleven\content.php <-- Viv Web Design /public_html/wp-content/themes/twentyeleven content.php
2012.08.18 07:54 B C:\MoralCompassViv\wp-content\themes\twentyeleven\editor-style-rtl.css <-- Viv Web Design /public_html/wp-content/themes/twentyeleven editor-style-rtl.css
2012.08.18 07:54 B C:\MoralCompassViv\wp-content\themes\twentyeleven\editor-style.css <-- Viv Web Design /public_html/wp-content/themes/twentyeleven editor-style.css
2012.08.18 07:54 B C:\MoralCompassViv\wp-content\themes\twentyeleven\footer.php <-- Viv Web Design /public_html/wp-content/themes/twentyeleven footer.php
2012.08.18 07:54 B C:\MoralCompassViv\wp-content\themes\twentyeleven\functions.php <-- Viv Web Design /public_html/wp-content/themes/twentyeleven functions.php
2012.08.18 07:54 B C:\MoralCompassViv\wp-content\themes\twentyeleven\header.php <-- Viv Web Design /public_html/wp-content/themes/twentyeleven header.php
2012.08.18 07:54 B C:\MoralCompassViv\wp-content\themes\twentyeleven\image.php <-- Viv Web Design /public_html/wp-content/themes/twentyeleven image.php
2012.08.18 07:54 B C:\MoralCompassViv\wp-content\themes\twentyeleven\index.php <-- Viv Web Design /public_html/wp-content/themes/twentyeleven index.php
2012.08.18 07:54 B C:\MoralCompassViv\wp-content\themes\twentyeleven\license.txt <-- Viv Web Design /public_html/wp-content/themes/twentyeleven license.txt
2012.08.18 07:54 B C:\MoralCompassViv\wp-content\themes\twentyeleven\page.php <-- Viv Web Design /public_html/wp-content/themes/twentyeleven page.php
2012.08.18 07:54 B C:\MoralCompassViv\wp-content\themes\twentyeleven\readme.txt <-- Viv Web Design /public_html/wp-content/themes/twentyeleven readme.txt
2012.08.18 07:54 B C:\MoralCompassViv\wp-content\themes\twentyeleven\rtl.css <-- Viv Web Design /public_html/wp-content/themes/twentyeleven rtl.css
2012.08.18 07:54 B C:\MoralCompassViv\wp-content\themes\twentyeleven\screenshot.png <-- Viv Web Design /public_html/wp-content/themes/twentyeleven screenshot.png
2012.08.18 07:54 B C:\MoralCompassViv\wp-content\themes\twentyeleven\search.php <-- Viv Web Design /public_html/wp-content/themes/twentyeleven search.php
2012.08.18 07:54 B C:\MoralCompassViv\wp-content\themes\twentyeleven\searchform.php <-- Viv Web Design /public_html/wp-content/themes/twentyeleven searchform.php
2012.08.18 07:54 B C:\MoralCompassViv\wp-content\themes\twentyeleven\showcase.php <-- Viv Web Design /public_html/wp-content/themes/twentyeleven showcase.php
2012.08.18 07:54 B C:\MoralCompassViv\wp-content\themes\twentyeleven\sidebar-footer.php <-- Viv Web Design /public_html/wp-content/themes/twentyeleven sidebar-footer.php
2012.08.18 07:54 B C:\MoralCompassViv\wp-content\themes\twentyeleven\sidebar-page.php <-- Viv Web Design /public_html/wp-content/themes/twentyeleven sidebar-page.php
2012.08.18 07:54 B C:\MoralCompassViv\wp-content\themes\twentyeleven\sidebar.php <-- Viv Web Design /public_html/wp-content/themes/twentyeleven sidebar.php
2012.08.18 07:54 B C:\MoralCompassViv\wp-content\themes\twentyeleven\single.php <-- Viv Web Design /public_html/wp-content/themes/twentyeleven single.php
2012.08.18 07:54 B C:\MoralCompassViv\wp-content\themes\twentyeleven\style.css <-- Viv Web Design /public_html/wp-content/themes/twentyeleven style.css
2012.08.18 07:54 B C:\MoralCompassViv\wp-content\themes\twentyeleven\tag.php <-- Viv Web Design /public_html/wp-content/themes/twentyeleven tag.php
