2012.08.16 20:15 B C:\MoralCompassWebSite\images\IraqWar\BigLilBush.jpg --> juniper.arvixe.com /osber.net/wwwroot/MoralCompass/images/IraqWar BigLilBush.jpg
2012.08.16 20:15 B C:\MoralCompassWebSite\images\IraqWar\BigLilBushThumbnail.JPG --> juniper.arvixe.com /osber.net/wwwroot/MoralCompass/images/IraqWar BigLilBushThumbnail.JPG
2012.08.16 20:15 B C:\MoralCompassWebSite\images\IraqWar\BushConfession.jpg --> juniper.arvixe.com /osber.net/wwwroot/MoralCompass/images/IraqWar BushConfession.jpg
2012.08.16 20:15 B C:\MoralCompassWebSite\images\IraqWar\CountdownBushChenyVideo.jpg --> juniper.arvixe.com /osber.net/wwwroot/MoralCompass/images/IraqWar CountdownBushChenyVideo.jpg
2012.08.16 20:15 B C:\MoralCompassWebSite\images\IraqWar\DickChenySO.jpg --> juniper.arvixe.com /osber.net/wwwroot/MoralCompass/images/IraqWar DickChenySO.jpg
2012.08.16 20:15 B C:\MoralCompassWebSite\images\IraqWar\OilCartoon.jpg --> juniper.arvixe.com /osber.net/wwwroot/MoralCompass/images/IraqWar OilCartoon.jpg
2012.08.16 20:15 B C:\MoralCompassWebSite\images\IraqWar\OilCartoonThumbnail.jpg --> juniper.arvixe.com /osber.net/wwwroot/MoralCompass/images/IraqWar OilCartoonThumbnail.jpg
2012.08.16 20:15 B C:\MoralCompassWebSite\images\IraqWar\ProofBushLied.jpg --> juniper.arvixe.com /osber.net/wwwroot/MoralCompass/images/IraqWar ProofBushLied.jpg
2012.08.16 20:15 B C:\MoralCompassWebSite\images\IraqWar\WarScenarioBush.jpg --> juniper.arvixe.com /osber.net/wwwroot/MoralCompass/images/IraqWar WarScenarioBush.jpg
2012.08.16 20:15 B C:\MoralCompassWebSite\images\IraqWar\WarScenarioBushThumbnail.jpg --> juniper.arvixe.com /osber.net/wwwroot/MoralCompass/images/IraqWar WarScenarioBushThumbnail.jpg
2012.09.09 10:12 B C:\MoralCompassDemo\MoralCompassWP\wp-content\images\IraqWar\BigLilBush.jpg --> juniper.arvixe.com /osber.net/wwwroot/MoralCompassWP/wp-content/images/IraqWar BigLilBush.jpg
2012.09.09 10:12 B C:\MoralCompassDemo\MoralCompassWP\wp-content\images\IraqWar\BigLilBushThumbnail.JPG --> juniper.arvixe.com /osber.net/wwwroot/MoralCompassWP/wp-content/images/IraqWar BigLilBushThumbnail.JPG
2012.09.09 10:12 B C:\MoralCompassDemo\MoralCompassWP\wp-content\images\IraqWar\BushConfession.jpg --> juniper.arvixe.com /osber.net/wwwroot/MoralCompassWP/wp-content/images/IraqWar BushConfession.jpg
2012.09.09 10:12 B C:\MoralCompassDemo\MoralCompassWP\wp-content\images\IraqWar\CountdownBushChenyVideo.jpg --> juniper.arvixe.com /osber.net/wwwroot/MoralCompassWP/wp-content/images/IraqWar CountdownBushChenyVideo.jpg
2012.09.09 10:12 B C:\MoralCompassDemo\MoralCompassWP\wp-content\images\IraqWar\DickChenySO.jpg --> juniper.arvixe.com /osber.net/wwwroot/MoralCompassWP/wp-content/images/IraqWar DickChenySO.jpg
2012.09.09 10:12 B C:\MoralCompassDemo\MoralCompassWP\wp-content\images\IraqWar\OilCartoon.jpg --> juniper.arvixe.com /osber.net/wwwroot/MoralCompassWP/wp-content/images/IraqWar OilCartoon.jpg
2012.09.09 10:12 B C:\MoralCompassDemo\MoralCompassWP\wp-content\images\IraqWar\OilCartoonThumbnail.jpg --> juniper.arvixe.com /osber.net/wwwroot/MoralCompassWP/wp-content/images/IraqWar OilCartoonThumbnail.jpg
2012.09.09 10:12 B C:\MoralCompassDemo\MoralCompassWP\wp-content\images\IraqWar\ProofBushLied.jpg --> juniper.arvixe.com /osber.net/wwwroot/MoralCompassWP/wp-content/images/IraqWar ProofBushLied.jpg
2012.09.09 10:12 B C:\MoralCompassDemo\MoralCompassWP\wp-content\images\IraqWar\WarScenarioBush.jpg --> juniper.arvixe.com /osber.net/wwwroot/MoralCompassWP/wp-content/images/IraqWar WarScenarioBush.jpg
2012.09.09 10:12 B C:\MoralCompassDemo\MoralCompassWP\wp-content\images\IraqWar\WarScenarioBushThumbnail.jpg --> juniper.arvixe.com /osber.net/wwwroot/MoralCompassWP/wp-content/images/IraqWar WarScenarioBushThumbnail.jpg
2012.09.09 10:12 B C:\MoralCompassDemo\MoralCompassWP\wp-content\images\IraqWar\WS_FTP.LOG --> juniper.arvixe.com /osber.net/wwwroot/MoralCompassWP/wp-content/images/IraqWar WS_FTP.LOG
2012.10.01 17:32 B c:\moralcompassdemo\MoralCompassWP\wp-content\images\IraqWar\BigLilBush.jpg --> marten.arvixe.com /www/wp-content/images/IraqWar BigLilBush.jpg
2012.10.01 17:32 B c:\moralcompassdemo\MoralCompassWP\wp-content\images\IraqWar\BigLilBushThumbnail.JPG --> marten.arvixe.com /www/wp-content/images/IraqWar BigLilBushThumbnail.JPG
2012.10.01 17:32 B c:\moralcompassdemo\MoralCompassWP\wp-content\images\IraqWar\BushConfession.jpg --> marten.arvixe.com /www/wp-content/images/IraqWar BushConfession.jpg
2012.10.01 17:32 B c:\moralcompassdemo\MoralCompassWP\wp-content\images\IraqWar\CountdownBushChenyVideo.jpg --> marten.arvixe.com /www/wp-content/images/IraqWar CountdownBushChenyVideo.jpg
2012.10.01 17:32 B c:\moralcompassdemo\MoralCompassWP\wp-content\images\IraqWar\DickChenySO.jpg --> marten.arvixe.com /www/wp-content/images/IraqWar DickChenySO.jpg
2012.10.01 17:32 B c:\moralcompassdemo\MoralCompassWP\wp-content\images\IraqWar\OilCartoon.jpg --> marten.arvixe.com /www/wp-content/images/IraqWar OilCartoon.jpg
2012.10.01 17:32 B c:\moralcompassdemo\MoralCompassWP\wp-content\images\IraqWar\OilCartoonThumbnail.jpg --> marten.arvixe.com /www/wp-content/images/IraqWar OilCartoonThumbnail.jpg
2012.10.01 17:32 B c:\moralcompassdemo\MoralCompassWP\wp-content\images\IraqWar\ProofBushLied.jpg --> marten.arvixe.com /www/wp-content/images/IraqWar ProofBushLied.jpg
2012.10.01 17:32 B c:\moralcompassdemo\MoralCompassWP\wp-content\images\IraqWar\WarScenarioBush.jpg --> marten.arvixe.com /www/wp-content/images/IraqWar WarScenarioBush.jpg
2012.10.01 17:32 B c:\moralcompassdemo\MoralCompassWP\wp-content\images\IraqWar\WarScenarioBushThumbnail.jpg --> marten.arvixe.com /www/wp-content/images/IraqWar WarScenarioBushThumbnail.jpg
2012.10.01 17:32 B c:\moralcompassdemo\MoralCompassWP\wp-content\images\IraqWar\WS_FTP.LOG --> marten.arvixe.com /www/wp-content/images/IraqWar WS_FTP.LOG
