112.07.05 16:38 B C:\MoralCompass\images\Watergate\Book Draft.doc --> juniper.arvixe.com /osber.net/wwwroot/MoralCompass/images/Watergate Book Draft.doc
112.07.05 16:38 B C:\MoralCompass\images\Watergate\IAmNotACrook.jpg --> juniper.arvixe.com /osber.net/wwwroot/MoralCompass/images/Watergate IAmNotACrook.jpg
112.07.05 16:38 B C:\MoralCompass\images\Watergate\IAmNotACrook.jpg.doc --> juniper.arvixe.com /osber.net/wwwroot/MoralCompass/images/Watergate IAmNotACrook.jpg.doc
112.07.05 16:38 B C:\MoralCompass\images\Watergate\IAmNotACrookThumbnail.jpg --> juniper.arvixe.com /osber.net/wwwroot/MoralCompass/images/Watergate IAmNotACrookThumbnail.jpg
112.07.05 16:38 B C:\MoralCompass\images\Watergate\Scandal.jpg --> juniper.arvixe.com /osber.net/wwwroot/MoralCompass/images/Watergate Scandal.jpg
112.07.05 16:38 B C:\MoralCompass\images\Watergate\WatergatePun.jpg --> juniper.arvixe.com /osber.net/wwwroot/MoralCompass/images/Watergate WatergatePun.jpg
112.07.05 16:38 B C:\MoralCompass\images\Watergate\WatergatePunThumbnail.JPG --> juniper.arvixe.com /osber.net/wwwroot/MoralCompass/images/Watergate WatergatePunThumbnail.JPG
112.07.05 16:38 B C:\MoralCompass\images\Watergate\WhiteHouseNixon.gif --> juniper.arvixe.com /osber.net/wwwroot/MoralCompass/images/Watergate WhiteHouseNixon.gif
112.07.05 16:38 B C:\MoralCompass\images\Watergate\WhiteHouseNixonThumbnail.gif --> juniper.arvixe.com /osber.net/wwwroot/MoralCompass/images/Watergate WhiteHouseNixonThumbnail.gif
2012.08.16 20:16 B C:\MoralCompassWebSite\images\Watergate\WS_FTP.LOG --> juniper.arvixe.com /osber.net/wwwroot/MoralCompass/images/Watergate WS_FTP.LOG
2012.09.09 10:13 B C:\MoralCompassDemo\MoralCompassWP\wp-content\images\Watergate\Book Draft.doc --> juniper.arvixe.com /osber.net/wwwroot/MoralCompassWP/wp-content/images/Watergate Book Draft.doc
2012.09.09 10:13 B C:\MoralCompassDemo\MoralCompassWP\wp-content\images\Watergate\IAmNotACrook.jpg --> juniper.arvixe.com /osber.net/wwwroot/MoralCompassWP/wp-content/images/Watergate IAmNotACrook.jpg
2012.09.09 10:14 B C:\MoralCompassDemo\MoralCompassWP\wp-content\images\Watergate\IAmNotACrook.jpg.doc --> juniper.arvixe.com /osber.net/wwwroot/MoralCompassWP/wp-content/images/Watergate IAmNotACrook.jpg.doc
2012.09.09 10:14 B C:\MoralCompassDemo\MoralCompassWP\wp-content\images\Watergate\IAmNotACrookThumbnail.jpg --> juniper.arvixe.com /osber.net/wwwroot/MoralCompassWP/wp-content/images/Watergate IAmNotACrookThumbnail.jpg
2012.09.09 10:14 B C:\MoralCompassDemo\MoralCompassWP\wp-content\images\Watergate\Scandal.jpg --> juniper.arvixe.com /osber.net/wwwroot/MoralCompassWP/wp-content/images/Watergate Scandal.jpg
2012.09.09 10:14 B C:\MoralCompassDemo\MoralCompassWP\wp-content\images\Watergate\WatergatePun.jpg --> juniper.arvixe.com /osber.net/wwwroot/MoralCompassWP/wp-content/images/Watergate WatergatePun.jpg
2012.09.09 10:14 B C:\MoralCompassDemo\MoralCompassWP\wp-content\images\Watergate\WatergatePunThumbnail.JPG --> juniper.arvixe.com /osber.net/wwwroot/MoralCompassWP/wp-content/images/Watergate WatergatePunThumbnail.JPG
2012.09.09 10:14 B C:\MoralCompassDemo\MoralCompassWP\wp-content\images\Watergate\WhiteHouseNixon.gif --> juniper.arvixe.com /osber.net/wwwroot/MoralCompassWP/wp-content/images/Watergate WhiteHouseNixon.gif
2012.09.09 10:14 B C:\MoralCompassDemo\MoralCompassWP\wp-content\images\Watergate\WhiteHouseNixonThumbnail.gif --> juniper.arvixe.com /osber.net/wwwroot/MoralCompassWP/wp-content/images/Watergate WhiteHouseNixonThumbnail.gif
2012.09.09 10:14 B C:\MoralCompassDemo\MoralCompassWP\wp-content\images\Watergate\WS_FTP.LOG --> juniper.arvixe.com /osber.net/wwwroot/MoralCompassWP/wp-content/images/Watergate WS_FTP.LOG
2012.10.01 17:33 B c:\moralcompassdemo\MoralCompassWP\wp-content\images\Watergate\Book Draft.doc --> marten.arvixe.com /www/wp-content/images/Watergate Book Draft.doc
2012.10.01 17:33 B c:\moralcompassdemo\MoralCompassWP\wp-content\images\Watergate\IAmNotACrook.jpg --> marten.arvixe.com /www/wp-content/images/Watergate IAmNotACrook.jpg
2012.10.01 17:33 B c:\moralcompassdemo\MoralCompassWP\wp-content\images\Watergate\IAmNotACrook.jpg.doc --> marten.arvixe.com /www/wp-content/images/Watergate IAmNotACrook.jpg.doc
2012.10.01 17:33 B c:\moralcompassdemo\MoralCompassWP\wp-content\images\Watergate\IAmNotACrookThumbnail.jpg --> marten.arvixe.com /www/wp-content/images/Watergate IAmNotACrookThumbnail.jpg
2012.10.01 17:33 B c:\moralcompassdemo\MoralCompassWP\wp-content\images\Watergate\Scandal.jpg --> marten.arvixe.com /www/wp-content/images/Watergate Scandal.jpg
2012.10.01 17:33 B c:\moralcompassdemo\MoralCompassWP\wp-content\images\Watergate\WatergatePun.jpg --> marten.arvixe.com /www/wp-content/images/Watergate WatergatePun.jpg
2012.10.01 17:33 B c:\moralcompassdemo\MoralCompassWP\wp-content\images\Watergate\WatergatePunThumbnail.JPG --> marten.arvixe.com /www/wp-content/images/Watergate WatergatePunThumbnail.JPG
2012.10.01 17:33 B c:\moralcompassdemo\MoralCompassWP\wp-content\images\Watergate\WhiteHouseNixon.gif --> marten.arvixe.com /www/wp-content/images/Watergate WhiteHouseNixon.gif
2012.10.01 17:33 B c:\moralcompassdemo\MoralCompassWP\wp-content\images\Watergate\WhiteHouseNixonThumbnail.gif --> marten.arvixe.com /www/wp-content/images/Watergate WhiteHouseNixonThumbnail.gif
2012.10.01 17:33 B c:\moralcompassdemo\MoralCompassWP\wp-content\images\Watergate\WS_FTP.LOG --> marten.arvixe.com /www/wp-content/images/Watergate WS_FTP.LOG
