2012.08.16 20:14 B C:\MoralCompassWebSite\images\Clinton\CartoonClinton.jpg --> juniper.arvixe.com /osber.net/wwwroot/MoralCompass/images/Clinton CartoonClinton.jpg
2012.08.16 20:14 B C:\MoralCompassWebSite\images\Clinton\CartoonClintonThumbnail.JPG --> juniper.arvixe.com /osber.net/wwwroot/MoralCompass/images/Clinton CartoonClintonThumbnail.JPG
2012.08.16 20:14 B C:\MoralCompassWebSite\images\Clinton\ClintonLewinskyVideo.jpg --> juniper.arvixe.com /osber.net/wwwroot/MoralCompass/images/Clinton ClintonLewinskyVideo.jpg
2012.08.16 20:14 B C:\MoralCompassWebSite\images\Clinton\HypocritGingrich.jpg --> juniper.arvixe.com /osber.net/wwwroot/MoralCompass/images/Clinton HypocritGingrich.jpg
2012.08.16 20:14 B C:\MoralCompassWebSite\images\Clinton\HypocritGingrichThumbnail.JPG --> juniper.arvixe.com /osber.net/wwwroot/MoralCompass/images/Clinton HypocritGingrichThumbnail.JPG
2012.08.16 20:14 B C:\MoralCompassWebSite\images\Clinton\Thumbs.db --> juniper.arvixe.com /osber.net/wwwroot/MoralCompass/images/Clinton Thumbs.db
2012.09.09 10:11 B C:\MoralCompassDemo\MoralCompassWP\wp-content\images\Clinton\CartoonClinton.jpg --> juniper.arvixe.com /osber.net/wwwroot/MoralCompassWP/wp-content/images/Clinton CartoonClinton.jpg
2012.09.09 10:11 B C:\MoralCompassDemo\MoralCompassWP\wp-content\images\Clinton\CartoonClintonThumbnail.JPG --> juniper.arvixe.com /osber.net/wwwroot/MoralCompassWP/wp-content/images/Clinton CartoonClintonThumbnail.JPG
2012.09.09 10:11 B C:\MoralCompassDemo\MoralCompassWP\wp-content\images\Clinton\ClintonLewinskyVideo.jpg --> juniper.arvixe.com /osber.net/wwwroot/MoralCompassWP/wp-content/images/Clinton ClintonLewinskyVideo.jpg
2012.09.09 10:11 B C:\MoralCompassDemo\MoralCompassWP\wp-content\images\Clinton\HypocritGingrich.jpg --> juniper.arvixe.com /osber.net/wwwroot/MoralCompassWP/wp-content/images/Clinton HypocritGingrich.jpg
2012.09.09 10:11 B C:\MoralCompassDemo\MoralCompassWP\wp-content\images\Clinton\HypocritGingrichThumbnail.JPG --> juniper.arvixe.com /osber.net/wwwroot/MoralCompassWP/wp-content/images/Clinton HypocritGingrichThumbnail.JPG
2012.09.09 10:11 B C:\MoralCompassDemo\MoralCompassWP\wp-content\images\Clinton\Thumbs.db --> juniper.arvixe.com /osber.net/wwwroot/MoralCompassWP/wp-content/images/Clinton Thumbs.db
2012.09.09 10:11 B C:\MoralCompassDemo\MoralCompassWP\wp-content\images\Clinton\WS_FTP.LOG --> juniper.arvixe.com /osber.net/wwwroot/MoralCompassWP/wp-content/images/Clinton WS_FTP.LOG
2012.10.01 17:32 B c:\moralcompassdemo\MoralCompassWP\wp-content\images\Clinton\CartoonClinton.jpg --> marten.arvixe.com /www/wp-content/images/Clinton CartoonClinton.jpg
2012.10.01 17:32 B c:\moralcompassdemo\MoralCompassWP\wp-content\images\Clinton\CartoonClintonThumbnail.JPG --> marten.arvixe.com /www/wp-content/images/Clinton CartoonClintonThumbnail.JPG
2012.10.01 17:32 B c:\moralcompassdemo\MoralCompassWP\wp-content\images\Clinton\ClintonLewinskyVideo.jpg --> marten.arvixe.com /www/wp-content/images/Clinton ClintonLewinskyVideo.jpg
2012.10.01 17:32 B c:\moralcompassdemo\MoralCompassWP\wp-content\images\Clinton\HypocritGingrich.jpg --> marten.arvixe.com /www/wp-content/images/Clinton HypocritGingrich.jpg
2012.10.01 17:32 B c:\moralcompassdemo\MoralCompassWP\wp-content\images\Clinton\HypocritGingrichThumbnail.JPG --> marten.arvixe.com /www/wp-content/images/Clinton HypocritGingrichThumbnail.JPG
2012.10.01 17:32 B c:\moralcompassdemo\MoralCompassWP\wp-content\images\Clinton\Thumbs.db --> marten.arvixe.com /www/wp-content/images/Clinton Thumbs.db
2012.10.01 17:32 B c:\moralcompassdemo\MoralCompassWP\wp-content\images\Clinton\WS_FTP.LOG --> marten.arvixe.com /www/wp-content/images/Clinton WS_FTP.LOG
