2012.09.09 10:17 B C:\MoralCompassDemo\MoralCompassWP\wp-content\themes\adventure-journal\404.php --> juniper.arvixe.com /osber.net/wwwroot/MoralCompassWP/wp-content/themes/adventure-journal 404.php
2012.09.09 10:17 B C:\MoralCompassDemo\MoralCompassWP\wp-content\themes\adventure-journal\aj.js --> juniper.arvixe.com /osber.net/wwwroot/MoralCompassWP/wp-content/themes/adventure-journal aj.js
2012.09.09 10:17 B C:\MoralCompassDemo\MoralCompassWP\wp-content\themes\adventure-journal\archive.php --> juniper.arvixe.com /osber.net/wwwroot/MoralCompassWP/wp-content/themes/adventure-journal archive.php
2012.09.09 10:17 B C:\MoralCompassDemo\MoralCompassWP\wp-content\themes\adventure-journal\author.php --> juniper.arvixe.com /osber.net/wwwroot/MoralCompassWP/wp-content/themes/adventure-journal author.php
2012.09.09 10:17 B C:\MoralCompassDemo\MoralCompassWP\wp-content\themes\adventure-journal\bh.js --> juniper.arvixe.com /osber.net/wwwroot/MoralCompassWP/wp-content/themes/adventure-journal bh.js
2012.09.09 10:17 B C:\MoralCompassDemo\MoralCompassWP\wp-content\themes\adventure-journal\category.php --> juniper.arvixe.com /osber.net/wwwroot/MoralCompassWP/wp-content/themes/adventure-journal category.php
2012.09.09 10:17 B C:\MoralCompassDemo\MoralCompassWP\wp-content\themes\adventure-journal\comments-popup.php --> juniper.arvixe.com /osber.net/wwwroot/MoralCompassWP/wp-content/themes/adventure-journal comments-popup.php
2012.09.09 10:17 B C:\MoralCompassDemo\MoralCompassWP\wp-content\themes\adventure-journal\comments.php --> juniper.arvixe.com /osber.net/wwwroot/MoralCompassWP/wp-content/themes/adventure-journal comments.php
2012.09.09 10:17 B C:\MoralCompassDemo\MoralCompassWP\wp-content\themes\adventure-journal\footer.php --> juniper.arvixe.com /osber.net/wwwroot/MoralCompassWP/wp-content/themes/adventure-journal footer.php
2012.09.09 10:17 B C:\MoralCompassDemo\MoralCompassWP\wp-content\themes\adventure-journal\functions.php --> juniper.arvixe.com /osber.net/wwwroot/MoralCompassWP/wp-content/themes/adventure-journal functions.php
2012.09.09 10:17 B C:\MoralCompassDemo\MoralCompassWP\wp-content\themes\adventure-journal\header.php --> juniper.arvixe.com /osber.net/wwwroot/MoralCompassWP/wp-content/themes/adventure-journal header.php
2012.09.09 10:17 B C:\MoralCompassDemo\MoralCompassWP\wp-content\themes\adventure-journal\index.php --> juniper.arvixe.com /osber.net/wwwroot/MoralCompassWP/wp-content/themes/adventure-journal index.php
2012.09.09 10:17 B C:\MoralCompassDemo\MoralCompassWP\wp-content\themes\adventure-journal\license.txt --> juniper.arvixe.com /osber.net/wwwroot/MoralCompassWP/wp-content/themes/adventure-journal license.txt
2012.09.09 10:17 B C:\MoralCompassDemo\MoralCompassWP\wp-content\themes\adventure-journal\loop.php --> juniper.arvixe.com /osber.net/wwwroot/MoralCompassWP/wp-content/themes/adventure-journal loop.php
2012.09.09 10:17 B C:\MoralCompassDemo\MoralCompassWP\wp-content\themes\adventure-journal\page.php --> juniper.arvixe.com /osber.net/wwwroot/MoralCompassWP/wp-content/themes/adventure-journal page.php
2012.09.09 10:17 B C:\MoralCompassDemo\MoralCompassWP\wp-content\themes\adventure-journal\readme.txt --> juniper.arvixe.com /osber.net/wwwroot/MoralCompassWP/wp-content/themes/adventure-journal readme.txt
2012.09.09 10:17 B C:\MoralCompassDemo\MoralCompassWP\wp-content\themes\adventure-journal\screenshot.png --> juniper.arvixe.com /osber.net/wwwroot/MoralCompassWP/wp-content/themes/adventure-journal screenshot.png
2012.09.09 10:17 B C:\MoralCompassDemo\MoralCompassWP\wp-content\themes\adventure-journal\search.php --> juniper.arvixe.com /osber.net/wwwroot/MoralCompassWP/wp-content/themes/adventure-journal search.php
2012.09.09 10:17 B C:\MoralCompassDemo\MoralCompassWP\wp-content\themes\adventure-journal\sidebar.php --> juniper.arvixe.com /osber.net/wwwroot/MoralCompassWP/wp-content/themes/adventure-journal sidebar.php
2012.09.09 10:17 B C:\MoralCompassDemo\MoralCompassWP\wp-content\themes\adventure-journal\single.php --> juniper.arvixe.com /osber.net/wwwroot/MoralCompassWP/wp-content/themes/adventure-journal single.php
2012.09.09 10:17 B C:\MoralCompassDemo\MoralCompassWP\wp-content\themes\adventure-journal\style-ie.css --> juniper.arvixe.com /osber.net/wwwroot/MoralCompassWP/wp-content/themes/adventure-journal style-ie.css
2012.09.09 10:17 B C:\MoralCompassDemo\MoralCompassWP\wp-content\themes\adventure-journal\style.css --> juniper.arvixe.com /osber.net/wwwroot/MoralCompassWP/wp-content/themes/adventure-journal style.css
2012.09.09 10:17 B C:\MoralCompassDemo\MoralCompassWP\wp-content\themes\adventure-journal\tag.php --> juniper.arvixe.com /osber.net/wwwroot/MoralCompassWP/wp-content/themes/adventure-journal tag.php
2012.09.09 10:17 B C:\MoralCompassDemo\MoralCompassWP\wp-content\themes\adventure-journal\template-onecol.php --> juniper.arvixe.com /osber.net/wwwroot/MoralCompassWP/wp-content/themes/adventure-journal template-onecol.php
2012.09.09 10:17 B C:\MoralCompassDemo\MoralCompassWP\wp-content\themes\adventure-journal\template-threecol.php --> juniper.arvixe.com /osber.net/wwwroot/MoralCompassWP/wp-content/themes/adventure-journal template-threecol.php
2012.09.09 10:17 B C:\MoralCompassDemo\MoralCompassWP\wp-content\themes\adventure-journal\template-twocol_left.php --> juniper.arvixe.com /osber.net/wwwroot/MoralCompassWP/wp-content/themes/adventure-journal template-twocol_left.php
2012.09.09 10:17 B C:\MoralCompassDemo\MoralCompassWP\wp-content\themes\adventure-journal\template-twocol_right.php --> juniper.arvixe.com /osber.net/wwwroot/MoralCompassWP/wp-content/themes/adventure-journal template-twocol_right.php
