2012.09.09 10:33 B C:\MoralCompassDemo\MoralCompassWP\.project --> juniper.arvixe.com /osber.net/wwwroot/MoralCompassWP .project
2012.09.09 10:33 B C:\MoralCompassDemo\MoralCompassWP\index.php --> juniper.arvixe.com /osber.net/wwwroot/MoralCompassWP index.php
2012.09.09 10:33 B C:\MoralCompassDemo\MoralCompassWP\license.txt --> juniper.arvixe.com /osber.net/wwwroot/MoralCompassWP license.txt
2012.09.09 10:33 B C:\MoralCompassDemo\MoralCompassWP\readme.html --> juniper.arvixe.com /osber.net/wwwroot/MoralCompassWP readme.html
2012.09.09 10:33 B C:\MoralCompassDemo\MoralCompassWP\wp-activate.php --> juniper.arvixe.com /osber.net/wwwroot/MoralCompassWP wp-activate.php
2012.09.09 10:33 B C:\MoralCompassDemo\MoralCompassWP\wp-app.php --> juniper.arvixe.com /osber.net/wwwroot/MoralCompassWP wp-app.php
2012.09.09 10:33 B C:\MoralCompassDemo\MoralCompassWP\wp-blog-header.php --> juniper.arvixe.com /osber.net/wwwroot/MoralCompassWP wp-blog-header.php
2012.09.09 10:33 B C:\MoralCompassDemo\MoralCompassWP\wp-comments-post.php --> juniper.arvixe.com /osber.net/wwwroot/MoralCompassWP wp-comments-post.php
2012.09.09 10:33 B C:\MoralCompassDemo\MoralCompassWP\wp-config.php --> juniper.arvixe.com /osber.net/wwwroot/MoralCompassWP wp-config.php
2012.09.09 10:33 B C:\MoralCompassDemo\MoralCompassWP\wp-cron.php --> juniper.arvixe.com /osber.net/wwwroot/MoralCompassWP wp-cron.php
2012.09.09 10:33 B C:\MoralCompassDemo\MoralCompassWP\wp-links-opml.php --> juniper.arvixe.com /osber.net/wwwroot/MoralCompassWP wp-links-opml.php
2012.09.09 10:33 B C:\MoralCompassDemo\MoralCompassWP\wp-load.php --> juniper.arvixe.com /osber.net/wwwroot/MoralCompassWP wp-load.php
2012.09.09 10:33 B C:\MoralCompassDemo\MoralCompassWP\wp-login.php --> juniper.arvixe.com /osber.net/wwwroot/MoralCompassWP wp-login.php
2012.09.09 10:33 B C:\MoralCompassDemo\MoralCompassWP\wp-mail.php --> juniper.arvixe.com /osber.net/wwwroot/MoralCompassWP wp-mail.php
2012.09.09 10:33 B C:\MoralCompassDemo\MoralCompassWP\wp-pass.php --> juniper.arvixe.com /osber.net/wwwroot/MoralCompassWP wp-pass.php
2012.09.09 10:33 B C:\MoralCompassDemo\MoralCompassWP\wp-register.php --> juniper.arvixe.com /osber.net/wwwroot/MoralCompassWP wp-register.php
2012.09.09 10:33 B C:\MoralCompassDemo\MoralCompassWP\wp-settings.php --> juniper.arvixe.com /osber.net/wwwroot/MoralCompassWP wp-settings.php
2012.09.09 10:33 B C:\MoralCompassDemo\MoralCompassWP\wp-signup.php --> juniper.arvixe.com /osber.net/wwwroot/MoralCompassWP wp-signup.php
2012.09.09 10:33 B C:\MoralCompassDemo\MoralCompassWP\wp-trackback.php --> juniper.arvixe.com /osber.net/wwwroot/MoralCompassWP wp-trackback.php
2012.09.09 10:33 B C:\MoralCompassDemo\MoralCompassWP\xmlrpc.php --> juniper.arvixe.com /osber.net/wwwroot/MoralCompassWP xmlrpc.php
2012.09.16 11:05 B C:\MoralCompassDemo\MoralCompassWP\wp-config.php --> juniper.arvixe.com /osber.net/wwwroot/MoralCompassWP wp-config.php
