2012.09.09 10:09 B C:\MoralCompassDemo\MoralCompassWP\wp-admin\includes\admin.php --> juniper.arvixe.com /osber.net/wwwroot/MoralCompassWP/wp-admin/includes admin.php
2012.09.09 10:09 B C:\MoralCompassDemo\MoralCompassWP\wp-admin\includes\bookmark.php --> juniper.arvixe.com /osber.net/wwwroot/MoralCompassWP/wp-admin/includes bookmark.php
2012.09.09 10:09 B C:\MoralCompassDemo\MoralCompassWP\wp-admin\includes\class-ftp-pure.php --> juniper.arvixe.com /osber.net/wwwroot/MoralCompassWP/wp-admin/includes class-ftp-pure.php
2012.09.09 10:09 B C:\MoralCompassDemo\MoralCompassWP\wp-admin\includes\class-ftp-sockets.php --> juniper.arvixe.com /osber.net/wwwroot/MoralCompassWP/wp-admin/includes class-ftp-sockets.php
2012.09.09 10:09 B C:\MoralCompassDemo\MoralCompassWP\wp-admin\includes\class-ftp.php --> juniper.arvixe.com /osber.net/wwwroot/MoralCompassWP/wp-admin/includes class-ftp.php
2012.09.09 10:09 B C:\MoralCompassDemo\MoralCompassWP\wp-admin\includes\class-pclzip.php --> juniper.arvixe.com /osber.net/wwwroot/MoralCompassWP/wp-admin/includes class-pclzip.php
2012.09.09 10:09 B C:\MoralCompassDemo\MoralCompassWP\wp-admin\includes\class-wp-comments-list-table.php --> juniper.arvixe.com /osber.net/wwwroot/MoralCompassWP/wp-admin/includes class-wp-comments-list-table.php
2012.09.09 10:09 B C:\MoralCompassDemo\MoralCompassWP\wp-admin\includes\class-wp-filesystem-base.php --> juniper.arvixe.com /osber.net/wwwroot/MoralCompassWP/wp-admin/includes class-wp-filesystem-base.php
2012.09.09 10:09 B C:\MoralCompassDemo\MoralCompassWP\wp-admin\includes\class-wp-filesystem-direct.php --> juniper.arvixe.com /osber.net/wwwroot/MoralCompassWP/wp-admin/includes class-wp-filesystem-direct.php
2012.09.09 10:09 B C:\MoralCompassDemo\MoralCompassWP\wp-admin\includes\class-wp-filesystem-ftpext.php --> juniper.arvixe.com /osber.net/wwwroot/MoralCompassWP/wp-admin/includes class-wp-filesystem-ftpext.php
2012.09.09 10:09 B C:\MoralCompassDemo\MoralCompassWP\wp-admin\includes\class-wp-filesystem-ftpsockets.php --> juniper.arvixe.com /osber.net/wwwroot/MoralCompassWP/wp-admin/includes class-wp-filesystem-ftpsockets.php
2012.09.09 10:09 B C:\MoralCompassDemo\MoralCompassWP\wp-admin\includes\class-wp-filesystem-ssh2.php --> juniper.arvixe.com /osber.net/wwwroot/MoralCompassWP/wp-admin/includes class-wp-filesystem-ssh2.php
2012.09.09 10:09 B C:\MoralCompassDemo\MoralCompassWP\wp-admin\includes\class-wp-importer.php --> juniper.arvixe.com /osber.net/wwwroot/MoralCompassWP/wp-admin/includes class-wp-importer.php
2012.09.09 10:09 B C:\MoralCompassDemo\MoralCompassWP\wp-admin\includes\class-wp-links-list-table.php --> juniper.arvixe.com /osber.net/wwwroot/MoralCompassWP/wp-admin/includes class-wp-links-list-table.php
2012.09.09 10:09 B C:\MoralCompassDemo\MoralCompassWP\wp-admin\includes\class-wp-list-table.php --> juniper.arvixe.com /osber.net/wwwroot/MoralCompassWP/wp-admin/includes class-wp-list-table.php
2012.09.09 10:09 B C:\MoralCompassDemo\MoralCompassWP\wp-admin\includes\class-wp-media-list-table.php --> juniper.arvixe.com /osber.net/wwwroot/MoralCompassWP/wp-admin/includes class-wp-media-list-table.php
2012.09.09 10:09 B C:\MoralCompassDemo\MoralCompassWP\wp-admin\includes\class-wp-ms-sites-list-table.php --> juniper.arvixe.com /osber.net/wwwroot/MoralCompassWP/wp-admin/includes class-wp-ms-sites-list-table.php
2012.09.09 10:09 B C:\MoralCompassDemo\MoralCompassWP\wp-admin\includes\class-wp-ms-themes-list-table.php --> juniper.arvixe.com /osber.net/wwwroot/MoralCompassWP/wp-admin/includes class-wp-ms-themes-list-table.php
2012.09.09 10:09 B C:\MoralCompassDemo\MoralCompassWP\wp-admin\includes\class-wp-ms-users-list-table.php --> juniper.arvixe.com /osber.net/wwwroot/MoralCompassWP/wp-admin/includes class-wp-ms-users-list-table.php
2012.09.09 10:09 B C:\MoralCompassDemo\MoralCompassWP\wp-admin\includes\class-wp-plugin-install-list-table.php --> juniper.arvixe.com /osber.net/wwwroot/MoralCompassWP/wp-admin/includes class-wp-plugin-install-list-table.php
2012.09.09 10:09 B C:\MoralCompassDemo\MoralCompassWP\wp-admin\includes\class-wp-plugins-list-table.php --> juniper.arvixe.com /osber.net/wwwroot/MoralCompassWP/wp-admin/includes class-wp-plugins-list-table.php
2012.09.09 10:09 B C:\MoralCompassDemo\MoralCompassWP\wp-admin\includes\class-wp-posts-list-table.php --> juniper.arvixe.com /osber.net/wwwroot/MoralCompassWP/wp-admin/includes class-wp-posts-list-table.php
2012.09.09 10:09 B C:\MoralCompassDemo\MoralCompassWP\wp-admin\includes\class-wp-terms-list-table.php --> juniper.arvixe.com /osber.net/wwwroot/MoralCompassWP/wp-admin/includes class-wp-terms-list-table.php
2012.09.09 10:09 B C:\MoralCompassDemo\MoralCompassWP\wp-admin\includes\class-wp-theme-install-list-table.php --> juniper.arvixe.com /osber.net/wwwroot/MoralCompassWP/wp-admin/includes class-wp-theme-install-list-table.php
2012.09.09 10:09 B C:\MoralCompassDemo\MoralCompassWP\wp-admin\includes\class-wp-themes-list-table.php --> juniper.arvixe.com /osber.net/wwwroot/MoralCompassWP/wp-admin/includes class-wp-themes-list-table.php
2012.09.09 10:09 B C:\MoralCompassDemo\MoralCompassWP\wp-admin\includes\class-wp-upgrader.php --> juniper.arvixe.com /osber.net/wwwroot/MoralCompassWP/wp-admin/includes class-wp-upgrader.php
2012.09.09 10:09 B C:\MoralCompassDemo\MoralCompassWP\wp-admin\includes\class-wp-users-list-table.php --> juniper.arvixe.com /osber.net/wwwroot/MoralCompassWP/wp-admin/includes class-wp-users-list-table.php
2012.09.09 10:09 B C:\MoralCompassDemo\MoralCompassWP\wp-admin\includes\comment.php --> juniper.arvixe.com /osber.net/wwwroot/MoralCompassWP/wp-admin/includes comment.php
2012.09.09 10:09 B C:\MoralCompassDemo\MoralCompassWP\wp-admin\includes\continents-cities.php --> juniper.arvixe.com /osber.net/wwwroot/MoralCompassWP/wp-admin/includes continents-cities.php
2012.09.09 10:09 B C:\MoralCompassDemo\MoralCompassWP\wp-admin\includes\dashboard.php --> juniper.arvixe.com /osber.net/wwwroot/MoralCompassWP/wp-admin/includes dashboard.php
2012.09.09 10:09 B C:\MoralCompassDemo\MoralCompassWP\wp-admin\includes\deprecated.php --> juniper.arvixe.com /osber.net/wwwroot/MoralCompassWP/wp-admin/includes deprecated.php
2012.09.09 10:09 B C:\MoralCompassDemo\MoralCompassWP\wp-admin\includes\export.php --> juniper.arvixe.com /osber.net/wwwroot/MoralCompassWP/wp-admin/includes export.php
2012.09.09 10:09 B C:\MoralCompassDemo\MoralCompassWP\wp-admin\includes\file.php --> juniper.arvixe.com /osber.net/wwwroot/MoralCompassWP/wp-admin/includes file.php
2012.09.09 10:09 B C:\MoralCompassDemo\MoralCompassWP\wp-admin\includes\image-edit.php --> juniper.arvixe.com /osber.net/wwwroot/MoralCompassWP/wp-admin/includes image-edit.php
2012.09.09 10:09 B C:\MoralCompassDemo\MoralCompassWP\wp-admin\includes\image.php --> juniper.arvixe.com /osber.net/wwwroot/MoralCompassWP/wp-admin/includes image.php
2012.09.09 10:09 B C:\MoralCompassDemo\MoralCompassWP\wp-admin\includes\import.php --> juniper.arvixe.com /osber.net/wwwroot/MoralCompassWP/wp-admin/includes import.php
2012.09.09 10:09 B C:\MoralCompassDemo\MoralCompassWP\wp-admin\includes\list-table.php --> juniper.arvixe.com /osber.net/wwwroot/MoralCompassWP/wp-admin/includes list-table.php
2012.09.09 10:09 B C:\MoralCompassDemo\MoralCompassWP\wp-admin\includes\manifest.php --> juniper.arvixe.com /osber.net/wwwroot/MoralCompassWP/wp-admin/includes manifest.php
2012.09.09 10:09 B C:\MoralCompassDemo\MoralCompassWP\wp-admin\includes\media.php --> juniper.arvixe.com /osber.net/wwwroot/MoralCompassWP/wp-admin/includes media.php
2012.09.09 10:09 B C:\MoralCompassDemo\MoralCompassWP\wp-admin\includes\menu.php --> juniper.arvixe.com /osber.net/wwwroot/MoralCompassWP/wp-admin/includes menu.php
2012.09.09 10:09 B C:\MoralCompassDemo\MoralCompassWP\wp-admin\includes\meta-boxes.php --> juniper.arvixe.com /osber.net/wwwroot/MoralCompassWP/wp-admin/includes meta-boxes.php
2012.09.09 10:09 B C:\MoralCompassDemo\MoralCompassWP\wp-admin\includes\misc.php --> juniper.arvixe.com /osber.net/wwwroot/MoralCompassWP/wp-admin/includes misc.php
2012.09.09 10:09 B C:\MoralCompassDemo\MoralCompassWP\wp-admin\includes\ms-deprecated.php --> juniper.arvixe.com /osber.net/wwwroot/MoralCompassWP/wp-admin/includes ms-deprecated.php
2012.09.09 10:09 B C:\MoralCompassDemo\MoralCompassWP\wp-admin\includes\ms.php --> juniper.arvixe.com /osber.net/wwwroot/MoralCompassWP/wp-admin/includes ms.php
2012.09.09 10:09 B C:\MoralCompassDemo\MoralCompassWP\wp-admin\includes\nav-menu.php --> juniper.arvixe.com /osber.net/wwwroot/MoralCompassWP/wp-admin/includes nav-menu.php
2012.09.09 10:09 B C:\MoralCompassDemo\MoralCompassWP\wp-admin\includes\plugin-install.php --> juniper.arvixe.com /osber.net/wwwroot/MoralCompassWP/wp-admin/includes plugin-install.php
2012.09.09 10:09 B C:\MoralCompassDemo\MoralCompassWP\wp-admin\includes\plugin.php --> juniper.arvixe.com /osber.net/wwwroot/MoralCompassWP/wp-admin/includes plugin.php
2012.09.09 10:09 B C:\MoralCompassDemo\MoralCompassWP\wp-admin\includes\post.php --> juniper.arvixe.com /osber.net/wwwroot/MoralCompassWP/wp-admin/includes post.php
2012.09.09 10:09 B C:\MoralCompassDemo\MoralCompassWP\wp-admin\includes\schema.php --> juniper.arvixe.com /osber.net/wwwroot/MoralCompassWP/wp-admin/includes schema.php
2012.09.09 10:09 B C:\MoralCompassDemo\MoralCompassWP\wp-admin\includes\screen.php --> juniper.arvixe.com /osber.net/wwwroot/MoralCompassWP/wp-admin/includes screen.php
2012.09.09 10:09 B C:\MoralCompassDemo\MoralCompassWP\wp-admin\includes\taxonomy.php --> juniper.arvixe.com /osber.net/wwwroot/MoralCompassWP/wp-admin/includes taxonomy.php
2012.09.09 10:09 B C:\MoralCompassDemo\MoralCompassWP\wp-admin\includes\template.php --> juniper.arvixe.com /osber.net/wwwroot/MoralCompassWP/wp-admin/includes template.php
2012.09.09 10:09 B C:\MoralCompassDemo\MoralCompassWP\wp-admin\includes\theme-install.php --> juniper.arvixe.com /osber.net/wwwroot/MoralCompassWP/wp-admin/includes theme-install.php
2012.09.09 10:09 B C:\MoralCompassDemo\MoralCompassWP\wp-admin\includes\theme.php --> juniper.arvixe.com /osber.net/wwwroot/MoralCompassWP/wp-admin/includes theme.php
2012.09.09 10:09 B C:\MoralCompassDemo\MoralCompassWP\wp-admin\includes\update-core.php --> juniper.arvixe.com /osber.net/wwwroot/MoralCompassWP/wp-admin/includes update-core.php
2012.09.09 10:09 B C:\MoralCompassDemo\MoralCompassWP\wp-admin\includes\update.php --> juniper.arvixe.com /osber.net/wwwroot/MoralCompassWP/wp-admin/includes update.php
2012.09.09 10:09 B C:\MoralCompassDemo\MoralCompassWP\wp-admin\includes\upgrade.php --> juniper.arvixe.com /osber.net/wwwroot/MoralCompassWP/wp-admin/includes upgrade.php
2012.09.09 10:09 B C:\MoralCompassDemo\MoralCompassWP\wp-admin\includes\user.php --> juniper.arvixe.com /osber.net/wwwroot/MoralCompassWP/wp-admin/includes user.php
2012.09.09 10:09 B C:\MoralCompassDemo\MoralCompassWP\wp-admin\includes\widgets.php --> juniper.arvixe.com /osber.net/wwwroot/MoralCompassWP/wp-admin/includes widgets.php
