2012.09.09 10:28 B C:\MoralCompassDemo\MoralCompassWP\wp-includes\images\smilies\icon_arrow.gif --> juniper.arvixe.com /osber.net/wwwroot/MoralCompassWP/wp-includes/images/smilies icon_arrow.gif
2012.09.09 10:28 B C:\MoralCompassDemo\MoralCompassWP\wp-includes\images\smilies\icon_biggrin.gif --> juniper.arvixe.com /osber.net/wwwroot/MoralCompassWP/wp-includes/images/smilies icon_biggrin.gif
2012.09.09 10:28 B C:\MoralCompassDemo\MoralCompassWP\wp-includes\images\smilies\icon_confused.gif --> juniper.arvixe.com /osber.net/wwwroot/MoralCompassWP/wp-includes/images/smilies icon_confused.gif
2012.09.09 10:28 B C:\MoralCompassDemo\MoralCompassWP\wp-includes\images\smilies\icon_cool.gif --> juniper.arvixe.com /osber.net/wwwroot/MoralCompassWP/wp-includes/images/smilies icon_cool.gif
2012.09.09 10:28 B C:\MoralCompassDemo\MoralCompassWP\wp-includes\images\smilies\icon_cry.gif --> juniper.arvixe.com /osber.net/wwwroot/MoralCompassWP/wp-includes/images/smilies icon_cry.gif
2012.09.09 10:28 B C:\MoralCompassDemo\MoralCompassWP\wp-includes\images\smilies\icon_eek.gif --> juniper.arvixe.com /osber.net/wwwroot/MoralCompassWP/wp-includes/images/smilies icon_eek.gif
2012.09.09 10:28 B C:\MoralCompassDemo\MoralCompassWP\wp-includes\images\smilies\icon_evil.gif --> juniper.arvixe.com /osber.net/wwwroot/MoralCompassWP/wp-includes/images/smilies icon_evil.gif
2012.09.09 10:28 B C:\MoralCompassDemo\MoralCompassWP\wp-includes\images\smilies\icon_exclaim.gif --> juniper.arvixe.com /osber.net/wwwroot/MoralCompassWP/wp-includes/images/smilies icon_exclaim.gif
2012.09.09 10:28 B C:\MoralCompassDemo\MoralCompassWP\wp-includes\images\smilies\icon_idea.gif --> juniper.arvixe.com /osber.net/wwwroot/MoralCompassWP/wp-includes/images/smilies icon_idea.gif
2012.09.09 10:28 B C:\MoralCompassDemo\MoralCompassWP\wp-includes\images\smilies\icon_lol.gif --> juniper.arvixe.com /osber.net/wwwroot/MoralCompassWP/wp-includes/images/smilies icon_lol.gif
2012.09.09 10:28 B C:\MoralCompassDemo\MoralCompassWP\wp-includes\images\smilies\icon_mad.gif --> juniper.arvixe.com /osber.net/wwwroot/MoralCompassWP/wp-includes/images/smilies icon_mad.gif
2012.09.09 10:28 B C:\MoralCompassDemo\MoralCompassWP\wp-includes\images\smilies\icon_mrgreen.gif --> juniper.arvixe.com /osber.net/wwwroot/MoralCompassWP/wp-includes/images/smilies icon_mrgreen.gif
2012.09.09 10:28 B C:\MoralCompassDemo\MoralCompassWP\wp-includes\images\smilies\icon_neutral.gif --> juniper.arvixe.com /osber.net/wwwroot/MoralCompassWP/wp-includes/images/smilies icon_neutral.gif
2012.09.09 10:28 B C:\MoralCompassDemo\MoralCompassWP\wp-includes\images\smilies\icon_question.gif --> juniper.arvixe.com /osber.net/wwwroot/MoralCompassWP/wp-includes/images/smilies icon_question.gif
2012.09.09 10:28 B C:\MoralCompassDemo\MoralCompassWP\wp-includes\images\smilies\icon_razz.gif --> juniper.arvixe.com /osber.net/wwwroot/MoralCompassWP/wp-includes/images/smilies icon_razz.gif
2012.09.09 10:28 B C:\MoralCompassDemo\MoralCompassWP\wp-includes\images\smilies\icon_redface.gif --> juniper.arvixe.com /osber.net/wwwroot/MoralCompassWP/wp-includes/images/smilies icon_redface.gif
2012.09.09 10:28 B C:\MoralCompassDemo\MoralCompassWP\wp-includes\images\smilies\icon_rolleyes.gif --> juniper.arvixe.com /osber.net/wwwroot/MoralCompassWP/wp-includes/images/smilies icon_rolleyes.gif
2012.09.09 10:28 B C:\MoralCompassDemo\MoralCompassWP\wp-includes\images\smilies\icon_sad.gif --> juniper.arvixe.com /osber.net/wwwroot/MoralCompassWP/wp-includes/images/smilies icon_sad.gif
2012.09.09 10:28 B C:\MoralCompassDemo\MoralCompassWP\wp-includes\images\smilies\icon_smile.gif --> juniper.arvixe.com /osber.net/wwwroot/MoralCompassWP/wp-includes/images/smilies icon_smile.gif
2012.09.09 10:28 B C:\MoralCompassDemo\MoralCompassWP\wp-includes\images\smilies\icon_surprised.gif --> juniper.arvixe.com /osber.net/wwwroot/MoralCompassWP/wp-includes/images/smilies icon_surprised.gif
2012.09.09 10:28 B C:\MoralCompassDemo\MoralCompassWP\wp-includes\images\smilies\icon_twisted.gif --> juniper.arvixe.com /osber.net/wwwroot/MoralCompassWP/wp-includes/images/smilies icon_twisted.gif
2012.09.09 10:28 B C:\MoralCompassDemo\MoralCompassWP\wp-includes\images\smilies\icon_wink.gif --> juniper.arvixe.com /osber.net/wwwroot/MoralCompassWP/wp-includes/images/smilies icon_wink.gif
