2012.08.18 07:54 B C:\MoralCompassViv\wp-content\themes\compass\img\bg-header.jpg <-- Viv Web Design /public_html/wp-content/themes/compass/img bg-header.jpg
2012.08.18 07:54 B C:\MoralCompassViv\wp-content\themes\compass\img\heading-edge.png <-- Viv Web Design /public_html/wp-content/themes/compass/img heading-edge.png
2012.08.18 07:54 B C:\MoralCompassViv\wp-content\themes\compass\img\logo.png <-- Viv Web Design /public_html/wp-content/themes/compass/img logo.png
2012.08.18 07:54 B C:\MoralCompassViv\wp-content\themes\compass\img\popover-arrow.png <-- Viv Web Design /public_html/wp-content/themes/compass/img popover-arrow.png
2012.08.18 07:54 B C:\MoralCompassViv\wp-content\themes\compass\img\r-arrow.png <-- Viv Web Design /public_html/wp-content/themes/compass/img r-arrow.png
2012.08.18 07:54 B C:\MoralCompassViv\wp-content\themes\compass\img\revolving-door.jpg <-- Viv Web Design /public_html/wp-content/themes/compass/img revolving-door.jpg
2012.08.18 07:54 B C:\MoralCompassViv\wp-content\themes\compass\img\sample.jpg <-- Viv Web Design /public_html/wp-content/themes/compass/img sample.jpg
2012.08.18 07:54 B C:\MoralCompassViv\wp-content\themes\compass\img\willie-horton.jpg <-- Viv Web Design /public_html/wp-content/themes/compass/img willie-horton.jpg
2012.09.09 10:17 B C:\MoralCompassDemo\MoralCompassWP\wp-content\themes\compass\img\bg-header.jpg --> juniper.arvixe.com /osber.net/wwwroot/MoralCompassWP/wp-content/themes/compass/img bg-header.jpg
2012.09.09 10:17 B C:\MoralCompassDemo\MoralCompassWP\wp-content\themes\compass\img\heading-edge.png --> juniper.arvixe.com /osber.net/wwwroot/MoralCompassWP/wp-content/themes/compass/img heading-edge.png
2012.09.09 10:17 B C:\MoralCompassDemo\MoralCompassWP\wp-content\themes\compass\img\l-arrow.png --> juniper.arvixe.com /osber.net/wwwroot/MoralCompassWP/wp-content/themes/compass/img l-arrow.png
2012.09.09 10:17 B C:\MoralCompassDemo\MoralCompassWP\wp-content\themes\compass\img\log-in.png --> juniper.arvixe.com /osber.net/wwwroot/MoralCompassWP/wp-content/themes/compass/img log-in.png
2012.09.09 10:17 B C:\MoralCompassDemo\MoralCompassWP\wp-content\themes\compass\img\logo.png --> juniper.arvixe.com /osber.net/wwwroot/MoralCompassWP/wp-content/themes/compass/img logo.png
2012.09.09 10:17 B C:\MoralCompassDemo\MoralCompassWP\wp-content\themes\compass\img\popover-arrow.png --> juniper.arvixe.com /osber.net/wwwroot/MoralCompassWP/wp-content/themes/compass/img popover-arrow.png
2012.09.09 10:17 B C:\MoralCompassDemo\MoralCompassWP\wp-content\themes\compass\img\r-arrow.png --> juniper.arvixe.com /osber.net/wwwroot/MoralCompassWP/wp-content/themes/compass/img r-arrow.png
2012.09.09 10:17 B C:\MoralCompassDemo\MoralCompassWP\wp-content\themes\compass\img\revolving-door.jpg --> juniper.arvixe.com /osber.net/wwwroot/MoralCompassWP/wp-content/themes/compass/img revolving-door.jpg
2012.09.09 10:17 B C:\MoralCompassDemo\MoralCompassWP\wp-content\themes\compass\img\sample.jpg --> juniper.arvixe.com /osber.net/wwwroot/MoralCompassWP/wp-content/themes/compass/img sample.jpg
2012.09.09 10:17 B C:\MoralCompassDemo\MoralCompassWP\wp-content\themes\compass\img\willie-horton.jpg --> juniper.arvixe.com /osber.net/wwwroot/MoralCompassWP/wp-content/themes/compass/img willie-horton.jpg
2012.09.09 10:17 B C:\MoralCompassDemo\MoralCompassWP\wp-content\themes\compass\img\WS_FTP.LOG --> juniper.arvixe.com /osber.net/wwwroot/MoralCompassWP/wp-content/themes/compass/img WS_FTP.LOG
2012.09.25 21:17 B C:\MoralCompassDemo\MoralCompassWP\wp-content\themes\compass\img\log-in.png --> juniper.arvixe.com /osber.net/wwwroot/MoralCompassWP/wp-content/themes/compass/img log-in.png
2012.09.25 21:17 B C:\MoralCompassDemo\MoralCompassWP\wp-content\themes\compass\img\l-arrow.png --> juniper.arvixe.com /osber.net/wwwroot/MoralCompassWP/wp-content/themes/compass/img l-arrow.png
2012.09.25 21:17 B C:\MoralCompassDemo\MoralCompassWP\wp-content\themes\compass\img\close-button.png --> juniper.arvixe.com /osber.net/wwwroot/MoralCompassWP/wp-content/themes/compass/img close-button.png
2012.10.01 17:47 B c:\moralcompassdemo\MoralCompassWP\wp-content\themes\compass\img\bg-header.jpg --> marten.arvixe.com /www/wp-content/themes/compass/img bg-header.jpg
2012.10.01 17:47 B c:\moralcompassdemo\MoralCompassWP\wp-content\themes\compass\img\close-button.png --> marten.arvixe.com /www/wp-content/themes/compass/img close-button.png
2012.10.01 17:47 B c:\moralcompassdemo\MoralCompassWP\wp-content\themes\compass\img\heading-edge.png --> marten.arvixe.com /www/wp-content/themes/compass/img heading-edge.png
2012.10.01 17:47 B c:\moralcompassdemo\MoralCompassWP\wp-content\themes\compass\img\l-arrow.png --> marten.arvixe.com /www/wp-content/themes/compass/img l-arrow.png
2012.10.01 17:47 B c:\moralcompassdemo\MoralCompassWP\wp-content\themes\compass\img\log-in.png --> marten.arvixe.com /www/wp-content/themes/compass/img log-in.png
2012.10.01 17:47 B c:\moralcompassdemo\MoralCompassWP\wp-content\themes\compass\img\logo.png --> marten.arvixe.com /www/wp-content/themes/compass/img logo.png
2012.10.01 17:47 B c:\moralcompassdemo\MoralCompassWP\wp-content\themes\compass\img\popover-arrow.png --> marten.arvixe.com /www/wp-content/themes/compass/img popover-arrow.png
2012.10.01 17:47 B c:\moralcompassdemo\MoralCompassWP\wp-content\themes\compass\img\r-arrow.png --> marten.arvixe.com /www/wp-content/themes/compass/img r-arrow.png
2012.10.01 17:47 B c:\moralcompassdemo\MoralCompassWP\wp-content\themes\compass\img\revolving-door.jpg --> marten.arvixe.com /www/wp-content/themes/compass/img revolving-door.jpg
2012.10.01 17:47 B c:\moralcompassdemo\MoralCompassWP\wp-content\themes\compass\img\sample.jpg --> marten.arvixe.com /www/wp-content/themes/compass/img sample.jpg
2012.10.01 17:47 B c:\moralcompassdemo\MoralCompassWP\wp-content\themes\compass\img\willie-horton.jpg --> marten.arvixe.com /www/wp-content/themes/compass/img willie-horton.jpg
2012.10.01 17:47 B c:\moralcompassdemo\MoralCompassWP\wp-content\themes\compass\img\WS_FTP.LOG --> marten.arvixe.com /www/wp-content/themes/compass/img WS_FTP.LOG
