112.07.05 16:36 B C:\MoralCompass\images\Beatles\BeatlesBurning.jpg --> juniper.arvixe.com /osber.net/wwwroot/MoralCompass/images/Beatles BeatlesBurning.jpg
112.07.05 16:36 B C:\MoralCompass\images\Beatles\BeatlesBurningThumbnail.JPG --> juniper.arvixe.com /osber.net/wwwroot/MoralCompass/images/Beatles BeatlesBurningThumbnail.JPG
112.07.05 16:36 B C:\MoralCompass\images\Beatles\BeatlesSimpson.jpg --> juniper.arvixe.com /osber.net/wwwroot/MoralCompass/images/Beatles BeatlesSimpson.jpg
112.07.05 16:36 B C:\MoralCompass\images\Beatles\BeatlesSimpsonThumbnail.JPG --> juniper.arvixe.com /osber.net/wwwroot/MoralCompass/images/Beatles BeatlesSimpsonThumbnail.JPG
112.07.05 16:36 B C:\MoralCompass\images\Beatles\JohnLennonBigger.jpg --> juniper.arvixe.com /osber.net/wwwroot/MoralCompass/images/Beatles JohnLennonBigger.jpg
112.07.05 16:36 B C:\MoralCompass\images\Beatles\JohnLennonBigger2.jpg --> juniper.arvixe.com /osber.net/wwwroot/MoralCompass/images/Beatles JohnLennonBigger2.jpg
112.07.05 16:36 B C:\MoralCompass\images\Beatles\Thumbs.db --> juniper.arvixe.com /osber.net/wwwroot/MoralCompass/images/Beatles Thumbs.db
2012.08.16 20:14 B C:\MoralCompassWebSite\images\Beatles\WS_FTP.LOG --> juniper.arvixe.com /osber.net/wwwroot/MoralCompass/images/Beatles WS_FTP.LOG
2012.09.09 10:11 B C:\MoralCompassDemo\MoralCompassWP\wp-content\images\Beatles\BeatlesBurning.jpg --> juniper.arvixe.com /osber.net/wwwroot/MoralCompassWP/wp-content/images/Beatles BeatlesBurning.jpg
2012.09.09 10:11 B C:\MoralCompassDemo\MoralCompassWP\wp-content\images\Beatles\BeatlesBurningThumbnail.JPG --> juniper.arvixe.com /osber.net/wwwroot/MoralCompassWP/wp-content/images/Beatles BeatlesBurningThumbnail.JPG
2012.09.09 10:11 B C:\MoralCompassDemo\MoralCompassWP\wp-content\images\Beatles\BeatlesSimpson.jpg --> juniper.arvixe.com /osber.net/wwwroot/MoralCompassWP/wp-content/images/Beatles BeatlesSimpson.jpg
2012.09.09 10:11 B C:\MoralCompassDemo\MoralCompassWP\wp-content\images\Beatles\BeatlesSimpsonThumbnail.JPG --> juniper.arvixe.com /osber.net/wwwroot/MoralCompassWP/wp-content/images/Beatles BeatlesSimpsonThumbnail.JPG
2012.09.09 10:11 B C:\MoralCompassDemo\MoralCompassWP\wp-content\images\Beatles\ESPNLennonDeath.jpg --> juniper.arvixe.com /osber.net/wwwroot/MoralCompassWP/wp-content/images/Beatles ESPNLennonDeath.jpg
2012.09.09 10:11 B C:\MoralCompassDemo\MoralCompassWP\wp-content\images\Beatles\JohnLennonBigger.jpg --> juniper.arvixe.com /osber.net/wwwroot/MoralCompassWP/wp-content/images/Beatles JohnLennonBigger.jpg
2012.09.09 10:11 B C:\MoralCompassDemo\MoralCompassWP\wp-content\images\Beatles\JohnLennonBigger2.jpg --> juniper.arvixe.com /osber.net/wwwroot/MoralCompassWP/wp-content/images/Beatles JohnLennonBigger2.jpg
2012.09.09 10:11 B C:\MoralCompassDemo\MoralCompassWP\wp-content\images\Beatles\Thumbs.db --> juniper.arvixe.com /osber.net/wwwroot/MoralCompassWP/wp-content/images/Beatles Thumbs.db
2012.09.09 10:11 B C:\MoralCompassDemo\MoralCompassWP\wp-content\images\Beatles\WS_FTP.LOG --> juniper.arvixe.com /osber.net/wwwroot/MoralCompassWP/wp-content/images/Beatles WS_FTP.LOG
2012.10.01 17:32 B c:\moralcompassdemo\MoralCompassWP\wp-content\images\Beatles\BeatlesBurning.jpg --> marten.arvixe.com /www/wp-content/images/Beatles BeatlesBurning.jpg
2012.10.01 17:32 B c:\moralcompassdemo\MoralCompassWP\wp-content\images\Beatles\BeatlesBurningThumbnail.JPG --> marten.arvixe.com /www/wp-content/images/Beatles BeatlesBurningThumbnail.JPG
2012.10.01 17:32 B c:\moralcompassdemo\MoralCompassWP\wp-content\images\Beatles\BeatlesSimpson.jpg --> marten.arvixe.com /www/wp-content/images/Beatles BeatlesSimpson.jpg
2012.10.01 17:32 B c:\moralcompassdemo\MoralCompassWP\wp-content\images\Beatles\BeatlesSimpsonThumbnail.JPG --> marten.arvixe.com /www/wp-content/images/Beatles BeatlesSimpsonThumbnail.JPG
2012.10.01 17:32 B c:\moralcompassdemo\MoralCompassWP\wp-content\images\Beatles\ESPNLennonDeath.jpg --> marten.arvixe.com /www/wp-content/images/Beatles ESPNLennonDeath.jpg
2012.10.01 17:32 B c:\moralcompassdemo\MoralCompassWP\wp-content\images\Beatles\JohnLennonBigger.jpg --> marten.arvixe.com /www/wp-content/images/Beatles JohnLennonBigger.jpg
2012.10.01 17:32 B c:\moralcompassdemo\MoralCompassWP\wp-content\images\Beatles\JohnLennonBigger2.jpg --> marten.arvixe.com /www/wp-content/images/Beatles JohnLennonBigger2.jpg
2012.10.01 17:32 B c:\moralcompassdemo\MoralCompassWP\wp-content\images\Beatles\Lennon2Thumbnail.jpg --> marten.arvixe.com /www/wp-content/images/Beatles Lennon2Thumbnail.jpg
2012.10.01 17:32 B c:\moralcompassdemo\MoralCompassWP\wp-content\images\Beatles\Thumbs.db --> marten.arvixe.com /www/wp-content/images/Beatles Thumbs.db
2012.10.01 17:32 B c:\moralcompassdemo\MoralCompassWP\wp-content\images\Beatles\WS_FTP.LOG --> marten.arvixe.com /www/wp-content/images/Beatles WS_FTP.LOG
