2012.10.01 09:03 B C:\MoralCompassDemo\WordpressVanilla\wp-admin\network\about.php --> marten.arvixe.com /www/wp-admin/network about.php
2012.10.01 09:03 B C:\MoralCompassDemo\WordpressVanilla\wp-admin\network\admin.php --> marten.arvixe.com /www/wp-admin/network admin.php
2012.10.01 09:03 B C:\MoralCompassDemo\WordpressVanilla\wp-admin\network\credits.php --> marten.arvixe.com /www/wp-admin/network credits.php
2012.10.01 09:03 B C:\MoralCompassDemo\WordpressVanilla\wp-admin\network\edit.php --> marten.arvixe.com /www/wp-admin/network edit.php
2012.10.01 09:03 B C:\MoralCompassDemo\WordpressVanilla\wp-admin\network\freedoms.php --> marten.arvixe.com /www/wp-admin/network freedoms.php
2012.10.01 09:03 B C:\MoralCompassDemo\WordpressVanilla\wp-admin\network\index.php --> marten.arvixe.com /www/wp-admin/network index.php
2012.10.01 09:03 B C:\MoralCompassDemo\WordpressVanilla\wp-admin\network\menu.php --> marten.arvixe.com /www/wp-admin/network menu.php
2012.10.01 09:03 B C:\MoralCompassDemo\WordpressVanilla\wp-admin\network\plugin-editor.php --> marten.arvixe.com /www/wp-admin/network plugin-editor.php
2012.10.01 09:03 B C:\MoralCompassDemo\WordpressVanilla\wp-admin\network\plugin-install.php --> marten.arvixe.com /www/wp-admin/network plugin-install.php
2012.10.01 09:03 B C:\MoralCompassDemo\WordpressVanilla\wp-admin\network\plugins.php --> marten.arvixe.com /www/wp-admin/network plugins.php
2012.10.01 09:03 B C:\MoralCompassDemo\WordpressVanilla\wp-admin\network\profile.php --> marten.arvixe.com /www/wp-admin/network profile.php
2012.10.01 09:03 B C:\MoralCompassDemo\WordpressVanilla\wp-admin\network\settings.php --> marten.arvixe.com /www/wp-admin/network settings.php
2012.10.01 09:03 B C:\MoralCompassDemo\WordpressVanilla\wp-admin\network\setup.php --> marten.arvixe.com /www/wp-admin/network setup.php
2012.10.01 09:03 B C:\MoralCompassDemo\WordpressVanilla\wp-admin\network\site-info.php --> marten.arvixe.com /www/wp-admin/network site-info.php
2012.10.01 09:03 B C:\MoralCompassDemo\WordpressVanilla\wp-admin\network\site-new.php --> marten.arvixe.com /www/wp-admin/network site-new.php
2012.10.01 09:03 B C:\MoralCompassDemo\WordpressVanilla\wp-admin\network\site-settings.php --> marten.arvixe.com /www/wp-admin/network site-settings.php
2012.10.01 09:03 B C:\MoralCompassDemo\WordpressVanilla\wp-admin\network\site-themes.php --> marten.arvixe.com /www/wp-admin/network site-themes.php
2012.10.01 09:03 B C:\MoralCompassDemo\WordpressVanilla\wp-admin\network\site-users.php --> marten.arvixe.com /www/wp-admin/network site-users.php
2012.10.01 09:03 B C:\MoralCompassDemo\WordpressVanilla\wp-admin\network\sites.php --> marten.arvixe.com /www/wp-admin/network sites.php
2012.10.01 09:03 B C:\MoralCompassDemo\WordpressVanilla\wp-admin\network\theme-editor.php --> marten.arvixe.com /www/wp-admin/network theme-editor.php
2012.10.01 09:03 B C:\MoralCompassDemo\WordpressVanilla\wp-admin\network\theme-install.php --> marten.arvixe.com /www/wp-admin/network theme-install.php
2012.10.01 09:03 B C:\MoralCompassDemo\WordpressVanilla\wp-admin\network\themes.php --> marten.arvixe.com /www/wp-admin/network themes.php
2012.10.01 09:03 B C:\MoralCompassDemo\WordpressVanilla\wp-admin\network\update-core.php --> marten.arvixe.com /www/wp-admin/network update-core.php
2012.10.01 09:03 B C:\MoralCompassDemo\WordpressVanilla\wp-admin\network\update.php --> marten.arvixe.com /www/wp-admin/network update.php
2012.10.01 09:03 B C:\MoralCompassDemo\WordpressVanilla\wp-admin\network\upgrade.php --> marten.arvixe.com /www/wp-admin/network upgrade.php
2012.10.01 09:03 B C:\MoralCompassDemo\WordpressVanilla\wp-admin\network\user-edit.php --> marten.arvixe.com /www/wp-admin/network user-edit.php
2012.10.01 09:03 B C:\MoralCompassDemo\WordpressVanilla\wp-admin\network\user-new.php --> marten.arvixe.com /www/wp-admin/network user-new.php
2012.10.01 09:03 B C:\MoralCompassDemo\WordpressVanilla\wp-admin\network\users.php --> marten.arvixe.com /www/wp-admin/network users.php
