2012.10.01 09:04 B C:\MoralCompassDemo\WordpressVanilla\wp-content\themes\twentyeleven\404.php --> marten.arvixe.com /www/wp-content/themes/twentyeleven 404.php
2012.10.01 09:04 B C:\MoralCompassDemo\WordpressVanilla\wp-content\themes\twentyeleven\archive.php --> marten.arvixe.com /www/wp-content/themes/twentyeleven archive.php
2012.10.01 09:04 B C:\MoralCompassDemo\WordpressVanilla\wp-content\themes\twentyeleven\author.php --> marten.arvixe.com /www/wp-content/themes/twentyeleven author.php
2012.10.01 09:04 B C:\MoralCompassDemo\WordpressVanilla\wp-content\themes\twentyeleven\category.php --> marten.arvixe.com /www/wp-content/themes/twentyeleven category.php
2012.10.01 09:04 B C:\MoralCompassDemo\WordpressVanilla\wp-content\themes\twentyeleven\comments.php --> marten.arvixe.com /www/wp-content/themes/twentyeleven comments.php
2012.10.01 09:04 B C:\MoralCompassDemo\WordpressVanilla\wp-content\themes\twentyeleven\content-aside.php --> marten.arvixe.com /www/wp-content/themes/twentyeleven content-aside.php
2012.10.01 09:04 B C:\MoralCompassDemo\WordpressVanilla\wp-content\themes\twentyeleven\content-featured.php --> marten.arvixe.com /www/wp-content/themes/twentyeleven content-featured.php
2012.10.01 09:04 B C:\MoralCompassDemo\WordpressVanilla\wp-content\themes\twentyeleven\content-gallery.php --> marten.arvixe.com /www/wp-content/themes/twentyeleven content-gallery.php
2012.10.01 09:04 B C:\MoralCompassDemo\WordpressVanilla\wp-content\themes\twentyeleven\content-image.php --> marten.arvixe.com /www/wp-content/themes/twentyeleven content-image.php
2012.10.01 09:04 B C:\MoralCompassDemo\WordpressVanilla\wp-content\themes\twentyeleven\content-intro.php --> marten.arvixe.com /www/wp-content/themes/twentyeleven content-intro.php
2012.10.01 09:04 B C:\MoralCompassDemo\WordpressVanilla\wp-content\themes\twentyeleven\content-link.php --> marten.arvixe.com /www/wp-content/themes/twentyeleven content-link.php
2012.10.01 09:04 B C:\MoralCompassDemo\WordpressVanilla\wp-content\themes\twentyeleven\content-page.php --> marten.arvixe.com /www/wp-content/themes/twentyeleven content-page.php
2012.10.01 09:04 B C:\MoralCompassDemo\WordpressVanilla\wp-content\themes\twentyeleven\content-quote.php --> marten.arvixe.com /www/wp-content/themes/twentyeleven content-quote.php
2012.10.01 09:04 B C:\MoralCompassDemo\WordpressVanilla\wp-content\themes\twentyeleven\content-single.php --> marten.arvixe.com /www/wp-content/themes/twentyeleven content-single.php
2012.10.01 09:04 B C:\MoralCompassDemo\WordpressVanilla\wp-content\themes\twentyeleven\content-status.php --> marten.arvixe.com /www/wp-content/themes/twentyeleven content-status.php
2012.10.01 09:04 B C:\MoralCompassDemo\WordpressVanilla\wp-content\themes\twentyeleven\content.php --> marten.arvixe.com /www/wp-content/themes/twentyeleven content.php
2012.10.01 09:04 B C:\MoralCompassDemo\WordpressVanilla\wp-content\themes\twentyeleven\editor-style-rtl.css --> marten.arvixe.com /www/wp-content/themes/twentyeleven editor-style-rtl.css
2012.10.01 09:04 B C:\MoralCompassDemo\WordpressVanilla\wp-content\themes\twentyeleven\editor-style.css --> marten.arvixe.com /www/wp-content/themes/twentyeleven editor-style.css
2012.10.01 09:04 B C:\MoralCompassDemo\WordpressVanilla\wp-content\themes\twentyeleven\footer.php --> marten.arvixe.com /www/wp-content/themes/twentyeleven footer.php
2012.10.01 09:04 B C:\MoralCompassDemo\WordpressVanilla\wp-content\themes\twentyeleven\functions.php --> marten.arvixe.com /www/wp-content/themes/twentyeleven functions.php
2012.10.01 09:04 B C:\MoralCompassDemo\WordpressVanilla\wp-content\themes\twentyeleven\header.php --> marten.arvixe.com /www/wp-content/themes/twentyeleven header.php
2012.10.01 09:04 B C:\MoralCompassDemo\WordpressVanilla\wp-content\themes\twentyeleven\image.php --> marten.arvixe.com /www/wp-content/themes/twentyeleven image.php
2012.10.01 09:04 B C:\MoralCompassDemo\WordpressVanilla\wp-content\themes\twentyeleven\index.php --> marten.arvixe.com /www/wp-content/themes/twentyeleven index.php
2012.10.01 09:04 B C:\MoralCompassDemo\WordpressVanilla\wp-content\themes\twentyeleven\license.txt --> marten.arvixe.com /www/wp-content/themes/twentyeleven license.txt
2012.10.01 09:04 B C:\MoralCompassDemo\WordpressVanilla\wp-content\themes\twentyeleven\page.php --> marten.arvixe.com /www/wp-content/themes/twentyeleven page.php
2012.10.01 09:04 B C:\MoralCompassDemo\WordpressVanilla\wp-content\themes\twentyeleven\readme.txt --> marten.arvixe.com /www/wp-content/themes/twentyeleven readme.txt
2012.10.01 09:04 B C:\MoralCompassDemo\WordpressVanilla\wp-content\themes\twentyeleven\rtl.css --> marten.arvixe.com /www/wp-content/themes/twentyeleven rtl.css
2012.10.01 09:04 B C:\MoralCompassDemo\WordpressVanilla\wp-content\themes\twentyeleven\screenshot.png --> marten.arvixe.com /www/wp-content/themes/twentyeleven screenshot.png
2012.10.01 09:04 B C:\MoralCompassDemo\WordpressVanilla\wp-content\themes\twentyeleven\search.php --> marten.arvixe.com /www/wp-content/themes/twentyeleven search.php
2012.10.01 09:04 B C:\MoralCompassDemo\WordpressVanilla\wp-content\themes\twentyeleven\searchform.php --> marten.arvixe.com /www/wp-content/themes/twentyeleven searchform.php
2012.10.01 09:04 B C:\MoralCompassDemo\WordpressVanilla\wp-content\themes\twentyeleven\showcase.php --> marten.arvixe.com /www/wp-content/themes/twentyeleven showcase.php
2012.10.01 09:04 B C:\MoralCompassDemo\WordpressVanilla\wp-content\themes\twentyeleven\sidebar-footer.php --> marten.arvixe.com /www/wp-content/themes/twentyeleven sidebar-footer.php
2012.10.01 09:04 B C:\MoralCompassDemo\WordpressVanilla\wp-content\themes\twentyeleven\sidebar-page.php --> marten.arvixe.com /www/wp-content/themes/twentyeleven sidebar-page.php
2012.10.01 09:04 B C:\MoralCompassDemo\WordpressVanilla\wp-content\themes\twentyeleven\sidebar.php --> marten.arvixe.com /www/wp-content/themes/twentyeleven sidebar.php
2012.10.01 09:04 B C:\MoralCompassDemo\WordpressVanilla\wp-content\themes\twentyeleven\single.php --> marten.arvixe.com /www/wp-content/themes/twentyeleven single.php
2012.10.01 09:04 B C:\MoralCompassDemo\WordpressVanilla\wp-content\themes\twentyeleven\style.css --> marten.arvixe.com /www/wp-content/themes/twentyeleven style.css
2012.10.01 09:04 B C:\MoralCompassDemo\WordpressVanilla\wp-content\themes\twentyeleven\tag.php --> marten.arvixe.com /www/wp-content/themes/twentyeleven tag.php
