2012.10.01 09:04 B C:\MoralCompassDemo\WordpressVanilla\wp-content\themes\twentyten\404.php --> marten.arvixe.com /www/wp-content/themes/twentyten 404.php
2012.10.01 09:04 B C:\MoralCompassDemo\WordpressVanilla\wp-content\themes\twentyten\archive.php --> marten.arvixe.com /www/wp-content/themes/twentyten archive.php
2012.10.01 09:04 B C:\MoralCompassDemo\WordpressVanilla\wp-content\themes\twentyten\attachment.php --> marten.arvixe.com /www/wp-content/themes/twentyten attachment.php
2012.10.01 09:04 B C:\MoralCompassDemo\WordpressVanilla\wp-content\themes\twentyten\author.php --> marten.arvixe.com /www/wp-content/themes/twentyten author.php
2012.10.01 09:04 B C:\MoralCompassDemo\WordpressVanilla\wp-content\themes\twentyten\category.php --> marten.arvixe.com /www/wp-content/themes/twentyten category.php
2012.10.01 09:04 B C:\MoralCompassDemo\WordpressVanilla\wp-content\themes\twentyten\comments.php --> marten.arvixe.com /www/wp-content/themes/twentyten comments.php
2012.10.01 09:04 B C:\MoralCompassDemo\WordpressVanilla\wp-content\themes\twentyten\editor-style-rtl.css --> marten.arvixe.com /www/wp-content/themes/twentyten editor-style-rtl.css
2012.10.01 09:04 B C:\MoralCompassDemo\WordpressVanilla\wp-content\themes\twentyten\editor-style.css --> marten.arvixe.com /www/wp-content/themes/twentyten editor-style.css
2012.10.01 09:04 B C:\MoralCompassDemo\WordpressVanilla\wp-content\themes\twentyten\footer.php --> marten.arvixe.com /www/wp-content/themes/twentyten footer.php
2012.10.01 09:04 B C:\MoralCompassDemo\WordpressVanilla\wp-content\themes\twentyten\functions.php --> marten.arvixe.com /www/wp-content/themes/twentyten functions.php
2012.10.01 09:04 B C:\MoralCompassDemo\WordpressVanilla\wp-content\themes\twentyten\header.php --> marten.arvixe.com /www/wp-content/themes/twentyten header.php
2012.10.01 09:04 B C:\MoralCompassDemo\WordpressVanilla\wp-content\themes\twentyten\index.php --> marten.arvixe.com /www/wp-content/themes/twentyten index.php
2012.10.01 09:04 B C:\MoralCompassDemo\WordpressVanilla\wp-content\themes\twentyten\license.txt --> marten.arvixe.com /www/wp-content/themes/twentyten license.txt
2012.10.01 09:04 B C:\MoralCompassDemo\WordpressVanilla\wp-content\themes\twentyten\loop-attachment.php --> marten.arvixe.com /www/wp-content/themes/twentyten loop-attachment.php
2012.10.01 09:04 B C:\MoralCompassDemo\WordpressVanilla\wp-content\themes\twentyten\loop-page.php --> marten.arvixe.com /www/wp-content/themes/twentyten loop-page.php
2012.10.01 09:04 B C:\MoralCompassDemo\WordpressVanilla\wp-content\themes\twentyten\loop-single.php --> marten.arvixe.com /www/wp-content/themes/twentyten loop-single.php
2012.10.01 09:04 B C:\MoralCompassDemo\WordpressVanilla\wp-content\themes\twentyten\loop.php --> marten.arvixe.com /www/wp-content/themes/twentyten loop.php
2012.10.01 09:04 B C:\MoralCompassDemo\WordpressVanilla\wp-content\themes\twentyten\onecolumn-page.php --> marten.arvixe.com /www/wp-content/themes/twentyten onecolumn-page.php
2012.10.01 09:04 B C:\MoralCompassDemo\WordpressVanilla\wp-content\themes\twentyten\page.php --> marten.arvixe.com /www/wp-content/themes/twentyten page.php
2012.10.01 09:04 B C:\MoralCompassDemo\WordpressVanilla\wp-content\themes\twentyten\rtl.css --> marten.arvixe.com /www/wp-content/themes/twentyten rtl.css
2012.10.01 09:04 B C:\MoralCompassDemo\WordpressVanilla\wp-content\themes\twentyten\screenshot.png --> marten.arvixe.com /www/wp-content/themes/twentyten screenshot.png
2012.10.01 09:04 B C:\MoralCompassDemo\WordpressVanilla\wp-content\themes\twentyten\search.php --> marten.arvixe.com /www/wp-content/themes/twentyten search.php
2012.10.01 09:04 B C:\MoralCompassDemo\WordpressVanilla\wp-content\themes\twentyten\sidebar-footer.php --> marten.arvixe.com /www/wp-content/themes/twentyten sidebar-footer.php
2012.10.01 09:04 B C:\MoralCompassDemo\WordpressVanilla\wp-content\themes\twentyten\sidebar.php --> marten.arvixe.com /www/wp-content/themes/twentyten sidebar.php
2012.10.01 09:04 B C:\MoralCompassDemo\WordpressVanilla\wp-content\themes\twentyten\single.php --> marten.arvixe.com /www/wp-content/themes/twentyten single.php
2012.10.01 09:04 B C:\MoralCompassDemo\WordpressVanilla\wp-content\themes\twentyten\style.css --> marten.arvixe.com /www/wp-content/themes/twentyten style.css
2012.10.01 09:04 B C:\MoralCompassDemo\WordpressVanilla\wp-content\themes\twentyten\tag.php --> marten.arvixe.com /www/wp-content/themes/twentyten tag.php
