2012.10.01 09:03 B C:\MoralCompassDemo\WordpressVanilla\wp-admin\images\align-center.png --> marten.arvixe.com /www/wp-admin/images align-center.png
2012.10.01 09:03 B C:\MoralCompassDemo\WordpressVanilla\wp-admin\images\align-left.png --> marten.arvixe.com /www/wp-admin/images align-left.png
2012.10.01 09:03 B C:\MoralCompassDemo\WordpressVanilla\wp-admin\images\align-none.png --> marten.arvixe.com /www/wp-admin/images align-none.png
2012.10.01 09:03 B C:\MoralCompassDemo\WordpressVanilla\wp-admin\images\align-right.png --> marten.arvixe.com /www/wp-admin/images align-right.png
2012.10.01 09:03 B C:\MoralCompassDemo\WordpressVanilla\wp-admin\images\archive-link.png --> marten.arvixe.com /www/wp-admin/images archive-link.png
2012.10.01 09:03 B C:\MoralCompassDemo\WordpressVanilla\wp-admin\images\arrows-dark-vs.png --> marten.arvixe.com /www/wp-admin/images arrows-dark-vs.png
2012.10.01 09:03 B C:\MoralCompassDemo\WordpressVanilla\wp-admin\images\arrows-dark.png --> marten.arvixe.com /www/wp-admin/images arrows-dark.png
2012.10.01 09:03 B C:\MoralCompassDemo\WordpressVanilla\wp-admin\images\arrows-vs.png --> marten.arvixe.com /www/wp-admin/images arrows-vs.png
2012.10.01 09:03 B C:\MoralCompassDemo\WordpressVanilla\wp-admin\images\arrows.png --> marten.arvixe.com /www/wp-admin/images arrows.png
2012.10.01 09:03 B C:\MoralCompassDemo\WordpressVanilla\wp-admin\images\blue-grad.png --> marten.arvixe.com /www/wp-admin/images blue-grad.png
2012.10.01 09:03 B C:\MoralCompassDemo\WordpressVanilla\wp-admin\images\bubble_bg-rtl.gif --> marten.arvixe.com /www/wp-admin/images bubble_bg-rtl.gif
2012.10.01 09:03 B C:\MoralCompassDemo\WordpressVanilla\wp-admin\images\bubble_bg.gif --> marten.arvixe.com /www/wp-admin/images bubble_bg.gif
2012.10.01 09:03 B C:\MoralCompassDemo\WordpressVanilla\wp-admin\images\button-grad-active.png --> marten.arvixe.com /www/wp-admin/images button-grad-active.png
2012.10.01 09:03 B C:\MoralCompassDemo\WordpressVanilla\wp-admin\images\button-grad.png --> marten.arvixe.com /www/wp-admin/images button-grad.png
2012.10.01 09:03 B C:\MoralCompassDemo\WordpressVanilla\wp-admin\images\comment-grey-bubble.png --> marten.arvixe.com /www/wp-admin/images comment-grey-bubble.png
2012.10.01 09:03 B C:\MoralCompassDemo\WordpressVanilla\wp-admin\images\date-button.gif --> marten.arvixe.com /www/wp-admin/images date-button.gif
2012.10.01 09:03 B C:\MoralCompassDemo\WordpressVanilla\wp-admin\images\ed-bg-vs.gif --> marten.arvixe.com /www/wp-admin/images ed-bg-vs.gif
2012.10.01 09:03 B C:\MoralCompassDemo\WordpressVanilla\wp-admin\images\ed-bg.gif --> marten.arvixe.com /www/wp-admin/images ed-bg.gif
2012.10.01 09:03 B C:\MoralCompassDemo\WordpressVanilla\wp-admin\images\fade-butt.png --> marten.arvixe.com /www/wp-admin/images fade-butt.png
2012.10.01 09:03 B C:\MoralCompassDemo\WordpressVanilla\wp-admin\images\fav-arrow-rtl.gif --> marten.arvixe.com /www/wp-admin/images fav-arrow-rtl.gif
2012.10.01 09:03 B C:\MoralCompassDemo\WordpressVanilla\wp-admin\images\fav-arrow.gif --> marten.arvixe.com /www/wp-admin/images fav-arrow.gif
2012.10.01 09:03 B C:\MoralCompassDemo\WordpressVanilla\wp-admin\images\fav-vs.png --> marten.arvixe.com /www/wp-admin/images fav-vs.png
2012.10.01 09:03 B C:\MoralCompassDemo\WordpressVanilla\wp-admin\images\fav.png --> marten.arvixe.com /www/wp-admin/images fav.png
2012.10.01 09:03 B C:\MoralCompassDemo\WordpressVanilla\wp-admin\images\generic.png --> marten.arvixe.com /www/wp-admin/images generic.png
2012.10.01 09:03 B C:\MoralCompassDemo\WordpressVanilla\wp-admin\images\gray-grad.png --> marten.arvixe.com /www/wp-admin/images gray-grad.png
2012.10.01 09:03 B C:\MoralCompassDemo\WordpressVanilla\wp-admin\images\icons32-2x.png --> marten.arvixe.com /www/wp-admin/images icons32-2x.png
2012.10.01 09:03 B C:\MoralCompassDemo\WordpressVanilla\wp-admin\images\icons32-vs-2x.png --> marten.arvixe.com /www/wp-admin/images icons32-vs-2x.png
2012.10.01 09:03 B C:\MoralCompassDemo\WordpressVanilla\wp-admin\images\icons32-vs.png --> marten.arvixe.com /www/wp-admin/images icons32-vs.png
2012.10.01 09:03 B C:\MoralCompassDemo\WordpressVanilla\wp-admin\images\icons32.png --> marten.arvixe.com /www/wp-admin/images icons32.png
2012.10.01 09:03 B C:\MoralCompassDemo\WordpressVanilla\wp-admin\images\imgedit-icons.png --> marten.arvixe.com /www/wp-admin/images imgedit-icons.png
2012.10.01 09:03 B C:\MoralCompassDemo\WordpressVanilla\wp-admin\images\list.png --> marten.arvixe.com /www/wp-admin/images list.png
2012.10.01 09:03 B C:\MoralCompassDemo\WordpressVanilla\wp-admin\images\loading-publish.gif --> marten.arvixe.com /www/wp-admin/images loading-publish.gif
2012.10.01 09:03 B C:\MoralCompassDemo\WordpressVanilla\wp-admin\images\loading.gif --> marten.arvixe.com /www/wp-admin/images loading.gif
2012.10.01 09:03 B C:\MoralCompassDemo\WordpressVanilla\wp-admin\images\logo-ghost.png --> marten.arvixe.com /www/wp-admin/images logo-ghost.png
2012.10.01 09:03 B C:\MoralCompassDemo\WordpressVanilla\wp-admin\images\logo.gif --> marten.arvixe.com /www/wp-admin/images logo.gif
2012.10.01 09:03 B C:\MoralCompassDemo\WordpressVanilla\wp-admin\images\marker.png --> marten.arvixe.com /www/wp-admin/images marker.png
2012.10.01 09:03 B C:\MoralCompassDemo\WordpressVanilla\wp-admin\images\mask.png --> marten.arvixe.com /www/wp-admin/images mask.png
2012.10.01 09:03 B C:\MoralCompassDemo\WordpressVanilla\wp-admin\images\media-button-image.gif --> marten.arvixe.com /www/wp-admin/images media-button-image.gif
2012.10.01 09:03 B C:\MoralCompassDemo\WordpressVanilla\wp-admin\images\media-button-music.gif --> marten.arvixe.com /www/wp-admin/images media-button-music.gif
2012.10.01 09:03 B C:\MoralCompassDemo\WordpressVanilla\wp-admin\images\media-button-other.gif --> marten.arvixe.com /www/wp-admin/images media-button-other.gif
2012.10.01 09:03 B C:\MoralCompassDemo\WordpressVanilla\wp-admin\images\media-button-video.gif --> marten.arvixe.com /www/wp-admin/images media-button-video.gif
2012.10.01 09:03 B C:\MoralCompassDemo\WordpressVanilla\wp-admin\images\media-button.png --> marten.arvixe.com /www/wp-admin/images media-button.png
2012.10.01 09:03 B C:\MoralCompassDemo\WordpressVanilla\wp-admin\images\menu-2x.png --> marten.arvixe.com /www/wp-admin/images menu-2x.png
2012.10.01 09:03 B C:\MoralCompassDemo\WordpressVanilla\wp-admin\images\menu-arrow-frame-rtl.png --> marten.arvixe.com /www/wp-admin/images menu-arrow-frame-rtl.png
2012.10.01 09:03 B C:\MoralCompassDemo\WordpressVanilla\wp-admin\images\menu-arrow-frame.png --> marten.arvixe.com /www/wp-admin/images menu-arrow-frame.png
2012.10.01 09:03 B C:\MoralCompassDemo\WordpressVanilla\wp-admin\images\menu-arrows.gif --> marten.arvixe.com /www/wp-admin/images menu-arrows.gif
2012.10.01 09:03 B C:\MoralCompassDemo\WordpressVanilla\wp-admin\images\menu-bits-rtl-vs.gif --> marten.arvixe.com /www/wp-admin/images menu-bits-rtl-vs.gif
2012.10.01 09:03 B C:\MoralCompassDemo\WordpressVanilla\wp-admin\images\menu-bits-rtl.gif --> marten.arvixe.com /www/wp-admin/images menu-bits-rtl.gif
2012.10.01 09:03 B C:\MoralCompassDemo\WordpressVanilla\wp-admin\images\menu-bits-vs.gif --> marten.arvixe.com /www/wp-admin/images menu-bits-vs.gif
2012.10.01 09:03 B C:\MoralCompassDemo\WordpressVanilla\wp-admin\images\menu-bits.gif --> marten.arvixe.com /www/wp-admin/images menu-bits.gif
2012.10.01 09:03 B C:\MoralCompassDemo\WordpressVanilla\wp-admin\images\menu-dark-rtl-vs.gif --> marten.arvixe.com /www/wp-admin/images menu-dark-rtl-vs.gif
2012.10.01 09:03 B C:\MoralCompassDemo\WordpressVanilla\wp-admin\images\menu-dark-rtl.gif --> marten.arvixe.com /www/wp-admin/images menu-dark-rtl.gif
2012.10.01 09:03 B C:\MoralCompassDemo\WordpressVanilla\wp-admin\images\menu-dark-vs.gif --> marten.arvixe.com /www/wp-admin/images menu-dark-vs.gif
2012.10.01 09:03 B C:\MoralCompassDemo\WordpressVanilla\wp-admin\images\menu-dark.gif --> marten.arvixe.com /www/wp-admin/images menu-dark.gif
2012.10.01 09:03 B C:\MoralCompassDemo\WordpressVanilla\wp-admin\images\menu-shadow-rtl.png --> marten.arvixe.com /www/wp-admin/images menu-shadow-rtl.png
2012.10.01 09:03 B C:\MoralCompassDemo\WordpressVanilla\wp-admin\images\menu-shadow.png --> marten.arvixe.com /www/wp-admin/images menu-shadow.png
2012.10.01 09:03 B C:\MoralCompassDemo\WordpressVanilla\wp-admin\images\menu-vs.png --> marten.arvixe.com /www/wp-admin/images menu-vs.png
2012.10.01 09:03 B C:\MoralCompassDemo\WordpressVanilla\wp-admin\images\menu.png --> marten.arvixe.com /www/wp-admin/images menu.png
2012.10.01 09:03 B C:\MoralCompassDemo\WordpressVanilla\wp-admin\images\no.png --> marten.arvixe.com /www/wp-admin/images no.png
2012.10.01 09:03 B C:\MoralCompassDemo\WordpressVanilla\wp-admin\images\press-this.png --> marten.arvixe.com /www/wp-admin/images press-this.png
2012.10.01 09:03 B C:\MoralCompassDemo\WordpressVanilla\wp-admin\images\required.gif --> marten.arvixe.com /www/wp-admin/images required.gif
2012.10.01 09:03 B C:\MoralCompassDemo\WordpressVanilla\wp-admin\images\resize-rtl.gif --> marten.arvixe.com /www/wp-admin/images resize-rtl.gif
2012.10.01 09:03 B C:\MoralCompassDemo\WordpressVanilla\wp-admin\images\resize.gif --> marten.arvixe.com /www/wp-admin/images resize.gif
2012.10.01 09:03 B C:\MoralCompassDemo\WordpressVanilla\wp-admin\images\screen-options-toggle-vs.gif --> marten.arvixe.com /www/wp-admin/images screen-options-toggle-vs.gif
2012.10.01 09:03 B C:\MoralCompassDemo\WordpressVanilla\wp-admin\images\screen-options-toggle.gif --> marten.arvixe.com /www/wp-admin/images screen-options-toggle.gif
2012.10.01 09:03 B C:\MoralCompassDemo\WordpressVanilla\wp-admin\images\se.png --> marten.arvixe.com /www/wp-admin/images se.png
2012.10.01 09:03 B C:\MoralCompassDemo\WordpressVanilla\wp-admin\images\sort.gif --> marten.arvixe.com /www/wp-admin/images sort.gif
2012.10.01 09:03 B C:\MoralCompassDemo\WordpressVanilla\wp-admin\images\stars-rtl.png --> marten.arvixe.com /www/wp-admin/images stars-rtl.png
2012.10.01 09:03 B C:\MoralCompassDemo\WordpressVanilla\wp-admin\images\stars.png --> marten.arvixe.com /www/wp-admin/images stars.png
2012.10.01 09:03 B C:\MoralCompassDemo\WordpressVanilla\wp-admin\images\toggle-arrow-rtl.gif --> marten.arvixe.com /www/wp-admin/images toggle-arrow-rtl.gif
2012.10.01 09:03 B C:\MoralCompassDemo\WordpressVanilla\wp-admin\images\toggle-arrow.gif --> marten.arvixe.com /www/wp-admin/images toggle-arrow.gif
2012.10.01 09:03 B C:\MoralCompassDemo\WordpressVanilla\wp-admin\images\upload-classic.png --> marten.arvixe.com /www/wp-admin/images upload-classic.png
2012.10.01 09:03 B C:\MoralCompassDemo\WordpressVanilla\wp-admin\images\upload-fresh.png --> marten.arvixe.com /www/wp-admin/images upload-fresh.png
2012.10.01 09:03 B C:\MoralCompassDemo\WordpressVanilla\wp-admin\images\wheel.png --> marten.arvixe.com /www/wp-admin/images wheel.png
2012.10.01 09:03 B C:\MoralCompassDemo\WordpressVanilla\wp-admin\images\white-grad-active.png --> marten.arvixe.com /www/wp-admin/images white-grad-active.png
2012.10.01 09:03 B C:\MoralCompassDemo\WordpressVanilla\wp-admin\images\white-grad.png --> marten.arvixe.com /www/wp-admin/images white-grad.png
2012.10.01 09:03 B C:\MoralCompassDemo\WordpressVanilla\wp-admin\images\widgets-arrow-vs.gif --> marten.arvixe.com /www/wp-admin/images widgets-arrow-vs.gif
2012.10.01 09:03 B C:\MoralCompassDemo\WordpressVanilla\wp-admin\images\widgets-arrow.gif --> marten.arvixe.com /www/wp-admin/images widgets-arrow.gif
2012.10.01 09:03 B C:\MoralCompassDemo\WordpressVanilla\wp-admin\images\wordpress-logo-2x.png --> marten.arvixe.com /www/wp-admin/images wordpress-logo-2x.png
2012.10.01 09:03 B C:\MoralCompassDemo\WordpressVanilla\wp-admin\images\wordpress-logo.png --> marten.arvixe.com /www/wp-admin/images wordpress-logo.png
2012.10.01 09:03 B C:\MoralCompassDemo\WordpressVanilla\wp-admin\images\wp-badge-2x.png --> marten.arvixe.com /www/wp-admin/images wp-badge-2x.png
2012.10.01 09:03 B C:\MoralCompassDemo\WordpressVanilla\wp-admin\images\wp-badge.png --> marten.arvixe.com /www/wp-admin/images wp-badge.png
2012.10.01 09:03 B C:\MoralCompassDemo\WordpressVanilla\wp-admin\images\wp-logo-vs.png --> marten.arvixe.com /www/wp-admin/images wp-logo-vs.png
2012.10.01 09:03 B C:\MoralCompassDemo\WordpressVanilla\wp-admin\images\wp-logo.png --> marten.arvixe.com /www/wp-admin/images wp-logo.png
2012.10.01 09:03 B C:\MoralCompassDemo\WordpressVanilla\wp-admin\images\wpspin_dark.gif --> marten.arvixe.com /www/wp-admin/images wpspin_dark.gif
2012.10.01 09:03 B C:\MoralCompassDemo\WordpressVanilla\wp-admin\images\wpspin_light.gif --> marten.arvixe.com /www/wp-admin/images wpspin_light.gif
2012.10.01 09:03 B C:\MoralCompassDemo\WordpressVanilla\wp-admin\images\xit.gif --> marten.arvixe.com /www/wp-admin/images xit.gif
2012.10.01 09:03 B C:\MoralCompassDemo\WordpressVanilla\wp-admin\images\yes.png --> marten.arvixe.com /www/wp-admin/images yes.png
