112.07.05 16:36 B C:\MoralCompass\images\CoupChile\CiviliansCoup.jpg --> juniper.arvixe.com /osber.net/wwwroot/MoralCompass/images/CoupChile CiviliansCoup.jpg
112.07.05 16:36 B C:\MoralCompass\images\CoupChile\CiviliansCoupThumbnail.jpg --> juniper.arvixe.com /osber.net/wwwroot/MoralCompass/images/CoupChile CiviliansCoupThumbnail.jpg
112.07.05 16:36 B C:\MoralCompass\images\CoupChile\CoupChile.jpg --> juniper.arvixe.com /osber.net/wwwroot/MoralCompass/images/CoupChile CoupChile.jpg
112.07.05 16:36 B C:\MoralCompass\images\CoupChile\DrSeussCoup.jpg --> juniper.arvixe.com /osber.net/wwwroot/MoralCompass/images/CoupChile DrSeussCoup.jpg
112.07.05 16:36 B C:\MoralCompass\images\CoupChile\DrSeussCoupThumbnail.jpg --> juniper.arvixe.com /osber.net/wwwroot/MoralCompass/images/CoupChile DrSeussCoupThumbnail.jpg
112.07.05 16:37 B C:\MoralCompass\images\CoupChile\Protesters.jpg --> juniper.arvixe.com /osber.net/wwwroot/MoralCompass/images/CoupChile Protesters.jpg
112.07.05 16:37 B C:\MoralCompass\images\CoupChile\ProtestersThumbnail.jpg --> juniper.arvixe.com /osber.net/wwwroot/MoralCompass/images/CoupChile ProtestersThumbnail.jpg
112.07.05 16:37 B C:\MoralCompass\images\CoupChile\Thumbs.db --> juniper.arvixe.com /osber.net/wwwroot/MoralCompass/images/CoupChile Thumbs.db
112.07.05 16:37 B C:\MoralCompass\images\CoupChile\UsOverthrow.jpg --> juniper.arvixe.com /osber.net/wwwroot/MoralCompass/images/CoupChile UsOverthrow.jpg
112.07.05 16:37 B C:\MoralCompass\images\CoupChile\WarOnDemocracy.jpg --> juniper.arvixe.com /osber.net/wwwroot/MoralCompass/images/CoupChile WarOnDemocracy.jpg
2012.08.16 20:14 B C:\MoralCompassWebSite\images\CoupChile\WS_FTP.LOG --> juniper.arvixe.com /osber.net/wwwroot/MoralCompass/images/CoupChile WS_FTP.LOG
2012.09.09 10:11 B C:\MoralCompassDemo\MoralCompassWP\wp-content\images\CoupChile\CiviliansCoup.jpg --> juniper.arvixe.com /osber.net/wwwroot/MoralCompassWP/wp-content/images/CoupChile CiviliansCoup.jpg
2012.09.09 10:11 B C:\MoralCompassDemo\MoralCompassWP\wp-content\images\CoupChile\CiviliansCoupThumbnail.jpg --> juniper.arvixe.com /osber.net/wwwroot/MoralCompassWP/wp-content/images/CoupChile CiviliansCoupThumbnail.jpg
2012.09.09 10:11 B C:\MoralCompassDemo\MoralCompassWP\wp-content\images\CoupChile\CoupChile.jpg --> juniper.arvixe.com /osber.net/wwwroot/MoralCompassWP/wp-content/images/CoupChile CoupChile.jpg
2012.09.09 10:11 B C:\MoralCompassDemo\MoralCompassWP\wp-content\images\CoupChile\DrSeussCoup.jpg --> juniper.arvixe.com /osber.net/wwwroot/MoralCompassWP/wp-content/images/CoupChile DrSeussCoup.jpg
2012.09.09 10:12 B C:\MoralCompassDemo\MoralCompassWP\wp-content\images\CoupChile\DrSeussCoupThumbnail.jpg --> juniper.arvixe.com /osber.net/wwwroot/MoralCompassWP/wp-content/images/CoupChile DrSeussCoupThumbnail.jpg
2012.09.09 10:12 B C:\MoralCompassDemo\MoralCompassWP\wp-content\images\CoupChile\Protesters.jpg --> juniper.arvixe.com /osber.net/wwwroot/MoralCompassWP/wp-content/images/CoupChile Protesters.jpg
2012.09.09 10:12 B C:\MoralCompassDemo\MoralCompassWP\wp-content\images\CoupChile\ProtestersThumbnail.jpg --> juniper.arvixe.com /osber.net/wwwroot/MoralCompassWP/wp-content/images/CoupChile ProtestersThumbnail.jpg
2012.09.09 10:12 B C:\MoralCompassDemo\MoralCompassWP\wp-content\images\CoupChile\Thumbs.db --> juniper.arvixe.com /osber.net/wwwroot/MoralCompassWP/wp-content/images/CoupChile Thumbs.db
2012.09.09 10:12 B C:\MoralCompassDemo\MoralCompassWP\wp-content\images\CoupChile\UsOverthrow.jpg --> juniper.arvixe.com /osber.net/wwwroot/MoralCompassWP/wp-content/images/CoupChile UsOverthrow.jpg
2012.09.09 10:12 B C:\MoralCompassDemo\MoralCompassWP\wp-content\images\CoupChile\WarOnDemocracy.jpg --> juniper.arvixe.com /osber.net/wwwroot/MoralCompassWP/wp-content/images/CoupChile WarOnDemocracy.jpg
2012.09.09 10:12 B C:\MoralCompassDemo\MoralCompassWP\wp-content\images\CoupChile\WS_FTP.LOG --> juniper.arvixe.com /osber.net/wwwroot/MoralCompassWP/wp-content/images/CoupChile WS_FTP.LOG
2012.10.01 17:32 B c:\moralcompassdemo\MoralCompassWP\wp-content\images\CoupChile\CiviliansCoup.jpg --> marten.arvixe.com /www/wp-content/images/CoupChile CiviliansCoup.jpg
2012.10.01 17:32 B c:\moralcompassdemo\MoralCompassWP\wp-content\images\CoupChile\CiviliansCoupThumbnail.jpg --> marten.arvixe.com /www/wp-content/images/CoupChile CiviliansCoupThumbnail.jpg
2012.10.01 17:32 B c:\moralcompassdemo\MoralCompassWP\wp-content\images\CoupChile\CoupChile.jpg --> marten.arvixe.com /www/wp-content/images/CoupChile CoupChile.jpg
2012.10.01 17:32 B c:\moralcompassdemo\MoralCompassWP\wp-content\images\CoupChile\DrSeussCoup.jpg --> marten.arvixe.com /www/wp-content/images/CoupChile DrSeussCoup.jpg
2012.10.01 17:32 B c:\moralcompassdemo\MoralCompassWP\wp-content\images\CoupChile\DrSeussCoupThumbnail.jpg --> marten.arvixe.com /www/wp-content/images/CoupChile DrSeussCoupThumbnail.jpg
2012.10.01 17:32 B c:\moralcompassdemo\MoralCompassWP\wp-content\images\CoupChile\Protesters.jpg --> marten.arvixe.com /www/wp-content/images/CoupChile Protesters.jpg
2012.10.01 17:32 B c:\moralcompassdemo\MoralCompassWP\wp-content\images\CoupChile\ProtestersThumbnail.jpg --> marten.arvixe.com /www/wp-content/images/CoupChile ProtestersThumbnail.jpg
2012.10.01 17:32 B c:\moralcompassdemo\MoralCompassWP\wp-content\images\CoupChile\Thumbs.db --> marten.arvixe.com /www/wp-content/images/CoupChile Thumbs.db
2012.10.01 17:32 B c:\moralcompassdemo\MoralCompassWP\wp-content\images\CoupChile\UsOverthrow.jpg --> marten.arvixe.com /www/wp-content/images/CoupChile UsOverthrow.jpg
2012.10.01 17:32 B c:\moralcompassdemo\MoralCompassWP\wp-content\images\CoupChile\WarOnDemocracy.jpg --> marten.arvixe.com /www/wp-content/images/CoupChile WarOnDemocracy.jpg
2012.10.01 17:32 B c:\moralcompassdemo\MoralCompassWP\wp-content\images\CoupChile\WS_FTP.LOG --> marten.arvixe.com /www/wp-content/images/CoupChile WS_FTP.LOG
