2012.09.09 10:10 B C:\MoralCompassDemo\MoralCompassWP\wp-admin\network\admin.php --> juniper.arvixe.com /osber.net/wwwroot/MoralCompassWP/wp-admin/network admin.php
2012.09.09 10:10 B C:\MoralCompassDemo\MoralCompassWP\wp-admin\network\edit.php --> juniper.arvixe.com /osber.net/wwwroot/MoralCompassWP/wp-admin/network edit.php
2012.09.09 10:10 B C:\MoralCompassDemo\MoralCompassWP\wp-admin\network\index-extra.php --> juniper.arvixe.com /osber.net/wwwroot/MoralCompassWP/wp-admin/network index-extra.php
2012.09.09 10:10 B C:\MoralCompassDemo\MoralCompassWP\wp-admin\network\index.php --> juniper.arvixe.com /osber.net/wwwroot/MoralCompassWP/wp-admin/network index.php
2012.09.09 10:10 B C:\MoralCompassDemo\MoralCompassWP\wp-admin\network\menu.php --> juniper.arvixe.com /osber.net/wwwroot/MoralCompassWP/wp-admin/network menu.php
2012.09.09 10:10 B C:\MoralCompassDemo\MoralCompassWP\wp-admin\network\plugin-editor.php --> juniper.arvixe.com /osber.net/wwwroot/MoralCompassWP/wp-admin/network plugin-editor.php
2012.09.09 10:10 B C:\MoralCompassDemo\MoralCompassWP\wp-admin\network\plugin-install.php --> juniper.arvixe.com /osber.net/wwwroot/MoralCompassWP/wp-admin/network plugin-install.php
2012.09.09 10:10 B C:\MoralCompassDemo\MoralCompassWP\wp-admin\network\plugins.php --> juniper.arvixe.com /osber.net/wwwroot/MoralCompassWP/wp-admin/network plugins.php
2012.09.09 10:10 B C:\MoralCompassDemo\MoralCompassWP\wp-admin\network\profile.php --> juniper.arvixe.com /osber.net/wwwroot/MoralCompassWP/wp-admin/network profile.php
2012.09.09 10:10 B C:\MoralCompassDemo\MoralCompassWP\wp-admin\network\settings.php --> juniper.arvixe.com /osber.net/wwwroot/MoralCompassWP/wp-admin/network settings.php
2012.09.09 10:10 B C:\MoralCompassDemo\MoralCompassWP\wp-admin\network\setup.php --> juniper.arvixe.com /osber.net/wwwroot/MoralCompassWP/wp-admin/network setup.php
2012.09.09 10:10 B C:\MoralCompassDemo\MoralCompassWP\wp-admin\network\site-info.php --> juniper.arvixe.com /osber.net/wwwroot/MoralCompassWP/wp-admin/network site-info.php
2012.09.09 10:10 B C:\MoralCompassDemo\MoralCompassWP\wp-admin\network\site-new.php --> juniper.arvixe.com /osber.net/wwwroot/MoralCompassWP/wp-admin/network site-new.php
2012.09.09 10:10 B C:\MoralCompassDemo\MoralCompassWP\wp-admin\network\site-settings.php --> juniper.arvixe.com /osber.net/wwwroot/MoralCompassWP/wp-admin/network site-settings.php
2012.09.09 10:10 B C:\MoralCompassDemo\MoralCompassWP\wp-admin\network\site-themes.php --> juniper.arvixe.com /osber.net/wwwroot/MoralCompassWP/wp-admin/network site-themes.php
2012.09.09 10:10 B C:\MoralCompassDemo\MoralCompassWP\wp-admin\network\site-users.php --> juniper.arvixe.com /osber.net/wwwroot/MoralCompassWP/wp-admin/network site-users.php
2012.09.09 10:10 B C:\MoralCompassDemo\MoralCompassWP\wp-admin\network\sites.php --> juniper.arvixe.com /osber.net/wwwroot/MoralCompassWP/wp-admin/network sites.php
2012.09.09 10:10 B C:\MoralCompassDemo\MoralCompassWP\wp-admin\network\theme-editor.php --> juniper.arvixe.com /osber.net/wwwroot/MoralCompassWP/wp-admin/network theme-editor.php
2012.09.09 10:10 B C:\MoralCompassDemo\MoralCompassWP\wp-admin\network\theme-install.php --> juniper.arvixe.com /osber.net/wwwroot/MoralCompassWP/wp-admin/network theme-install.php
2012.09.09 10:10 B C:\MoralCompassDemo\MoralCompassWP\wp-admin\network\themes.php --> juniper.arvixe.com /osber.net/wwwroot/MoralCompassWP/wp-admin/network themes.php
2012.09.09 10:10 B C:\MoralCompassDemo\MoralCompassWP\wp-admin\network\update-core.php --> juniper.arvixe.com /osber.net/wwwroot/MoralCompassWP/wp-admin/network update-core.php
2012.09.09 10:10 B C:\MoralCompassDemo\MoralCompassWP\wp-admin\network\update.php --> juniper.arvixe.com /osber.net/wwwroot/MoralCompassWP/wp-admin/network update.php
2012.09.09 10:10 B C:\MoralCompassDemo\MoralCompassWP\wp-admin\network\upgrade.php --> juniper.arvixe.com /osber.net/wwwroot/MoralCompassWP/wp-admin/network upgrade.php
2012.09.09 10:10 B C:\MoralCompassDemo\MoralCompassWP\wp-admin\network\user-edit.php --> juniper.arvixe.com /osber.net/wwwroot/MoralCompassWP/wp-admin/network user-edit.php
2012.09.09 10:10 B C:\MoralCompassDemo\MoralCompassWP\wp-admin\network\user-new.php --> juniper.arvixe.com /osber.net/wwwroot/MoralCompassWP/wp-admin/network user-new.php
2012.09.09 10:10 B C:\MoralCompassDemo\MoralCompassWP\wp-admin\network\users.php --> juniper.arvixe.com /osber.net/wwwroot/MoralCompassWP/wp-admin/network users.php
