2012.08.18 07:54 B C:\MoralCompassViv\wp-content\themes\compass\inc\metaboxes\images\ico-delete.png <-- Viv Web Design /public_html/wp-content/themes/compass/inc/metaboxes/images ico-delete.png
2012.08.18 07:54 B C:\MoralCompassViv\wp-content\themes\compass\inc\metaboxes\images\ui-bg_flat_0_aaaaaa_40x100.png <-- Viv Web Design /public_html/wp-content/themes/compass/inc/metaboxes/images ui-bg_flat_0_aaaaaa_40x100.png
2012.08.18 07:54 B C:\MoralCompassViv\wp-content\themes\compass\inc\metaboxes\images\ui-bg_flat_75_ffffff_40x100.png <-- Viv Web Design /public_html/wp-content/themes/compass/inc/metaboxes/images ui-bg_flat_75_ffffff_40x100.png
2012.08.18 07:54 B C:\MoralCompassViv\wp-content\themes\compass\inc\metaboxes\images\ui-bg_glass_55_fbf9ee_1x400.png <-- Viv Web Design /public_html/wp-content/themes/compass/inc/metaboxes/images ui-bg_glass_55_fbf9ee_1x400.png
2012.08.18 07:54 B C:\MoralCompassViv\wp-content\themes\compass\inc\metaboxes\images\ui-bg_glass_65_ffffff_1x400.png <-- Viv Web Design /public_html/wp-content/themes/compass/inc/metaboxes/images ui-bg_glass_65_ffffff_1x400.png
2012.08.18 07:54 B C:\MoralCompassViv\wp-content\themes\compass\inc\metaboxes\images\ui-bg_glass_75_dadada_1x400.png <-- Viv Web Design /public_html/wp-content/themes/compass/inc/metaboxes/images ui-bg_glass_75_dadada_1x400.png
2012.08.18 07:54 B C:\MoralCompassViv\wp-content\themes\compass\inc\metaboxes\images\ui-bg_glass_75_e6e6e6_1x400.png <-- Viv Web Design /public_html/wp-content/themes/compass/inc/metaboxes/images ui-bg_glass_75_e6e6e6_1x400.png
2012.08.18 07:54 B C:\MoralCompassViv\wp-content\themes\compass\inc\metaboxes\images\ui-bg_glass_95_fef1ec_1x400.png <-- Viv Web Design /public_html/wp-content/themes/compass/inc/metaboxes/images ui-bg_glass_95_fef1ec_1x400.png
2012.08.18 07:54 B C:\MoralCompassViv\wp-content\themes\compass\inc\metaboxes\images\ui-bg_highlight-soft_75_cccccc_1x100.png <-- Viv Web Design /public_html/wp-content/themes/compass/inc/metaboxes/images ui-bg_highlight-soft_75_cccccc_1x100.png
2012.08.18 07:54 B C:\MoralCompassViv\wp-content\themes\compass\inc\metaboxes\images\ui-icons_222222_256x240.png <-- Viv Web Design /public_html/wp-content/themes/compass/inc/metaboxes/images ui-icons_222222_256x240.png
2012.08.18 07:54 B C:\MoralCompassViv\wp-content\themes\compass\inc\metaboxes\images\ui-icons_2e83ff_256x240.png <-- Viv Web Design /public_html/wp-content/themes/compass/inc/metaboxes/images ui-icons_2e83ff_256x240.png
2012.08.18 07:54 B C:\MoralCompassViv\wp-content\themes\compass\inc\metaboxes\images\ui-icons_454545_256x240.png <-- Viv Web Design /public_html/wp-content/themes/compass/inc/metaboxes/images ui-icons_454545_256x240.png
2012.08.18 07:54 B C:\MoralCompassViv\wp-content\themes\compass\inc\metaboxes\images\ui-icons_888888_256x240.png <-- Viv Web Design /public_html/wp-content/themes/compass/inc/metaboxes/images ui-icons_888888_256x240.png
2012.08.18 07:54 B C:\MoralCompassViv\wp-content\themes\compass\inc\metaboxes\images\ui-icons_cd0a0a_256x240.png <-- Viv Web Design /public_html/wp-content/themes/compass/inc/metaboxes/images ui-icons_cd0a0a_256x240.png
2012.09.09 10:17 B C:\MoralCompassDemo\MoralCompassWP\wp-content\themes\compass\inc\metaboxes\images\ico-delete.png --> juniper.arvixe.com /osber.net/wwwroot/MoralCompassWP/wp-content/themes/compass/inc/metaboxes/images ico-delete.png
2012.09.09 10:17 B C:\MoralCompassDemo\MoralCompassWP\wp-content\themes\compass\inc\metaboxes\images\ui-bg_flat_0_aaaaaa_40x100.png --> juniper.arvixe.com /osber.net/wwwroot/MoralCompassWP/wp-content/themes/compass/inc/metaboxes/images ui-bg_flat_0_aaaaaa_40x100.png
2012.09.09 10:17 B C:\MoralCompassDemo\MoralCompassWP\wp-content\themes\compass\inc\metaboxes\images\ui-bg_flat_75_ffffff_40x100.png --> juniper.arvixe.com /osber.net/wwwroot/MoralCompassWP/wp-content/themes/compass/inc/metaboxes/images ui-bg_flat_75_ffffff_40x100.png
2012.09.09 10:17 B C:\MoralCompassDemo\MoralCompassWP\wp-content\themes\compass\inc\metaboxes\images\ui-bg_glass_55_fbf9ee_1x400.png --> juniper.arvixe.com /osber.net/wwwroot/MoralCompassWP/wp-content/themes/compass/inc/metaboxes/images ui-bg_glass_55_fbf9ee_1x400.png
2012.09.09 10:17 B C:\MoralCompassDemo\MoralCompassWP\wp-content\themes\compass\inc\metaboxes\images\ui-bg_glass_65_ffffff_1x400.png --> juniper.arvixe.com /osber.net/wwwroot/MoralCompassWP/wp-content/themes/compass/inc/metaboxes/images ui-bg_glass_65_ffffff_1x400.png
2012.09.09 10:17 B C:\MoralCompassDemo\MoralCompassWP\wp-content\themes\compass\inc\metaboxes\images\ui-bg_glass_75_dadada_1x400.png --> juniper.arvixe.com /osber.net/wwwroot/MoralCompassWP/wp-content/themes/compass/inc/metaboxes/images ui-bg_glass_75_dadada_1x400.png
2012.09.09 10:17 B C:\MoralCompassDemo\MoralCompassWP\wp-content\themes\compass\inc\metaboxes\images\ui-bg_glass_75_e6e6e6_1x400.png --> juniper.arvixe.com /osber.net/wwwroot/MoralCompassWP/wp-content/themes/compass/inc/metaboxes/images ui-bg_glass_75_e6e6e6_1x400.png
2012.09.09 10:17 B C:\MoralCompassDemo\MoralCompassWP\wp-content\themes\compass\inc\metaboxes\images\ui-bg_glass_95_fef1ec_1x400.png --> juniper.arvixe.com /osber.net/wwwroot/MoralCompassWP/wp-content/themes/compass/inc/metaboxes/images ui-bg_glass_95_fef1ec_1x400.png
2012.09.09 10:17 B C:\MoralCompassDemo\MoralCompassWP\wp-content\themes\compass\inc\metaboxes\images\ui-bg_highlight-soft_75_cccccc_1x100.png --> juniper.arvixe.com /osber.net/wwwroot/MoralCompassWP/wp-content/themes/compass/inc/metaboxes/images ui-bg_highlight-soft_75_cccccc_1x100.png
2012.09.09 10:17 B C:\MoralCompassDemo\MoralCompassWP\wp-content\themes\compass\inc\metaboxes\images\ui-icons_222222_256x240.png --> juniper.arvixe.com /osber.net/wwwroot/MoralCompassWP/wp-content/themes/compass/inc/metaboxes/images ui-icons_222222_256x240.png
2012.09.09 10:17 B C:\MoralCompassDemo\MoralCompassWP\wp-content\themes\compass\inc\metaboxes\images\ui-icons_2e83ff_256x240.png --> juniper.arvixe.com /osber.net/wwwroot/MoralCompassWP/wp-content/themes/compass/inc/metaboxes/images ui-icons_2e83ff_256x240.png
2012.09.09 10:17 B C:\MoralCompassDemo\MoralCompassWP\wp-content\themes\compass\inc\metaboxes\images\ui-icons_454545_256x240.png --> juniper.arvixe.com /osber.net/wwwroot/MoralCompassWP/wp-content/themes/compass/inc/metaboxes/images ui-icons_454545_256x240.png
2012.09.09 10:17 B C:\MoralCompassDemo\MoralCompassWP\wp-content\themes\compass\inc\metaboxes\images\ui-icons_888888_256x240.png --> juniper.arvixe.com /osber.net/wwwroot/MoralCompassWP/wp-content/themes/compass/inc/metaboxes/images ui-icons_888888_256x240.png
2012.09.09 10:17 B C:\MoralCompassDemo\MoralCompassWP\wp-content\themes\compass\inc\metaboxes\images\ui-icons_cd0a0a_256x240.png --> juniper.arvixe.com /osber.net/wwwroot/MoralCompassWP/wp-content/themes/compass/inc/metaboxes/images ui-icons_cd0a0a_256x240.png
2012.09.09 10:17 B C:\MoralCompassDemo\MoralCompassWP\wp-content\themes\compass\inc\metaboxes\images\WS_FTP.LOG --> juniper.arvixe.com /osber.net/wwwroot/MoralCompassWP/wp-content/themes/compass/inc/metaboxes/images WS_FTP.LOG
2012.10.01 17:47 B c:\moralcompassdemo\MoralCompassWP\wp-content\themes\compass\inc\metaboxes\images\ico-delete.png --> marten.arvixe.com /www/wp-content/themes/compass/inc/metaboxes/images ico-delete.png
2012.10.01 17:47 B c:\moralcompassdemo\MoralCompassWP\wp-content\themes\compass\inc\metaboxes\images\ui-bg_flat_0_aaaaaa_40x100.png --> marten.arvixe.com /www/wp-content/themes/compass/inc/metaboxes/images ui-bg_flat_0_aaaaaa_40x100.png
2012.10.01 17:47 B c:\moralcompassdemo\MoralCompassWP\wp-content\themes\compass\inc\metaboxes\images\ui-bg_flat_75_ffffff_40x100.png --> marten.arvixe.com /www/wp-content/themes/compass/inc/metaboxes/images ui-bg_flat_75_ffffff_40x100.png
2012.10.01 17:47 B c:\moralcompassdemo\MoralCompassWP\wp-content\themes\compass\inc\metaboxes\images\ui-bg_glass_55_fbf9ee_1x400.png --> marten.arvixe.com /www/wp-content/themes/compass/inc/metaboxes/images ui-bg_glass_55_fbf9ee_1x400.png
2012.10.01 17:47 B c:\moralcompassdemo\MoralCompassWP\wp-content\themes\compass\inc\metaboxes\images\ui-bg_glass_65_ffffff_1x400.png --> marten.arvixe.com /www/wp-content/themes/compass/inc/metaboxes/images ui-bg_glass_65_ffffff_1x400.png
2012.10.01 17:47 B c:\moralcompassdemo\MoralCompassWP\wp-content\themes\compass\inc\metaboxes\images\ui-bg_glass_75_dadada_1x400.png --> marten.arvixe.com /www/wp-content/themes/compass/inc/metaboxes/images ui-bg_glass_75_dadada_1x400.png
2012.10.01 17:47 B c:\moralcompassdemo\MoralCompassWP\wp-content\themes\compass\inc\metaboxes\images\ui-bg_glass_75_e6e6e6_1x400.png --> marten.arvixe.com /www/wp-content/themes/compass/inc/metaboxes/images ui-bg_glass_75_e6e6e6_1x400.png
2012.10.01 17:47 B c:\moralcompassdemo\MoralCompassWP\wp-content\themes\compass\inc\metaboxes\images\ui-bg_glass_95_fef1ec_1x400.png --> marten.arvixe.com /www/wp-content/themes/compass/inc/metaboxes/images ui-bg_glass_95_fef1ec_1x400.png
2012.10.01 17:47 B c:\moralcompassdemo\MoralCompassWP\wp-content\themes\compass\inc\metaboxes\images\ui-bg_highlight-soft_75_cccccc_1x100.png --> marten.arvixe.com /www/wp-content/themes/compass/inc/metaboxes/images ui-bg_highlight-soft_75_cccccc_1x100.png
2012.10.01 17:47 B c:\moralcompassdemo\MoralCompassWP\wp-content\themes\compass\inc\metaboxes\images\ui-icons_222222_256x240.png --> marten.arvixe.com /www/wp-content/themes/compass/inc/metaboxes/images ui-icons_222222_256x240.png
2012.10.01 17:47 B c:\moralcompassdemo\MoralCompassWP\wp-content\themes\compass\inc\metaboxes\images\ui-icons_2e83ff_256x240.png --> marten.arvixe.com /www/wp-content/themes/compass/inc/metaboxes/images ui-icons_2e83ff_256x240.png
2012.10.01 17:47 B c:\moralcompassdemo\MoralCompassWP\wp-content\themes\compass\inc\metaboxes\images\ui-icons_454545_256x240.png --> marten.arvixe.com /www/wp-content/themes/compass/inc/metaboxes/images ui-icons_454545_256x240.png
2012.10.01 17:47 B c:\moralcompassdemo\MoralCompassWP\wp-content\themes\compass\inc\metaboxes\images\ui-icons_888888_256x240.png --> marten.arvixe.com /www/wp-content/themes/compass/inc/metaboxes/images ui-icons_888888_256x240.png
2012.10.01 17:47 B c:\moralcompassdemo\MoralCompassWP\wp-content\themes\compass\inc\metaboxes\images\ui-icons_cd0a0a_256x240.png --> marten.arvixe.com /www/wp-content/themes/compass/inc/metaboxes/images ui-icons_cd0a0a_256x240.png
2012.10.01 17:47 B c:\moralcompassdemo\MoralCompassWP\wp-content\themes\compass\inc\metaboxes\images\WS_FTP.LOG --> marten.arvixe.com /www/wp-content/themes/compass/inc/metaboxes/images WS_FTP.LOG
