2012.08.16 20:15 B C:\MoralCompassWebSite\images\Stoning\CNN Mirta.jpg --> juniper.arvixe.com /osber.net/wwwroot/MoralCompass/images/Stoning CNN Mirta.jpg
2012.08.16 20:15 B C:\MoralCompassWebSite\images\Stoning\IStandByYou.jpg --> juniper.arvixe.com /osber.net/wwwroot/MoralCompass/images/Stoning IStandByYou.jpg
2012.08.16 20:15 B C:\MoralCompassWebSite\images\Stoning\StoningCartoon2.jpg --> juniper.arvixe.com /osber.net/wwwroot/MoralCompass/images/Stoning StoningCartoon2.jpg
2012.08.16 20:15 B C:\MoralCompassWebSite\images\Stoning\StoningCartoon2Thumbnail.jpg --> juniper.arvixe.com /osber.net/wwwroot/MoralCompass/images/Stoning StoningCartoon2Thumbnail.jpg
2012.08.16 20:16 B C:\MoralCompassWebSite\images\Stoning\StoningCartoonGraphic.jpg --> juniper.arvixe.com /osber.net/wwwroot/MoralCompass/images/Stoning StoningCartoonGraphic.jpg
2012.08.16 20:16 B C:\MoralCompassWebSite\images\Stoning\StoningCartoonGraphicThumbnail.jpg --> juniper.arvixe.com /osber.net/wwwroot/MoralCompass/images/Stoning StoningCartoonGraphicThumbnail.jpg
2012.08.16 20:16 B C:\MoralCompassWebSite\images\Stoning\StoningProtesters.jpg --> juniper.arvixe.com /osber.net/wwwroot/MoralCompass/images/Stoning StoningProtesters.jpg
2012.08.16 20:16 B C:\MoralCompassWebSite\images\Stoning\StoningProtestersThumbnail.jpg --> juniper.arvixe.com /osber.net/wwwroot/MoralCompass/images/Stoning StoningProtestersThumbnail.jpg
2012.09.09 10:13 B C:\MoralCompassDemo\MoralCompassWP\wp-content\images\Stoning\CNN Mirta.jpg --> juniper.arvixe.com /osber.net/wwwroot/MoralCompassWP/wp-content/images/Stoning CNN Mirta.jpg
2012.09.09 10:13 B C:\MoralCompassDemo\MoralCompassWP\wp-content\images\Stoning\IStandByYou.jpg --> juniper.arvixe.com /osber.net/wwwroot/MoralCompassWP/wp-content/images/Stoning IStandByYou.jpg
2012.09.09 10:13 B C:\MoralCompassDemo\MoralCompassWP\wp-content\images\Stoning\StoningCartoon2.jpg --> juniper.arvixe.com /osber.net/wwwroot/MoralCompassWP/wp-content/images/Stoning StoningCartoon2.jpg
2012.09.09 10:13 B C:\MoralCompassDemo\MoralCompassWP\wp-content\images\Stoning\StoningCartoon2Thumbnail.jpg --> juniper.arvixe.com /osber.net/wwwroot/MoralCompassWP/wp-content/images/Stoning StoningCartoon2Thumbnail.jpg
2012.09.09 10:13 B C:\MoralCompassDemo\MoralCompassWP\wp-content\images\Stoning\StoningCartoonGraphic.jpg --> juniper.arvixe.com /osber.net/wwwroot/MoralCompassWP/wp-content/images/Stoning StoningCartoonGraphic.jpg
2012.09.09 10:13 B C:\MoralCompassDemo\MoralCompassWP\wp-content\images\Stoning\StoningCartoonGraphicThumbnail.jpg --> juniper.arvixe.com /osber.net/wwwroot/MoralCompassWP/wp-content/images/Stoning StoningCartoonGraphicThumbnail.jpg
2012.09.09 10:13 B C:\MoralCompassDemo\MoralCompassWP\wp-content\images\Stoning\StoningProtesters.jpg --> juniper.arvixe.com /osber.net/wwwroot/MoralCompassWP/wp-content/images/Stoning StoningProtesters.jpg
2012.09.09 10:13 B C:\MoralCompassDemo\MoralCompassWP\wp-content\images\Stoning\StoningProtestersThumbnail.jpg --> juniper.arvixe.com /osber.net/wwwroot/MoralCompassWP/wp-content/images/Stoning StoningProtestersThumbnail.jpg
2012.09.09 10:13 B C:\MoralCompassDemo\MoralCompassWP\wp-content\images\Stoning\WS_FTP.LOG --> juniper.arvixe.com /osber.net/wwwroot/MoralCompassWP/wp-content/images/Stoning WS_FTP.LOG
2012.10.01 17:33 B c:\moralcompassdemo\MoralCompassWP\wp-content\images\Stoning\CNN Mirta.jpg --> marten.arvixe.com /www/wp-content/images/Stoning CNN Mirta.jpg
2012.10.01 17:33 B c:\moralcompassdemo\MoralCompassWP\wp-content\images\Stoning\IStandByYou.jpg --> marten.arvixe.com /www/wp-content/images/Stoning IStandByYou.jpg
2012.10.01 17:33 B c:\moralcompassdemo\MoralCompassWP\wp-content\images\Stoning\StoningCartoon2.jpg --> marten.arvixe.com /www/wp-content/images/Stoning StoningCartoon2.jpg
2012.10.01 17:33 B c:\moralcompassdemo\MoralCompassWP\wp-content\images\Stoning\StoningCartoon2Thumbnail.jpg --> marten.arvixe.com /www/wp-content/images/Stoning StoningCartoon2Thumbnail.jpg
2012.10.01 17:33 B c:\moralcompassdemo\MoralCompassWP\wp-content\images\Stoning\StoningCartoonGraphic.jpg --> marten.arvixe.com /www/wp-content/images/Stoning StoningCartoonGraphic.jpg
2012.10.01 17:33 B c:\moralcompassdemo\MoralCompassWP\wp-content\images\Stoning\StoningCartoonGraphicThumbnail.jpg --> marten.arvixe.com /www/wp-content/images/Stoning StoningCartoonGraphicThumbnail.jpg
2012.10.01 17:33 B c:\moralcompassdemo\MoralCompassWP\wp-content\images\Stoning\StoningProtesters.jpg --> marten.arvixe.com /www/wp-content/images/Stoning StoningProtesters.jpg
2012.10.01 17:33 B c:\moralcompassdemo\MoralCompassWP\wp-content\images\Stoning\StoningProtestersThumbnail.jpg --> marten.arvixe.com /www/wp-content/images/Stoning StoningProtestersThumbnail.jpg
2012.10.01 17:33 B c:\moralcompassdemo\MoralCompassWP\wp-content\images\Stoning\WS_FTP.LOG --> marten.arvixe.com /www/wp-content/images/Stoning WS_FTP.LOG
