2012.08.18 07:51 B C:\MoralCompassViv\wp-admin\images\align-center.png <-- Viv Web Design /public_html/wp-admin/images align-center.png
2012.08.18 07:51 B C:\MoralCompassViv\wp-admin\images\align-left.png <-- Viv Web Design /public_html/wp-admin/images align-left.png
2012.08.18 07:51 B C:\MoralCompassViv\wp-admin\images\align-none.png <-- Viv Web Design /public_html/wp-admin/images align-none.png
2012.08.18 07:51 B C:\MoralCompassViv\wp-admin\images\align-right.png <-- Viv Web Design /public_html/wp-admin/images align-right.png
2012.08.18 07:51 B C:\MoralCompassViv\wp-admin\images\archive-link.png <-- Viv Web Design /public_html/wp-admin/images archive-link.png
2012.08.18 07:51 B C:\MoralCompassViv\wp-admin\images\arrows-dark-vs.png <-- Viv Web Design /public_html/wp-admin/images arrows-dark-vs.png
2012.08.18 07:51 B C:\MoralCompassViv\wp-admin\images\arrows-dark.png <-- Viv Web Design /public_html/wp-admin/images arrows-dark.png
2012.08.18 07:51 B C:\MoralCompassViv\wp-admin\images\arrows-vs.png <-- Viv Web Design /public_html/wp-admin/images arrows-vs.png
2012.08.18 07:51 B C:\MoralCompassViv\wp-admin\images\arrows.png <-- Viv Web Design /public_html/wp-admin/images arrows.png
2012.08.18 07:51 B C:\MoralCompassViv\wp-admin\images\blue-grad.png <-- Viv Web Design /public_html/wp-admin/images blue-grad.png
2012.08.18 07:51 B C:\MoralCompassViv\wp-admin\images\bubble_bg-rtl.gif <-- Viv Web Design /public_html/wp-admin/images bubble_bg-rtl.gif
2012.08.18 07:51 B C:\MoralCompassViv\wp-admin\images\bubble_bg.gif <-- Viv Web Design /public_html/wp-admin/images bubble_bg.gif
2012.08.18 07:51 B C:\MoralCompassViv\wp-admin\images\button-grad-active.png <-- Viv Web Design /public_html/wp-admin/images button-grad-active.png
2012.08.18 07:51 B C:\MoralCompassViv\wp-admin\images\button-grad.png <-- Viv Web Design /public_html/wp-admin/images button-grad.png
2012.08.18 07:51 B C:\MoralCompassViv\wp-admin\images\comment-grey-bubble.png <-- Viv Web Design /public_html/wp-admin/images comment-grey-bubble.png
2012.08.18 07:51 B C:\MoralCompassViv\wp-admin\images\date-button.gif <-- Viv Web Design /public_html/wp-admin/images date-button.gif
2012.08.18 07:51 B C:\MoralCompassViv\wp-admin\images\ed-bg-vs.gif <-- Viv Web Design /public_html/wp-admin/images ed-bg-vs.gif
2012.08.18 07:51 B C:\MoralCompassViv\wp-admin\images\ed-bg.gif <-- Viv Web Design /public_html/wp-admin/images ed-bg.gif
2012.08.18 07:51 B C:\MoralCompassViv\wp-admin\images\fade-butt.png <-- Viv Web Design /public_html/wp-admin/images fade-butt.png
2012.08.18 07:51 B C:\MoralCompassViv\wp-admin\images\fav-arrow-rtl.gif <-- Viv Web Design /public_html/wp-admin/images fav-arrow-rtl.gif
2012.08.18 07:51 B C:\MoralCompassViv\wp-admin\images\fav-arrow.gif <-- Viv Web Design /public_html/wp-admin/images fav-arrow.gif
2012.08.18 07:51 B C:\MoralCompassViv\wp-admin\images\fav-vs.png <-- Viv Web Design /public_html/wp-admin/images fav-vs.png
2012.08.18 07:51 B C:\MoralCompassViv\wp-admin\images\fav.png <-- Viv Web Design /public_html/wp-admin/images fav.png
2012.08.18 07:51 B C:\MoralCompassViv\wp-admin\images\generic.png <-- Viv Web Design /public_html/wp-admin/images generic.png
2012.08.18 07:51 B C:\MoralCompassViv\wp-admin\images\gray-grad.png <-- Viv Web Design /public_html/wp-admin/images gray-grad.png
2012.08.18 07:51 B C:\MoralCompassViv\wp-admin\images\icons32-2x.png <-- Viv Web Design /public_html/wp-admin/images icons32-2x.png
2012.08.18 07:51 B C:\MoralCompassViv\wp-admin\images\icons32-vs-2x.png <-- Viv Web Design /public_html/wp-admin/images icons32-vs-2x.png
2012.08.18 07:51 B C:\MoralCompassViv\wp-admin\images\icons32-vs.png <-- Viv Web Design /public_html/wp-admin/images icons32-vs.png
2012.08.18 07:51 B C:\MoralCompassViv\wp-admin\images\icons32.png <-- Viv Web Design /public_html/wp-admin/images icons32.png
2012.08.18 07:51 B C:\MoralCompassViv\wp-admin\images\imgedit-icons.png <-- Viv Web Design /public_html/wp-admin/images imgedit-icons.png
2012.08.18 07:51 B C:\MoralCompassViv\wp-admin\images\list.png <-- Viv Web Design /public_html/wp-admin/images list.png
2012.08.18 07:51 B C:\MoralCompassViv\wp-admin\images\loading-publish.gif <-- Viv Web Design /public_html/wp-admin/images loading-publish.gif
2012.08.18 07:51 B C:\MoralCompassViv\wp-admin\images\loading.gif <-- Viv Web Design /public_html/wp-admin/images loading.gif
2012.08.18 07:51 B C:\MoralCompassViv\wp-admin\images\logo-ghost.png <-- Viv Web Design /public_html/wp-admin/images logo-ghost.png
2012.08.18 07:51 B C:\MoralCompassViv\wp-admin\images\logo.gif <-- Viv Web Design /public_html/wp-admin/images logo.gif
2012.08.18 07:51 B C:\MoralCompassViv\wp-admin\images\marker.png <-- Viv Web Design /public_html/wp-admin/images marker.png
2012.08.18 07:51 B C:\MoralCompassViv\wp-admin\images\mask.png <-- Viv Web Design /public_html/wp-admin/images mask.png
2012.08.18 07:51 B C:\MoralCompassViv\wp-admin\images\media-button-image.gif <-- Viv Web Design /public_html/wp-admin/images media-button-image.gif
2012.08.18 07:51 B C:\MoralCompassViv\wp-admin\images\media-button-music.gif <-- Viv Web Design /public_html/wp-admin/images media-button-music.gif
2012.08.18 07:51 B C:\MoralCompassViv\wp-admin\images\media-button-other.gif <-- Viv Web Design /public_html/wp-admin/images media-button-other.gif
2012.08.18 07:51 B C:\MoralCompassViv\wp-admin\images\media-button-video.gif <-- Viv Web Design /public_html/wp-admin/images media-button-video.gif
2012.08.18 07:51 B C:\MoralCompassViv\wp-admin\images\media-button.png <-- Viv Web Design /public_html/wp-admin/images media-button.png
2012.08.18 07:51 B C:\MoralCompassViv\wp-admin\images\menu-2x.png <-- Viv Web Design /public_html/wp-admin/images menu-2x.png
2012.08.18 07:51 B C:\MoralCompassViv\wp-admin\images\menu-arrow-frame-rtl.png <-- Viv Web Design /public_html/wp-admin/images menu-arrow-frame-rtl.png
2012.08.18 07:52 B C:\MoralCompassViv\wp-admin\images\menu-arrow-frame.png <-- Viv Web Design /public_html/wp-admin/images menu-arrow-frame.png
2012.08.18 07:52 B C:\MoralCompassViv\wp-admin\images\menu-arrows.gif <-- Viv Web Design /public_html/wp-admin/images menu-arrows.gif
2012.08.18 07:52 B C:\MoralCompassViv\wp-admin\images\menu-bits-rtl-vs.gif <-- Viv Web Design /public_html/wp-admin/images menu-bits-rtl-vs.gif
2012.08.18 07:52 B C:\MoralCompassViv\wp-admin\images\menu-bits-rtl.gif <-- Viv Web Design /public_html/wp-admin/images menu-bits-rtl.gif
2012.08.18 07:52 B C:\MoralCompassViv\wp-admin\images\menu-bits-vs.gif <-- Viv Web Design /public_html/wp-admin/images menu-bits-vs.gif
2012.08.18 07:52 B C:\MoralCompassViv\wp-admin\images\menu-bits.gif <-- Viv Web Design /public_html/wp-admin/images menu-bits.gif
2012.08.18 07:52 B C:\MoralCompassViv\wp-admin\images\menu-dark-rtl-vs.gif <-- Viv Web Design /public_html/wp-admin/images menu-dark-rtl-vs.gif
2012.08.18 07:52 B C:\MoralCompassViv\wp-admin\images\menu-dark-rtl.gif <-- Viv Web Design /public_html/wp-admin/images menu-dark-rtl.gif
2012.08.18 07:52 B C:\MoralCompassViv\wp-admin\images\menu-dark-vs.gif <-- Viv Web Design /public_html/wp-admin/images menu-dark-vs.gif
2012.08.18 07:52 B C:\MoralCompassViv\wp-admin\images\menu-dark.gif <-- Viv Web Design /public_html/wp-admin/images menu-dark.gif
2012.08.18 07:52 B C:\MoralCompassViv\wp-admin\images\menu-shadow-rtl.png <-- Viv Web Design /public_html/wp-admin/images menu-shadow-rtl.png
2012.08.18 07:52 B C:\MoralCompassViv\wp-admin\images\menu-shadow.png <-- Viv Web Design /public_html/wp-admin/images menu-shadow.png
2012.08.18 07:52 B C:\MoralCompassViv\wp-admin\images\menu-vs.png <-- Viv Web Design /public_html/wp-admin/images menu-vs.png
2012.08.18 07:52 B C:\MoralCompassViv\wp-admin\images\menu.png <-- Viv Web Design /public_html/wp-admin/images menu.png
2012.08.18 07:52 B C:\MoralCompassViv\wp-admin\images\no.png <-- Viv Web Design /public_html/wp-admin/images no.png
2012.08.18 07:52 B C:\MoralCompassViv\wp-admin\images\press-this.png <-- Viv Web Design /public_html/wp-admin/images press-this.png
2012.08.18 07:52 B C:\MoralCompassViv\wp-admin\images\required.gif <-- Viv Web Design /public_html/wp-admin/images required.gif
2012.08.18 07:52 B C:\MoralCompassViv\wp-admin\images\resize-rtl.gif <-- Viv Web Design /public_html/wp-admin/images resize-rtl.gif
2012.08.18 07:52 B C:\MoralCompassViv\wp-admin\images\resize.gif <-- Viv Web Design /public_html/wp-admin/images resize.gif
2012.08.18 07:52 B C:\MoralCompassViv\wp-admin\images\screen-options-toggle-vs.gif <-- Viv Web Design /public_html/wp-admin/images screen-options-toggle-vs.gif
2012.08.18 07:52 B C:\MoralCompassViv\wp-admin\images\screen-options-toggle.gif <-- Viv Web Design /public_html/wp-admin/images screen-options-toggle.gif
2012.08.18 07:52 B C:\MoralCompassViv\wp-admin\images\se.png <-- Viv Web Design /public_html/wp-admin/images se.png
2012.08.18 07:52 B C:\MoralCompassViv\wp-admin\images\sort.gif <-- Viv Web Design /public_html/wp-admin/images sort.gif
2012.08.18 07:52 B C:\MoralCompassViv\wp-admin\images\stars-rtl.png <-- Viv Web Design /public_html/wp-admin/images stars-rtl.png
2012.08.18 07:52 B C:\MoralCompassViv\wp-admin\images\stars.png <-- Viv Web Design /public_html/wp-admin/images stars.png
2012.08.18 07:52 B C:\MoralCompassViv\wp-admin\images\toggle-arrow-rtl.gif <-- Viv Web Design /public_html/wp-admin/images toggle-arrow-rtl.gif
2012.08.18 07:52 B C:\MoralCompassViv\wp-admin\images\toggle-arrow.gif <-- Viv Web Design /public_html/wp-admin/images toggle-arrow.gif
2012.08.18 07:52 B C:\MoralCompassViv\wp-admin\images\upload-classic.png <-- Viv Web Design /public_html/wp-admin/images upload-classic.png
2012.08.18 07:52 B C:\MoralCompassViv\wp-admin\images\upload-fresh.png <-- Viv Web Design /public_html/wp-admin/images upload-fresh.png
2012.08.18 07:52 B C:\MoralCompassViv\wp-admin\images\wheel.png <-- Viv Web Design /public_html/wp-admin/images wheel.png
2012.08.18 07:52 B C:\MoralCompassViv\wp-admin\images\white-grad-active.png <-- Viv Web Design /public_html/wp-admin/images white-grad-active.png
2012.08.18 07:52 B C:\MoralCompassViv\wp-admin\images\white-grad.png <-- Viv Web Design /public_html/wp-admin/images white-grad.png
2012.08.18 07:52 B C:\MoralCompassViv\wp-admin\images\widgets-arrow-vs.gif <-- Viv Web Design /public_html/wp-admin/images widgets-arrow-vs.gif
2012.08.18 07:52 B C:\MoralCompassViv\wp-admin\images\widgets-arrow.gif <-- Viv Web Design /public_html/wp-admin/images widgets-arrow.gif
2012.08.18 07:52 B C:\MoralCompassViv\wp-admin\images\wordpress-logo-2x.png <-- Viv Web Design /public_html/wp-admin/images wordpress-logo-2x.png
2012.08.18 07:52 B C:\MoralCompassViv\wp-admin\images\wordpress-logo.png <-- Viv Web Design /public_html/wp-admin/images wordpress-logo.png
2012.08.18 07:52 B C:\MoralCompassViv\wp-admin\images\wp-badge-2x.png <-- Viv Web Design /public_html/wp-admin/images wp-badge-2x.png
2012.08.18 07:52 B C:\MoralCompassViv\wp-admin\images\wp-badge.png <-- Viv Web Design /public_html/wp-admin/images wp-badge.png
2012.08.18 07:52 B C:\MoralCompassViv\wp-admin\images\wp-logo-vs.png <-- Viv Web Design /public_html/wp-admin/images wp-logo-vs.png
2012.08.18 07:52 B C:\MoralCompassViv\wp-admin\images\wp-logo.png <-- Viv Web Design /public_html/wp-admin/images wp-logo.png
2012.08.18 07:52 B C:\MoralCompassViv\wp-admin\images\wpspin_dark.gif <-- Viv Web Design /public_html/wp-admin/images wpspin_dark.gif
2012.08.18 07:52 B C:\MoralCompassViv\wp-admin\images\wpspin_light.gif <-- Viv Web Design /public_html/wp-admin/images wpspin_light.gif
2012.08.18 07:52 B C:\MoralCompassViv\wp-admin\images\xit.gif <-- Viv Web Design /public_html/wp-admin/images xit.gif
2012.08.18 07:52 B C:\MoralCompassViv\wp-admin\images\yes.png <-- Viv Web Design /public_html/wp-admin/images yes.png
