2012.08.18 07:53 B C:\MoralCompassViv\wp-content\plugins\contact-form-7\languages\readme.txt <-- Viv Web Design /public_html/wp-content/plugins/contact-form-7/languages readme.txt
2012.08.18 07:53 B C:\MoralCompassViv\wp-content\plugins\contact-form-7\languages\wpcf7-af.mo <-- Viv Web Design /public_html/wp-content/plugins/contact-form-7/languages wpcf7-af.mo
2012.08.18 07:53 B C:\MoralCompassViv\wp-content\plugins\contact-form-7\languages\wpcf7-ar.mo <-- Viv Web Design /public_html/wp-content/plugins/contact-form-7/languages wpcf7-ar.mo
2012.08.18 07:53 B C:\MoralCompassViv\wp-content\plugins\contact-form-7\languages\wpcf7-az_AZ.mo <-- Viv Web Design /public_html/wp-content/plugins/contact-form-7/languages wpcf7-az_AZ.mo
2012.08.18 07:53 B C:\MoralCompassViv\wp-content\plugins\contact-form-7\languages\wpcf7-be_BY.mo <-- Viv Web Design /public_html/wp-content/plugins/contact-form-7/languages wpcf7-be_BY.mo
2012.08.18 07:53 B C:\MoralCompassViv\wp-content\plugins\contact-form-7\languages\wpcf7-bg_BG.mo <-- Viv Web Design /public_html/wp-content/plugins/contact-form-7/languages wpcf7-bg_BG.mo
2012.08.18 07:53 B C:\MoralCompassViv\wp-content\plugins\contact-form-7\languages\wpcf7-bn_BD.mo <-- Viv Web Design /public_html/wp-content/plugins/contact-form-7/languages wpcf7-bn_BD.mo
2012.08.18 07:53 B C:\MoralCompassViv\wp-content\plugins\contact-form-7\languages\wpcf7-bs.mo <-- Viv Web Design /public_html/wp-content/plugins/contact-form-7/languages wpcf7-bs.mo
2012.08.18 07:53 B C:\MoralCompassViv\wp-content\plugins\contact-form-7\languages\wpcf7-ca.mo <-- Viv Web Design /public_html/wp-content/plugins/contact-form-7/languages wpcf7-ca.mo
2012.08.18 07:53 B C:\MoralCompassViv\wp-content\plugins\contact-form-7\languages\wpcf7-cs_CZ.mo <-- Viv Web Design /public_html/wp-content/plugins/contact-form-7/languages wpcf7-cs_CZ.mo
2012.08.18 07:53 B C:\MoralCompassViv\wp-content\plugins\contact-form-7\languages\wpcf7-da_DK.mo <-- Viv Web Design /public_html/wp-content/plugins/contact-form-7/languages wpcf7-da_DK.mo
2012.08.18 07:53 B C:\MoralCompassViv\wp-content\plugins\contact-form-7\languages\wpcf7-de_DE.mo <-- Viv Web Design /public_html/wp-content/plugins/contact-form-7/languages wpcf7-de_DE.mo
2012.08.18 07:53 B C:\MoralCompassViv\wp-content\plugins\contact-form-7\languages\wpcf7-el.mo <-- Viv Web Design /public_html/wp-content/plugins/contact-form-7/languages wpcf7-el.mo
2012.08.18 07:53 B C:\MoralCompassViv\wp-content\plugins\contact-form-7\languages\wpcf7-eo_EO.mo <-- Viv Web Design /public_html/wp-content/plugins/contact-form-7/languages wpcf7-eo_EO.mo
2012.08.18 07:53 B C:\MoralCompassViv\wp-content\plugins\contact-form-7\languages\wpcf7-es_ES.mo <-- Viv Web Design /public_html/wp-content/plugins/contact-form-7/languages wpcf7-es_ES.mo
2012.08.18 07:53 B C:\MoralCompassViv\wp-content\plugins\contact-form-7\languages\wpcf7-et.mo <-- Viv Web Design /public_html/wp-content/plugins/contact-form-7/languages wpcf7-et.mo
2012.08.18 07:53 B C:\MoralCompassViv\wp-content\plugins\contact-form-7\languages\wpcf7-eu.mo <-- Viv Web Design /public_html/wp-content/plugins/contact-form-7/languages wpcf7-eu.mo
2012.08.18 07:53 B C:\MoralCompassViv\wp-content\plugins\contact-form-7\languages\wpcf7-fa_IR.mo <-- Viv Web Design /public_html/wp-content/plugins/contact-form-7/languages wpcf7-fa_IR.mo
2012.08.18 07:53 B C:\MoralCompassViv\wp-content\plugins\contact-form-7\languages\wpcf7-fi.mo <-- Viv Web Design /public_html/wp-content/plugins/contact-form-7/languages wpcf7-fi.mo
2012.08.18 07:53 B C:\MoralCompassViv\wp-content\plugins\contact-form-7\languages\wpcf7-fr_FR.mo <-- Viv Web Design /public_html/wp-content/plugins/contact-form-7/languages wpcf7-fr_FR.mo
2012.08.18 07:53 B C:\MoralCompassViv\wp-content\plugins\contact-form-7\languages\wpcf7-gl_ES.mo <-- Viv Web Design /public_html/wp-content/plugins/contact-form-7/languages wpcf7-gl_ES.mo
2012.08.18 07:53 B C:\MoralCompassViv\wp-content\plugins\contact-form-7\languages\wpcf7-he_IL.mo <-- Viv Web Design /public_html/wp-content/plugins/contact-form-7/languages wpcf7-he_IL.mo
2012.08.18 07:53 B C:\MoralCompassViv\wp-content\plugins\contact-form-7\languages\wpcf7-hi_IN.mo <-- Viv Web Design /public_html/wp-content/plugins/contact-form-7/languages wpcf7-hi_IN.mo
2012.08.18 07:53 B C:\MoralCompassViv\wp-content\plugins\contact-form-7\languages\wpcf7-hr.mo <-- Viv Web Design /public_html/wp-content/plugins/contact-form-7/languages wpcf7-hr.mo
2012.08.18 07:53 B C:\MoralCompassViv\wp-content\plugins\contact-form-7\languages\wpcf7-hu_HU.mo <-- Viv Web Design /public_html/wp-content/plugins/contact-form-7/languages wpcf7-hu_HU.mo
2012.08.18 07:53 B C:\MoralCompassViv\wp-content\plugins\contact-form-7\languages\wpcf7-hy_AM.mo <-- Viv Web Design /public_html/wp-content/plugins/contact-form-7/languages wpcf7-hy_AM.mo
2012.08.18 07:53 B C:\MoralCompassViv\wp-content\plugins\contact-form-7\languages\wpcf7-id_ID.mo <-- Viv Web Design /public_html/wp-content/plugins/contact-form-7/languages wpcf7-id_ID.mo
2012.08.18 07:53 B C:\MoralCompassViv\wp-content\plugins\contact-form-7\languages\wpcf7-it_IT.mo <-- Viv Web Design /public_html/wp-content/plugins/contact-form-7/languages wpcf7-it_IT.mo
2012.08.18 07:53 B C:\MoralCompassViv\wp-content\plugins\contact-form-7\languages\wpcf7-ja.mo <-- Viv Web Design /public_html/wp-content/plugins/contact-form-7/languages wpcf7-ja.mo
2012.08.18 07:53 B C:\MoralCompassViv\wp-content\plugins\contact-form-7\languages\wpcf7-ka_GE.mo <-- Viv Web Design /public_html/wp-content/plugins/contact-form-7/languages wpcf7-ka_GE.mo
2012.08.18 07:53 B C:\MoralCompassViv\wp-content\plugins\contact-form-7\languages\wpcf7-ko_KR.mo <-- Viv Web Design /public_html/wp-content/plugins/contact-form-7/languages wpcf7-ko_KR.mo
2012.08.18 07:53 B C:\MoralCompassViv\wp-content\plugins\contact-form-7\languages\wpcf7-lt_LT.mo <-- Viv Web Design /public_html/wp-content/plugins/contact-form-7/languages wpcf7-lt_LT.mo
2012.08.18 07:53 B C:\MoralCompassViv\wp-content\plugins\contact-form-7\languages\wpcf7-lv.mo <-- Viv Web Design /public_html/wp-content/plugins/contact-form-7/languages wpcf7-lv.mo
2012.08.18 07:53 B C:\MoralCompassViv\wp-content\plugins\contact-form-7\languages\wpcf7-mk_MK.mo <-- Viv Web Design /public_html/wp-content/plugins/contact-form-7/languages wpcf7-mk_MK.mo
2012.08.18 07:53 B C:\MoralCompassViv\wp-content\plugins\contact-form-7\languages\wpcf7-ml_IN.mo <-- Viv Web Design /public_html/wp-content/plugins/contact-form-7/languages wpcf7-ml_IN.mo
2012.08.18 07:53 B C:\MoralCompassViv\wp-content\plugins\contact-form-7\languages\wpcf7-ms_MY.mo <-- Viv Web Design /public_html/wp-content/plugins/contact-form-7/languages wpcf7-ms_MY.mo
2012.08.18 07:53 B C:\MoralCompassViv\wp-content\plugins\contact-form-7\languages\wpcf7-mt_MT.mo <-- Viv Web Design /public_html/wp-content/plugins/contact-form-7/languages wpcf7-mt_MT.mo
2012.08.18 07:53 B C:\MoralCompassViv\wp-content\plugins\contact-form-7\languages\wpcf7-nb_NO.mo <-- Viv Web Design /public_html/wp-content/plugins/contact-form-7/languages wpcf7-nb_NO.mo
2012.08.18 07:53 B C:\MoralCompassViv\wp-content\plugins\contact-form-7\languages\wpcf7-nl_NL.mo <-- Viv Web Design /public_html/wp-content/plugins/contact-form-7/languages wpcf7-nl_NL.mo
2012.08.18 07:53 B C:\MoralCompassViv\wp-content\plugins\contact-form-7\languages\wpcf7-pl_PL.mo <-- Viv Web Design /public_html/wp-content/plugins/contact-form-7/languages wpcf7-pl_PL.mo
2012.08.18 07:53 B C:\MoralCompassViv\wp-content\plugins\contact-form-7\languages\wpcf7-pt_BR.mo <-- Viv Web Design /public_html/wp-content/plugins/contact-form-7/languages wpcf7-pt_BR.mo
2012.08.18 07:53 B C:\MoralCompassViv\wp-content\plugins\contact-form-7\languages\wpcf7-pt_PT.mo <-- Viv Web Design /public_html/wp-content/plugins/contact-form-7/languages wpcf7-pt_PT.mo
2012.08.18 07:53 B C:\MoralCompassViv\wp-content\plugins\contact-form-7\languages\wpcf7-ro_RO.mo <-- Viv Web Design /public_html/wp-content/plugins/contact-form-7/languages wpcf7-ro_RO.mo
2012.08.18 07:53 B C:\MoralCompassViv\wp-content\plugins\contact-form-7\languages\wpcf7-ru_RU.mo <-- Viv Web Design /public_html/wp-content/plugins/contact-form-7/languages wpcf7-ru_RU.mo
2012.08.18 07:53 B C:\MoralCompassViv\wp-content\plugins\contact-form-7\languages\wpcf7-si_LK.mo <-- Viv Web Design /public_html/wp-content/plugins/contact-form-7/languages wpcf7-si_LK.mo
2012.08.18 07:53 B C:\MoralCompassViv\wp-content\plugins\contact-form-7\languages\wpcf7-sk_SK.mo <-- Viv Web Design /public_html/wp-content/plugins/contact-form-7/languages wpcf7-sk_SK.mo
2012.08.18 07:53 B C:\MoralCompassViv\wp-content\plugins\contact-form-7\languages\wpcf7-sl_SI.mo <-- Viv Web Design /public_html/wp-content/plugins/contact-form-7/languages wpcf7-sl_SI.mo
2012.08.18 07:53 B C:\MoralCompassViv\wp-content\plugins\contact-form-7\languages\wpcf7-sq.mo <-- Viv Web Design /public_html/wp-content/plugins/contact-form-7/languages wpcf7-sq.mo
2012.08.18 07:53 B C:\MoralCompassViv\wp-content\plugins\contact-form-7\languages\wpcf7-sr_RS.mo <-- Viv Web Design /public_html/wp-content/plugins/contact-form-7/languages wpcf7-sr_RS.mo
2012.08.18 07:53 B C:\MoralCompassViv\wp-content\plugins\contact-form-7\languages\wpcf7-sv_SE.mo <-- Viv Web Design /public_html/wp-content/plugins/contact-form-7/languages wpcf7-sv_SE.mo
2012.08.18 07:53 B C:\MoralCompassViv\wp-content\plugins\contact-form-7\languages\wpcf7-ta.mo <-- Viv Web Design /public_html/wp-content/plugins/contact-form-7/languages wpcf7-ta.mo
2012.08.18 07:53 B C:\MoralCompassViv\wp-content\plugins\contact-form-7\languages\wpcf7-th.mo <-- Viv Web Design /public_html/wp-content/plugins/contact-form-7/languages wpcf7-th.mo
2012.08.18 07:53 B C:\MoralCompassViv\wp-content\plugins\contact-form-7\languages\wpcf7-tl.mo <-- Viv Web Design /public_html/wp-content/plugins/contact-form-7/languages wpcf7-tl.mo
2012.08.18 07:53 B C:\MoralCompassViv\wp-content\plugins\contact-form-7\languages\wpcf7-tr_TR.mo <-- Viv Web Design /public_html/wp-content/plugins/contact-form-7/languages wpcf7-tr_TR.mo
2012.08.18 07:53 B C:\MoralCompassViv\wp-content\plugins\contact-form-7\languages\wpcf7-uk.mo <-- Viv Web Design /public_html/wp-content/plugins/contact-form-7/languages wpcf7-uk.mo
2012.08.18 07:53 B C:\MoralCompassViv\wp-content\plugins\contact-form-7\languages\wpcf7-vi.mo <-- Viv Web Design /public_html/wp-content/plugins/contact-form-7/languages wpcf7-vi.mo
2012.08.18 07:53 B C:\MoralCompassViv\wp-content\plugins\contact-form-7\languages\wpcf7-zh_CN.mo <-- Viv Web Design /public_html/wp-content/plugins/contact-form-7/languages wpcf7-zh_CN.mo
2012.08.18 07:53 B C:\MoralCompassViv\wp-content\plugins\contact-form-7\languages\wpcf7-zh_TW.mo <-- Viv Web Design /public_html/wp-content/plugins/contact-form-7/languages wpcf7-zh_TW.mo
2012.08.18 07:53 B C:\MoralCompassViv\wp-content\plugins\contact-form-7\languages\wpcf7.pot <-- Viv Web Design /public_html/wp-content/plugins/contact-form-7/languages wpcf7.pot
