2012.10.01 09:03 B C:\MoralCompassDemo\WordpressVanilla\wp-admin\about.php --> marten.arvixe.com /www/wp-admin about.php
2012.10.01 09:03 B C:\MoralCompassDemo\WordpressVanilla\wp-admin\admin-ajax.php --> marten.arvixe.com /www/wp-admin admin-ajax.php
2012.10.01 09:03 B C:\MoralCompassDemo\WordpressVanilla\wp-admin\admin-footer.php --> marten.arvixe.com /www/wp-admin admin-footer.php
2012.10.01 09:03 B C:\MoralCompassDemo\WordpressVanilla\wp-admin\admin-functions.php --> marten.arvixe.com /www/wp-admin admin-functions.php
2012.10.01 09:03 B C:\MoralCompassDemo\WordpressVanilla\wp-admin\admin-header.php --> marten.arvixe.com /www/wp-admin admin-header.php
2012.10.01 09:03 B C:\MoralCompassDemo\WordpressVanilla\wp-admin\admin-post.php --> marten.arvixe.com /www/wp-admin admin-post.php
2012.10.01 09:03 B C:\MoralCompassDemo\WordpressVanilla\wp-admin\admin.php --> marten.arvixe.com /www/wp-admin admin.php
2012.10.01 09:03 B C:\MoralCompassDemo\WordpressVanilla\wp-admin\async-upload.php --> marten.arvixe.com /www/wp-admin async-upload.php
2012.10.01 09:03 B C:\MoralCompassDemo\WordpressVanilla\wp-admin\comment.php --> marten.arvixe.com /www/wp-admin comment.php
2012.10.01 09:03 B C:\MoralCompassDemo\WordpressVanilla\wp-admin\credits.php --> marten.arvixe.com /www/wp-admin credits.php
2012.10.01 09:03 B C:\MoralCompassDemo\WordpressVanilla\wp-admin\custom-background.php --> marten.arvixe.com /www/wp-admin custom-background.php
2012.10.01 09:03 B C:\MoralCompassDemo\WordpressVanilla\wp-admin\custom-header.php --> marten.arvixe.com /www/wp-admin custom-header.php
2012.10.01 09:03 B C:\MoralCompassDemo\WordpressVanilla\wp-admin\customize.php --> marten.arvixe.com /www/wp-admin customize.php
2012.10.01 09:03 B C:\MoralCompassDemo\WordpressVanilla\wp-admin\edit-comments.php --> marten.arvixe.com /www/wp-admin edit-comments.php
2012.10.01 09:03 B C:\MoralCompassDemo\WordpressVanilla\wp-admin\edit-form-advanced.php --> marten.arvixe.com /www/wp-admin edit-form-advanced.php
2012.10.01 09:03 B C:\MoralCompassDemo\WordpressVanilla\wp-admin\edit-form-comment.php --> marten.arvixe.com /www/wp-admin edit-form-comment.php
2012.10.01 09:03 B C:\MoralCompassDemo\WordpressVanilla\wp-admin\edit-link-form.php --> marten.arvixe.com /www/wp-admin edit-link-form.php
2012.10.01 09:03 B C:\MoralCompassDemo\WordpressVanilla\wp-admin\edit-tag-form.php --> marten.arvixe.com /www/wp-admin edit-tag-form.php
2012.10.01 09:03 B C:\MoralCompassDemo\WordpressVanilla\wp-admin\edit-tags.php --> marten.arvixe.com /www/wp-admin edit-tags.php
2012.10.01 09:03 B C:\MoralCompassDemo\WordpressVanilla\wp-admin\edit.php --> marten.arvixe.com /www/wp-admin edit.php
2012.10.01 09:03 B C:\MoralCompassDemo\WordpressVanilla\wp-admin\export.php --> marten.arvixe.com /www/wp-admin export.php
2012.10.01 09:03 B C:\MoralCompassDemo\WordpressVanilla\wp-admin\freedoms.php --> marten.arvixe.com /www/wp-admin freedoms.php
2012.10.01 09:03 B C:\MoralCompassDemo\WordpressVanilla\wp-admin\gears-manifest.php --> marten.arvixe.com /www/wp-admin gears-manifest.php
2012.10.01 09:03 B C:\MoralCompassDemo\WordpressVanilla\wp-admin\import.php --> marten.arvixe.com /www/wp-admin import.php
2012.10.01 09:03 B C:\MoralCompassDemo\WordpressVanilla\wp-admin\index.php --> marten.arvixe.com /www/wp-admin index.php
2012.10.01 09:03 B C:\MoralCompassDemo\WordpressVanilla\wp-admin\install-helper.php --> marten.arvixe.com /www/wp-admin install-helper.php
2012.10.01 09:03 B C:\MoralCompassDemo\WordpressVanilla\wp-admin\install.php --> marten.arvixe.com /www/wp-admin install.php
2012.10.01 09:03 B C:\MoralCompassDemo\WordpressVanilla\wp-admin\link-add.php --> marten.arvixe.com /www/wp-admin link-add.php
2012.10.01 09:03 B C:\MoralCompassDemo\WordpressVanilla\wp-admin\link-manager.php --> marten.arvixe.com /www/wp-admin link-manager.php
2012.10.01 09:03 B C:\MoralCompassDemo\WordpressVanilla\wp-admin\link-parse-opml.php --> marten.arvixe.com /www/wp-admin link-parse-opml.php
2012.10.01 09:03 B C:\MoralCompassDemo\WordpressVanilla\wp-admin\link.php --> marten.arvixe.com /www/wp-admin link.php
2012.10.01 09:03 B C:\MoralCompassDemo\WordpressVanilla\wp-admin\load-scripts.php --> marten.arvixe.com /www/wp-admin load-scripts.php
2012.10.01 09:03 B C:\MoralCompassDemo\WordpressVanilla\wp-admin\load-styles.php --> marten.arvixe.com /www/wp-admin load-styles.php
2012.10.01 09:03 B C:\MoralCompassDemo\WordpressVanilla\wp-admin\media-new.php --> marten.arvixe.com /www/wp-admin media-new.php
2012.10.01 09:03 B C:\MoralCompassDemo\WordpressVanilla\wp-admin\media-upload.php --> marten.arvixe.com /www/wp-admin media-upload.php
2012.10.01 09:03 B C:\MoralCompassDemo\WordpressVanilla\wp-admin\media.php --> marten.arvixe.com /www/wp-admin media.php
2012.10.01 09:03 B C:\MoralCompassDemo\WordpressVanilla\wp-admin\menu-header.php --> marten.arvixe.com /www/wp-admin menu-header.php
2012.10.01 09:03 B C:\MoralCompassDemo\WordpressVanilla\wp-admin\menu.php --> marten.arvixe.com /www/wp-admin menu.php
2012.10.01 09:03 B C:\MoralCompassDemo\WordpressVanilla\wp-admin\moderation.php --> marten.arvixe.com /www/wp-admin moderation.php
2012.10.01 09:03 B C:\MoralCompassDemo\WordpressVanilla\wp-admin\ms-admin.php --> marten.arvixe.com /www/wp-admin ms-admin.php
2012.10.01 09:03 B C:\MoralCompassDemo\WordpressVanilla\wp-admin\ms-delete-site.php --> marten.arvixe.com /www/wp-admin ms-delete-site.php
2012.10.01 09:03 B C:\MoralCompassDemo\WordpressVanilla\wp-admin\ms-edit.php --> marten.arvixe.com /www/wp-admin ms-edit.php
2012.10.01 09:03 B C:\MoralCompassDemo\WordpressVanilla\wp-admin\ms-options.php --> marten.arvixe.com /www/wp-admin ms-options.php
2012.10.01 09:03 B C:\MoralCompassDemo\WordpressVanilla\wp-admin\ms-sites.php --> marten.arvixe.com /www/wp-admin ms-sites.php
2012.10.01 09:03 B C:\MoralCompassDemo\WordpressVanilla\wp-admin\ms-themes.php --> marten.arvixe.com /www/wp-admin ms-themes.php
2012.10.01 09:03 B C:\MoralCompassDemo\WordpressVanilla\wp-admin\ms-upgrade-network.php --> marten.arvixe.com /www/wp-admin ms-upgrade-network.php
2012.10.01 09:03 B C:\MoralCompassDemo\WordpressVanilla\wp-admin\ms-users.php --> marten.arvixe.com /www/wp-admin ms-users.php
2012.10.01 09:03 B C:\MoralCompassDemo\WordpressVanilla\wp-admin\my-sites.php --> marten.arvixe.com /www/wp-admin my-sites.php
2012.10.01 09:03 B C:\MoralCompassDemo\WordpressVanilla\wp-admin\nav-menus.php --> marten.arvixe.com /www/wp-admin nav-menus.php
2012.10.01 09:03 B C:\MoralCompassDemo\WordpressVanilla\wp-admin\network.php --> marten.arvixe.com /www/wp-admin network.php
2012.10.01 09:03 B C:\MoralCompassDemo\WordpressVanilla\wp-admin\options-discussion.php --> marten.arvixe.com /www/wp-admin options-discussion.php
2012.10.01 09:03 B C:\MoralCompassDemo\WordpressVanilla\wp-admin\options-general.php --> marten.arvixe.com /www/wp-admin options-general.php
2012.10.01 09:03 B C:\MoralCompassDemo\WordpressVanilla\wp-admin\options-head.php --> marten.arvixe.com /www/wp-admin options-head.php
2012.10.01 09:03 B C:\MoralCompassDemo\WordpressVanilla\wp-admin\options-media.php --> marten.arvixe.com /www/wp-admin options-media.php
2012.10.01 09:03 B C:\MoralCompassDemo\WordpressVanilla\wp-admin\options-permalink.php --> marten.arvixe.com /www/wp-admin options-permalink.php
2012.10.01 09:03 B C:\MoralCompassDemo\WordpressVanilla\wp-admin\options-privacy.php --> marten.arvixe.com /www/wp-admin options-privacy.php
2012.10.01 09:03 B C:\MoralCompassDemo\WordpressVanilla\wp-admin\options-reading.php --> marten.arvixe.com /www/wp-admin options-reading.php
2012.10.01 09:03 B C:\MoralCompassDemo\WordpressVanilla\wp-admin\options-writing.php --> marten.arvixe.com /www/wp-admin options-writing.php
2012.10.01 09:03 B C:\MoralCompassDemo\WordpressVanilla\wp-admin\options.php --> marten.arvixe.com /www/wp-admin options.php
2012.10.01 09:03 B C:\MoralCompassDemo\WordpressVanilla\wp-admin\plugin-editor.php --> marten.arvixe.com /www/wp-admin plugin-editor.php
2012.10.01 09:03 B C:\MoralCompassDemo\WordpressVanilla\wp-admin\plugin-install.php --> marten.arvixe.com /www/wp-admin plugin-install.php
2012.10.01 09:03 B C:\MoralCompassDemo\WordpressVanilla\wp-admin\plugins.php --> marten.arvixe.com /www/wp-admin plugins.php
2012.10.01 09:03 B C:\MoralCompassDemo\WordpressVanilla\wp-admin\post-new.php --> marten.arvixe.com /www/wp-admin post-new.php
2012.10.01 09:03 B C:\MoralCompassDemo\WordpressVanilla\wp-admin\post.php --> marten.arvixe.com /www/wp-admin post.php
2012.10.01 09:03 B C:\MoralCompassDemo\WordpressVanilla\wp-admin\press-this.php --> marten.arvixe.com /www/wp-admin press-this.php
2012.10.01 09:03 B C:\MoralCompassDemo\WordpressVanilla\wp-admin\profile.php --> marten.arvixe.com /www/wp-admin profile.php
2012.10.01 09:03 B C:\MoralCompassDemo\WordpressVanilla\wp-admin\revision.php --> marten.arvixe.com /www/wp-admin revision.php
2012.10.01 09:04 B C:\MoralCompassDemo\WordpressVanilla\wp-admin\setup-config.php --> marten.arvixe.com /www/wp-admin setup-config.php
2012.10.01 09:04 B C:\MoralCompassDemo\WordpressVanilla\wp-admin\theme-editor.php --> marten.arvixe.com /www/wp-admin theme-editor.php
2012.10.01 09:04 B C:\MoralCompassDemo\WordpressVanilla\wp-admin\theme-install.php --> marten.arvixe.com /www/wp-admin theme-install.php
2012.10.01 09:04 B C:\MoralCompassDemo\WordpressVanilla\wp-admin\themes.php --> marten.arvixe.com /www/wp-admin themes.php
2012.10.01 09:04 B C:\MoralCompassDemo\WordpressVanilla\wp-admin\tools.php --> marten.arvixe.com /www/wp-admin tools.php
2012.10.01 09:04 B C:\MoralCompassDemo\WordpressVanilla\wp-admin\update-core.php --> marten.arvixe.com /www/wp-admin update-core.php
2012.10.01 09:04 B C:\MoralCompassDemo\WordpressVanilla\wp-admin\update.php --> marten.arvixe.com /www/wp-admin update.php
2012.10.01 09:04 B C:\MoralCompassDemo\WordpressVanilla\wp-admin\upgrade-functions.php --> marten.arvixe.com /www/wp-admin upgrade-functions.php
2012.10.01 09:04 B C:\MoralCompassDemo\WordpressVanilla\wp-admin\upgrade.php --> marten.arvixe.com /www/wp-admin upgrade.php
2012.10.01 09:04 B C:\MoralCompassDemo\WordpressVanilla\wp-admin\upload.php --> marten.arvixe.com /www/wp-admin upload.php
2012.10.01 09:04 B C:\MoralCompassDemo\WordpressVanilla\wp-admin\user-edit.php --> marten.arvixe.com /www/wp-admin user-edit.php
2012.10.01 09:04 B C:\MoralCompassDemo\WordpressVanilla\wp-admin\user-new.php --> marten.arvixe.com /www/wp-admin user-new.php
2012.10.01 09:04 B C:\MoralCompassDemo\WordpressVanilla\wp-admin\users.php --> marten.arvixe.com /www/wp-admin users.php
2012.10.01 09:04 B C:\MoralCompassDemo\WordpressVanilla\wp-admin\widgets.php --> marten.arvixe.com /www/wp-admin widgets.php
