2012.08.18 07:54 B C:\MoralCompassViv\wp-content\themes\twentyten\404.php <-- Viv Web Design /public_html/wp-content/themes/twentyten 404.php
2012.08.18 07:54 B C:\MoralCompassViv\wp-content\themes\twentyten\archive.php <-- Viv Web Design /public_html/wp-content/themes/twentyten archive.php
2012.08.18 07:54 B C:\MoralCompassViv\wp-content\themes\twentyten\attachment.php <-- Viv Web Design /public_html/wp-content/themes/twentyten attachment.php
2012.08.18 07:54 B C:\MoralCompassViv\wp-content\themes\twentyten\author.php <-- Viv Web Design /public_html/wp-content/themes/twentyten author.php
2012.08.18 07:54 B C:\MoralCompassViv\wp-content\themes\twentyten\category.php <-- Viv Web Design /public_html/wp-content/themes/twentyten category.php
2012.08.18 07:54 B C:\MoralCompassViv\wp-content\themes\twentyten\comments.php <-- Viv Web Design /public_html/wp-content/themes/twentyten comments.php
2012.08.18 07:54 B C:\MoralCompassViv\wp-content\themes\twentyten\editor-style-rtl.css <-- Viv Web Design /public_html/wp-content/themes/twentyten editor-style-rtl.css
2012.08.18 07:54 B C:\MoralCompassViv\wp-content\themes\twentyten\editor-style.css <-- Viv Web Design /public_html/wp-content/themes/twentyten editor-style.css
2012.08.18 07:54 B C:\MoralCompassViv\wp-content\themes\twentyten\footer.php <-- Viv Web Design /public_html/wp-content/themes/twentyten footer.php
2012.08.18 07:54 B C:\MoralCompassViv\wp-content\themes\twentyten\functions.php <-- Viv Web Design /public_html/wp-content/themes/twentyten functions.php
2012.08.18 07:54 B C:\MoralCompassViv\wp-content\themes\twentyten\header.php <-- Viv Web Design /public_html/wp-content/themes/twentyten header.php
2012.08.18 07:54 B C:\MoralCompassViv\wp-content\themes\twentyten\index.php <-- Viv Web Design /public_html/wp-content/themes/twentyten index.php
2012.08.18 07:54 B C:\MoralCompassViv\wp-content\themes\twentyten\license.txt <-- Viv Web Design /public_html/wp-content/themes/twentyten license.txt
2012.08.18 07:54 B C:\MoralCompassViv\wp-content\themes\twentyten\loop-attachment.php <-- Viv Web Design /public_html/wp-content/themes/twentyten loop-attachment.php
2012.08.18 07:54 B C:\MoralCompassViv\wp-content\themes\twentyten\loop-page.php <-- Viv Web Design /public_html/wp-content/themes/twentyten loop-page.php
2012.08.18 07:54 B C:\MoralCompassViv\wp-content\themes\twentyten\loop-single.php <-- Viv Web Design /public_html/wp-content/themes/twentyten loop-single.php
2012.08.18 07:54 B C:\MoralCompassViv\wp-content\themes\twentyten\loop.php <-- Viv Web Design /public_html/wp-content/themes/twentyten loop.php
2012.08.18 07:54 B C:\MoralCompassViv\wp-content\themes\twentyten\onecolumn-page.php <-- Viv Web Design /public_html/wp-content/themes/twentyten onecolumn-page.php
2012.08.18 07:54 B C:\MoralCompassViv\wp-content\themes\twentyten\page.php <-- Viv Web Design /public_html/wp-content/themes/twentyten page.php
2012.08.18 07:54 B C:\MoralCompassViv\wp-content\themes\twentyten\rtl.css <-- Viv Web Design /public_html/wp-content/themes/twentyten rtl.css
2012.08.18 07:54 B C:\MoralCompassViv\wp-content\themes\twentyten\screenshot.png <-- Viv Web Design /public_html/wp-content/themes/twentyten screenshot.png
2012.08.18 07:55 B C:\MoralCompassViv\wp-content\themes\twentyten\search.php <-- Viv Web Design /public_html/wp-content/themes/twentyten search.php
2012.08.18 07:55 B C:\MoralCompassViv\wp-content\themes\twentyten\sidebar-footer.php <-- Viv Web Design /public_html/wp-content/themes/twentyten sidebar-footer.php
2012.08.18 07:55 B C:\MoralCompassViv\wp-content\themes\twentyten\sidebar.php <-- Viv Web Design /public_html/wp-content/themes/twentyten sidebar.php
2012.08.18 07:55 B C:\MoralCompassViv\wp-content\themes\twentyten\single.php <-- Viv Web Design /public_html/wp-content/themes/twentyten single.php
2012.08.18 07:55 B C:\MoralCompassViv\wp-content\themes\twentyten\style.css <-- Viv Web Design /public_html/wp-content/themes/twentyten style.css
2012.08.18 07:55 B C:\MoralCompassViv\wp-content\themes\twentyten\tag.php <-- Viv Web Design /public_html/wp-content/themes/twentyten tag.php
