2012.08.16 20:15 B C:\MoralCompassWebSite\images\DixieChicks\DixiesAntiAmericans.jpg --> juniper.arvixe.com /osber.net/wwwroot/MoralCompass/images/DixieChicks DixiesAntiAmericans.jpg
2012.08.16 20:15 B C:\MoralCompassWebSite\images\DixieChicks\DixiesAntiAmericansThumbnail.jpg --> juniper.arvixe.com /osber.net/wwwroot/MoralCompass/images/DixieChicks DixiesAntiAmericansThumbnail.jpg
2012.08.16 20:15 B C:\MoralCompassWebSite\images\DixieChicks\DixiesSlamBush.jpg --> juniper.arvixe.com /osber.net/wwwroot/MoralCompass/images/DixieChicks DixiesSlamBush.jpg
2012.08.16 20:15 B C:\MoralCompassWebSite\images\DixieChicks\GOPCartoonDixies.jpg --> juniper.arvixe.com /osber.net/wwwroot/MoralCompass/images/DixieChicks GOPCartoonDixies.jpg
2012.08.16 20:15 B C:\MoralCompassWebSite\images\DixieChicks\GOPCartoonDixies.png --> juniper.arvixe.com /osber.net/wwwroot/MoralCompass/images/DixieChicks GOPCartoonDixies.png
2012.08.16 20:15 B C:\MoralCompassWebSite\images\DixieChicks\GOPCartoonDixiesThumbnail.jpg --> juniper.arvixe.com /osber.net/wwwroot/MoralCompass/images/DixieChicks GOPCartoonDixiesThumbnail.jpg
2012.08.16 20:15 B C:\MoralCompassWebSite\images\DixieChicks\NotReadyToMakeNice.jpg --> juniper.arvixe.com /osber.net/wwwroot/MoralCompass/images/DixieChicks NotReadyToMakeNice.jpg
2012.08.16 20:15 B C:\MoralCompassWebSite\images\DixieChicks\USMarineAnswer.jpg --> juniper.arvixe.com /osber.net/wwwroot/MoralCompass/images/DixieChicks USMarineAnswer.jpg
2012.09.09 10:12 B C:\MoralCompassDemo\MoralCompassWP\wp-content\images\DixieChicks\DixiesAntiAmericans.jpg --> juniper.arvixe.com /osber.net/wwwroot/MoralCompassWP/wp-content/images/DixieChicks DixiesAntiAmericans.jpg
2012.09.09 10:12 B C:\MoralCompassDemo\MoralCompassWP\wp-content\images\DixieChicks\DixiesAntiAmericansThumbnail.jpg --> juniper.arvixe.com /osber.net/wwwroot/MoralCompassWP/wp-content/images/DixieChicks DixiesAntiAmericansThumbnail.jpg
2012.09.09 10:12 B C:\MoralCompassDemo\MoralCompassWP\wp-content\images\DixieChicks\DixiesSlamBush.jpg --> juniper.arvixe.com /osber.net/wwwroot/MoralCompassWP/wp-content/images/DixieChicks DixiesSlamBush.jpg
2012.09.09 10:12 B C:\MoralCompassDemo\MoralCompassWP\wp-content\images\DixieChicks\GOPCartoonDixies.jpg --> juniper.arvixe.com /osber.net/wwwroot/MoralCompassWP/wp-content/images/DixieChicks GOPCartoonDixies.jpg
2012.09.09 10:12 B C:\MoralCompassDemo\MoralCompassWP\wp-content\images\DixieChicks\GOPCartoonDixies.png --> juniper.arvixe.com /osber.net/wwwroot/MoralCompassWP/wp-content/images/DixieChicks GOPCartoonDixies.png
2012.09.09 10:12 B C:\MoralCompassDemo\MoralCompassWP\wp-content\images\DixieChicks\GOPCartoonDixiesThumbnail.jpg --> juniper.arvixe.com /osber.net/wwwroot/MoralCompassWP/wp-content/images/DixieChicks GOPCartoonDixiesThumbnail.jpg
2012.09.09 10:12 B C:\MoralCompassDemo\MoralCompassWP\wp-content\images\DixieChicks\NotReadyToMakeNice.jpg --> juniper.arvixe.com /osber.net/wwwroot/MoralCompassWP/wp-content/images/DixieChicks NotReadyToMakeNice.jpg
2012.09.09 10:12 B C:\MoralCompassDemo\MoralCompassWP\wp-content\images\DixieChicks\USMarineAnswer.jpg --> juniper.arvixe.com /osber.net/wwwroot/MoralCompassWP/wp-content/images/DixieChicks USMarineAnswer.jpg
2012.09.09 10:12 B C:\MoralCompassDemo\MoralCompassWP\wp-content\images\DixieChicks\WS_FTP.LOG --> juniper.arvixe.com /osber.net/wwwroot/MoralCompassWP/wp-content/images/DixieChicks WS_FTP.LOG
2012.10.01 17:32 B c:\moralcompassdemo\MoralCompassWP\wp-content\images\DixieChicks\DixiesAntiAmericans.jpg --> marten.arvixe.com /www/wp-content/images/DixieChicks DixiesAntiAmericans.jpg
2012.10.01 17:32 B c:\moralcompassdemo\MoralCompassWP\wp-content\images\DixieChicks\DixiesAntiAmericansThumbnail.jpg --> marten.arvixe.com /www/wp-content/images/DixieChicks DixiesAntiAmericansThumbnail.jpg
2012.10.01 17:32 B c:\moralcompassdemo\MoralCompassWP\wp-content\images\DixieChicks\DixiesSlamBush.jpg --> marten.arvixe.com /www/wp-content/images/DixieChicks DixiesSlamBush.jpg
2012.10.01 17:32 B c:\moralcompassdemo\MoralCompassWP\wp-content\images\DixieChicks\GOPCartoonDixies.jpg --> marten.arvixe.com /www/wp-content/images/DixieChicks GOPCartoonDixies.jpg
2012.10.01 17:32 B c:\moralcompassdemo\MoralCompassWP\wp-content\images\DixieChicks\GOPCartoonDixies.png --> marten.arvixe.com /www/wp-content/images/DixieChicks GOPCartoonDixies.png
2012.10.01 17:32 B c:\moralcompassdemo\MoralCompassWP\wp-content\images\DixieChicks\GOPCartoonDixiesThumbnail.jpg --> marten.arvixe.com /www/wp-content/images/DixieChicks GOPCartoonDixiesThumbnail.jpg
2012.10.01 17:32 B c:\moralcompassdemo\MoralCompassWP\wp-content\images\DixieChicks\NotReadyToMakeNice.jpg --> marten.arvixe.com /www/wp-content/images/DixieChicks NotReadyToMakeNice.jpg
2012.10.01 17:32 B c:\moralcompassdemo\MoralCompassWP\wp-content\images\DixieChicks\USMarineAnswer.jpg --> marten.arvixe.com /www/wp-content/images/DixieChicks USMarineAnswer.jpg
2012.10.01 17:32 B c:\moralcompassdemo\MoralCompassWP\wp-content\images\DixieChicks\WS_FTP.LOG --> marten.arvixe.com /www/wp-content/images/DixieChicks WS_FTP.LOG
