2012.08.16 20:15 B C:\MoralCompassWebSite\images\Katrina\BushArrivesKatrina.jpg --> juniper.arvixe.com /osber.net/wwwroot/MoralCompass/images/Katrina BushArrivesKatrina.jpg
2012.08.16 20:15 B C:\MoralCompassWebSite\images\Katrina\BushArrivesKatrinaThumbnail.jpg --> juniper.arvixe.com /osber.net/wwwroot/MoralCompass/images/Katrina BushArrivesKatrinaThumbnail.jpg
2012.08.16 20:15 B C:\MoralCompassWebSite\images\Katrina\BushIgnoring.jpg --> juniper.arvixe.com /osber.net/wwwroot/MoralCompass/images/Katrina BushIgnoring.jpg
2012.08.16 20:15 B C:\MoralCompassWebSite\images\Katrina\BushIgnoringThumbnail.jpg --> juniper.arvixe.com /osber.net/wwwroot/MoralCompass/images/Katrina BushIgnoringThumbnail.jpg
2012.08.16 20:15 B C:\MoralCompassWebSite\images\Katrina\HannityOnKatrina.jpg --> juniper.arvixe.com /osber.net/wwwroot/MoralCompass/images/Katrina HannityOnKatrina.jpg
2012.08.16 20:15 B C:\MoralCompassWebSite\images\Katrina\MSNBCReport.jpg --> juniper.arvixe.com /osber.net/wwwroot/MoralCompass/images/Katrina MSNBCReport.jpg
2012.08.16 20:15 B C:\MoralCompassWebSite\images\Katrina\USDisasters.jpg --> juniper.arvixe.com /osber.net/wwwroot/MoralCompass/images/Katrina USDisasters.jpg
2012.08.16 20:15 B C:\MoralCompassWebSite\images\Katrina\USDisastersThumbnail.jpg --> juniper.arvixe.com /osber.net/wwwroot/MoralCompass/images/Katrina USDisastersThumbnail.jpg
2012.09.09 10:12 B C:\MoralCompassDemo\MoralCompassWP\wp-content\images\Katrina\BushArrivesKatrina.jpg --> juniper.arvixe.com /osber.net/wwwroot/MoralCompassWP/wp-content/images/Katrina BushArrivesKatrina.jpg
2012.09.09 10:12 B C:\MoralCompassDemo\MoralCompassWP\wp-content\images\Katrina\BushArrivesKatrinaThumbnail.jpg --> juniper.arvixe.com /osber.net/wwwroot/MoralCompassWP/wp-content/images/Katrina BushArrivesKatrinaThumbnail.jpg
2012.09.09 10:13 B C:\MoralCompassDemo\MoralCompassWP\wp-content\images\Katrina\BushIgnoring.jpg --> juniper.arvixe.com /osber.net/wwwroot/MoralCompassWP/wp-content/images/Katrina BushIgnoring.jpg
2012.09.09 10:13 B C:\MoralCompassDemo\MoralCompassWP\wp-content\images\Katrina\BushIgnoringThumbnail.jpg --> juniper.arvixe.com /osber.net/wwwroot/MoralCompassWP/wp-content/images/Katrina BushIgnoringThumbnail.jpg
2012.09.09 10:13 B C:\MoralCompassDemo\MoralCompassWP\wp-content\images\Katrina\HannityOnKatrina.jpg --> juniper.arvixe.com /osber.net/wwwroot/MoralCompassWP/wp-content/images/Katrina HannityOnKatrina.jpg
2012.09.09 10:13 B C:\MoralCompassDemo\MoralCompassWP\wp-content\images\Katrina\MSNBCReport.jpg --> juniper.arvixe.com /osber.net/wwwroot/MoralCompassWP/wp-content/images/Katrina MSNBCReport.jpg
2012.09.09 10:13 B C:\MoralCompassDemo\MoralCompassWP\wp-content\images\Katrina\USDisasters.jpg --> juniper.arvixe.com /osber.net/wwwroot/MoralCompassWP/wp-content/images/Katrina USDisasters.jpg
2012.09.09 10:13 B C:\MoralCompassDemo\MoralCompassWP\wp-content\images\Katrina\USDisastersThumbnail.jpg --> juniper.arvixe.com /osber.net/wwwroot/MoralCompassWP/wp-content/images/Katrina USDisastersThumbnail.jpg
2012.09.09 10:13 B C:\MoralCompassDemo\MoralCompassWP\wp-content\images\Katrina\WS_FTP.LOG --> juniper.arvixe.com /osber.net/wwwroot/MoralCompassWP/wp-content/images/Katrina WS_FTP.LOG
2012.10.01 17:32 B c:\moralcompassdemo\MoralCompassWP\wp-content\images\Katrina\BushArrivesKatrina.jpg --> marten.arvixe.com /www/wp-content/images/Katrina BushArrivesKatrina.jpg
2012.10.01 17:32 B c:\moralcompassdemo\MoralCompassWP\wp-content\images\Katrina\BushArrivesKatrinaThumbnail.jpg --> marten.arvixe.com /www/wp-content/images/Katrina BushArrivesKatrinaThumbnail.jpg
2012.10.01 17:32 B c:\moralcompassdemo\MoralCompassWP\wp-content\images\Katrina\BushIgnoring.jpg --> marten.arvixe.com /www/wp-content/images/Katrina BushIgnoring.jpg
2012.10.01 17:32 B c:\moralcompassdemo\MoralCompassWP\wp-content\images\Katrina\BushIgnoringThumbnail.jpg --> marten.arvixe.com /www/wp-content/images/Katrina BushIgnoringThumbnail.jpg
2012.10.01 17:32 B c:\moralcompassdemo\MoralCompassWP\wp-content\images\Katrina\HannityOnKatrina.jpg --> marten.arvixe.com /www/wp-content/images/Katrina HannityOnKatrina.jpg
2012.10.01 17:32 B c:\moralcompassdemo\MoralCompassWP\wp-content\images\Katrina\MSNBCReport.jpg --> marten.arvixe.com /www/wp-content/images/Katrina MSNBCReport.jpg
2012.10.01 17:32 B c:\moralcompassdemo\MoralCompassWP\wp-content\images\Katrina\USDisasters.jpg --> marten.arvixe.com /www/wp-content/images/Katrina USDisasters.jpg
2012.10.01 17:32 B c:\moralcompassdemo\MoralCompassWP\wp-content\images\Katrina\USDisastersThumbnail.jpg --> marten.arvixe.com /www/wp-content/images/Katrina USDisastersThumbnail.jpg
2012.10.01 17:32 B c:\moralcompassdemo\MoralCompassWP\wp-content\images\Katrina\WS_FTP.LOG --> marten.arvixe.com /www/wp-content/images/Katrina WS_FTP.LOG
