2012.08.18 07:57 B C:\MoralCompassViv\wp-includes\admin-bar.php <-- Viv Web Design /public_html/wp-includes admin-bar.php
2012.08.18 07:57 B C:\MoralCompassViv\wp-includes\atomlib.php <-- Viv Web Design /public_html/wp-includes atomlib.php
2012.08.18 07:57 B C:\MoralCompassViv\wp-includes\author-template.php <-- Viv Web Design /public_html/wp-includes author-template.php
2012.08.18 07:57 B C:\MoralCompassViv\wp-includes\bookmark-template.php <-- Viv Web Design /public_html/wp-includes bookmark-template.php
2012.08.18 07:57 B C:\MoralCompassViv\wp-includes\bookmark.php <-- Viv Web Design /public_html/wp-includes bookmark.php
2012.08.18 07:57 B C:\MoralCompassViv\wp-includes\cache.php <-- Viv Web Design /public_html/wp-includes cache.php
2012.08.18 07:57 B C:\MoralCompassViv\wp-includes\canonical.php <-- Viv Web Design /public_html/wp-includes canonical.php
2012.08.18 07:57 B C:\MoralCompassViv\wp-includes\capabilities.php <-- Viv Web Design /public_html/wp-includes capabilities.php
2012.08.18 07:57 B C:\MoralCompassViv\wp-includes\category-template.php <-- Viv Web Design /public_html/wp-includes category-template.php
2012.08.18 07:57 B C:\MoralCompassViv\wp-includes\category.php <-- Viv Web Design /public_html/wp-includes category.php
2012.08.18 07:57 B C:\MoralCompassViv\wp-includes\class-feed.php <-- Viv Web Design /public_html/wp-includes class-feed.php
2012.08.18 07:57 B C:\MoralCompassViv\wp-includes\class-http.php <-- Viv Web Design /public_html/wp-includes class-http.php
2012.08.18 07:57 B C:\MoralCompassViv\wp-includes\class-IXR.php <-- Viv Web Design /public_html/wp-includes class-IXR.php
2012.08.18 07:57 B C:\MoralCompassViv\wp-includes\class-json.php <-- Viv Web Design /public_html/wp-includes class-json.php
2012.08.18 07:57 B C:\MoralCompassViv\wp-includes\class-oembed.php <-- Viv Web Design /public_html/wp-includes class-oembed.php
2012.08.18 07:57 B C:\MoralCompassViv\wp-includes\class-phpass.php <-- Viv Web Design /public_html/wp-includes class-phpass.php
2012.08.18 07:57 B C:\MoralCompassViv\wp-includes\class-phpmailer.php <-- Viv Web Design /public_html/wp-includes class-phpmailer.php
2012.08.18 07:57 B C:\MoralCompassViv\wp-includes\class-pop3.php <-- Viv Web Design /public_html/wp-includes class-pop3.php
2012.08.18 07:57 B C:\MoralCompassViv\wp-includes\class-simplepie.php <-- Viv Web Design /public_html/wp-includes class-simplepie.php
2012.08.18 07:57 B C:\MoralCompassViv\wp-includes\class-smtp.php <-- Viv Web Design /public_html/wp-includes class-smtp.php
2012.08.18 07:57 B C:\MoralCompassViv\wp-includes\class-snoopy.php <-- Viv Web Design /public_html/wp-includes class-snoopy.php
2012.08.18 07:57 B C:\MoralCompassViv\wp-includes\class-wp-admin-bar.php <-- Viv Web Design /public_html/wp-includes class-wp-admin-bar.php
2012.08.18 07:57 B C:\MoralCompassViv\wp-includes\class-wp-ajax-response.php <-- Viv Web Design /public_html/wp-includes class-wp-ajax-response.php
2012.08.18 07:57 B C:\MoralCompassViv\wp-includes\class-wp-atom-server.php <-- Viv Web Design /public_html/wp-includes class-wp-atom-server.php
2012.08.18 07:57 B C:\MoralCompassViv\wp-includes\class-wp-customize-control.php <-- Viv Web Design /public_html/wp-includes class-wp-customize-control.php
2012.08.18 07:57 B C:\MoralCompassViv\wp-includes\class-wp-customize-manager.php <-- Viv Web Design /public_html/wp-includes class-wp-customize-manager.php
2012.08.18 07:57 B C:\MoralCompassViv\wp-includes\class-wp-customize-section.php <-- Viv Web Design /public_html/wp-includes class-wp-customize-section.php
2012.08.18 07:57 B C:\MoralCompassViv\wp-includes\class-wp-customize-setting.php <-- Viv Web Design /public_html/wp-includes class-wp-customize-setting.php
2012.08.18 07:57 B C:\MoralCompassViv\wp-includes\class-wp-editor.php <-- Viv Web Design /public_html/wp-includes class-wp-editor.php
2012.08.18 07:57 B C:\MoralCompassViv\wp-includes\class-wp-error.php <-- Viv Web Design /public_html/wp-includes class-wp-error.php
2012.08.18 07:57 B C:\MoralCompassViv\wp-includes\class-wp-http-ixr-client.php <-- Viv Web Design /public_html/wp-includes class-wp-http-ixr-client.php
2012.08.18 07:57 B C:\MoralCompassViv\wp-includes\class-wp-theme.php <-- Viv Web Design /public_html/wp-includes class-wp-theme.php
2012.08.18 07:57 B C:\MoralCompassViv\wp-includes\class-wp-walker.php <-- Viv Web Design /public_html/wp-includes class-wp-walker.php
2012.08.18 07:57 B C:\MoralCompassViv\wp-includes\class-wp-xmlrpc-server.php <-- Viv Web Design /public_html/wp-includes class-wp-xmlrpc-server.php
2012.08.18 07:57 B C:\MoralCompassViv\wp-includes\class-wp.php <-- Viv Web Design /public_html/wp-includes class-wp.php
2012.08.18 07:57 B C:\MoralCompassViv\wp-includes\class.wp-dependencies.php <-- Viv Web Design /public_html/wp-includes class.wp-dependencies.php
2012.08.18 07:57 B C:\MoralCompassViv\wp-includes\class.wp-scripts.php <-- Viv Web Design /public_html/wp-includes class.wp-scripts.php
2012.08.18 07:57 B C:\MoralCompassViv\wp-includes\class.wp-styles.php <-- Viv Web Design /public_html/wp-includes class.wp-styles.php
2012.08.18 07:57 B C:\MoralCompassViv\wp-includes\comment-template.php <-- Viv Web Design /public_html/wp-includes comment-template.php
2012.08.18 07:57 B C:\MoralCompassViv\wp-includes\comment.php <-- Viv Web Design /public_html/wp-includes comment.php
2012.08.18 07:57 B C:\MoralCompassViv\wp-includes\compat.php <-- Viv Web Design /public_html/wp-includes compat.php
2012.08.18 07:57 B C:\MoralCompassViv\wp-includes\cron.php <-- Viv Web Design /public_html/wp-includes cron.php
2012.08.18 07:57 B C:\MoralCompassViv\wp-includes\default-constants.php <-- Viv Web Design /public_html/wp-includes default-constants.php
2012.08.18 07:57 B C:\MoralCompassViv\wp-includes\default-filters.php <-- Viv Web Design /public_html/wp-includes default-filters.php
2012.08.18 07:57 B C:\MoralCompassViv\wp-includes\default-widgets.php <-- Viv Web Design /public_html/wp-includes default-widgets.php
2012.08.18 07:57 B C:\MoralCompassViv\wp-includes\deprecated.php <-- Viv Web Design /public_html/wp-includes deprecated.php
2012.08.18 07:57 B C:\MoralCompassViv\wp-includes\feed-atom-comments.php <-- Viv Web Design /public_html/wp-includes feed-atom-comments.php
2012.08.18 07:57 B C:\MoralCompassViv\wp-includes\feed-atom.php <-- Viv Web Design /public_html/wp-includes feed-atom.php
2012.08.18 07:57 B C:\MoralCompassViv\wp-includes\feed-rdf.php <-- Viv Web Design /public_html/wp-includes feed-rdf.php
2012.08.18 07:57 B C:\MoralCompassViv\wp-includes\feed-rss.php <-- Viv Web Design /public_html/wp-includes feed-rss.php
2012.08.18 07:57 B C:\MoralCompassViv\wp-includes\feed-rss2-comments.php <-- Viv Web Design /public_html/wp-includes feed-rss2-comments.php
2012.08.18 07:57 B C:\MoralCompassViv\wp-includes\feed-rss2.php <-- Viv Web Design /public_html/wp-includes feed-rss2.php
2012.08.18 07:57 B C:\MoralCompassViv\wp-includes\feed.php <-- Viv Web Design /public_html/wp-includes feed.php
2012.08.18 07:57 B C:\MoralCompassViv\wp-includes\formatting.php <-- Viv Web Design /public_html/wp-includes formatting.php
2012.08.18 07:57 B C:\MoralCompassViv\wp-includes\functions.php <-- Viv Web Design /public_html/wp-includes functions.php
2012.08.18 07:57 B C:\MoralCompassViv\wp-includes\functions.wp-scripts.php <-- Viv Web Design /public_html/wp-includes functions.wp-scripts.php
2012.08.18 07:57 B C:\MoralCompassViv\wp-includes\functions.wp-styles.php <-- Viv Web Design /public_html/wp-includes functions.wp-styles.php
2012.08.18 07:57 B C:\MoralCompassViv\wp-includes\general-template.php <-- Viv Web Design /public_html/wp-includes general-template.php
2012.08.18 07:57 B C:\MoralCompassViv\wp-includes\http.php <-- Viv Web Design /public_html/wp-includes http.php
2012.08.18 07:57 B C:\MoralCompassViv\wp-includes\kses.php <-- Viv Web Design /public_html/wp-includes kses.php
2012.08.18 07:57 B C:\MoralCompassViv\wp-includes\l10n.php <-- Viv Web Design /public_html/wp-includes l10n.php
2012.08.18 07:57 B C:\MoralCompassViv\wp-includes\link-template.php <-- Viv Web Design /public_html/wp-includes link-template.php
2012.08.18 07:57 B C:\MoralCompassViv\wp-includes\load.php <-- Viv Web Design /public_html/wp-includes load.php
2012.08.18 07:57 B C:\MoralCompassViv\wp-includes\locale.php <-- Viv Web Design /public_html/wp-includes locale.php
2012.08.18 07:57 B C:\MoralCompassViv\wp-includes\media.php <-- Viv Web Design /public_html/wp-includes media.php
2012.08.18 07:57 B C:\MoralCompassViv\wp-includes\meta.php <-- Viv Web Design /public_html/wp-includes meta.php
2012.08.18 07:57 B C:\MoralCompassViv\wp-includes\ms-blogs.php <-- Viv Web Design /public_html/wp-includes ms-blogs.php
2012.08.18 07:57 B C:\MoralCompassViv\wp-includes\ms-default-constants.php <-- Viv Web Design /public_html/wp-includes ms-default-constants.php
2012.08.18 07:57 B C:\MoralCompassViv\wp-includes\ms-default-filters.php <-- Viv Web Design /public_html/wp-includes ms-default-filters.php
2012.08.18 07:57 B C:\MoralCompassViv\wp-includes\ms-deprecated.php <-- Viv Web Design /public_html/wp-includes ms-deprecated.php
2012.08.18 07:57 B C:\MoralCompassViv\wp-includes\ms-files.php <-- Viv Web Design /public_html/wp-includes ms-files.php
2012.08.18 07:57 B C:\MoralCompassViv\wp-includes\ms-functions.php <-- Viv Web Design /public_html/wp-includes ms-functions.php
2012.08.18 07:57 B C:\MoralCompassViv\wp-includes\ms-load.php <-- Viv Web Design /public_html/wp-includes ms-load.php
2012.08.18 07:57 B C:\MoralCompassViv\wp-includes\ms-settings.php <-- Viv Web Design /public_html/wp-includes ms-settings.php
2012.08.18 07:57 B C:\MoralCompassViv\wp-includes\nav-menu-template.php <-- Viv Web Design /public_html/wp-includes nav-menu-template.php
2012.08.18 07:57 B C:\MoralCompassViv\wp-includes\nav-menu.php <-- Viv Web Design /public_html/wp-includes nav-menu.php
2012.08.18 07:57 B C:\MoralCompassViv\wp-includes\option.php <-- Viv Web Design /public_html/wp-includes option.php
2012.08.18 07:57 B C:\MoralCompassViv\wp-includes\pluggable-deprecated.php <-- Viv Web Design /public_html/wp-includes pluggable-deprecated.php
2012.08.18 07:57 B C:\MoralCompassViv\wp-includes\pluggable.php <-- Viv Web Design /public_html/wp-includes pluggable.php
2012.08.18 07:57 B C:\MoralCompassViv\wp-includes\plugin.php <-- Viv Web Design /public_html/wp-includes plugin.php
2012.08.18 07:57 B C:\MoralCompassViv\wp-includes\post-template.php <-- Viv Web Design /public_html/wp-includes post-template.php
2012.08.18 07:57 B C:\MoralCompassViv\wp-includes\post-thumbnail-template.php <-- Viv Web Design /public_html/wp-includes post-thumbnail-template.php
2012.08.18 07:57 B C:\MoralCompassViv\wp-includes\post.php <-- Viv Web Design /public_html/wp-includes post.php
2012.08.18 07:57 B C:\MoralCompassViv\wp-includes\query.php <-- Viv Web Design /public_html/wp-includes query.php
2012.08.18 07:57 B C:\MoralCompassViv\wp-includes\registration-functions.php <-- Viv Web Design /public_html/wp-includes registration-functions.php
2012.08.18 07:57 B C:\MoralCompassViv\wp-includes\registration.php <-- Viv Web Design /public_html/wp-includes registration.php
2012.08.18 07:57 B C:\MoralCompassViv\wp-includes\rewrite.php <-- Viv Web Design /public_html/wp-includes rewrite.php
2012.08.18 07:57 B C:\MoralCompassViv\wp-includes\rss-functions.php <-- Viv Web Design /public_html/wp-includes rss-functions.php
2012.08.18 07:57 B C:\MoralCompassViv\wp-includes\rss.php <-- Viv Web Design /public_html/wp-includes rss.php
2012.08.18 07:57 B C:\MoralCompassViv\wp-includes\script-loader.php <-- Viv Web Design /public_html/wp-includes script-loader.php
2012.08.18 07:57 B C:\MoralCompassViv\wp-includes\shortcodes.php <-- Viv Web Design /public_html/wp-includes shortcodes.php
2012.08.18 07:57 B C:\MoralCompassViv\wp-includes\taxonomy.php <-- Viv Web Design /public_html/wp-includes taxonomy.php
2012.08.18 07:57 B C:\MoralCompassViv\wp-includes\template-loader.php <-- Viv Web Design /public_html/wp-includes template-loader.php
2012.08.18 07:57 B C:\MoralCompassViv\wp-includes\template.php <-- Viv Web Design /public_html/wp-includes template.php
2012.08.18 07:57 B C:\MoralCompassViv\wp-includes\theme.php <-- Viv Web Design /public_html/wp-includes theme.php
2012.08.18 07:57 B C:\MoralCompassViv\wp-includes\update.php <-- Viv Web Design /public_html/wp-includes update.php
2012.08.18 07:57 B C:\MoralCompassViv\wp-includes\user.php <-- Viv Web Design /public_html/wp-includes user.php
2012.08.18 07:57 B C:\MoralCompassViv\wp-includes\vars.php <-- Viv Web Design /public_html/wp-includes vars.php
2012.08.18 07:57 B C:\MoralCompassViv\wp-includes\version.php <-- Viv Web Design /public_html/wp-includes version.php
2012.08.18 07:57 B C:\MoralCompassViv\wp-includes\widgets.php <-- Viv Web Design /public_html/wp-includes widgets.php
2012.08.18 07:57 B C:\MoralCompassViv\wp-includes\wlwmanifest.xml <-- Viv Web Design /public_html/wp-includes wlwmanifest.xml
2012.08.18 07:57 B C:\MoralCompassViv\wp-includes\wp-db.php <-- Viv Web Design /public_html/wp-includes wp-db.php
2012.08.18 07:57 B C:\MoralCompassViv\wp-includes\wp-diff.php <-- Viv Web Design /public_html/wp-includes wp-diff.php
