2012.10.01 09:06 B C:\MoralCompassDemo\WordpressVanilla\wp-includes\admin-bar.php --> marten.arvixe.com /www/wp-includes admin-bar.php
2012.10.01 09:06 B C:\MoralCompassDemo\WordpressVanilla\wp-includes\atomlib.php --> marten.arvixe.com /www/wp-includes atomlib.php
2012.10.01 09:06 B C:\MoralCompassDemo\WordpressVanilla\wp-includes\author-template.php --> marten.arvixe.com /www/wp-includes author-template.php
2012.10.01 09:06 B C:\MoralCompassDemo\WordpressVanilla\wp-includes\bookmark-template.php --> marten.arvixe.com /www/wp-includes bookmark-template.php
2012.10.01 09:06 B C:\MoralCompassDemo\WordpressVanilla\wp-includes\bookmark.php --> marten.arvixe.com /www/wp-includes bookmark.php
2012.10.01 09:06 B C:\MoralCompassDemo\WordpressVanilla\wp-includes\cache.php --> marten.arvixe.com /www/wp-includes cache.php
2012.10.01 09:06 B C:\MoralCompassDemo\WordpressVanilla\wp-includes\canonical.php --> marten.arvixe.com /www/wp-includes canonical.php
2012.10.01 09:06 B C:\MoralCompassDemo\WordpressVanilla\wp-includes\capabilities.php --> marten.arvixe.com /www/wp-includes capabilities.php
2012.10.01 09:06 B C:\MoralCompassDemo\WordpressVanilla\wp-includes\category-template.php --> marten.arvixe.com /www/wp-includes category-template.php
2012.10.01 09:06 B C:\MoralCompassDemo\WordpressVanilla\wp-includes\category.php --> marten.arvixe.com /www/wp-includes category.php
2012.10.01 09:06 B C:\MoralCompassDemo\WordpressVanilla\wp-includes\class-feed.php --> marten.arvixe.com /www/wp-includes class-feed.php
2012.10.01 09:06 B C:\MoralCompassDemo\WordpressVanilla\wp-includes\class-http.php --> marten.arvixe.com /www/wp-includes class-http.php
2012.10.01 09:06 B C:\MoralCompassDemo\WordpressVanilla\wp-includes\class-IXR.php --> marten.arvixe.com /www/wp-includes class-IXR.php
2012.10.01 09:06 B C:\MoralCompassDemo\WordpressVanilla\wp-includes\class-json.php --> marten.arvixe.com /www/wp-includes class-json.php
2012.10.01 09:06 B C:\MoralCompassDemo\WordpressVanilla\wp-includes\class-oembed.php --> marten.arvixe.com /www/wp-includes class-oembed.php
2012.10.01 09:06 B C:\MoralCompassDemo\WordpressVanilla\wp-includes\class-phpass.php --> marten.arvixe.com /www/wp-includes class-phpass.php
2012.10.01 09:06 B C:\MoralCompassDemo\WordpressVanilla\wp-includes\class-phpmailer.php --> marten.arvixe.com /www/wp-includes class-phpmailer.php
2012.10.01 09:06 B C:\MoralCompassDemo\WordpressVanilla\wp-includes\class-pop3.php --> marten.arvixe.com /www/wp-includes class-pop3.php
2012.10.01 09:06 B C:\MoralCompassDemo\WordpressVanilla\wp-includes\class-simplepie.php --> marten.arvixe.com /www/wp-includes class-simplepie.php
2012.10.01 09:06 B C:\MoralCompassDemo\WordpressVanilla\wp-includes\class-smtp.php --> marten.arvixe.com /www/wp-includes class-smtp.php
2012.10.01 09:06 B C:\MoralCompassDemo\WordpressVanilla\wp-includes\class-snoopy.php --> marten.arvixe.com /www/wp-includes class-snoopy.php
2012.10.01 09:06 B C:\MoralCompassDemo\WordpressVanilla\wp-includes\class-wp-admin-bar.php --> marten.arvixe.com /www/wp-includes class-wp-admin-bar.php
2012.10.01 09:06 B C:\MoralCompassDemo\WordpressVanilla\wp-includes\class-wp-ajax-response.php --> marten.arvixe.com /www/wp-includes class-wp-ajax-response.php
2012.10.01 09:06 B C:\MoralCompassDemo\WordpressVanilla\wp-includes\class-wp-atom-server.php --> marten.arvixe.com /www/wp-includes class-wp-atom-server.php
2012.10.01 09:06 B C:\MoralCompassDemo\WordpressVanilla\wp-includes\class-wp-customize-control.php --> marten.arvixe.com /www/wp-includes class-wp-customize-control.php
2012.10.01 09:06 B C:\MoralCompassDemo\WordpressVanilla\wp-includes\class-wp-customize-manager.php --> marten.arvixe.com /www/wp-includes class-wp-customize-manager.php
2012.10.01 09:06 B C:\MoralCompassDemo\WordpressVanilla\wp-includes\class-wp-customize-section.php --> marten.arvixe.com /www/wp-includes class-wp-customize-section.php
2012.10.01 09:06 B C:\MoralCompassDemo\WordpressVanilla\wp-includes\class-wp-customize-setting.php --> marten.arvixe.com /www/wp-includes class-wp-customize-setting.php
2012.10.01 09:06 B C:\MoralCompassDemo\WordpressVanilla\wp-includes\class-wp-editor.php --> marten.arvixe.com /www/wp-includes class-wp-editor.php
2012.10.01 09:06 B C:\MoralCompassDemo\WordpressVanilla\wp-includes\class-wp-error.php --> marten.arvixe.com /www/wp-includes class-wp-error.php
2012.10.01 09:06 B C:\MoralCompassDemo\WordpressVanilla\wp-includes\class-wp-http-ixr-client.php --> marten.arvixe.com /www/wp-includes class-wp-http-ixr-client.php
2012.10.01 09:06 B C:\MoralCompassDemo\WordpressVanilla\wp-includes\class-wp-theme.php --> marten.arvixe.com /www/wp-includes class-wp-theme.php
2012.10.01 09:06 B C:\MoralCompassDemo\WordpressVanilla\wp-includes\class-wp-walker.php --> marten.arvixe.com /www/wp-includes class-wp-walker.php
2012.10.01 09:06 B C:\MoralCompassDemo\WordpressVanilla\wp-includes\class-wp-xmlrpc-server.php --> marten.arvixe.com /www/wp-includes class-wp-xmlrpc-server.php
2012.10.01 09:06 B C:\MoralCompassDemo\WordpressVanilla\wp-includes\class-wp.php --> marten.arvixe.com /www/wp-includes class-wp.php
2012.10.01 09:06 B C:\MoralCompassDemo\WordpressVanilla\wp-includes\class.wp-dependencies.php --> marten.arvixe.com /www/wp-includes class.wp-dependencies.php
2012.10.01 09:06 B C:\MoralCompassDemo\WordpressVanilla\wp-includes\class.wp-scripts.php --> marten.arvixe.com /www/wp-includes class.wp-scripts.php
2012.10.01 09:06 B C:\MoralCompassDemo\WordpressVanilla\wp-includes\class.wp-styles.php --> marten.arvixe.com /www/wp-includes class.wp-styles.php
2012.10.01 09:06 B C:\MoralCompassDemo\WordpressVanilla\wp-includes\comment-template.php --> marten.arvixe.com /www/wp-includes comment-template.php
2012.10.01 09:06 B C:\MoralCompassDemo\WordpressVanilla\wp-includes\comment.php --> marten.arvixe.com /www/wp-includes comment.php
2012.10.01 09:06 B C:\MoralCompassDemo\WordpressVanilla\wp-includes\compat.php --> marten.arvixe.com /www/wp-includes compat.php
2012.10.01 09:06 B C:\MoralCompassDemo\WordpressVanilla\wp-includes\cron.php --> marten.arvixe.com /www/wp-includes cron.php
2012.10.01 09:06 B C:\MoralCompassDemo\WordpressVanilla\wp-includes\default-constants.php --> marten.arvixe.com /www/wp-includes default-constants.php
2012.10.01 09:06 B C:\MoralCompassDemo\WordpressVanilla\wp-includes\default-filters.php --> marten.arvixe.com /www/wp-includes default-filters.php
2012.10.01 09:06 B C:\MoralCompassDemo\WordpressVanilla\wp-includes\default-widgets.php --> marten.arvixe.com /www/wp-includes default-widgets.php
2012.10.01 09:06 B C:\MoralCompassDemo\WordpressVanilla\wp-includes\deprecated.php --> marten.arvixe.com /www/wp-includes deprecated.php
2012.10.01 09:06 B C:\MoralCompassDemo\WordpressVanilla\wp-includes\feed-atom-comments.php --> marten.arvixe.com /www/wp-includes feed-atom-comments.php
2012.10.01 09:06 B C:\MoralCompassDemo\WordpressVanilla\wp-includes\feed-atom.php --> marten.arvixe.com /www/wp-includes feed-atom.php
2012.10.01 09:06 B C:\MoralCompassDemo\WordpressVanilla\wp-includes\feed-rdf.php --> marten.arvixe.com /www/wp-includes feed-rdf.php
2012.10.01 09:06 B C:\MoralCompassDemo\WordpressVanilla\wp-includes\feed-rss.php --> marten.arvixe.com /www/wp-includes feed-rss.php
2012.10.01 09:06 B C:\MoralCompassDemo\WordpressVanilla\wp-includes\feed-rss2-comments.php --> marten.arvixe.com /www/wp-includes feed-rss2-comments.php
2012.10.01 09:06 B C:\MoralCompassDemo\WordpressVanilla\wp-includes\feed-rss2.php --> marten.arvixe.com /www/wp-includes feed-rss2.php
2012.10.01 09:06 B C:\MoralCompassDemo\WordpressVanilla\wp-includes\feed.php --> marten.arvixe.com /www/wp-includes feed.php
2012.10.01 09:06 B C:\MoralCompassDemo\WordpressVanilla\wp-includes\formatting.php --> marten.arvixe.com /www/wp-includes formatting.php
2012.10.01 09:06 B C:\MoralCompassDemo\WordpressVanilla\wp-includes\functions.php --> marten.arvixe.com /www/wp-includes functions.php
2012.10.01 09:06 B C:\MoralCompassDemo\WordpressVanilla\wp-includes\functions.wp-scripts.php --> marten.arvixe.com /www/wp-includes functions.wp-scripts.php
2012.10.01 09:06 B C:\MoralCompassDemo\WordpressVanilla\wp-includes\functions.wp-styles.php --> marten.arvixe.com /www/wp-includes functions.wp-styles.php
2012.10.01 09:06 B C:\MoralCompassDemo\WordpressVanilla\wp-includes\general-template.php --> marten.arvixe.com /www/wp-includes general-template.php
2012.10.01 09:06 B C:\MoralCompassDemo\WordpressVanilla\wp-includes\http.php --> marten.arvixe.com /www/wp-includes http.php
2012.10.01 09:06 B C:\MoralCompassDemo\WordpressVanilla\wp-includes\kses.php --> marten.arvixe.com /www/wp-includes kses.php
2012.10.01 09:06 B C:\MoralCompassDemo\WordpressVanilla\wp-includes\l10n.php --> marten.arvixe.com /www/wp-includes l10n.php
2012.10.01 09:06 B C:\MoralCompassDemo\WordpressVanilla\wp-includes\link-template.php --> marten.arvixe.com /www/wp-includes link-template.php
2012.10.01 09:06 B C:\MoralCompassDemo\WordpressVanilla\wp-includes\load.php --> marten.arvixe.com /www/wp-includes load.php
2012.10.01 09:06 B C:\MoralCompassDemo\WordpressVanilla\wp-includes\locale.php --> marten.arvixe.com /www/wp-includes locale.php
2012.10.01 09:06 B C:\MoralCompassDemo\WordpressVanilla\wp-includes\media.php --> marten.arvixe.com /www/wp-includes media.php
2012.10.01 09:06 B C:\MoralCompassDemo\WordpressVanilla\wp-includes\meta.php --> marten.arvixe.com /www/wp-includes meta.php
2012.10.01 09:06 B C:\MoralCompassDemo\WordpressVanilla\wp-includes\ms-blogs.php --> marten.arvixe.com /www/wp-includes ms-blogs.php
2012.10.01 09:06 B C:\MoralCompassDemo\WordpressVanilla\wp-includes\ms-default-constants.php --> marten.arvixe.com /www/wp-includes ms-default-constants.php
2012.10.01 09:06 B C:\MoralCompassDemo\WordpressVanilla\wp-includes\ms-default-filters.php --> marten.arvixe.com /www/wp-includes ms-default-filters.php
2012.10.01 09:06 B C:\MoralCompassDemo\WordpressVanilla\wp-includes\ms-deprecated.php --> marten.arvixe.com /www/wp-includes ms-deprecated.php
2012.10.01 09:06 B C:\MoralCompassDemo\WordpressVanilla\wp-includes\ms-files.php --> marten.arvixe.com /www/wp-includes ms-files.php
2012.10.01 09:06 B C:\MoralCompassDemo\WordpressVanilla\wp-includes\ms-functions.php --> marten.arvixe.com /www/wp-includes ms-functions.php
2012.10.01 09:06 B C:\MoralCompassDemo\WordpressVanilla\wp-includes\ms-load.php --> marten.arvixe.com /www/wp-includes ms-load.php
2012.10.01 09:06 B C:\MoralCompassDemo\WordpressVanilla\wp-includes\ms-settings.php --> marten.arvixe.com /www/wp-includes ms-settings.php
2012.10.01 09:06 B C:\MoralCompassDemo\WordpressVanilla\wp-includes\nav-menu-template.php --> marten.arvixe.com /www/wp-includes nav-menu-template.php
2012.10.01 09:06 B C:\MoralCompassDemo\WordpressVanilla\wp-includes\nav-menu.php --> marten.arvixe.com /www/wp-includes nav-menu.php
2012.10.01 09:06 B C:\MoralCompassDemo\WordpressVanilla\wp-includes\option.php --> marten.arvixe.com /www/wp-includes option.php
2012.10.01 09:06 B C:\MoralCompassDemo\WordpressVanilla\wp-includes\pluggable-deprecated.php --> marten.arvixe.com /www/wp-includes pluggable-deprecated.php
2012.10.01 09:06 B C:\MoralCompassDemo\WordpressVanilla\wp-includes\pluggable.php --> marten.arvixe.com /www/wp-includes pluggable.php
2012.10.01 09:06 B C:\MoralCompassDemo\WordpressVanilla\wp-includes\plugin.php --> marten.arvixe.com /www/wp-includes plugin.php
2012.10.01 09:06 B C:\MoralCompassDemo\WordpressVanilla\wp-includes\post-template.php --> marten.arvixe.com /www/wp-includes post-template.php
2012.10.01 09:06 B C:\MoralCompassDemo\WordpressVanilla\wp-includes\post-thumbnail-template.php --> marten.arvixe.com /www/wp-includes post-thumbnail-template.php
2012.10.01 09:06 B C:\MoralCompassDemo\WordpressVanilla\wp-includes\post.php --> marten.arvixe.com /www/wp-includes post.php
2012.10.01 09:06 B C:\MoralCompassDemo\WordpressVanilla\wp-includes\query.php --> marten.arvixe.com /www/wp-includes query.php
2012.10.01 09:06 B C:\MoralCompassDemo\WordpressVanilla\wp-includes\registration-functions.php --> marten.arvixe.com /www/wp-includes registration-functions.php
2012.10.01 09:06 B C:\MoralCompassDemo\WordpressVanilla\wp-includes\registration.php --> marten.arvixe.com /www/wp-includes registration.php
2012.10.01 09:06 B C:\MoralCompassDemo\WordpressVanilla\wp-includes\rewrite.php --> marten.arvixe.com /www/wp-includes rewrite.php
2012.10.01 09:06 B C:\MoralCompassDemo\WordpressVanilla\wp-includes\rss-functions.php --> marten.arvixe.com /www/wp-includes rss-functions.php
2012.10.01 09:06 B C:\MoralCompassDemo\WordpressVanilla\wp-includes\rss.php --> marten.arvixe.com /www/wp-includes rss.php
2012.10.01 09:06 B C:\MoralCompassDemo\WordpressVanilla\wp-includes\script-loader.php --> marten.arvixe.com /www/wp-includes script-loader.php
2012.10.01 09:06 B C:\MoralCompassDemo\WordpressVanilla\wp-includes\shortcodes.php --> marten.arvixe.com /www/wp-includes shortcodes.php
2012.10.01 09:06 B C:\MoralCompassDemo\WordpressVanilla\wp-includes\taxonomy.php --> marten.arvixe.com /www/wp-includes taxonomy.php
2012.10.01 09:06 B C:\MoralCompassDemo\WordpressVanilla\wp-includes\template-loader.php --> marten.arvixe.com /www/wp-includes template-loader.php
2012.10.01 09:06 B C:\MoralCompassDemo\WordpressVanilla\wp-includes\template.php --> marten.arvixe.com /www/wp-includes template.php
2012.10.01 09:06 B C:\MoralCompassDemo\WordpressVanilla\wp-includes\theme.php --> marten.arvixe.com /www/wp-includes theme.php
2012.10.01 09:06 B C:\MoralCompassDemo\WordpressVanilla\wp-includes\update.php --> marten.arvixe.com /www/wp-includes update.php
2012.10.01 09:06 B C:\MoralCompassDemo\WordpressVanilla\wp-includes\user.php --> marten.arvixe.com /www/wp-includes user.php
2012.10.01 09:06 B C:\MoralCompassDemo\WordpressVanilla\wp-includes\vars.php --> marten.arvixe.com /www/wp-includes vars.php
2012.10.01 09:06 B C:\MoralCompassDemo\WordpressVanilla\wp-includes\version.php --> marten.arvixe.com /www/wp-includes version.php
2012.10.01 09:06 B C:\MoralCompassDemo\WordpressVanilla\wp-includes\widgets.php --> marten.arvixe.com /www/wp-includes widgets.php
2012.10.01 09:06 B C:\MoralCompassDemo\WordpressVanilla\wp-includes\wlwmanifest.xml --> marten.arvixe.com /www/wp-includes wlwmanifest.xml
2012.10.01 09:06 B C:\MoralCompassDemo\WordpressVanilla\wp-includes\wp-db.php --> marten.arvixe.com /www/wp-includes wp-db.php
2012.10.01 09:06 B C:\MoralCompassDemo\WordpressVanilla\wp-includes\wp-diff.php --> marten.arvixe.com /www/wp-includes wp-diff.php
