2012.08.18 07:52 B C:\MoralCompassViv\wp-admin\network\about.php <-- Viv Web Design /public_html/wp-admin/network about.php
2012.08.18 07:52 B C:\MoralCompassViv\wp-admin\network\admin.php <-- Viv Web Design /public_html/wp-admin/network admin.php
2012.08.18 07:52 B C:\MoralCompassViv\wp-admin\network\credits.php <-- Viv Web Design /public_html/wp-admin/network credits.php
2012.08.18 07:52 B C:\MoralCompassViv\wp-admin\network\edit.php <-- Viv Web Design /public_html/wp-admin/network edit.php
2012.08.18 07:52 B C:\MoralCompassViv\wp-admin\network\freedoms.php <-- Viv Web Design /public_html/wp-admin/network freedoms.php
2012.08.18 07:52 B C:\MoralCompassViv\wp-admin\network\index.php <-- Viv Web Design /public_html/wp-admin/network index.php
2012.08.18 07:52 B C:\MoralCompassViv\wp-admin\network\menu.php <-- Viv Web Design /public_html/wp-admin/network menu.php
2012.08.18 07:52 B C:\MoralCompassViv\wp-admin\network\plugin-editor.php <-- Viv Web Design /public_html/wp-admin/network plugin-editor.php
2012.08.18 07:52 B C:\MoralCompassViv\wp-admin\network\plugin-install.php <-- Viv Web Design /public_html/wp-admin/network plugin-install.php
2012.08.18 07:52 B C:\MoralCompassViv\wp-admin\network\plugins.php <-- Viv Web Design /public_html/wp-admin/network plugins.php
2012.08.18 07:52 B C:\MoralCompassViv\wp-admin\network\profile.php <-- Viv Web Design /public_html/wp-admin/network profile.php
2012.08.18 07:52 B C:\MoralCompassViv\wp-admin\network\settings.php <-- Viv Web Design /public_html/wp-admin/network settings.php
2012.08.18 07:52 B C:\MoralCompassViv\wp-admin\network\setup.php <-- Viv Web Design /public_html/wp-admin/network setup.php
2012.08.18 07:52 B C:\MoralCompassViv\wp-admin\network\site-info.php <-- Viv Web Design /public_html/wp-admin/network site-info.php
2012.08.18 07:52 B C:\MoralCompassViv\wp-admin\network\site-new.php <-- Viv Web Design /public_html/wp-admin/network site-new.php
2012.08.18 07:52 B C:\MoralCompassViv\wp-admin\network\site-settings.php <-- Viv Web Design /public_html/wp-admin/network site-settings.php
2012.08.18 07:52 B C:\MoralCompassViv\wp-admin\network\site-themes.php <-- Viv Web Design /public_html/wp-admin/network site-themes.php
2012.08.18 07:52 B C:\MoralCompassViv\wp-admin\network\site-users.php <-- Viv Web Design /public_html/wp-admin/network site-users.php
2012.08.18 07:52 B C:\MoralCompassViv\wp-admin\network\sites.php <-- Viv Web Design /public_html/wp-admin/network sites.php
2012.08.18 07:52 B C:\MoralCompassViv\wp-admin\network\theme-editor.php <-- Viv Web Design /public_html/wp-admin/network theme-editor.php
2012.08.18 07:52 B C:\MoralCompassViv\wp-admin\network\theme-install.php <-- Viv Web Design /public_html/wp-admin/network theme-install.php
2012.08.18 07:52 B C:\MoralCompassViv\wp-admin\network\themes.php <-- Viv Web Design /public_html/wp-admin/network themes.php
2012.08.18 07:52 B C:\MoralCompassViv\wp-admin\network\update-core.php <-- Viv Web Design /public_html/wp-admin/network update-core.php
2012.08.18 07:52 B C:\MoralCompassViv\wp-admin\network\update.php <-- Viv Web Design /public_html/wp-admin/network update.php
2012.08.18 07:52 B C:\MoralCompassViv\wp-admin\network\upgrade.php <-- Viv Web Design /public_html/wp-admin/network upgrade.php
2012.08.18 07:52 B C:\MoralCompassViv\wp-admin\network\user-edit.php <-- Viv Web Design /public_html/wp-admin/network user-edit.php
2012.08.18 07:52 B C:\MoralCompassViv\wp-admin\network\user-new.php <-- Viv Web Design /public_html/wp-admin/network user-new.php
2012.08.18 07:52 B C:\MoralCompassViv\wp-admin\network\users.php <-- Viv Web Design /public_html/wp-admin/network users.php
