2012.10.01 09:03 B C:\MoralCompassDemo\WordpressVanilla\wp-admin\includes\admin.php --> marten.arvixe.com /www/wp-admin/includes admin.php
2012.10.01 09:03 B C:\MoralCompassDemo\WordpressVanilla\wp-admin\includes\ajax-actions.php --> marten.arvixe.com /www/wp-admin/includes ajax-actions.php
2012.10.01 09:03 B C:\MoralCompassDemo\WordpressVanilla\wp-admin\includes\bookmark.php --> marten.arvixe.com /www/wp-admin/includes bookmark.php
2012.10.01 09:03 B C:\MoralCompassDemo\WordpressVanilla\wp-admin\includes\class-ftp-pure.php --> marten.arvixe.com /www/wp-admin/includes class-ftp-pure.php
2012.10.01 09:03 B C:\MoralCompassDemo\WordpressVanilla\wp-admin\includes\class-ftp-sockets.php --> marten.arvixe.com /www/wp-admin/includes class-ftp-sockets.php
2012.10.01 09:03 B C:\MoralCompassDemo\WordpressVanilla\wp-admin\includes\class-ftp.php --> marten.arvixe.com /www/wp-admin/includes class-ftp.php
2012.10.01 09:03 B C:\MoralCompassDemo\WordpressVanilla\wp-admin\includes\class-pclzip.php --> marten.arvixe.com /www/wp-admin/includes class-pclzip.php
2012.10.01 09:03 B C:\MoralCompassDemo\WordpressVanilla\wp-admin\includes\class-wp-comments-list-table.php --> marten.arvixe.com /www/wp-admin/includes class-wp-comments-list-table.php
2012.10.01 09:03 B C:\MoralCompassDemo\WordpressVanilla\wp-admin\includes\class-wp-filesystem-base.php --> marten.arvixe.com /www/wp-admin/includes class-wp-filesystem-base.php
2012.10.01 09:03 B C:\MoralCompassDemo\WordpressVanilla\wp-admin\includes\class-wp-filesystem-direct.php --> marten.arvixe.com /www/wp-admin/includes class-wp-filesystem-direct.php
2012.10.01 09:03 B C:\MoralCompassDemo\WordpressVanilla\wp-admin\includes\class-wp-filesystem-ftpext.php --> marten.arvixe.com /www/wp-admin/includes class-wp-filesystem-ftpext.php
2012.10.01 09:03 B C:\MoralCompassDemo\WordpressVanilla\wp-admin\includes\class-wp-filesystem-ftpsockets.php --> marten.arvixe.com /www/wp-admin/includes class-wp-filesystem-ftpsockets.php
2012.10.01 09:03 B C:\MoralCompassDemo\WordpressVanilla\wp-admin\includes\class-wp-filesystem-ssh2.php --> marten.arvixe.com /www/wp-admin/includes class-wp-filesystem-ssh2.php
2012.10.01 09:03 B C:\MoralCompassDemo\WordpressVanilla\wp-admin\includes\class-wp-importer.php --> marten.arvixe.com /www/wp-admin/includes class-wp-importer.php
2012.10.01 09:03 B C:\MoralCompassDemo\WordpressVanilla\wp-admin\includes\class-wp-links-list-table.php --> marten.arvixe.com /www/wp-admin/includes class-wp-links-list-table.php
2012.10.01 09:03 B C:\MoralCompassDemo\WordpressVanilla\wp-admin\includes\class-wp-list-table.php --> marten.arvixe.com /www/wp-admin/includes class-wp-list-table.php
2012.10.01 09:03 B C:\MoralCompassDemo\WordpressVanilla\wp-admin\includes\class-wp-media-list-table.php --> marten.arvixe.com /www/wp-admin/includes class-wp-media-list-table.php
2012.10.01 09:03 B C:\MoralCompassDemo\WordpressVanilla\wp-admin\includes\class-wp-ms-sites-list-table.php --> marten.arvixe.com /www/wp-admin/includes class-wp-ms-sites-list-table.php
2012.10.01 09:03 B C:\MoralCompassDemo\WordpressVanilla\wp-admin\includes\class-wp-ms-themes-list-table.php --> marten.arvixe.com /www/wp-admin/includes class-wp-ms-themes-list-table.php
2012.10.01 09:03 B C:\MoralCompassDemo\WordpressVanilla\wp-admin\includes\class-wp-ms-users-list-table.php --> marten.arvixe.com /www/wp-admin/includes class-wp-ms-users-list-table.php
2012.10.01 09:03 B C:\MoralCompassDemo\WordpressVanilla\wp-admin\includes\class-wp-plugin-install-list-table.php --> marten.arvixe.com /www/wp-admin/includes class-wp-plugin-install-list-table.php
2012.10.01 09:03 B C:\MoralCompassDemo\WordpressVanilla\wp-admin\includes\class-wp-plugins-list-table.php --> marten.arvixe.com /www/wp-admin/includes class-wp-plugins-list-table.php
2012.10.01 09:03 B C:\MoralCompassDemo\WordpressVanilla\wp-admin\includes\class-wp-posts-list-table.php --> marten.arvixe.com /www/wp-admin/includes class-wp-posts-list-table.php
2012.10.01 09:03 B C:\MoralCompassDemo\WordpressVanilla\wp-admin\includes\class-wp-terms-list-table.php --> marten.arvixe.com /www/wp-admin/includes class-wp-terms-list-table.php
2012.10.01 09:03 B C:\MoralCompassDemo\WordpressVanilla\wp-admin\includes\class-wp-theme-install-list-table.php --> marten.arvixe.com /www/wp-admin/includes class-wp-theme-install-list-table.php
2012.10.01 09:03 B C:\MoralCompassDemo\WordpressVanilla\wp-admin\includes\class-wp-themes-list-table.php --> marten.arvixe.com /www/wp-admin/includes class-wp-themes-list-table.php
2012.10.01 09:03 B C:\MoralCompassDemo\WordpressVanilla\wp-admin\includes\class-wp-upgrader.php --> marten.arvixe.com /www/wp-admin/includes class-wp-upgrader.php
2012.10.01 09:03 B C:\MoralCompassDemo\WordpressVanilla\wp-admin\includes\class-wp-users-list-table.php --> marten.arvixe.com /www/wp-admin/includes class-wp-users-list-table.php
2012.10.01 09:03 B C:\MoralCompassDemo\WordpressVanilla\wp-admin\includes\comment.php --> marten.arvixe.com /www/wp-admin/includes comment.php
2012.10.01 09:03 B C:\MoralCompassDemo\WordpressVanilla\wp-admin\includes\continents-cities.php --> marten.arvixe.com /www/wp-admin/includes continents-cities.php
2012.10.01 09:03 B C:\MoralCompassDemo\WordpressVanilla\wp-admin\includes\dashboard.php --> marten.arvixe.com /www/wp-admin/includes dashboard.php
2012.10.01 09:03 B C:\MoralCompassDemo\WordpressVanilla\wp-admin\includes\deprecated.php --> marten.arvixe.com /www/wp-admin/includes deprecated.php
2012.10.01 09:03 B C:\MoralCompassDemo\WordpressVanilla\wp-admin\includes\export.php --> marten.arvixe.com /www/wp-admin/includes export.php
2012.10.01 09:03 B C:\MoralCompassDemo\WordpressVanilla\wp-admin\includes\file.php --> marten.arvixe.com /www/wp-admin/includes file.php
2012.10.01 09:03 B C:\MoralCompassDemo\WordpressVanilla\wp-admin\includes\image-edit.php --> marten.arvixe.com /www/wp-admin/includes image-edit.php
2012.10.01 09:03 B C:\MoralCompassDemo\WordpressVanilla\wp-admin\includes\image.php --> marten.arvixe.com /www/wp-admin/includes image.php
2012.10.01 09:03 B C:\MoralCompassDemo\WordpressVanilla\wp-admin\includes\import.php --> marten.arvixe.com /www/wp-admin/includes import.php
2012.10.01 09:03 B C:\MoralCompassDemo\WordpressVanilla\wp-admin\includes\list-table.php --> marten.arvixe.com /www/wp-admin/includes list-table.php
2012.10.01 09:03 B C:\MoralCompassDemo\WordpressVanilla\wp-admin\includes\manifest.php --> marten.arvixe.com /www/wp-admin/includes manifest.php
2012.10.01 09:03 B C:\MoralCompassDemo\WordpressVanilla\wp-admin\includes\media.php --> marten.arvixe.com /www/wp-admin/includes media.php
2012.10.01 09:03 B C:\MoralCompassDemo\WordpressVanilla\wp-admin\includes\menu.php --> marten.arvixe.com /www/wp-admin/includes menu.php
2012.10.01 09:03 B C:\MoralCompassDemo\WordpressVanilla\wp-admin\includes\meta-boxes.php --> marten.arvixe.com /www/wp-admin/includes meta-boxes.php
2012.10.01 09:03 B C:\MoralCompassDemo\WordpressVanilla\wp-admin\includes\misc.php --> marten.arvixe.com /www/wp-admin/includes misc.php
2012.10.01 09:03 B C:\MoralCompassDemo\WordpressVanilla\wp-admin\includes\ms-deprecated.php --> marten.arvixe.com /www/wp-admin/includes ms-deprecated.php
2012.10.01 09:03 B C:\MoralCompassDemo\WordpressVanilla\wp-admin\includes\ms.php --> marten.arvixe.com /www/wp-admin/includes ms.php
2012.10.01 09:03 B C:\MoralCompassDemo\WordpressVanilla\wp-admin\includes\nav-menu.php --> marten.arvixe.com /www/wp-admin/includes nav-menu.php
2012.10.01 09:03 B C:\MoralCompassDemo\WordpressVanilla\wp-admin\includes\plugin-install.php --> marten.arvixe.com /www/wp-admin/includes plugin-install.php
2012.10.01 09:03 B C:\MoralCompassDemo\WordpressVanilla\wp-admin\includes\plugin.php --> marten.arvixe.com /www/wp-admin/includes plugin.php
2012.10.01 09:03 B C:\MoralCompassDemo\WordpressVanilla\wp-admin\includes\post.php --> marten.arvixe.com /www/wp-admin/includes post.php
2012.10.01 09:03 B C:\MoralCompassDemo\WordpressVanilla\wp-admin\includes\schema.php --> marten.arvixe.com /www/wp-admin/includes schema.php
2012.10.01 09:03 B C:\MoralCompassDemo\WordpressVanilla\wp-admin\includes\screen.php --> marten.arvixe.com /www/wp-admin/includes screen.php
2012.10.01 09:03 B C:\MoralCompassDemo\WordpressVanilla\wp-admin\includes\taxonomy.php --> marten.arvixe.com /www/wp-admin/includes taxonomy.php
2012.10.01 09:03 B C:\MoralCompassDemo\WordpressVanilla\wp-admin\includes\template.php --> marten.arvixe.com /www/wp-admin/includes template.php
2012.10.01 09:03 B C:\MoralCompassDemo\WordpressVanilla\wp-admin\includes\theme-install.php --> marten.arvixe.com /www/wp-admin/includes theme-install.php
2012.10.01 09:03 B C:\MoralCompassDemo\WordpressVanilla\wp-admin\includes\theme.php --> marten.arvixe.com /www/wp-admin/includes theme.php
2012.10.01 09:03 B C:\MoralCompassDemo\WordpressVanilla\wp-admin\includes\update-core.php --> marten.arvixe.com /www/wp-admin/includes update-core.php
2012.10.01 09:03 B C:\MoralCompassDemo\WordpressVanilla\wp-admin\includes\update.php --> marten.arvixe.com /www/wp-admin/includes update.php
2012.10.01 09:03 B C:\MoralCompassDemo\WordpressVanilla\wp-admin\includes\upgrade.php --> marten.arvixe.com /www/wp-admin/includes upgrade.php
2012.10.01 09:03 B C:\MoralCompassDemo\WordpressVanilla\wp-admin\includes\user.php --> marten.arvixe.com /www/wp-admin/includes user.php
2012.10.01 09:03 B C:\MoralCompassDemo\WordpressVanilla\wp-admin\includes\widgets.php --> marten.arvixe.com /www/wp-admin/includes widgets.php
