2012.10.01 09:04 B C:\MoralCompassDemo\WordpressVanilla\wp-includes\images\smilies\icon_arrow.gif --> marten.arvixe.com /www/wp-includes/images/smilies icon_arrow.gif
2012.10.01 09:04 B C:\MoralCompassDemo\WordpressVanilla\wp-includes\images\smilies\icon_biggrin.gif --> marten.arvixe.com /www/wp-includes/images/smilies icon_biggrin.gif
2012.10.01 09:04 B C:\MoralCompassDemo\WordpressVanilla\wp-includes\images\smilies\icon_confused.gif --> marten.arvixe.com /www/wp-includes/images/smilies icon_confused.gif
2012.10.01 09:04 B C:\MoralCompassDemo\WordpressVanilla\wp-includes\images\smilies\icon_cool.gif --> marten.arvixe.com /www/wp-includes/images/smilies icon_cool.gif
2012.10.01 09:04 B C:\MoralCompassDemo\WordpressVanilla\wp-includes\images\smilies\icon_cry.gif --> marten.arvixe.com /www/wp-includes/images/smilies icon_cry.gif
2012.10.01 09:04 B C:\MoralCompassDemo\WordpressVanilla\wp-includes\images\smilies\icon_eek.gif --> marten.arvixe.com /www/wp-includes/images/smilies icon_eek.gif
2012.10.01 09:04 B C:\MoralCompassDemo\WordpressVanilla\wp-includes\images\smilies\icon_evil.gif --> marten.arvixe.com /www/wp-includes/images/smilies icon_evil.gif
2012.10.01 09:04 B C:\MoralCompassDemo\WordpressVanilla\wp-includes\images\smilies\icon_exclaim.gif --> marten.arvixe.com /www/wp-includes/images/smilies icon_exclaim.gif
2012.10.01 09:04 B C:\MoralCompassDemo\WordpressVanilla\wp-includes\images\smilies\icon_idea.gif --> marten.arvixe.com /www/wp-includes/images/smilies icon_idea.gif
2012.10.01 09:04 B C:\MoralCompassDemo\WordpressVanilla\wp-includes\images\smilies\icon_lol.gif --> marten.arvixe.com /www/wp-includes/images/smilies icon_lol.gif
2012.10.01 09:04 B C:\MoralCompassDemo\WordpressVanilla\wp-includes\images\smilies\icon_mad.gif --> marten.arvixe.com /www/wp-includes/images/smilies icon_mad.gif
2012.10.01 09:04 B C:\MoralCompassDemo\WordpressVanilla\wp-includes\images\smilies\icon_mrgreen.gif --> marten.arvixe.com /www/wp-includes/images/smilies icon_mrgreen.gif
2012.10.01 09:04 B C:\MoralCompassDemo\WordpressVanilla\wp-includes\images\smilies\icon_neutral.gif --> marten.arvixe.com /www/wp-includes/images/smilies icon_neutral.gif
2012.10.01 09:04 B C:\MoralCompassDemo\WordpressVanilla\wp-includes\images\smilies\icon_question.gif --> marten.arvixe.com /www/wp-includes/images/smilies icon_question.gif
2012.10.01 09:04 B C:\MoralCompassDemo\WordpressVanilla\wp-includes\images\smilies\icon_razz.gif --> marten.arvixe.com /www/wp-includes/images/smilies icon_razz.gif
2012.10.01 09:04 B C:\MoralCompassDemo\WordpressVanilla\wp-includes\images\smilies\icon_redface.gif --> marten.arvixe.com /www/wp-includes/images/smilies icon_redface.gif
2012.10.01 09:04 B C:\MoralCompassDemo\WordpressVanilla\wp-includes\images\smilies\icon_rolleyes.gif --> marten.arvixe.com /www/wp-includes/images/smilies icon_rolleyes.gif
2012.10.01 09:04 B C:\MoralCompassDemo\WordpressVanilla\wp-includes\images\smilies\icon_sad.gif --> marten.arvixe.com /www/wp-includes/images/smilies icon_sad.gif
2012.10.01 09:04 B C:\MoralCompassDemo\WordpressVanilla\wp-includes\images\smilies\icon_smile.gif --> marten.arvixe.com /www/wp-includes/images/smilies icon_smile.gif
2012.10.01 09:04 B C:\MoralCompassDemo\WordpressVanilla\wp-includes\images\smilies\icon_surprised.gif --> marten.arvixe.com /www/wp-includes/images/smilies icon_surprised.gif
2012.10.01 09:04 B C:\MoralCompassDemo\WordpressVanilla\wp-includes\images\smilies\icon_twisted.gif --> marten.arvixe.com /www/wp-includes/images/smilies icon_twisted.gif
2012.10.01 09:04 B C:\MoralCompassDemo\WordpressVanilla\wp-includes\images\smilies\icon_wink.gif --> marten.arvixe.com /www/wp-includes/images/smilies icon_wink.gif
