112.07.05 16:36 B C:\MoralCompass\images\BushDukakis\atwater.jpg --> juniper.arvixe.com /osber.net/wwwroot/MoralCompass/images/BushDukakis atwater.jpg
112.07.05 16:36 B C:\MoralCompass\images\BushDukakis\HortonObama.jpg --> juniper.arvixe.com /osber.net/wwwroot/MoralCompass/images/BushDukakis HortonObama.jpg
112.07.05 16:36 B C:\MoralCompass\images\BushDukakis\HortonObamaThumbnail.jpg --> juniper.arvixe.com /osber.net/wwwroot/MoralCompass/images/BushDukakis HortonObamaThumbnail.jpg
112.07.05 16:36 B C:\MoralCompass\images\BushDukakis\Thumbs.db --> juniper.arvixe.com /osber.net/wwwroot/MoralCompass/images/BushDukakis Thumbs.db
112.07.05 16:36 B C:\MoralCompass\images\BushDukakis\WillieHortonAd.jpg --> juniper.arvixe.com /osber.net/wwwroot/MoralCompass/images/BushDukakis WillieHortonAd.jpg
112.07.05 16:36 B C:\MoralCompass\images\BushDukakis\WillieHortonRevolvingDoor.jpg --> juniper.arvixe.com /osber.net/wwwroot/MoralCompass/images/BushDukakis WillieHortonRevolvingDoor.jpg
2012.08.16 20:14 B C:\MoralCompassWebSite\images\BushDukakis\WS_FTP.LOG --> juniper.arvixe.com /osber.net/wwwroot/MoralCompass/images/BushDukakis WS_FTP.LOG
2012.09.09 10:11 B C:\MoralCompassDemo\MoralCompassWP\wp-content\images\BushDukakis\atwater.jpg --> juniper.arvixe.com /osber.net/wwwroot/MoralCompassWP/wp-content/images/BushDukakis atwater.jpg
2012.09.09 10:11 B C:\MoralCompassDemo\MoralCompassWP\wp-content\images\BushDukakis\HortonObama.jpg --> juniper.arvixe.com /osber.net/wwwroot/MoralCompassWP/wp-content/images/BushDukakis HortonObama.jpg
2012.09.09 10:11 B C:\MoralCompassDemo\MoralCompassWP\wp-content\images\BushDukakis\HortonObamaThumbnail.jpg --> juniper.arvixe.com /osber.net/wwwroot/MoralCompassWP/wp-content/images/BushDukakis HortonObamaThumbnail.jpg
2012.09.09 10:11 B C:\MoralCompassDemo\MoralCompassWP\wp-content\images\BushDukakis\Thumbs.db --> juniper.arvixe.com /osber.net/wwwroot/MoralCompassWP/wp-content/images/BushDukakis Thumbs.db
2012.09.09 10:11 B C:\MoralCompassDemo\MoralCompassWP\wp-content\images\BushDukakis\WillieHortonAd.jpg --> juniper.arvixe.com /osber.net/wwwroot/MoralCompassWP/wp-content/images/BushDukakis WillieHortonAd.jpg
2012.09.09 10:11 B C:\MoralCompassDemo\MoralCompassWP\wp-content\images\BushDukakis\WillieHortonRevolvingDoor.jpg --> juniper.arvixe.com /osber.net/wwwroot/MoralCompassWP/wp-content/images/BushDukakis WillieHortonRevolvingDoor.jpg
2012.09.09 10:11 B C:\MoralCompassDemo\MoralCompassWP\wp-content\images\BushDukakis\WS_FTP.LOG --> juniper.arvixe.com /osber.net/wwwroot/MoralCompassWP/wp-content/images/BushDukakis WS_FTP.LOG
2012.10.01 17:32 B c:\moralcompassdemo\MoralCompassWP\wp-content\images\BushDukakis\atwater.jpg --> marten.arvixe.com /www/wp-content/images/BushDukakis atwater.jpg
2012.10.01 17:32 B c:\moralcompassdemo\MoralCompassWP\wp-content\images\BushDukakis\HortonObama.jpg --> marten.arvixe.com /www/wp-content/images/BushDukakis HortonObama.jpg
2012.10.01 17:32 B c:\moralcompassdemo\MoralCompassWP\wp-content\images\BushDukakis\HortonObamaThumbnail.jpg --> marten.arvixe.com /www/wp-content/images/BushDukakis HortonObamaThumbnail.jpg
2012.10.01 17:32 B c:\moralcompassdemo\MoralCompassWP\wp-content\images\BushDukakis\Thumbs.db --> marten.arvixe.com /www/wp-content/images/BushDukakis Thumbs.db
2012.10.01 17:32 B c:\moralcompassdemo\MoralCompassWP\wp-content\images\BushDukakis\WillieHortonAd.jpg --> marten.arvixe.com /www/wp-content/images/BushDukakis WillieHortonAd.jpg
2012.10.01 17:32 B c:\moralcompassdemo\MoralCompassWP\wp-content\images\BushDukakis\WillieHortonRevolvingDoor.jpg --> marten.arvixe.com /www/wp-content/images/BushDukakis WillieHortonRevolvingDoor.jpg
2012.10.01 17:32 B c:\moralcompassdemo\MoralCompassWP\wp-content\images\BushDukakis\WS_FTP.LOG --> marten.arvixe.com /www/wp-content/images/BushDukakis WS_FTP.LOG
