2012.10.01 09:05 B C:\MoralCompassDemo\WordpressVanilla\wp-includes\js\admin-bar.dev.js --> marten.arvixe.com /www/wp-includes/js admin-bar.dev.js
2012.10.01 09:05 B C:\MoralCompassDemo\WordpressVanilla\wp-includes\js\admin-bar.js --> marten.arvixe.com /www/wp-includes/js admin-bar.js
2012.10.01 09:05 B C:\MoralCompassDemo\WordpressVanilla\wp-includes\js\autosave.dev.js --> marten.arvixe.com /www/wp-includes/js autosave.dev.js
2012.10.01 09:05 B C:\MoralCompassDemo\WordpressVanilla\wp-includes\js\autosave.js --> marten.arvixe.com /www/wp-includes/js autosave.js
2012.10.01 09:05 B C:\MoralCompassDemo\WordpressVanilla\wp-includes\js\colorpicker.dev.js --> marten.arvixe.com /www/wp-includes/js colorpicker.dev.js
2012.10.01 09:05 B C:\MoralCompassDemo\WordpressVanilla\wp-includes\js\colorpicker.js --> marten.arvixe.com /www/wp-includes/js colorpicker.js
2012.10.01 09:05 B C:\MoralCompassDemo\WordpressVanilla\wp-includes\js\comment-reply.dev.js --> marten.arvixe.com /www/wp-includes/js comment-reply.dev.js
2012.10.01 09:05 B C:\MoralCompassDemo\WordpressVanilla\wp-includes\js\comment-reply.js --> marten.arvixe.com /www/wp-includes/js comment-reply.js
2012.10.01 09:05 B C:\MoralCompassDemo\WordpressVanilla\wp-includes\js\customize-base.dev.js --> marten.arvixe.com /www/wp-includes/js customize-base.dev.js
2012.10.01 09:05 B C:\MoralCompassDemo\WordpressVanilla\wp-includes\js\customize-base.js --> marten.arvixe.com /www/wp-includes/js customize-base.js
2012.10.01 09:05 B C:\MoralCompassDemo\WordpressVanilla\wp-includes\js\customize-loader.dev.js --> marten.arvixe.com /www/wp-includes/js customize-loader.dev.js
2012.10.01 09:05 B C:\MoralCompassDemo\WordpressVanilla\wp-includes\js\customize-loader.js --> marten.arvixe.com /www/wp-includes/js customize-loader.js
2012.10.01 09:05 B C:\MoralCompassDemo\WordpressVanilla\wp-includes\js\customize-preview.dev.js --> marten.arvixe.com /www/wp-includes/js customize-preview.dev.js
2012.10.01 09:05 B C:\MoralCompassDemo\WordpressVanilla\wp-includes\js\customize-preview.js --> marten.arvixe.com /www/wp-includes/js customize-preview.js
2012.10.01 09:05 B C:\MoralCompassDemo\WordpressVanilla\wp-includes\js\hoverIntent.dev.js --> marten.arvixe.com /www/wp-includes/js hoverIntent.dev.js
2012.10.01 09:05 B C:\MoralCompassDemo\WordpressVanilla\wp-includes\js\hoverIntent.js --> marten.arvixe.com /www/wp-includes/js hoverIntent.js
2012.10.01 09:05 B C:\MoralCompassDemo\WordpressVanilla\wp-includes\js\json2.dev.js --> marten.arvixe.com /www/wp-includes/js json2.dev.js
2012.10.01 09:05 B C:\MoralCompassDemo\WordpressVanilla\wp-includes\js\json2.js --> marten.arvixe.com /www/wp-includes/js json2.js
2012.10.01 09:05 B C:\MoralCompassDemo\WordpressVanilla\wp-includes\js\prototype.js --> marten.arvixe.com /www/wp-includes/js prototype.js
2012.10.01 09:05 B C:\MoralCompassDemo\WordpressVanilla\wp-includes\js\quicktags.dev.js --> marten.arvixe.com /www/wp-includes/js quicktags.dev.js
2012.10.01 09:05 B C:\MoralCompassDemo\WordpressVanilla\wp-includes\js\quicktags.js --> marten.arvixe.com /www/wp-includes/js quicktags.js
2012.10.01 09:05 B C:\MoralCompassDemo\WordpressVanilla\wp-includes\js\swfobject.js --> marten.arvixe.com /www/wp-includes/js swfobject.js
2012.10.01 09:05 B C:\MoralCompassDemo\WordpressVanilla\wp-includes\js\tw-sack.dev.js --> marten.arvixe.com /www/wp-includes/js tw-sack.dev.js
2012.10.01 09:05 B C:\MoralCompassDemo\WordpressVanilla\wp-includes\js\tw-sack.js --> marten.arvixe.com /www/wp-includes/js tw-sack.js
2012.10.01 09:05 B C:\MoralCompassDemo\WordpressVanilla\wp-includes\js\wp-ajax-response.dev.js --> marten.arvixe.com /www/wp-includes/js wp-ajax-response.dev.js
2012.10.01 09:05 B C:\MoralCompassDemo\WordpressVanilla\wp-includes\js\wp-ajax-response.js --> marten.arvixe.com /www/wp-includes/js wp-ajax-response.js
2012.10.01 09:05 B C:\MoralCompassDemo\WordpressVanilla\wp-includes\js\wp-list-revisions.dev.js --> marten.arvixe.com /www/wp-includes/js wp-list-revisions.dev.js
2012.10.01 09:05 B C:\MoralCompassDemo\WordpressVanilla\wp-includes\js\wp-list-revisions.js --> marten.arvixe.com /www/wp-includes/js wp-list-revisions.js
2012.10.01 09:05 B C:\MoralCompassDemo\WordpressVanilla\wp-includes\js\wp-lists.dev.js --> marten.arvixe.com /www/wp-includes/js wp-lists.dev.js
2012.10.01 09:05 B C:\MoralCompassDemo\WordpressVanilla\wp-includes\js\wp-lists.js --> marten.arvixe.com /www/wp-includes/js wp-lists.js
2012.10.01 09:05 B C:\MoralCompassDemo\WordpressVanilla\wp-includes\js\wp-pointer.dev.js --> marten.arvixe.com /www/wp-includes/js wp-pointer.dev.js
2012.10.01 09:05 B C:\MoralCompassDemo\WordpressVanilla\wp-includes\js\wp-pointer.js --> marten.arvixe.com /www/wp-includes/js wp-pointer.js
2012.10.01 09:05 B C:\MoralCompassDemo\WordpressVanilla\wp-includes\js\wplink.dev.js --> marten.arvixe.com /www/wp-includes/js wplink.dev.js
2012.10.01 09:05 B C:\MoralCompassDemo\WordpressVanilla\wp-includes\js\wplink.js --> marten.arvixe.com /www/wp-includes/js wplink.js
